<?xml version="1.0" encoding="UTF-8"?>
<testsuites name="User Settings" time="502.455" tests="8" failures="3" errors="0">
   <testsuite name="User Settings" tests="8" failures="3" errors="0" time="502.455" timestamp="2021-03-09 08:58:55" hostname="Natasha - Natasha-PC" id="Test Suites/User Settings">
      <properties>
         <property name="deviceName" value=""/>
         <property name="devicePlatform" value=""/>
         <property name="logFolder" value="D:\\GITHUB\\automation_profile_input\\Reports\\20210309_085844\\User Settings\\20210309_085844"/>
         <property name="logFiles" value="D:\\GITHUB\\automation_profile_input\\Reports\\20210309_085844\\User Settings\\20210309_085844\\execution0.log"/>
         <property name="attachments" value="D:\\GITHUB\\automation_profile_input\\Reports\\20210309_085844\\User Settings\\20210309_085844\\1615251849168.png, D:\\GITHUB\\automation_profile_input\\Reports\\20210309_085844\\User Settings\\20210309_085844\\1615252035771.png"/>
         <property name="hostName" value="Natasha - Natasha-PC"/>
         <property name="os" value="Windows 10 64bit"/>
         <property name="katalonVersion" value="7.6.6.205"/>
         <property name="browser" value="Chrome 88.0.4324.190"/>
         <property name="hostAddress" value="192.168.56.1"/>
         <property name="sessionId" value="f1e27bbd75e37a443e1f4f99e9342027"/>
         <property name="seleniumVersion" value="3.141.59"/>
         <property name="proxyInformation" value="ProxyInformation { proxyOption=NO_PROXY, proxyServerType=HTTP, username=, password=********, proxyServerAddress=, proxyServerPort=0, executionList=&quot;&quot;, isApplyToDesiredCapabilities=true }"/>
         <property name="platform" value="Windows 10"/>
      </properties>
      <testcase name="Test Cases/User Settings/COMPLEX/TC_CMPLX_009" time="54.976" classname="Test Cases/User Settings/COMPLEX/TC_CMPLX_009" status="PASSED">
         <system-out><![CDATA[2021-03-09 08:58:55 - [TEST_CASE][PASSED] - Test Cases/User Settings/COMPLEX/TC_CMPLX_009: Test Cases/User Settings/COMPLEX/TC_CMPLX_009

2021-03-09 08:58:55 - [TEST_STEP][PASSED] - callTestCase(findTestCase("Utilities/Add New Text Custom Field"), [:], STOP_ON_FAILURE): Call Test Case 'Test Cases/Utilities/Add New Text Custom Field' successfully

2021-03-09 08:58:55 - [TEST_CASE][PASSED] - Test Cases/Utilities/Add New Text Custom Field: Test Cases/Utilities/Add New Text Custom Field

2021-03-09 08:58:56 - [TEST_STEP][PASSED] - callTestCase(findTestCase("Utilities/Admin Login"), [:], STOP_ON_FAILURE): Call Test Case 'Test Cases/Utilities/Admin Login' successfully

2021-03-09 08:58:56 - [TEST_CASE][PASSED] - Test Cases/Utilities/Admin Login: Test Cases/Utilities/Admin Login

2021-03-09 08:58:56 - [TEST_STEP][PASSED] - openBrowser(""): Browser is opened with url: ''

2021-03-09 08:58:56 - [MESSAGE][INFO] - Starting 'Chrome' driver

2021-03-09 08:58:56 - [MESSAGE][INFO] - Action delay is set to 0 milliseconds

2021-03-09 08:59:00 - [MESSAGE][PASSED] - Browser is opened with url: ''

2021-03-09 08:59:00 - [TEST_STEP][PASSED] - maximizeWindow(): Current window maximized

2021-03-09 08:59:02 - [MESSAGE][PASSED] - Current window maximized

2021-03-09 08:59:02 - [TEST_STEP][PASSED] - navigateToUrl(admin_url): Navigate to 'https://youhadmeathelloworld.staging.arcadier.io/admin' successfully

2021-03-09 08:59:04 - [MESSAGE][PASSED] - Navigate to 'https://youhadmeathelloworld.staging.arcadier.io/admin' successfully

2021-03-09 08:59:04 - [TEST_STEP][PASSED] - waitForPageLoad(2): Wait for page load successfully

2021-03-09 08:59:04 - [MESSAGE][PASSED] - Wait for page load successfully

2021-03-09 08:59:04 - [TEST_STEP][PASSED] - setText(findTestObject("Admin/Admin Login/txt_username"), admin_username): Text 'codemafia' is set on object 'Object Repository/Admin/Admin Login/txt_username'

2021-03-09 08:59:05 - [MESSAGE][PASSED] - Text 'codemafia' is set on object 'Object Repository/Admin/Admin Login/txt_username'

2021-03-09 08:59:05 - [TEST_STEP][PASSED] - setText(findTestObject("Admin/Admin Login/txt_password"), admin_password): Text 'welcome8' is set on object 'Object Repository/Admin/Admin Login/txt_password'

2021-03-09 08:59:06 - [MESSAGE][PASSED] - Text 'welcome8' is set on object 'Object Repository/Admin/Admin Login/txt_password'

2021-03-09 08:59:06 - [TEST_STEP][PASSED] - click(findTestObject("Admin/Admin Login/button_login")): Object: 'Object Repository/Admin/Admin Login/button_login' is clicked on

2021-03-09 08:59:10 - [MESSAGE][PASSED] - Object: 'Object Repository/Admin/Admin Login/button_login' is clicked on

2021-03-09 08:59:10 - [MESSAGE][PASSED] - Call Test Case 'Test Cases/Utilities/Admin Login' successfully

2021-03-09 08:59:10 - [TEST_STEP][PASSED] - callTestCase(findTestCase("Utilities/Navigate to Plugin"), [:], STOP_ON_FAILURE): Call Test Case 'Test Cases/Utilities/Navigate to Plugin' successfully

2021-03-09 08:59:10 - [TEST_CASE][PASSED] - Test Cases/Utilities/Navigate to Plugin: Test Cases/Utilities/Navigate to Plugin

2021-03-09 08:59:10 - [TEST_STEP][PASSED] - click(findTestObject("Admin/Plugin Navigation/link_plugin")): Object: 'Object Repository/Admin/Plugin Navigation/link_plugin' is clicked on

2021-03-09 08:59:11 - [MESSAGE][PASSED] - Object: 'Object Repository/Admin/Plugin Navigation/link_plugin' is clicked on

2021-03-09 08:59:11 - [TEST_STEP][PASSED] - click(findTestObject("Admin/Plugin Navigation/link_profile")): Object: 'Object Repository/Admin/Plugin Navigation/link_profile' is clicked on

2021-03-09 08:59:13 - [MESSAGE][PASSED] - Object: 'Object Repository/Admin/Plugin Navigation/link_profile' is clicked on

2021-03-09 08:59:13 - [MESSAGE][PASSED] - Call Test Case 'Test Cases/Utilities/Navigate to Plugin' successfully

2021-03-09 08:59:13 - [TEST_STEP][PASSED] - click(findTestObject("Admin/Plugin Page/Add New Text CF/a_Add Profile Input Field")): Object: 'Object Repository/Admin/Plugin Page/Add New Text CF/a_Add Profile Input Field' is clicked on

2021-03-09 08:59:13 - [MESSAGE][PASSED] - Object: 'Object Repository/Admin/Plugin Page/Add New Text CF/a_Add Profile Input Field' is clicked on

2021-03-09 08:59:13 - [TEST_STEP][PASSED] - setText(findTestObject("Admin/Plugin Page/Add New Text CF/input_Custom Field Name_custom_name"), "Sample Text Customfield"): Text 'Sample Text Customfield' is set on object 'Object Repository/Admin/Plugin Page/Add New Text CF/input_Custom Field Name_custom_name'

2021-03-09 08:59:14 - [MESSAGE][PASSED] - Text 'Sample Text Customfield' is set on object 'Object Repository/Admin/Plugin Page/Add New Text CF/input_Custom Field Name_custom_name'

2021-03-09 08:59:14 - [TEST_STEP][PASSED] - click(findTestObject("Admin/Plugin Page/Add New Text CF/input_Add Option_saveCustomDetails")): Object: 'Object Repository/Admin/Plugin Page/Add New Text CF/input_Add Option_saveCustomDetails' is clicked on

2021-03-09 08:59:14 - [MESSAGE][PASSED] - Object: 'Object Repository/Admin/Plugin Page/Add New Text CF/input_Add Option_saveCustomDetails' is clicked on

2021-03-09 08:59:14 - [TEST_STEP][PASSED] - closeBrowser(): Browser is closed

2021-03-09 08:59:15 - [MESSAGE][PASSED] - Browser is closed

2021-03-09 08:59:15 - [MESSAGE][PASSED] - Call Test Case 'Test Cases/Utilities/Add New Text Custom Field' successfully

2021-03-09 08:59:15 - [TEST_STEP][PASSED] - callTestCase(findTestCase("Utilities/Navigate to Buyer Settings"), [:], STOP_ON_FAILURE): Call Test Case 'Test Cases/Utilities/Navigate to Buyer Settings' successfully

2021-03-09 08:59:15 - [TEST_CASE][PASSED] - Test Cases/Utilities/Navigate to Buyer Settings: Test Cases/Utilities/Navigate to Buyer Settings

2021-03-09 08:59:15 - [TEST_STEP][PASSED] - openBrowser(""): Browser is opened with url: ''

2021-03-09 08:59:15 - [MESSAGE][INFO] - Starting 'Chrome' driver

2021-03-09 08:59:15 - [MESSAGE][INFO] - Action delay is set to 0 milliseconds

2021-03-09 08:59:19 - [MESSAGE][PASSED] - Browser is opened with url: ''

2021-03-09 08:59:19 - [TEST_STEP][PASSED] - navigateToUrl("https://youhadmeathelloworld.staging.arcadier.io/"): Navigate to 'https://youhadmeathelloworld.staging.arcadier.io/' successfully

2021-03-09 08:59:21 - [MESSAGE][PASSED] - Navigate to 'https://youhadmeathelloworld.staging.arcadier.io/' successfully

2021-03-09 08:59:21 - [TEST_STEP][PASSED] - maximizeWindow(): Current window maximized

2021-03-09 08:59:24 - [MESSAGE][PASSED] - Current window maximized

2021-03-09 08:59:24 - [TEST_STEP][PASSED] - click(findTestObject("Object Repository/User/a_REGISTER  SIGN IN")): Object: 'Object Repository/User/a_REGISTER  SIGN IN' is clicked on

2021-03-09 08:59:24 - [MESSAGE][PASSED] - Object: 'Object Repository/User/a_REGISTER  SIGN IN' is clicked on

2021-03-09 08:59:24 - [TEST_STEP][PASSED] - setText(findTestObject("Object Repository/User/input_Your emailusername_username"), "athena"): Text 'athena' is set on object 'Object Repository/User/input_Your emailusername_username'

2021-03-09 08:59:25 - [MESSAGE][PASSED] - Text 'athena' is set on object 'Object Repository/User/input_Your emailusername_username'

2021-03-09 08:59:25 - [TEST_STEP][PASSED] - setEncryptedText(findTestObject("Object Repository/User/input_Your password_password"), "goxxgxvM2dP/z7G09p4JaTtn5QD+a0Kw"): Text ****** has been set on object 'Object Repository/User/input_Your password_password'

2021-03-09 08:59:26 - [MESSAGE][PASSED] - Text ****** has been set on object 'Object Repository/User/input_Your password_password'

2021-03-09 08:59:26 - [TEST_STEP][PASSED] - click(findTestObject("Object Repository/User/input_Your password_login-submit")): Object: 'Object Repository/User/input_Your password_login-submit' is clicked on

2021-03-09 08:59:28 - [MESSAGE][PASSED] - Object: 'Object Repository/User/input_Your password_login-submit' is clicked on

2021-03-09 08:59:28 - [TEST_STEP][PASSED] - mouseOver(findTestObject("User/i_EN_icon icon-down")): Object: 'Object Repository/User/i_EN_icon icon-down' is hovered

2021-03-09 08:59:29 - [MESSAGE][PASSED] - Object: 'Object Repository/User/i_EN_icon icon-down' is hovered

2021-03-09 08:59:29 - [TEST_STEP][PASSED] - click(findTestObject("User/a_Settings")): Object: 'Object Repository/User/a_Settings' is clicked on

2021-03-09 08:59:30 - [MESSAGE][PASSED] - Object: 'Object Repository/User/a_Settings' is clicked on

2021-03-09 08:59:30 - [MESSAGE][PASSED] - Call Test Case 'Test Cases/Utilities/Navigate to Buyer Settings' successfully

2021-03-09 08:59:30 - [TEST_STEP][PASSED] - verifyElementPresent(findTestObject("User/label_SAMPLE TEXT CUSTOMFIELD"), 0): Object 'Object Repository/User/label_SAMPLE TEXT CUSTOMFIELD' is present

2021-03-09 08:59:30 - [MESSAGE][WARNING] - Timeout '0' is invalid. Using default page load timeout: '30'

2021-03-09 08:59:31 - [MESSAGE][PASSED] - Object 'Object Repository/User/label_SAMPLE TEXT CUSTOMFIELD' is present

2021-03-09 08:59:31 - [TEST_STEP][PASSED] - verifyElementText(findTestObject("User/label_SAMPLE TEXT CUSTOMFIELD"), "SAMPLE TEXT CUSTOMFIELD"): Actual text and expected text of test object 'Object Repository/User/label_SAMPLE TEXT CUSTOMFIELD' are matched.

2021-03-09 08:59:32 - [MESSAGE][PASSED] - Actual text and expected text of test object 'Object Repository/User/label_SAMPLE TEXT CUSTOMFIELD' are matched.

2021-03-09 08:59:32 - [TEST_STEP][PASSED] - verifyElementAttributeValue(findTestObject("User/input_SAMPLE TEXT CUSTOMFIELD_Sample Text Customfield"), "type", "text", 0): Object 'Object Repository/User/input_SAMPLE TEXT CUSTOMFIELD_Sample Text Customfield' has attribute 'type' with value 'text'

2021-03-09 08:59:32 - [MESSAGE][WARNING] - Timeout '0' is invalid. Using default page load timeout: '30'

2021-03-09 08:59:32 - [MESSAGE][PASSED] - Object 'Object Repository/User/input_SAMPLE TEXT CUSTOMFIELD_Sample Text Customfield' has attribute 'type' with value 'text'

2021-03-09 08:59:32 - [TEST_STEP][PASSED] - callTestCase(findTestCase("Utilities/Deleting Custom Field"), [:], STOP_ON_FAILURE): Call Test Case 'Test Cases/Utilities/Deleting Custom Field' successfully

2021-03-09 08:59:32 - [TEST_CASE][PASSED] - Test Cases/Utilities/Deleting Custom Field: Test Cases/Utilities/Deleting Custom Field

2021-03-09 08:59:32 - [TEST_STEP][PASSED] - callTestCase(findTestCase("Utilities/Admin Login"), [:], STOP_ON_FAILURE): Call Test Case 'Test Cases/Utilities/Admin Login' successfully

2021-03-09 08:59:32 - [TEST_CASE][PASSED] - Test Cases/Utilities/Admin Login: Test Cases/Utilities/Admin Login

2021-03-09 08:59:32 - [TEST_STEP][PASSED] - openBrowser(""): Browser is opened with url: ''

2021-03-09 08:59:32 - [MESSAGE][WARNING] - A browser is already opened. Closing browser and opening a new one

2021-03-09 08:59:33 - [MESSAGE][INFO] - Starting 'Chrome' driver

2021-03-09 08:59:33 - [MESSAGE][INFO] - Action delay is set to 0 milliseconds

2021-03-09 08:59:36 - [MESSAGE][PASSED] - Browser is opened with url: ''

2021-03-09 08:59:36 - [TEST_STEP][PASSED] - maximizeWindow(): Current window maximized

2021-03-09 08:59:38 - [MESSAGE][PASSED] - Current window maximized

2021-03-09 08:59:38 - [TEST_STEP][PASSED] - navigateToUrl(admin_url): Navigate to 'https://youhadmeathelloworld.staging.arcadier.io/admin' successfully

2021-03-09 08:59:40 - [MESSAGE][PASSED] - Navigate to 'https://youhadmeathelloworld.staging.arcadier.io/admin' successfully

2021-03-09 08:59:40 - [TEST_STEP][PASSED] - waitForPageLoad(2): Wait for page load successfully

2021-03-09 08:59:40 - [MESSAGE][PASSED] - Wait for page load successfully

2021-03-09 08:59:40 - [TEST_STEP][PASSED] - setText(findTestObject("Admin/Admin Login/txt_username"), admin_username): Text 'codemafia' is set on object 'Object Repository/Admin/Admin Login/txt_username'

2021-03-09 08:59:41 - [MESSAGE][PASSED] - Text 'codemafia' is set on object 'Object Repository/Admin/Admin Login/txt_username'

2021-03-09 08:59:41 - [TEST_STEP][PASSED] - setText(findTestObject("Admin/Admin Login/txt_password"), admin_password): Text 'welcome8' is set on object 'Object Repository/Admin/Admin Login/txt_password'

2021-03-09 08:59:42 - [MESSAGE][PASSED] - Text 'welcome8' is set on object 'Object Repository/Admin/Admin Login/txt_password'

2021-03-09 08:59:42 - [TEST_STEP][PASSED] - click(findTestObject("Admin/Admin Login/button_login")): Object: 'Object Repository/Admin/Admin Login/button_login' is clicked on

2021-03-09 08:59:46 - [MESSAGE][PASSED] - Object: 'Object Repository/Admin/Admin Login/button_login' is clicked on

2021-03-09 08:59:46 - [MESSAGE][PASSED] - Call Test Case 'Test Cases/Utilities/Admin Login' successfully

2021-03-09 08:59:46 - [TEST_STEP][PASSED] - callTestCase(findTestCase("Utilities/Navigate to Plugin"), [:], STOP_ON_FAILURE): Call Test Case 'Test Cases/Utilities/Navigate to Plugin' successfully

2021-03-09 08:59:46 - [TEST_CASE][PASSED] - Test Cases/Utilities/Navigate to Plugin: Test Cases/Utilities/Navigate to Plugin

2021-03-09 08:59:46 - [TEST_STEP][PASSED] - click(findTestObject("Admin/Plugin Navigation/link_plugin")): Object: 'Object Repository/Admin/Plugin Navigation/link_plugin' is clicked on

2021-03-09 08:59:47 - [MESSAGE][PASSED] - Object: 'Object Repository/Admin/Plugin Navigation/link_plugin' is clicked on

2021-03-09 08:59:47 - [TEST_STEP][PASSED] - click(findTestObject("Admin/Plugin Navigation/link_profile")): Object: 'Object Repository/Admin/Plugin Navigation/link_profile' is clicked on

2021-03-09 08:59:48 - [MESSAGE][PASSED] - Object: 'Object Repository/Admin/Plugin Navigation/link_profile' is clicked on

2021-03-09 08:59:48 - [MESSAGE][PASSED] - Call Test Case 'Test Cases/Utilities/Navigate to Plugin' successfully

2021-03-09 08:59:48 - [TEST_STEP][PASSED] - click(findTestObject("Admin/Plugin Page/Deleting Custom Fields/i_Textfield_icon icon-delete")): Object: 'Object Repository/Admin/Plugin Page/Deleting Custom Fields/i_Textfield_icon icon-delete' is clicked on

2021-03-09 08:59:49 - [MESSAGE][PASSED] - Object: 'Object Repository/Admin/Plugin Page/Deleting Custom Fields/i_Textfield_icon icon-delete' is clicked on

2021-03-09 08:59:49 - [TEST_STEP][PASSED] - click(findTestObject("Admin/Plugin Page/Deleting Custom Fields/del_confirm")): Object: 'Object Repository/Admin/Plugin Page/Deleting Custom Fields/del_confirm' is clicked on

2021-03-09 08:59:49 - [MESSAGE][PASSED] - Object: 'Object Repository/Admin/Plugin Page/Deleting Custom Fields/del_confirm' is clicked on

2021-03-09 08:59:49 - [TEST_STEP][PASSED] - closeBrowser(): Browser is closed

2021-03-09 08:59:50 - [MESSAGE][PASSED] - Browser is closed

2021-03-09 08:59:50 - [MESSAGE][PASSED] - Call Test Case 'Test Cases/Utilities/Deleting Custom Field' successfully]]></system-out>
         <system-err><![CDATA[]]></system-err>
      </testcase>
      <testcase name="Test Cases/User Settings/COMPLEX/TC_CMPLX_010" time="52.563" classname="Test Cases/User Settings/COMPLEX/TC_CMPLX_010" status="PASSED">
         <system-out><![CDATA[2021-03-09 08:59:50 - [TEST_CASE][PASSED] - Test Cases/User Settings/COMPLEX/TC_CMPLX_010: Test Cases/User Settings/COMPLEX/TC_CMPLX_010

2021-03-09 08:59:50 - [TEST_STEP][PASSED] - callTestCase(findTestCase("Utilities/Add new Number customfield"), [:], STOP_ON_FAILURE): Call Test Case 'Test Cases/Utilities/Add new Number customfield' successfully

2021-03-09 08:59:50 - [TEST_CASE][PASSED] - Test Cases/Utilities/Add new Number customfield: Test Cases/Utilities/Add new Number customfield

2021-03-09 08:59:50 - [TEST_STEP][PASSED] - callTestCase(findTestCase("Utilities/Admin Login"), [:], STOP_ON_FAILURE): Call Test Case 'Test Cases/Utilities/Admin Login' successfully

2021-03-09 08:59:50 - [TEST_CASE][PASSED] - Test Cases/Utilities/Admin Login: Test Cases/Utilities/Admin Login

2021-03-09 08:59:50 - [TEST_STEP][PASSED] - openBrowser(""): Browser is opened with url: ''

2021-03-09 08:59:50 - [MESSAGE][INFO] - Starting 'Chrome' driver

2021-03-09 08:59:50 - [MESSAGE][INFO] - Action delay is set to 0 milliseconds

2021-03-09 08:59:54 - [MESSAGE][PASSED] - Browser is opened with url: ''

2021-03-09 08:59:54 - [TEST_STEP][PASSED] - maximizeWindow(): Current window maximized

2021-03-09 08:59:56 - [MESSAGE][PASSED] - Current window maximized

2021-03-09 08:59:56 - [TEST_STEP][PASSED] - navigateToUrl(admin_url): Navigate to 'https://youhadmeathelloworld.staging.arcadier.io/admin' successfully

2021-03-09 08:59:58 - [MESSAGE][PASSED] - Navigate to 'https://youhadmeathelloworld.staging.arcadier.io/admin' successfully

2021-03-09 08:59:58 - [TEST_STEP][PASSED] - waitForPageLoad(2): Wait for page load successfully

2021-03-09 08:59:58 - [MESSAGE][PASSED] - Wait for page load successfully

2021-03-09 08:59:58 - [TEST_STEP][PASSED] - setText(findTestObject("Admin/Admin Login/txt_username"), admin_username): Text 'codemafia' is set on object 'Object Repository/Admin/Admin Login/txt_username'

2021-03-09 08:59:59 - [MESSAGE][PASSED] - Text 'codemafia' is set on object 'Object Repository/Admin/Admin Login/txt_username'

2021-03-09 08:59:59 - [TEST_STEP][PASSED] - setText(findTestObject("Admin/Admin Login/txt_password"), admin_password): Text 'welcome8' is set on object 'Object Repository/Admin/Admin Login/txt_password'

2021-03-09 08:59:59 - [MESSAGE][PASSED] - Text 'welcome8' is set on object 'Object Repository/Admin/Admin Login/txt_password'

2021-03-09 08:59:59 - [TEST_STEP][PASSED] - click(findTestObject("Admin/Admin Login/button_login")): Object: 'Object Repository/Admin/Admin Login/button_login' is clicked on

2021-03-09 09:00:04 - [MESSAGE][PASSED] - Object: 'Object Repository/Admin/Admin Login/button_login' is clicked on

2021-03-09 09:00:04 - [MESSAGE][PASSED] - Call Test Case 'Test Cases/Utilities/Admin Login' successfully

2021-03-09 09:00:04 - [TEST_STEP][PASSED] - callTestCase(findTestCase("Utilities/Navigate to Plugin"), [:], STOP_ON_FAILURE): Call Test Case 'Test Cases/Utilities/Navigate to Plugin' successfully

2021-03-09 09:00:04 - [TEST_CASE][PASSED] - Test Cases/Utilities/Navigate to Plugin: Test Cases/Utilities/Navigate to Plugin

2021-03-09 09:00:04 - [TEST_STEP][PASSED] - click(findTestObject("Admin/Plugin Navigation/link_plugin")): Object: 'Object Repository/Admin/Plugin Navigation/link_plugin' is clicked on

2021-03-09 09:00:05 - [MESSAGE][PASSED] - Object: 'Object Repository/Admin/Plugin Navigation/link_plugin' is clicked on

2021-03-09 09:00:05 - [TEST_STEP][PASSED] - click(findTestObject("Admin/Plugin Navigation/link_profile")): Object: 'Object Repository/Admin/Plugin Navigation/link_profile' is clicked on

2021-03-09 09:00:07 - [MESSAGE][PASSED] - Object: 'Object Repository/Admin/Plugin Navigation/link_profile' is clicked on

2021-03-09 09:00:07 - [MESSAGE][PASSED] - Call Test Case 'Test Cases/Utilities/Navigate to Plugin' successfully

2021-03-09 09:00:07 - [TEST_STEP][PASSED] - click(findTestObject("Admin/Plugin Page/Add New Text CF/a_Add Profile Input Field")): Object: 'Object Repository/Admin/Plugin Page/Add New Text CF/a_Add Profile Input Field' is clicked on

2021-03-09 09:00:07 - [MESSAGE][PASSED] - Object: 'Object Repository/Admin/Plugin Page/Add New Text CF/a_Add Profile Input Field' is clicked on

2021-03-09 09:00:07 - [TEST_STEP][PASSED] - setText(findTestObject("Admin/Plugin Page/Add New Text CF/input_Custom Field Name_custom_name"), "Sample Customfield Number"): Text 'Sample Customfield Number' is set on object 'Object Repository/Admin/Plugin Page/Add New Text CF/input_Custom Field Name_custom_name'

2021-03-09 09:00:08 - [MESSAGE][PASSED] - Text 'Sample Customfield Number' is set on object 'Object Repository/Admin/Plugin Page/Add New Text CF/input_Custom Field Name_custom_name'

2021-03-09 09:00:08 - [TEST_STEP][PASSED] - selectOptionByValue(findTestObject("Object Repository/Admin/Plugin Page/Add New Text CF/select_Text                                _e22ab6"), "number", true): All options with value 'number' are selected in object 'Object Repository/Admin/Plugin Page/Add New Text CF/select_Text                                _e22ab6'  using regular expression

2021-03-09 09:00:09 - [MESSAGE][PASSED] - All options with value 'number' are selected in object 'Object Repository/Admin/Plugin Page/Add New Text CF/select_Text                                _e22ab6'  using regular expression

2021-03-09 09:00:09 - [TEST_STEP][PASSED] - click(findTestObject("Admin/Plugin Page/Add New Text CF/input_Add Option_saveCustomDetails")): Object: 'Object Repository/Admin/Plugin Page/Add New Text CF/input_Add Option_saveCustomDetails' is clicked on

2021-03-09 09:00:09 - [MESSAGE][PASSED] - Object: 'Object Repository/Admin/Plugin Page/Add New Text CF/input_Add Option_saveCustomDetails' is clicked on

2021-03-09 09:00:09 - [TEST_STEP][PASSED] - closeBrowser(): Browser is closed

2021-03-09 09:00:10 - [MESSAGE][PASSED] - Browser is closed

2021-03-09 09:00:10 - [MESSAGE][PASSED] - Call Test Case 'Test Cases/Utilities/Add new Number customfield' successfully

2021-03-09 09:00:10 - [TEST_STEP][PASSED] - callTestCase(findTestCase("Utilities/Navigate to Buyer Settings"), [:], STOP_ON_FAILURE): Call Test Case 'Test Cases/Utilities/Navigate to Buyer Settings' successfully

2021-03-09 09:00:10 - [TEST_CASE][PASSED] - Test Cases/Utilities/Navigate to Buyer Settings: Test Cases/Utilities/Navigate to Buyer Settings

2021-03-09 09:00:10 - [TEST_STEP][PASSED] - openBrowser(""): Browser is opened with url: ''

2021-03-09 09:00:10 - [MESSAGE][INFO] - Starting 'Chrome' driver

2021-03-09 09:00:10 - [MESSAGE][INFO] - Action delay is set to 0 milliseconds

2021-03-09 09:00:13 - [MESSAGE][PASSED] - Browser is opened with url: ''

2021-03-09 09:00:13 - [TEST_STEP][PASSED] - navigateToUrl("https://youhadmeathelloworld.staging.arcadier.io/"): Navigate to 'https://youhadmeathelloworld.staging.arcadier.io/' successfully

2021-03-09 09:00:15 - [MESSAGE][PASSED] - Navigate to 'https://youhadmeathelloworld.staging.arcadier.io/' successfully

2021-03-09 09:00:15 - [TEST_STEP][PASSED] - maximizeWindow(): Current window maximized

2021-03-09 09:00:17 - [MESSAGE][PASSED] - Current window maximized

2021-03-09 09:00:17 - [TEST_STEP][PASSED] - click(findTestObject("Object Repository/User/a_REGISTER  SIGN IN")): Object: 'Object Repository/User/a_REGISTER  SIGN IN' is clicked on

2021-03-09 09:00:18 - [MESSAGE][PASSED] - Object: 'Object Repository/User/a_REGISTER  SIGN IN' is clicked on

2021-03-09 09:00:18 - [TEST_STEP][PASSED] - setText(findTestObject("Object Repository/User/input_Your emailusername_username"), "athena"): Text 'athena' is set on object 'Object Repository/User/input_Your emailusername_username'

2021-03-09 09:00:19 - [MESSAGE][PASSED] - Text 'athena' is set on object 'Object Repository/User/input_Your emailusername_username'

2021-03-09 09:00:19 - [TEST_STEP][PASSED] - setEncryptedText(findTestObject("Object Repository/User/input_Your password_password"), "goxxgxvM2dP/z7G09p4JaTtn5QD+a0Kw"): Text ****** has been set on object 'Object Repository/User/input_Your password_password'

2021-03-09 09:00:20 - [MESSAGE][PASSED] - Text ****** has been set on object 'Object Repository/User/input_Your password_password'

2021-03-09 09:00:20 - [TEST_STEP][PASSED] - click(findTestObject("Object Repository/User/input_Your password_login-submit")): Object: 'Object Repository/User/input_Your password_login-submit' is clicked on

2021-03-09 09:00:22 - [MESSAGE][PASSED] - Object: 'Object Repository/User/input_Your password_login-submit' is clicked on

2021-03-09 09:00:22 - [TEST_STEP][PASSED] - mouseOver(findTestObject("User/i_EN_icon icon-down")): Object: 'Object Repository/User/i_EN_icon icon-down' is hovered

2021-03-09 09:00:23 - [MESSAGE][PASSED] - Object: 'Object Repository/User/i_EN_icon icon-down' is hovered

2021-03-09 09:00:23 - [TEST_STEP][PASSED] - click(findTestObject("User/a_Settings")): Object: 'Object Repository/User/a_Settings' is clicked on

2021-03-09 09:00:24 - [MESSAGE][PASSED] - Object: 'Object Repository/User/a_Settings' is clicked on

2021-03-09 09:00:24 - [MESSAGE][PASSED] - Call Test Case 'Test Cases/Utilities/Navigate to Buyer Settings' successfully

2021-03-09 09:00:24 - [TEST_STEP][PASSED] - verifyElementPresent(findTestObject("User/label_SAMPLE CUSTOMFIELD NUMBER"), 0): Object 'Object Repository/User/label_SAMPLE CUSTOMFIELD NUMBER' is present

2021-03-09 09:00:24 - [MESSAGE][WARNING] - Timeout '0' is invalid. Using default page load timeout: '30'

2021-03-09 09:00:25 - [MESSAGE][PASSED] - Object 'Object Repository/User/label_SAMPLE CUSTOMFIELD NUMBER' is present

2021-03-09 09:00:25 - [TEST_STEP][PASSED] - verifyElementText(findTestObject("User/label_SAMPLE CUSTOMFIELD NUMBER"), "SAMPLE CUSTOMFIELD NUMBER"): Actual text and expected text of test object 'Object Repository/User/label_SAMPLE CUSTOMFIELD NUMBER' are matched.

2021-03-09 09:00:25 - [MESSAGE][PASSED] - Actual text and expected text of test object 'Object Repository/User/label_SAMPLE CUSTOMFIELD NUMBER' are matched.

2021-03-09 09:00:25 - [TEST_STEP][PASSED] - verifyElementAttributeValue(findTestObject("User/input_SAMPLE CUSTOMFIELD NUMBER_Sample Customfield Number"), "type", "number", 0): Object 'Object Repository/User/input_SAMPLE CUSTOMFIELD NUMBER_Sample Customfield Number' has attribute 'type' with value 'number'

2021-03-09 09:00:25 - [MESSAGE][WARNING] - Timeout '0' is invalid. Using default page load timeout: '30'

2021-03-09 09:00:26 - [MESSAGE][PASSED] - Object 'Object Repository/User/input_SAMPLE CUSTOMFIELD NUMBER_Sample Customfield Number' has attribute 'type' with value 'number'

2021-03-09 09:00:26 - [TEST_STEP][PASSED] - callTestCase(findTestCase("Utilities/Deleting Custom Field"), [:], STOP_ON_FAILURE): Call Test Case 'Test Cases/Utilities/Deleting Custom Field' successfully

2021-03-09 09:00:26 - [TEST_CASE][PASSED] - Test Cases/Utilities/Deleting Custom Field: Test Cases/Utilities/Deleting Custom Field

2021-03-09 09:00:26 - [TEST_STEP][PASSED] - callTestCase(findTestCase("Utilities/Admin Login"), [:], STOP_ON_FAILURE): Call Test Case 'Test Cases/Utilities/Admin Login' successfully

2021-03-09 09:00:26 - [TEST_CASE][PASSED] - Test Cases/Utilities/Admin Login: Test Cases/Utilities/Admin Login

2021-03-09 09:00:26 - [TEST_STEP][PASSED] - openBrowser(""): Browser is opened with url: ''

2021-03-09 09:00:26 - [MESSAGE][WARNING] - A browser is already opened. Closing browser and opening a new one

2021-03-09 09:00:26 - [MESSAGE][INFO] - Starting 'Chrome' driver

2021-03-09 09:00:26 - [MESSAGE][INFO] - Action delay is set to 0 milliseconds

2021-03-09 09:00:30 - [MESSAGE][PASSED] - Browser is opened with url: ''

2021-03-09 09:00:30 - [TEST_STEP][PASSED] - maximizeWindow(): Current window maximized

2021-03-09 09:00:32 - [MESSAGE][PASSED] - Current window maximized

2021-03-09 09:00:32 - [TEST_STEP][PASSED] - navigateToUrl(admin_url): Navigate to 'https://youhadmeathelloworld.staging.arcadier.io/admin' successfully

2021-03-09 09:00:34 - [MESSAGE][PASSED] - Navigate to 'https://youhadmeathelloworld.staging.arcadier.io/admin' successfully

2021-03-09 09:00:34 - [TEST_STEP][PASSED] - waitForPageLoad(2): Wait for page load successfully

2021-03-09 09:00:34 - [MESSAGE][PASSED] - Wait for page load successfully

2021-03-09 09:00:34 - [TEST_STEP][PASSED] - setText(findTestObject("Admin/Admin Login/txt_username"), admin_username): Text 'codemafia' is set on object 'Object Repository/Admin/Admin Login/txt_username'

2021-03-09 09:00:35 - [MESSAGE][PASSED] - Text 'codemafia' is set on object 'Object Repository/Admin/Admin Login/txt_username'

2021-03-09 09:00:35 - [TEST_STEP][PASSED] - setText(findTestObject("Admin/Admin Login/txt_password"), admin_password): Text 'welcome8' is set on object 'Object Repository/Admin/Admin Login/txt_password'

2021-03-09 09:00:35 - [MESSAGE][PASSED] - Text 'welcome8' is set on object 'Object Repository/Admin/Admin Login/txt_password'

2021-03-09 09:00:35 - [TEST_STEP][PASSED] - click(findTestObject("Admin/Admin Login/button_login")): Object: 'Object Repository/Admin/Admin Login/button_login' is clicked on

2021-03-09 09:00:39 - [MESSAGE][PASSED] - Object: 'Object Repository/Admin/Admin Login/button_login' is clicked on

2021-03-09 09:00:39 - [MESSAGE][PASSED] - Call Test Case 'Test Cases/Utilities/Admin Login' successfully

2021-03-09 09:00:39 - [TEST_STEP][PASSED] - callTestCase(findTestCase("Utilities/Navigate to Plugin"), [:], STOP_ON_FAILURE): Call Test Case 'Test Cases/Utilities/Navigate to Plugin' successfully

2021-03-09 09:00:39 - [TEST_CASE][PASSED] - Test Cases/Utilities/Navigate to Plugin: Test Cases/Utilities/Navigate to Plugin

2021-03-09 09:00:39 - [TEST_STEP][PASSED] - click(findTestObject("Admin/Plugin Navigation/link_plugin")): Object: 'Object Repository/Admin/Plugin Navigation/link_plugin' is clicked on

2021-03-09 09:00:39 - [MESSAGE][PASSED] - Object: 'Object Repository/Admin/Plugin Navigation/link_plugin' is clicked on

2021-03-09 09:00:39 - [TEST_STEP][PASSED] - click(findTestObject("Admin/Plugin Navigation/link_profile")): Object: 'Object Repository/Admin/Plugin Navigation/link_profile' is clicked on

2021-03-09 09:00:41 - [MESSAGE][PASSED] - Object: 'Object Repository/Admin/Plugin Navigation/link_profile' is clicked on

2021-03-09 09:00:41 - [MESSAGE][PASSED] - Call Test Case 'Test Cases/Utilities/Navigate to Plugin' successfully

2021-03-09 09:00:41 - [TEST_STEP][PASSED] - click(findTestObject("Admin/Plugin Page/Deleting Custom Fields/i_Textfield_icon icon-delete")): Object: 'Object Repository/Admin/Plugin Page/Deleting Custom Fields/i_Textfield_icon icon-delete' is clicked on

2021-03-09 09:00:41 - [MESSAGE][PASSED] - Object: 'Object Repository/Admin/Plugin Page/Deleting Custom Fields/i_Textfield_icon icon-delete' is clicked on

2021-03-09 09:00:41 - [TEST_STEP][PASSED] - click(findTestObject("Admin/Plugin Page/Deleting Custom Fields/del_confirm")): Object: 'Object Repository/Admin/Plugin Page/Deleting Custom Fields/del_confirm' is clicked on

2021-03-09 09:00:42 - [MESSAGE][PASSED] - Object: 'Object Repository/Admin/Plugin Page/Deleting Custom Fields/del_confirm' is clicked on

2021-03-09 09:00:42 - [TEST_STEP][PASSED] - closeBrowser(): Browser is closed

2021-03-09 09:00:43 - [MESSAGE][PASSED] - Browser is closed

2021-03-09 09:00:43 - [MESSAGE][PASSED] - Call Test Case 'Test Cases/Utilities/Deleting Custom Field' successfully]]></system-out>
         <system-err><![CDATA[]]></system-err>
      </testcase>
      <testcase name="Test Cases/User Settings/COMPLEX/TC_CMPLX_011" time="54.112" classname="Test Cases/User Settings/COMPLEX/TC_CMPLX_011" status="PASSED">
         <system-out><![CDATA[2021-03-09 09:00:43 - [TEST_CASE][PASSED] - Test Cases/User Settings/COMPLEX/TC_CMPLX_011: Test Cases/User Settings/COMPLEX/TC_CMPLX_011

2021-03-09 09:00:43 - [TEST_STEP][PASSED] - callTestCase(findTestCase("Utilities/Adding Custom field Checkbox"), [:], STOP_ON_FAILURE): Call Test Case 'Test Cases/Utilities/Adding Custom field Checkbox' successfully

2021-03-09 09:00:43 - [TEST_CASE][PASSED] - Test Cases/Utilities/Adding Custom field Checkbox: Test Cases/Utilities/Adding Custom field Checkbox

2021-03-09 09:00:43 - [TEST_STEP][PASSED] - callTestCase(findTestCase("Utilities/Admin Login"), [:], STOP_ON_FAILURE): Call Test Case 'Test Cases/Utilities/Admin Login' successfully

2021-03-09 09:00:43 - [TEST_CASE][PASSED] - Test Cases/Utilities/Admin Login: Test Cases/Utilities/Admin Login

2021-03-09 09:00:43 - [TEST_STEP][PASSED] - openBrowser(""): Browser is opened with url: ''

2021-03-09 09:00:43 - [MESSAGE][INFO] - Starting 'Chrome' driver

2021-03-09 09:00:43 - [MESSAGE][INFO] - Action delay is set to 0 milliseconds

2021-03-09 09:00:46 - [MESSAGE][PASSED] - Browser is opened with url: ''

2021-03-09 09:00:46 - [TEST_STEP][PASSED] - maximizeWindow(): Current window maximized

2021-03-09 09:00:48 - [MESSAGE][PASSED] - Current window maximized

2021-03-09 09:00:48 - [TEST_STEP][PASSED] - navigateToUrl(admin_url): Navigate to 'https://youhadmeathelloworld.staging.arcadier.io/admin' successfully

2021-03-09 09:00:50 - [MESSAGE][PASSED] - Navigate to 'https://youhadmeathelloworld.staging.arcadier.io/admin' successfully

2021-03-09 09:00:50 - [TEST_STEP][PASSED] - waitForPageLoad(2): Wait for page load successfully

2021-03-09 09:00:50 - [MESSAGE][PASSED] - Wait for page load successfully

2021-03-09 09:00:50 - [TEST_STEP][PASSED] - setText(findTestObject("Admin/Admin Login/txt_username"), admin_username): Text 'codemafia' is set on object 'Object Repository/Admin/Admin Login/txt_username'

2021-03-09 09:00:51 - [MESSAGE][PASSED] - Text 'codemafia' is set on object 'Object Repository/Admin/Admin Login/txt_username'

2021-03-09 09:00:51 - [TEST_STEP][PASSED] - setText(findTestObject("Admin/Admin Login/txt_password"), admin_password): Text 'welcome8' is set on object 'Object Repository/Admin/Admin Login/txt_password'

2021-03-09 09:00:51 - [MESSAGE][PASSED] - Text 'welcome8' is set on object 'Object Repository/Admin/Admin Login/txt_password'

2021-03-09 09:00:51 - [TEST_STEP][PASSED] - click(findTestObject("Admin/Admin Login/button_login")): Object: 'Object Repository/Admin/Admin Login/button_login' is clicked on

2021-03-09 09:00:56 - [MESSAGE][PASSED] - Object: 'Object Repository/Admin/Admin Login/button_login' is clicked on

2021-03-09 09:00:56 - [MESSAGE][PASSED] - Call Test Case 'Test Cases/Utilities/Admin Login' successfully

2021-03-09 09:00:56 - [TEST_STEP][PASSED] - callTestCase(findTestCase("Utilities/Navigate to Plugin"), [:], STOP_ON_FAILURE): Call Test Case 'Test Cases/Utilities/Navigate to Plugin' successfully

2021-03-09 09:00:56 - [TEST_CASE][PASSED] - Test Cases/Utilities/Navigate to Plugin: Test Cases/Utilities/Navigate to Plugin

2021-03-09 09:00:56 - [TEST_STEP][PASSED] - click(findTestObject("Admin/Plugin Navigation/link_plugin")): Object: 'Object Repository/Admin/Plugin Navigation/link_plugin' is clicked on

2021-03-09 09:00:56 - [MESSAGE][PASSED] - Object: 'Object Repository/Admin/Plugin Navigation/link_plugin' is clicked on

2021-03-09 09:00:56 - [TEST_STEP][PASSED] - click(findTestObject("Admin/Plugin Navigation/link_profile")): Object: 'Object Repository/Admin/Plugin Navigation/link_profile' is clicked on

2021-03-09 09:00:58 - [MESSAGE][PASSED] - Object: 'Object Repository/Admin/Plugin Navigation/link_profile' is clicked on

2021-03-09 09:00:58 - [MESSAGE][PASSED] - Call Test Case 'Test Cases/Utilities/Navigate to Plugin' successfully

2021-03-09 09:00:58 - [TEST_STEP][PASSED] - click(findTestObject("Admin/Plugin Page/Add New Text CF/a_Add Profile Input Field")): Object: 'Object Repository/Admin/Plugin Page/Add New Text CF/a_Add Profile Input Field' is clicked on

2021-03-09 09:00:59 - [MESSAGE][PASSED] - Object: 'Object Repository/Admin/Plugin Page/Add New Text CF/a_Add Profile Input Field' is clicked on

2021-03-09 09:00:59 - [TEST_STEP][PASSED] - setText(findTestObject("Admin/Plugin Page/Add New Text CF/input_Custom Field Name_custom_name"), "Sample Customfield Checkbox"): Text 'Sample Customfield Checkbox' is set on object 'Object Repository/Admin/Plugin Page/Add New Text CF/input_Custom Field Name_custom_name'

2021-03-09 09:01:00 - [MESSAGE][PASSED] - Text 'Sample Customfield Checkbox' is set on object 'Object Repository/Admin/Plugin Page/Add New Text CF/input_Custom Field Name_custom_name'

2021-03-09 09:01:00 - [TEST_STEP][PASSED] - selectOptionByValue(findTestObject("Admin/Plugin Page/Add New Text CF/select_Text                                _e22ab6"), "checkbox", true): All options with value 'checkbox' are selected in object 'Object Repository/Admin/Plugin Page/Add New Text CF/select_Text                                _e22ab6'  using regular expression

2021-03-09 09:01:00 - [MESSAGE][PASSED] - All options with value 'checkbox' are selected in object 'Object Repository/Admin/Plugin Page/Add New Text CF/select_Text                                _e22ab6'  using regular expression

2021-03-09 09:01:00 - [TEST_STEP][PASSED] - setText(findTestObject("Admin/Plugin Page/Add New Text CF/input_Options_checkbox-opt"), "Option 1"): Text 'Option 1' is set on object 'Object Repository/Admin/Plugin Page/Add New Text CF/input_Options_checkbox-opt'

2021-03-09 09:01:01 - [MESSAGE][PASSED] - Text 'Option 1' is set on object 'Object Repository/Admin/Plugin Page/Add New Text CF/input_Options_checkbox-opt'

2021-03-09 09:01:01 - [TEST_STEP][PASSED] - click(findTestObject("Admin/Plugin Page/Add New Text CF/input_Add Option_saveCustomDetails")): Object: 'Object Repository/Admin/Plugin Page/Add New Text CF/input_Add Option_saveCustomDetails' is clicked on

2021-03-09 09:01:01 - [MESSAGE][PASSED] - Object: 'Object Repository/Admin/Plugin Page/Add New Text CF/input_Add Option_saveCustomDetails' is clicked on

2021-03-09 09:01:01 - [TEST_STEP][PASSED] - closeBrowser(): Browser is closed

2021-03-09 09:01:02 - [MESSAGE][PASSED] - Browser is closed

2021-03-09 09:01:02 - [MESSAGE][PASSED] - Call Test Case 'Test Cases/Utilities/Adding Custom field Checkbox' successfully

2021-03-09 09:01:02 - [TEST_STEP][PASSED] - callTestCase(findTestCase("Utilities/Navigate to Buyer Settings"), [:], STOP_ON_FAILURE): Call Test Case 'Test Cases/Utilities/Navigate to Buyer Settings' successfully

2021-03-09 09:01:02 - [TEST_CASE][PASSED] - Test Cases/Utilities/Navigate to Buyer Settings: Test Cases/Utilities/Navigate to Buyer Settings

2021-03-09 09:01:02 - [TEST_STEP][PASSED] - openBrowser(""): Browser is opened with url: ''

2021-03-09 09:01:02 - [MESSAGE][INFO] - Starting 'Chrome' driver

2021-03-09 09:01:02 - [MESSAGE][INFO] - Action delay is set to 0 milliseconds

2021-03-09 09:01:05 - [MESSAGE][PASSED] - Browser is opened with url: ''

2021-03-09 09:01:05 - [TEST_STEP][PASSED] - navigateToUrl("https://youhadmeathelloworld.staging.arcadier.io/"): Navigate to 'https://youhadmeathelloworld.staging.arcadier.io/' successfully

2021-03-09 09:01:07 - [MESSAGE][PASSED] - Navigate to 'https://youhadmeathelloworld.staging.arcadier.io/' successfully

2021-03-09 09:01:07 - [TEST_STEP][PASSED] - maximizeWindow(): Current window maximized

2021-03-09 09:01:10 - [MESSAGE][PASSED] - Current window maximized

2021-03-09 09:01:10 - [TEST_STEP][PASSED] - click(findTestObject("Object Repository/User/a_REGISTER  SIGN IN")): Object: 'Object Repository/User/a_REGISTER  SIGN IN' is clicked on

2021-03-09 09:01:11 - [MESSAGE][PASSED] - Object: 'Object Repository/User/a_REGISTER  SIGN IN' is clicked on

2021-03-09 09:01:11 - [TEST_STEP][PASSED] - setText(findTestObject("Object Repository/User/input_Your emailusername_username"), "athena"): Text 'athena' is set on object 'Object Repository/User/input_Your emailusername_username'

2021-03-09 09:01:11 - [MESSAGE][PASSED] - Text 'athena' is set on object 'Object Repository/User/input_Your emailusername_username'

2021-03-09 09:01:11 - [TEST_STEP][PASSED] - setEncryptedText(findTestObject("Object Repository/User/input_Your password_password"), "goxxgxvM2dP/z7G09p4JaTtn5QD+a0Kw"): Text ****** has been set on object 'Object Repository/User/input_Your password_password'

2021-03-09 09:01:12 - [MESSAGE][PASSED] - Text ****** has been set on object 'Object Repository/User/input_Your password_password'

2021-03-09 09:01:12 - [TEST_STEP][PASSED] - click(findTestObject("Object Repository/User/input_Your password_login-submit")): Object: 'Object Repository/User/input_Your password_login-submit' is clicked on

2021-03-09 09:01:14 - [MESSAGE][PASSED] - Object: 'Object Repository/User/input_Your password_login-submit' is clicked on

2021-03-09 09:01:14 - [TEST_STEP][PASSED] - mouseOver(findTestObject("User/i_EN_icon icon-down")): Object: 'Object Repository/User/i_EN_icon icon-down' is hovered

2021-03-09 09:01:15 - [MESSAGE][PASSED] - Object: 'Object Repository/User/i_EN_icon icon-down' is hovered

2021-03-09 09:01:15 - [TEST_STEP][PASSED] - click(findTestObject("User/a_Settings")): Object: 'Object Repository/User/a_Settings' is clicked on

2021-03-09 09:01:16 - [MESSAGE][PASSED] - Object: 'Object Repository/User/a_Settings' is clicked on

2021-03-09 09:01:16 - [MESSAGE][PASSED] - Call Test Case 'Test Cases/Utilities/Navigate to Buyer Settings' successfully

2021-03-09 09:01:16 - [TEST_STEP][PASSED] - verifyElementPresent(findTestObject("User/label_SAMPLE CUSTOMFIELD CHECKBOX"), 0): Object 'Object Repository/User/label_SAMPLE CUSTOMFIELD CHECKBOX' is present

2021-03-09 09:01:16 - [MESSAGE][WARNING] - Timeout '0' is invalid. Using default page load timeout: '30'

2021-03-09 09:01:17 - [MESSAGE][PASSED] - Object 'Object Repository/User/label_SAMPLE CUSTOMFIELD CHECKBOX' is present

2021-03-09 09:01:17 - [TEST_STEP][PASSED] - verifyElementText(findTestObject("User/label_SAMPLE CUSTOMFIELD CHECKBOX"), "SAMPLE CUSTOMFIELD CHECKBOX"): Actual text and expected text of test object 'Object Repository/User/label_SAMPLE CUSTOMFIELD CHECKBOX' are matched.

2021-03-09 09:01:17 - [MESSAGE][PASSED] - Actual text and expected text of test object 'Object Repository/User/label_SAMPLE CUSTOMFIELD CHECKBOX' are matched.

2021-03-09 09:01:17 - [TEST_STEP][PASSED] - verifyElementAttributeValue(findTestObject("User/input_checkbox"), "type", "checkbox", 0): Object 'Object Repository/User/input_checkbox' has attribute 'type' with value 'checkbox'

2021-03-09 09:01:17 - [MESSAGE][WARNING] - Timeout '0' is invalid. Using default page load timeout: '30'

2021-03-09 09:01:18 - [MESSAGE][PASSED] - Object 'Object Repository/User/input_checkbox' has attribute 'type' with value 'checkbox'

2021-03-09 09:01:18 - [TEST_STEP][PASSED] - callTestCase(findTestCase("Utilities/Deleting Custom Field"), [:], STOP_ON_FAILURE): Call Test Case 'Test Cases/Utilities/Deleting Custom Field' successfully

2021-03-09 09:01:18 - [TEST_CASE][PASSED] - Test Cases/Utilities/Deleting Custom Field: Test Cases/Utilities/Deleting Custom Field

2021-03-09 09:01:18 - [TEST_STEP][PASSED] - callTestCase(findTestCase("Utilities/Admin Login"), [:], STOP_ON_FAILURE): Call Test Case 'Test Cases/Utilities/Admin Login' successfully

2021-03-09 09:01:18 - [TEST_CASE][PASSED] - Test Cases/Utilities/Admin Login: Test Cases/Utilities/Admin Login

2021-03-09 09:01:18 - [TEST_STEP][PASSED] - openBrowser(""): Browser is opened with url: ''

2021-03-09 09:01:18 - [MESSAGE][WARNING] - A browser is already opened. Closing browser and opening a new one

2021-03-09 09:01:18 - [MESSAGE][INFO] - Starting 'Chrome' driver

2021-03-09 09:01:18 - [MESSAGE][INFO] - Action delay is set to 0 milliseconds

2021-03-09 09:01:22 - [MESSAGE][PASSED] - Browser is opened with url: ''

2021-03-09 09:01:22 - [TEST_STEP][PASSED] - maximizeWindow(): Current window maximized

2021-03-09 09:01:24 - [MESSAGE][PASSED] - Current window maximized

2021-03-09 09:01:24 - [TEST_STEP][PASSED] - navigateToUrl(admin_url): Navigate to 'https://youhadmeathelloworld.staging.arcadier.io/admin' successfully

2021-03-09 09:01:26 - [MESSAGE][PASSED] - Navigate to 'https://youhadmeathelloworld.staging.arcadier.io/admin' successfully

2021-03-09 09:01:26 - [TEST_STEP][PASSED] - waitForPageLoad(2): Wait for page load successfully

2021-03-09 09:01:26 - [MESSAGE][PASSED] - Wait for page load successfully

2021-03-09 09:01:26 - [TEST_STEP][PASSED] - setText(findTestObject("Admin/Admin Login/txt_username"), admin_username): Text 'codemafia' is set on object 'Object Repository/Admin/Admin Login/txt_username'

2021-03-09 09:01:27 - [MESSAGE][PASSED] - Text 'codemafia' is set on object 'Object Repository/Admin/Admin Login/txt_username'

2021-03-09 09:01:27 - [TEST_STEP][PASSED] - setText(findTestObject("Admin/Admin Login/txt_password"), admin_password): Text 'welcome8' is set on object 'Object Repository/Admin/Admin Login/txt_password'

2021-03-09 09:01:27 - [MESSAGE][PASSED] - Text 'welcome8' is set on object 'Object Repository/Admin/Admin Login/txt_password'

2021-03-09 09:01:27 - [TEST_STEP][PASSED] - click(findTestObject("Admin/Admin Login/button_login")): Object: 'Object Repository/Admin/Admin Login/button_login' is clicked on

2021-03-09 09:01:33 - [MESSAGE][PASSED] - Object: 'Object Repository/Admin/Admin Login/button_login' is clicked on

2021-03-09 09:01:33 - [MESSAGE][PASSED] - Call Test Case 'Test Cases/Utilities/Admin Login' successfully

2021-03-09 09:01:33 - [TEST_STEP][PASSED] - callTestCase(findTestCase("Utilities/Navigate to Plugin"), [:], STOP_ON_FAILURE): Call Test Case 'Test Cases/Utilities/Navigate to Plugin' successfully

2021-03-09 09:01:33 - [TEST_CASE][PASSED] - Test Cases/Utilities/Navigate to Plugin: Test Cases/Utilities/Navigate to Plugin

2021-03-09 09:01:33 - [TEST_STEP][PASSED] - click(findTestObject("Admin/Plugin Navigation/link_plugin")): Object: 'Object Repository/Admin/Plugin Navigation/link_plugin' is clicked on

2021-03-09 09:01:33 - [MESSAGE][PASSED] - Object: 'Object Repository/Admin/Plugin Navigation/link_plugin' is clicked on

2021-03-09 09:01:33 - [TEST_STEP][PASSED] - click(findTestObject("Admin/Plugin Navigation/link_profile")): Object: 'Object Repository/Admin/Plugin Navigation/link_profile' is clicked on

2021-03-09 09:01:35 - [MESSAGE][PASSED] - Object: 'Object Repository/Admin/Plugin Navigation/link_profile' is clicked on

2021-03-09 09:01:35 - [MESSAGE][PASSED] - Call Test Case 'Test Cases/Utilities/Navigate to Plugin' successfully

2021-03-09 09:01:35 - [TEST_STEP][PASSED] - click(findTestObject("Admin/Plugin Page/Deleting Custom Fields/i_Textfield_icon icon-delete")): Object: 'Object Repository/Admin/Plugin Page/Deleting Custom Fields/i_Textfield_icon icon-delete' is clicked on

2021-03-09 09:01:35 - [MESSAGE][PASSED] - Object: 'Object Repository/Admin/Plugin Page/Deleting Custom Fields/i_Textfield_icon icon-delete' is clicked on

2021-03-09 09:01:35 - [TEST_STEP][PASSED] - click(findTestObject("Admin/Plugin Page/Deleting Custom Fields/del_confirm")): Object: 'Object Repository/Admin/Plugin Page/Deleting Custom Fields/del_confirm' is clicked on

2021-03-09 09:01:36 - [MESSAGE][PASSED] - Object: 'Object Repository/Admin/Plugin Page/Deleting Custom Fields/del_confirm' is clicked on

2021-03-09 09:01:36 - [TEST_STEP][PASSED] - closeBrowser(): Browser is closed

2021-03-09 09:01:37 - [MESSAGE][PASSED] - Browser is closed

2021-03-09 09:01:37 - [MESSAGE][PASSED] - Call Test Case 'Test Cases/Utilities/Deleting Custom Field' successfully]]></system-out>
         <system-err><![CDATA[]]></system-err>
      </testcase>
      <testcase name="Test Cases/User Settings/COMPLEX/TC_CMPLX_012" time="53.054" classname="Test Cases/User Settings/COMPLEX/TC_CMPLX_012" status="PASSED">
         <system-out><![CDATA[2021-03-09 09:01:37 - [TEST_CASE][PASSED] - Test Cases/User Settings/COMPLEX/TC_CMPLX_012: Test Cases/User Settings/COMPLEX/TC_CMPLX_012

2021-03-09 09:01:37 - [TEST_STEP][PASSED] - callTestCase(findTestCase("Utilities/Add Customfield Dropdown"), [:], STOP_ON_FAILURE): Call Test Case 'Test Cases/Utilities/Add Customfield Dropdown' successfully

2021-03-09 09:01:37 - [TEST_CASE][PASSED] - Test Cases/Utilities/Add Customfield Dropdown: Test Cases/Utilities/Add Customfield Dropdown

2021-03-09 09:01:37 - [TEST_STEP][PASSED] - callTestCase(findTestCase("Utilities/Admin Login"), [:], STOP_ON_FAILURE): Call Test Case 'Test Cases/Utilities/Admin Login' successfully

2021-03-09 09:01:37 - [TEST_CASE][PASSED] - Test Cases/Utilities/Admin Login: Test Cases/Utilities/Admin Login

2021-03-09 09:01:37 - [TEST_STEP][PASSED] - openBrowser(""): Browser is opened with url: ''

2021-03-09 09:01:37 - [MESSAGE][INFO] - Starting 'Chrome' driver

2021-03-09 09:01:37 - [MESSAGE][INFO] - Action delay is set to 0 milliseconds

2021-03-09 09:01:40 - [MESSAGE][PASSED] - Browser is opened with url: ''

2021-03-09 09:01:40 - [TEST_STEP][PASSED] - maximizeWindow(): Current window maximized

2021-03-09 09:01:42 - [MESSAGE][PASSED] - Current window maximized

2021-03-09 09:01:42 - [TEST_STEP][PASSED] - navigateToUrl(admin_url): Navigate to 'https://youhadmeathelloworld.staging.arcadier.io/admin' successfully

2021-03-09 09:01:44 - [MESSAGE][PASSED] - Navigate to 'https://youhadmeathelloworld.staging.arcadier.io/admin' successfully

2021-03-09 09:01:44 - [TEST_STEP][PASSED] - waitForPageLoad(2): Wait for page load successfully

2021-03-09 09:01:44 - [MESSAGE][PASSED] - Wait for page load successfully

2021-03-09 09:01:44 - [TEST_STEP][PASSED] - setText(findTestObject("Admin/Admin Login/txt_username"), admin_username): Text 'codemafia' is set on object 'Object Repository/Admin/Admin Login/txt_username'

2021-03-09 09:01:45 - [MESSAGE][PASSED] - Text 'codemafia' is set on object 'Object Repository/Admin/Admin Login/txt_username'

2021-03-09 09:01:45 - [TEST_STEP][PASSED] - setText(findTestObject("Admin/Admin Login/txt_password"), admin_password): Text 'welcome8' is set on object 'Object Repository/Admin/Admin Login/txt_password'

2021-03-09 09:01:45 - [MESSAGE][PASSED] - Text 'welcome8' is set on object 'Object Repository/Admin/Admin Login/txt_password'

2021-03-09 09:01:45 - [TEST_STEP][PASSED] - click(findTestObject("Admin/Admin Login/button_login")): Object: 'Object Repository/Admin/Admin Login/button_login' is clicked on

2021-03-09 09:01:50 - [MESSAGE][PASSED] - Object: 'Object Repository/Admin/Admin Login/button_login' is clicked on

2021-03-09 09:01:50 - [MESSAGE][PASSED] - Call Test Case 'Test Cases/Utilities/Admin Login' successfully

2021-03-09 09:01:50 - [TEST_STEP][PASSED] - callTestCase(findTestCase("Utilities/Navigate to Plugin"), [:], STOP_ON_FAILURE): Call Test Case 'Test Cases/Utilities/Navigate to Plugin' successfully

2021-03-09 09:01:50 - [TEST_CASE][PASSED] - Test Cases/Utilities/Navigate to Plugin: Test Cases/Utilities/Navigate to Plugin

2021-03-09 09:01:50 - [TEST_STEP][PASSED] - click(findTestObject("Admin/Plugin Navigation/link_plugin")): Object: 'Object Repository/Admin/Plugin Navigation/link_plugin' is clicked on

2021-03-09 09:01:51 - [MESSAGE][PASSED] - Object: 'Object Repository/Admin/Plugin Navigation/link_plugin' is clicked on

2021-03-09 09:01:51 - [TEST_STEP][PASSED] - click(findTestObject("Admin/Plugin Navigation/link_profile")): Object: 'Object Repository/Admin/Plugin Navigation/link_profile' is clicked on

2021-03-09 09:01:53 - [MESSAGE][PASSED] - Object: 'Object Repository/Admin/Plugin Navigation/link_profile' is clicked on

2021-03-09 09:01:53 - [MESSAGE][PASSED] - Call Test Case 'Test Cases/Utilities/Navigate to Plugin' successfully

2021-03-09 09:01:53 - [TEST_STEP][PASSED] - click(findTestObject("Admin/Plugin Page/Add New Text CF/a_Add Profile Input Field")): Object: 'Object Repository/Admin/Plugin Page/Add New Text CF/a_Add Profile Input Field' is clicked on

2021-03-09 09:01:53 - [MESSAGE][PASSED] - Object: 'Object Repository/Admin/Plugin Page/Add New Text CF/a_Add Profile Input Field' is clicked on

2021-03-09 09:01:53 - [TEST_STEP][PASSED] - setText(findTestObject("Admin/Plugin Page/Add New Text CF/input_Custom Field Name_custom_name"), "Sample Customfield Dropdown"): Text 'Sample Customfield Dropdown' is set on object 'Object Repository/Admin/Plugin Page/Add New Text CF/input_Custom Field Name_custom_name'

2021-03-09 09:01:54 - [MESSAGE][PASSED] - Text 'Sample Customfield Dropdown' is set on object 'Object Repository/Admin/Plugin Page/Add New Text CF/input_Custom Field Name_custom_name'

2021-03-09 09:01:54 - [TEST_STEP][PASSED] - selectOptionByValue(findTestObject("Admin/Plugin Page/Add New Text CF/select_Text                                _e22ab6"), "dropdown", true): All options with value 'dropdown' are selected in object 'Object Repository/Admin/Plugin Page/Add New Text CF/select_Text                                _e22ab6'  using regular expression

2021-03-09 09:01:55 - [MESSAGE][PASSED] - All options with value 'dropdown' are selected in object 'Object Repository/Admin/Plugin Page/Add New Text CF/select_Text                                _e22ab6'  using regular expression

2021-03-09 09:01:55 - [TEST_STEP][PASSED] - setText(findTestObject("Admin/Plugin Page/Add New Text CF/input_Options_checkbox-opt"), "option 1"): Text 'option 1' is set on object 'Object Repository/Admin/Plugin Page/Add New Text CF/input_Options_checkbox-opt'

2021-03-09 09:01:55 - [MESSAGE][PASSED] - Text 'option 1' is set on object 'Object Repository/Admin/Plugin Page/Add New Text CF/input_Options_checkbox-opt'

2021-03-09 09:01:55 - [TEST_STEP][PASSED] - click(findTestObject("Admin/Plugin Page/Add New Text CF/input_Add Option_saveCustomDetails")): Object: 'Object Repository/Admin/Plugin Page/Add New Text CF/input_Add Option_saveCustomDetails' is clicked on

2021-03-09 09:01:56 - [MESSAGE][PASSED] - Object: 'Object Repository/Admin/Plugin Page/Add New Text CF/input_Add Option_saveCustomDetails' is clicked on

2021-03-09 09:01:56 - [TEST_STEP][PASSED] - closeBrowser(): Browser is closed

2021-03-09 09:01:56 - [MESSAGE][PASSED] - Browser is closed

2021-03-09 09:01:56 - [MESSAGE][PASSED] - Call Test Case 'Test Cases/Utilities/Add Customfield Dropdown' successfully

2021-03-09 09:01:56 - [TEST_STEP][PASSED] - callTestCase(findTestCase("Utilities/Navigate to Buyer Settings"), [:], STOP_ON_FAILURE): Call Test Case 'Test Cases/Utilities/Navigate to Buyer Settings' successfully

2021-03-09 09:01:56 - [TEST_CASE][PASSED] - Test Cases/Utilities/Navigate to Buyer Settings: Test Cases/Utilities/Navigate to Buyer Settings

2021-03-09 09:01:56 - [TEST_STEP][PASSED] - openBrowser(""): Browser is opened with url: ''

2021-03-09 09:01:56 - [MESSAGE][INFO] - Starting 'Chrome' driver

2021-03-09 09:01:56 - [MESSAGE][INFO] - Action delay is set to 0 milliseconds

2021-03-09 09:02:00 - [MESSAGE][PASSED] - Browser is opened with url: ''

2021-03-09 09:02:00 - [TEST_STEP][PASSED] - navigateToUrl("https://youhadmeathelloworld.staging.arcadier.io/"): Navigate to 'https://youhadmeathelloworld.staging.arcadier.io/' successfully

2021-03-09 09:02:02 - [MESSAGE][PASSED] - Navigate to 'https://youhadmeathelloworld.staging.arcadier.io/' successfully

2021-03-09 09:02:02 - [TEST_STEP][PASSED] - maximizeWindow(): Current window maximized

2021-03-09 09:02:04 - [MESSAGE][PASSED] - Current window maximized

2021-03-09 09:02:04 - [TEST_STEP][PASSED] - click(findTestObject("Object Repository/User/a_REGISTER  SIGN IN")): Object: 'Object Repository/User/a_REGISTER  SIGN IN' is clicked on

2021-03-09 09:02:05 - [MESSAGE][PASSED] - Object: 'Object Repository/User/a_REGISTER  SIGN IN' is clicked on

2021-03-09 09:02:05 - [TEST_STEP][PASSED] - setText(findTestObject("Object Repository/User/input_Your emailusername_username"), "athena"): Text 'athena' is set on object 'Object Repository/User/input_Your emailusername_username'

2021-03-09 09:02:05 - [MESSAGE][PASSED] - Text 'athena' is set on object 'Object Repository/User/input_Your emailusername_username'

2021-03-09 09:02:05 - [TEST_STEP][PASSED] - setEncryptedText(findTestObject("Object Repository/User/input_Your password_password"), "goxxgxvM2dP/z7G09p4JaTtn5QD+a0Kw"): Text ****** has been set on object 'Object Repository/User/input_Your password_password'

2021-03-09 09:02:06 - [MESSAGE][PASSED] - Text ****** has been set on object 'Object Repository/User/input_Your password_password'

2021-03-09 09:02:06 - [TEST_STEP][PASSED] - click(findTestObject("Object Repository/User/input_Your password_login-submit")): Object: 'Object Repository/User/input_Your password_login-submit' is clicked on

2021-03-09 09:02:08 - [MESSAGE][PASSED] - Object: 'Object Repository/User/input_Your password_login-submit' is clicked on

2021-03-09 09:02:08 - [TEST_STEP][PASSED] - mouseOver(findTestObject("User/i_EN_icon icon-down")): Object: 'Object Repository/User/i_EN_icon icon-down' is hovered

2021-03-09 09:02:09 - [MESSAGE][PASSED] - Object: 'Object Repository/User/i_EN_icon icon-down' is hovered

2021-03-09 09:02:09 - [TEST_STEP][PASSED] - click(findTestObject("User/a_Settings")): Object: 'Object Repository/User/a_Settings' is clicked on

2021-03-09 09:02:10 - [MESSAGE][PASSED] - Object: 'Object Repository/User/a_Settings' is clicked on

2021-03-09 09:02:10 - [MESSAGE][PASSED] - Call Test Case 'Test Cases/Utilities/Navigate to Buyer Settings' successfully

2021-03-09 09:02:10 - [TEST_STEP][PASSED] - verifyElementPresent(findTestObject("User/label_SAMPLE CUSTOMFIELD DROPDOWN"), 0): Object 'Object Repository/User/label_SAMPLE CUSTOMFIELD DROPDOWN' is present

2021-03-09 09:02:10 - [MESSAGE][WARNING] - Timeout '0' is invalid. Using default page load timeout: '30'

2021-03-09 09:02:11 - [MESSAGE][PASSED] - Object 'Object Repository/User/label_SAMPLE CUSTOMFIELD DROPDOWN' is present

2021-03-09 09:02:11 - [TEST_STEP][PASSED] - verifyElementText(findTestObject("User/label_SAMPLE CUSTOMFIELD CHECKBOX"), "SAMPLE CUSTOMFIELD DROPDOWN"): Actual text and expected text of test object 'Object Repository/User/label_SAMPLE CUSTOMFIELD CHECKBOX' are matched.

2021-03-09 09:02:11 - [MESSAGE][PASSED] - Actual text and expected text of test object 'Object Repository/User/label_SAMPLE CUSTOMFIELD CHECKBOX' are matched.

2021-03-09 09:02:11 - [TEST_STEP][PASSED] - callTestCase(findTestCase("Utilities/Deleting Custom Field"), [:], STOP_ON_FAILURE): Call Test Case 'Test Cases/Utilities/Deleting Custom Field' successfully

2021-03-09 09:02:11 - [TEST_CASE][PASSED] - Test Cases/Utilities/Deleting Custom Field: Test Cases/Utilities/Deleting Custom Field

2021-03-09 09:02:11 - [TEST_STEP][PASSED] - callTestCase(findTestCase("Utilities/Admin Login"), [:], STOP_ON_FAILURE): Call Test Case 'Test Cases/Utilities/Admin Login' successfully

2021-03-09 09:02:11 - [TEST_CASE][PASSED] - Test Cases/Utilities/Admin Login: Test Cases/Utilities/Admin Login

2021-03-09 09:02:11 - [TEST_STEP][PASSED] - openBrowser(""): Browser is opened with url: ''

2021-03-09 09:02:11 - [MESSAGE][WARNING] - A browser is already opened. Closing browser and opening a new one

2021-03-09 09:02:12 - [MESSAGE][INFO] - Starting 'Chrome' driver

2021-03-09 09:02:12 - [MESSAGE][INFO] - Action delay is set to 0 milliseconds

2021-03-09 09:02:15 - [MESSAGE][PASSED] - Browser is opened with url: ''

2021-03-09 09:02:15 - [TEST_STEP][PASSED] - maximizeWindow(): Current window maximized

2021-03-09 09:02:17 - [MESSAGE][PASSED] - Current window maximized

2021-03-09 09:02:17 - [TEST_STEP][PASSED] - navigateToUrl(admin_url): Navigate to 'https://youhadmeathelloworld.staging.arcadier.io/admin' successfully

2021-03-09 09:02:20 - [MESSAGE][PASSED] - Navigate to 'https://youhadmeathelloworld.staging.arcadier.io/admin' successfully

2021-03-09 09:02:20 - [TEST_STEP][PASSED] - waitForPageLoad(2): Wait for page load successfully

2021-03-09 09:02:20 - [MESSAGE][PASSED] - Wait for page load successfully

2021-03-09 09:02:20 - [TEST_STEP][PASSED] - setText(findTestObject("Admin/Admin Login/txt_username"), admin_username): Text 'codemafia' is set on object 'Object Repository/Admin/Admin Login/txt_username'

2021-03-09 09:02:20 - [MESSAGE][PASSED] - Text 'codemafia' is set on object 'Object Repository/Admin/Admin Login/txt_username'

2021-03-09 09:02:20 - [TEST_STEP][PASSED] - setText(findTestObject("Admin/Admin Login/txt_password"), admin_password): Text 'welcome8' is set on object 'Object Repository/Admin/Admin Login/txt_password'

2021-03-09 09:02:21 - [MESSAGE][PASSED] - Text 'welcome8' is set on object 'Object Repository/Admin/Admin Login/txt_password'

2021-03-09 09:02:21 - [TEST_STEP][PASSED] - click(findTestObject("Admin/Admin Login/button_login")): Object: 'Object Repository/Admin/Admin Login/button_login' is clicked on

2021-03-09 09:02:25 - [MESSAGE][PASSED] - Object: 'Object Repository/Admin/Admin Login/button_login' is clicked on

2021-03-09 09:02:25 - [MESSAGE][PASSED] - Call Test Case 'Test Cases/Utilities/Admin Login' successfully

2021-03-09 09:02:25 - [TEST_STEP][PASSED] - callTestCase(findTestCase("Utilities/Navigate to Plugin"), [:], STOP_ON_FAILURE): Call Test Case 'Test Cases/Utilities/Navigate to Plugin' successfully

2021-03-09 09:02:26 - [TEST_CASE][PASSED] - Test Cases/Utilities/Navigate to Plugin: Test Cases/Utilities/Navigate to Plugin

2021-03-09 09:02:26 - [TEST_STEP][PASSED] - click(findTestObject("Admin/Plugin Navigation/link_plugin")): Object: 'Object Repository/Admin/Plugin Navigation/link_plugin' is clicked on

2021-03-09 09:02:26 - [MESSAGE][PASSED] - Object: 'Object Repository/Admin/Plugin Navigation/link_plugin' is clicked on

2021-03-09 09:02:26 - [TEST_STEP][PASSED] - click(findTestObject("Admin/Plugin Navigation/link_profile")): Object: 'Object Repository/Admin/Plugin Navigation/link_profile' is clicked on

2021-03-09 09:02:28 - [MESSAGE][PASSED] - Object: 'Object Repository/Admin/Plugin Navigation/link_profile' is clicked on

2021-03-09 09:02:28 - [MESSAGE][PASSED] - Call Test Case 'Test Cases/Utilities/Navigate to Plugin' successfully

2021-03-09 09:02:28 - [TEST_STEP][PASSED] - click(findTestObject("Admin/Plugin Page/Deleting Custom Fields/i_Textfield_icon icon-delete")): Object: 'Object Repository/Admin/Plugin Page/Deleting Custom Fields/i_Textfield_icon icon-delete' is clicked on

2021-03-09 09:02:28 - [MESSAGE][PASSED] - Object: 'Object Repository/Admin/Plugin Page/Deleting Custom Fields/i_Textfield_icon icon-delete' is clicked on

2021-03-09 09:02:28 - [TEST_STEP][PASSED] - click(findTestObject("Admin/Plugin Page/Deleting Custom Fields/del_confirm")): Object: 'Object Repository/Admin/Plugin Page/Deleting Custom Fields/del_confirm' is clicked on

2021-03-09 09:02:29 - [MESSAGE][PASSED] - Object: 'Object Repository/Admin/Plugin Page/Deleting Custom Fields/del_confirm' is clicked on

2021-03-09 09:02:29 - [TEST_STEP][PASSED] - closeBrowser(): Browser is closed

2021-03-09 09:02:30 - [MESSAGE][PASSED] - Browser is closed

2021-03-09 09:02:30 - [MESSAGE][PASSED] - Call Test Case 'Test Cases/Utilities/Deleting Custom Field' successfully]]></system-out>
         <system-err><![CDATA[]]></system-err>
      </testcase>
      <testcase name="Test Cases/User Settings/COMPLEX/TC_CMPLX_013" time="58.643" classname="Test Cases/User Settings/COMPLEX/TC_CMPLX_013" status="PASSED">
         <system-out><![CDATA[2021-03-09 09:02:30 - [TEST_CASE][PASSED] - Test Cases/User Settings/COMPLEX/TC_CMPLX_013: Test Cases/User Settings/COMPLEX/TC_CMPLX_013

2021-03-09 09:02:30 - [TEST_STEP][PASSED] - callTestCase(findTestCase("Utilities/Edit Custom Field"), [:], STOP_ON_FAILURE): Call Test Case 'Test Cases/Utilities/Edit Custom Field' successfully

2021-03-09 09:02:30 - [TEST_CASE][PASSED] - Test Cases/Utilities/Edit Custom Field: Test Cases/Utilities/Edit Custom Field

2021-03-09 09:02:30 - [TEST_STEP][PASSED] - callTestCase(findTestCase("Utilities/Admin Login"), [:], STOP_ON_FAILURE): Call Test Case 'Test Cases/Utilities/Admin Login' successfully

2021-03-09 09:02:30 - [TEST_CASE][PASSED] - Test Cases/Utilities/Admin Login: Test Cases/Utilities/Admin Login

2021-03-09 09:02:30 - [TEST_STEP][PASSED] - openBrowser(""): Browser is opened with url: ''

2021-03-09 09:02:30 - [MESSAGE][INFO] - Starting 'Chrome' driver

2021-03-09 09:02:30 - [MESSAGE][INFO] - Action delay is set to 0 milliseconds

2021-03-09 09:02:33 - [MESSAGE][PASSED] - Browser is opened with url: ''

2021-03-09 09:02:33 - [TEST_STEP][PASSED] - maximizeWindow(): Current window maximized

2021-03-09 09:02:36 - [MESSAGE][PASSED] - Current window maximized

2021-03-09 09:02:36 - [TEST_STEP][PASSED] - navigateToUrl(admin_url): Navigate to 'https://youhadmeathelloworld.staging.arcadier.io/admin' successfully

2021-03-09 09:02:38 - [MESSAGE][PASSED] - Navigate to 'https://youhadmeathelloworld.staging.arcadier.io/admin' successfully

2021-03-09 09:02:38 - [TEST_STEP][PASSED] - waitForPageLoad(2): Wait for page load successfully

2021-03-09 09:02:38 - [MESSAGE][PASSED] - Wait for page load successfully

2021-03-09 09:02:38 - [TEST_STEP][PASSED] - setText(findTestObject("Admin/Admin Login/txt_username"), admin_username): Text 'codemafia' is set on object 'Object Repository/Admin/Admin Login/txt_username'

2021-03-09 09:02:38 - [MESSAGE][PASSED] - Text 'codemafia' is set on object 'Object Repository/Admin/Admin Login/txt_username'

2021-03-09 09:02:38 - [TEST_STEP][PASSED] - setText(findTestObject("Admin/Admin Login/txt_password"), admin_password): Text 'welcome8' is set on object 'Object Repository/Admin/Admin Login/txt_password'

2021-03-09 09:02:39 - [MESSAGE][PASSED] - Text 'welcome8' is set on object 'Object Repository/Admin/Admin Login/txt_password'

2021-03-09 09:02:39 - [TEST_STEP][PASSED] - click(findTestObject("Admin/Admin Login/button_login")): Object: 'Object Repository/Admin/Admin Login/button_login' is clicked on

2021-03-09 09:02:43 - [MESSAGE][PASSED] - Object: 'Object Repository/Admin/Admin Login/button_login' is clicked on

2021-03-09 09:02:43 - [MESSAGE][PASSED] - Call Test Case 'Test Cases/Utilities/Admin Login' successfully

2021-03-09 09:02:43 - [TEST_STEP][PASSED] - callTestCase(findTestCase("Utilities/Navigate to Plugin"), [:], STOP_ON_FAILURE): Call Test Case 'Test Cases/Utilities/Navigate to Plugin' successfully

2021-03-09 09:02:43 - [TEST_CASE][PASSED] - Test Cases/Utilities/Navigate to Plugin: Test Cases/Utilities/Navigate to Plugin

2021-03-09 09:02:43 - [TEST_STEP][PASSED] - click(findTestObject("Admin/Plugin Navigation/link_plugin")): Object: 'Object Repository/Admin/Plugin Navigation/link_plugin' is clicked on

2021-03-09 09:02:44 - [MESSAGE][PASSED] - Object: 'Object Repository/Admin/Plugin Navigation/link_plugin' is clicked on

2021-03-09 09:02:44 - [TEST_STEP][PASSED] - click(findTestObject("Admin/Plugin Navigation/link_profile")): Object: 'Object Repository/Admin/Plugin Navigation/link_profile' is clicked on

2021-03-09 09:02:46 - [MESSAGE][PASSED] - Object: 'Object Repository/Admin/Plugin Navigation/link_profile' is clicked on

2021-03-09 09:02:46 - [MESSAGE][PASSED] - Call Test Case 'Test Cases/Utilities/Navigate to Plugin' successfully

2021-03-09 09:02:46 - [TEST_STEP][PASSED] - click(findTestObject("Admin/Plugin Page/Add New Text CF/a_Add Profile Input Field")): Object: 'Object Repository/Admin/Plugin Page/Add New Text CF/a_Add Profile Input Field' is clicked on

2021-03-09 09:02:46 - [MESSAGE][PASSED] - Object: 'Object Repository/Admin/Plugin Page/Add New Text CF/a_Add Profile Input Field' is clicked on

2021-03-09 09:02:46 - [TEST_STEP][PASSED] - setText(findTestObject("Admin/Plugin Page/Add New Text CF/input_Custom Field Name_custom_name"), "Sample Custom field "): Text 'Sample Custom field ' is set on object 'Object Repository/Admin/Plugin Page/Add New Text CF/input_Custom Field Name_custom_name'

2021-03-09 09:02:47 - [MESSAGE][PASSED] - Text 'Sample Custom field ' is set on object 'Object Repository/Admin/Plugin Page/Add New Text CF/input_Custom Field Name_custom_name'

2021-03-09 09:02:47 - [TEST_STEP][PASSED] - click(findTestObject("Admin/Plugin Page/Add New Text CF/input_Add Option_saveCustomDetails")): Object: 'Object Repository/Admin/Plugin Page/Add New Text CF/input_Add Option_saveCustomDetails' is clicked on

2021-03-09 09:02:47 - [MESSAGE][PASSED] - Object: 'Object Repository/Admin/Plugin Page/Add New Text CF/input_Add Option_saveCustomDetails' is clicked on

2021-03-09 09:02:47 - [TEST_STEP][PASSED] - click(findTestObject("Object Repository/Admin/Plugin Page/Add New Text CF/i_Textfield_icon icon-edit")): Object: 'Object Repository/Admin/Plugin Page/Add New Text CF/i_Textfield_icon icon-edit' is clicked on

2021-03-09 09:02:49 - [MESSAGE][PASSED] - Object: 'Object Repository/Admin/Plugin Page/Add New Text CF/i_Textfield_icon icon-edit' is clicked on

2021-03-09 09:02:49 - [TEST_STEP][PASSED] - setText(findTestObject("Admin/Plugin Page/Add New Text CF/input_Custom Field Name_custom_name"), "Sample Custom field Edited"): Text 'Sample Custom field Edited' is set on object 'Object Repository/Admin/Plugin Page/Add New Text CF/input_Custom Field Name_custom_name'

2021-03-09 09:02:50 - [MESSAGE][PASSED] - Text 'Sample Custom field Edited' is set on object 'Object Repository/Admin/Plugin Page/Add New Text CF/input_Custom Field Name_custom_name'

2021-03-09 09:02:50 - [TEST_STEP][PASSED] - click(findTestObject("Admin/Plugin Page/Add New Text CF/input_Add Option_saveCustomDetails")): Object: 'Object Repository/Admin/Plugin Page/Add New Text CF/input_Add Option_saveCustomDetails' is clicked on

2021-03-09 09:02:51 - [MESSAGE][PASSED] - Object: 'Object Repository/Admin/Plugin Page/Add New Text CF/input_Add Option_saveCustomDetails' is clicked on

2021-03-09 09:02:51 - [TEST_STEP][PASSED] - closeBrowser(): Browser is closed

2021-03-09 09:02:51 - [MESSAGE][PASSED] - Browser is closed

2021-03-09 09:02:51 - [MESSAGE][PASSED] - Call Test Case 'Test Cases/Utilities/Edit Custom Field' successfully

2021-03-09 09:02:51 - [TEST_STEP][PASSED] - callTestCase(findTestCase("Utilities/Navigate to Buyer Settings"), [:], STOP_ON_FAILURE): Call Test Case 'Test Cases/Utilities/Navigate to Buyer Settings' successfully

2021-03-09 09:02:51 - [TEST_CASE][PASSED] - Test Cases/Utilities/Navigate to Buyer Settings: Test Cases/Utilities/Navigate to Buyer Settings

2021-03-09 09:02:51 - [TEST_STEP][PASSED] - openBrowser(""): Browser is opened with url: ''

2021-03-09 09:02:51 - [MESSAGE][INFO] - Starting 'Chrome' driver

2021-03-09 09:02:51 - [MESSAGE][INFO] - Action delay is set to 0 milliseconds

2021-03-09 09:02:55 - [MESSAGE][PASSED] - Browser is opened with url: ''

2021-03-09 09:02:55 - [TEST_STEP][PASSED] - navigateToUrl("https://youhadmeathelloworld.staging.arcadier.io/"): Navigate to 'https://youhadmeathelloworld.staging.arcadier.io/' successfully

2021-03-09 09:02:57 - [MESSAGE][PASSED] - Navigate to 'https://youhadmeathelloworld.staging.arcadier.io/' successfully

2021-03-09 09:02:57 - [TEST_STEP][PASSED] - maximizeWindow(): Current window maximized

2021-03-09 09:02:59 - [MESSAGE][PASSED] - Current window maximized

2021-03-09 09:02:59 - [TEST_STEP][PASSED] - click(findTestObject("Object Repository/User/a_REGISTER  SIGN IN")): Object: 'Object Repository/User/a_REGISTER  SIGN IN' is clicked on

2021-03-09 09:03:00 - [MESSAGE][PASSED] - Object: 'Object Repository/User/a_REGISTER  SIGN IN' is clicked on

2021-03-09 09:03:00 - [TEST_STEP][PASSED] - setText(findTestObject("Object Repository/User/input_Your emailusername_username"), "athena"): Text 'athena' is set on object 'Object Repository/User/input_Your emailusername_username'

2021-03-09 09:03:01 - [MESSAGE][PASSED] - Text 'athena' is set on object 'Object Repository/User/input_Your emailusername_username'

2021-03-09 09:03:01 - [TEST_STEP][PASSED] - setEncryptedText(findTestObject("Object Repository/User/input_Your password_password"), "goxxgxvM2dP/z7G09p4JaTtn5QD+a0Kw"): Text ****** has been set on object 'Object Repository/User/input_Your password_password'

2021-03-09 09:03:01 - [MESSAGE][PASSED] - Text ****** has been set on object 'Object Repository/User/input_Your password_password'

2021-03-09 09:03:01 - [TEST_STEP][PASSED] - click(findTestObject("Object Repository/User/input_Your password_login-submit")): Object: 'Object Repository/User/input_Your password_login-submit' is clicked on

2021-03-09 09:03:03 - [MESSAGE][PASSED] - Object: 'Object Repository/User/input_Your password_login-submit' is clicked on

2021-03-09 09:03:03 - [TEST_STEP][PASSED] - mouseOver(findTestObject("User/i_EN_icon icon-down")): Object: 'Object Repository/User/i_EN_icon icon-down' is hovered

2021-03-09 09:03:05 - [MESSAGE][PASSED] - Object: 'Object Repository/User/i_EN_icon icon-down' is hovered

2021-03-09 09:03:05 - [TEST_STEP][PASSED] - click(findTestObject("User/a_Settings")): Object: 'Object Repository/User/a_Settings' is clicked on

2021-03-09 09:03:06 - [MESSAGE][PASSED] - Object: 'Object Repository/User/a_Settings' is clicked on

2021-03-09 09:03:06 - [MESSAGE][PASSED] - Call Test Case 'Test Cases/Utilities/Navigate to Buyer Settings' successfully

2021-03-09 09:03:06 - [TEST_STEP][PASSED] - verifyElementPresent(findTestObject("User/label_SAMPLE CUSTOM FIELD EDITED"), 0): Object 'Object Repository/User/label_SAMPLE CUSTOM FIELD EDITED' is present

2021-03-09 09:03:06 - [MESSAGE][WARNING] - Timeout '0' is invalid. Using default page load timeout: '30'

2021-03-09 09:03:07 - [MESSAGE][PASSED] - Object 'Object Repository/User/label_SAMPLE CUSTOM FIELD EDITED' is present

2021-03-09 09:03:07 - [TEST_STEP][PASSED] - verifyElementText(findTestObject("User/label_SAMPLE CUSTOM FIELD EDITED"), "SAMPLE CUSTOM FIELD EDITED"): Actual text and expected text of test object 'Object Repository/User/label_SAMPLE CUSTOM FIELD EDITED' are matched.

2021-03-09 09:03:07 - [MESSAGE][PASSED] - Actual text and expected text of test object 'Object Repository/User/label_SAMPLE CUSTOM FIELD EDITED' are matched.

2021-03-09 09:03:07 - [TEST_STEP][PASSED] - callTestCase(findTestCase("Utilities/Deleting Custom Field"), [:], STOP_ON_FAILURE): Call Test Case 'Test Cases/Utilities/Deleting Custom Field' successfully

2021-03-09 09:03:07 - [TEST_CASE][PASSED] - Test Cases/Utilities/Deleting Custom Field: Test Cases/Utilities/Deleting Custom Field

2021-03-09 09:03:07 - [TEST_STEP][PASSED] - callTestCase(findTestCase("Utilities/Admin Login"), [:], STOP_ON_FAILURE): Call Test Case 'Test Cases/Utilities/Admin Login' successfully

2021-03-09 09:03:07 - [TEST_CASE][PASSED] - Test Cases/Utilities/Admin Login: Test Cases/Utilities/Admin Login

2021-03-09 09:03:07 - [TEST_STEP][PASSED] - openBrowser(""): Browser is opened with url: ''

2021-03-09 09:03:07 - [MESSAGE][WARNING] - A browser is already opened. Closing browser and opening a new one

2021-03-09 09:03:08 - [MESSAGE][INFO] - Starting 'Chrome' driver

2021-03-09 09:03:08 - [MESSAGE][INFO] - Action delay is set to 0 milliseconds

2021-03-09 09:03:11 - [MESSAGE][PASSED] - Browser is opened with url: ''

2021-03-09 09:03:11 - [TEST_STEP][PASSED] - maximizeWindow(): Current window maximized

2021-03-09 09:03:13 - [MESSAGE][PASSED] - Current window maximized

2021-03-09 09:03:13 - [TEST_STEP][PASSED] - navigateToUrl(admin_url): Navigate to 'https://youhadmeathelloworld.staging.arcadier.io/admin' successfully

2021-03-09 09:03:15 - [MESSAGE][PASSED] - Navigate to 'https://youhadmeathelloworld.staging.arcadier.io/admin' successfully

2021-03-09 09:03:15 - [TEST_STEP][PASSED] - waitForPageLoad(2): Wait for page load successfully

2021-03-09 09:03:15 - [MESSAGE][PASSED] - Wait for page load successfully

2021-03-09 09:03:15 - [TEST_STEP][PASSED] - setText(findTestObject("Admin/Admin Login/txt_username"), admin_username): Text 'codemafia' is set on object 'Object Repository/Admin/Admin Login/txt_username'

2021-03-09 09:03:16 - [MESSAGE][PASSED] - Text 'codemafia' is set on object 'Object Repository/Admin/Admin Login/txt_username'

2021-03-09 09:03:16 - [TEST_STEP][PASSED] - setText(findTestObject("Admin/Admin Login/txt_password"), admin_password): Text 'welcome8' is set on object 'Object Repository/Admin/Admin Login/txt_password'

2021-03-09 09:03:16 - [MESSAGE][PASSED] - Text 'welcome8' is set on object 'Object Repository/Admin/Admin Login/txt_password'

2021-03-09 09:03:16 - [TEST_STEP][PASSED] - click(findTestObject("Admin/Admin Login/button_login")): Object: 'Object Repository/Admin/Admin Login/button_login' is clicked on

2021-03-09 09:03:23 - [MESSAGE][PASSED] - Object: 'Object Repository/Admin/Admin Login/button_login' is clicked on

2021-03-09 09:03:23 - [MESSAGE][PASSED] - Call Test Case 'Test Cases/Utilities/Admin Login' successfully

2021-03-09 09:03:23 - [TEST_STEP][PASSED] - callTestCase(findTestCase("Utilities/Navigate to Plugin"), [:], STOP_ON_FAILURE): Call Test Case 'Test Cases/Utilities/Navigate to Plugin' successfully

2021-03-09 09:03:23 - [TEST_CASE][PASSED] - Test Cases/Utilities/Navigate to Plugin: Test Cases/Utilities/Navigate to Plugin

2021-03-09 09:03:23 - [TEST_STEP][PASSED] - click(findTestObject("Admin/Plugin Navigation/link_plugin")): Object: 'Object Repository/Admin/Plugin Navigation/link_plugin' is clicked on

2021-03-09 09:03:24 - [MESSAGE][PASSED] - Object: 'Object Repository/Admin/Plugin Navigation/link_plugin' is clicked on

2021-03-09 09:03:24 - [TEST_STEP][PASSED] - click(findTestObject("Admin/Plugin Navigation/link_profile")): Object: 'Object Repository/Admin/Plugin Navigation/link_profile' is clicked on

2021-03-09 09:03:27 - [MESSAGE][PASSED] - Object: 'Object Repository/Admin/Plugin Navigation/link_profile' is clicked on

2021-03-09 09:03:27 - [MESSAGE][PASSED] - Call Test Case 'Test Cases/Utilities/Navigate to Plugin' successfully

2021-03-09 09:03:27 - [TEST_STEP][PASSED] - click(findTestObject("Admin/Plugin Page/Deleting Custom Fields/i_Textfield_icon icon-delete")): Object: 'Object Repository/Admin/Plugin Page/Deleting Custom Fields/i_Textfield_icon icon-delete' is clicked on

2021-03-09 09:03:27 - [MESSAGE][PASSED] - Object: 'Object Repository/Admin/Plugin Page/Deleting Custom Fields/i_Textfield_icon icon-delete' is clicked on

2021-03-09 09:03:27 - [TEST_STEP][PASSED] - click(findTestObject("Admin/Plugin Page/Deleting Custom Fields/del_confirm")): Object: 'Object Repository/Admin/Plugin Page/Deleting Custom Fields/del_confirm' is clicked on

2021-03-09 09:03:28 - [MESSAGE][PASSED] - Object: 'Object Repository/Admin/Plugin Page/Deleting Custom Fields/del_confirm' is clicked on

2021-03-09 09:03:28 - [TEST_STEP][PASSED] - closeBrowser(): Browser is closed

2021-03-09 09:03:28 - [MESSAGE][PASSED] - Browser is closed

2021-03-09 09:03:28 - [MESSAGE][PASSED] - Call Test Case 'Test Cases/Utilities/Deleting Custom Field' successfully]]></system-out>
         <system-err><![CDATA[]]></system-err>
      </testcase>
      <testcase name="Test Cases/User Settings/COMPLEX/TC_CMPLX_014" time="40.605" classname="Test Cases/User Settings/COMPLEX/TC_CMPLX_014" status="FAILED">
         <failure type="FAILED" message="Test Cases/User Settings/COMPLEX/TC_CMPLX_014 FAILED.
Reason:
com.kms.katalon.core.exception.StepFailedException: Call Test Case 'Test Cases/Utilities/Add New Text Custom Field' failed
	at com.kms.katalon.core.keyword.builtin.CallTestCaseKeyword$_callTestCase_closure1.doCall(CallTestCaseKeyword.groovy:63)
	at com.kms.katalon.core.keyword.builtin.CallTestCaseKeyword$_callTestCase_closure1.call(CallTestCaseKeyword.groovy)
	at com.kms.katalon.core.keyword.internal.KeywordMain.runKeyword(KeywordMain.groovy:68)
	at com.kms.katalon.core.keyword.builtin.CallTestCaseKeyword.callTestCase(CallTestCaseKeyword.groovy:81)
	at com.kms.katalon.core.keyword.builtin.CallTestCaseKeyword.execute(CallTestCaseKeyword.groovy:44)
	at com.kms.katalon.core.keyword.internal.KeywordExecutor.executeKeywordForPlatform(KeywordExecutor.groovy:73)
	at com.kms.katalon.core.keyword.BuiltinKeywords.callTestCase(BuiltinKeywords.groovy:334)
	at TC_CMPLX_014.run(TC_CMPLX_014:19)
	at com.kms.katalon.core.main.ScriptEngine.run(ScriptEngine.java:194)
	at com.kms.katalon.core.main.ScriptEngine.runScriptAsRawText(ScriptEngine.java:119)
	at com.kms.katalon.core.main.TestCaseExecutor.runScript(TestCaseExecutor.java:339)
	at com.kms.katalon.core.main.TestCaseExecutor.doExecute(TestCaseExecutor.java:330)
	at com.kms.katalon.core.main.TestCaseExecutor.processExecutionPhase(TestCaseExecutor.java:309)
	at com.kms.katalon.core.main.TestCaseExecutor.accessMainPhase(TestCaseExecutor.java:301)
	at com.kms.katalon.core.main.TestCaseExecutor.execute(TestCaseExecutor.java:235)
	at com.kms.katalon.core.main.TestSuiteExecutor.accessTestCaseMainPhase(TestSuiteExecutor.java:191)
	at com.kms.katalon.core.main.TestSuiteExecutor.accessTestSuiteMainPhase(TestSuiteExecutor.java:141)
	at com.kms.katalon.core.main.TestSuiteExecutor.execute(TestSuiteExecutor.java:90)
	at com.kms.katalon.core.main.TestCaseMain.startTestSuite(TestCaseMain.java:157)
	at com.kms.katalon.core.main.TestCaseMain$startTestSuite$0.call(Unknown Source)
	at TempTestSuite1615251524633.run(TempTestSuite1615251524633.groovy:39)
Caused by: com.kms.katalon.core.exception.StepFailedException: Call Test Case 'Test Cases/Utilities/Navigate to Plugin' failed
	at com.kms.katalon.core.keyword.builtin.CallTestCaseKeyword$_callTestCase_closure1.doCall(CallTestCaseKeyword.groovy:63)
	at com.kms.katalon.core.keyword.builtin.CallTestCaseKeyword$_callTestCase_closure1.call(CallTestCaseKeyword.groovy)
	at com.kms.katalon.core.keyword.internal.KeywordMain.runKeyword(KeywordMain.groovy:68)
	at com.kms.katalon.core.keyword.builtin.CallTestCaseKeyword.callTestCase(CallTestCaseKeyword.groovy:81)
	at com.kms.katalon.core.keyword.builtin.CallTestCaseKeyword.execute(CallTestCaseKeyword.groovy:44)
	at com.kms.katalon.core.keyword.internal.KeywordExecutor.executeKeywordForPlatform(KeywordExecutor.groovy:73)
	at com.kms.katalon.core.keyword.BuiltinKeywords.callTestCase(BuiltinKeywords.groovy:334)
	at Add New Text Custom Field.run(Add New Text Custom Field:22)
	at com.kms.katalon.core.main.ScriptEngine.run(ScriptEngine.java:194)
	at com.kms.katalon.core.main.ScriptEngine.runScriptAsRawText(ScriptEngine.java:119)
	at com.kms.katalon.core.main.TestCaseExecutor.runScript(TestCaseExecutor.java:339)
	at com.kms.katalon.core.main.TestCaseExecutor.doExecute(TestCaseExecutor.java:330)
	at com.kms.katalon.core.main.TestCaseExecutor.processExecutionPhase(TestCaseExecutor.java:309)
	at com.kms.katalon.core.main.TestCaseExecutor.accessMainPhase(TestCaseExecutor.java:301)
	at com.kms.katalon.core.main.TestCaseExecutor.execute(TestCaseExecutor.java:235)
	at com.kms.katalon.core.main.TestCaseMain.runTestCase(TestCaseMain.java:114)
	at com.kms.katalon.core.keyword.builtin.CallTestCaseKeyword$_callTestCase_closure1.doCall(CallTestCaseKeyword.groovy:59)
	... 20 more
Caused by: com.kms.katalon.core.exception.StepFailedException: Unable to click on object 'Object Repository/Admin/Plugin Navigation/link_plugin'
	at com.kms.katalon.core.webui.keyword.internal.WebUIKeywordMain.stepFailed(WebUIKeywordMain.groovy:64)
	at com.kms.katalon.core.webui.keyword.internal.WebUIKeywordMain.runKeyword(WebUIKeywordMain.groovy:26)
	at com.kms.katalon.core.webui.keyword.builtin.ClickKeyword.click(ClickKeyword.groovy:76)
	at com.kms.katalon.core.webui.keyword.builtin.ClickKeyword.execute(ClickKeyword.groovy:43)
	at com.kms.katalon.core.keyword.internal.KeywordExecutor.executeKeywordForPlatform(KeywordExecutor.groovy:73)
	at com.kms.katalon.core.webui.keyword.WebUiBuiltInKeywords.click(WebUiBuiltInKeywords.groovy:616)
	at com.kms.katalon.core.webui.keyword.WebUiBuiltInKeywords$click$4.call(Unknown Source)
	at Navigate to Plugin.run(Navigate to Plugin:19)
	at com.kms.katalon.core.main.ScriptEngine.run(ScriptEngine.java:194)
	at com.kms.katalon.core.main.ScriptEngine.runScriptAsRawText(ScriptEngine.java:119)
	at com.kms.katalon.core.main.TestCaseExecutor.runScript(TestCaseExecutor.java:339)
	at com.kms.katalon.core.main.TestCaseExecutor.doExecute(TestCaseExecutor.java:330)
	at com.kms.katalon.core.main.TestCaseExecutor.processExecutionPhase(TestCaseExecutor.java:309)
	at com.kms.katalon.core.main.TestCaseExecutor.accessMainPhase(TestCaseExecutor.java:301)
	at com.kms.katalon.core.main.TestCaseExecutor.execute(TestCaseExecutor.java:235)
	at com.kms.katalon.core.main.TestCaseMain.runTestCase(TestCaseMain.java:114)
	at com.kms.katalon.core.keyword.builtin.CallTestCaseKeyword$_callTestCase_closure1.doCall(CallTestCaseKeyword.groovy:59)
	... 36 more
Caused by: com.kms.katalon.core.webui.exception.WebElementNotFoundException: Web element with id: 'Object Repository/Admin/Plugin Navigation/link_plugin' located by '//div[@id='mySidebar']/div[2]/div/ul/li[13]/a/span' not found
	at com.kms.katalon.core.webui.common.WebUiCommonHelper.findWebElement(WebUiCommonHelper.java:1368)
	at com.kms.katalon.core.webui.keyword.internal.WebUIAbstractKeyword.findWebElement(WebUIAbstractKeyword.groovy:27)
	at com.kms.katalon.core.webui.keyword.internal.WebUIAbstractKeyword.findWebElement(WebUIAbstractKeyword.groovy:26)
	at com.kms.katalon.core.webui.keyword.builtin.ClickKeyword$_click_closure1.doCall(ClickKeyword.groovy:67)
	at com.kms.katalon.core.webui.keyword.builtin.ClickKeyword$_click_closure1.call(ClickKeyword.groovy)
	at com.kms.katalon.core.webui.keyword.internal.WebUIKeywordMain.runKeyword(WebUIKeywordMain.groovy:20)
	... 51 more
"/>
         <system-out><![CDATA[2021-03-09 09:03:28 - [TEST_CASE][FAILED] - Test Cases/User Settings/COMPLEX/TC_CMPLX_014: Test Cases/User Settings/COMPLEX/TC_CMPLX_014 FAILED.
Reason:
com.kms.katalon.core.exception.StepFailedException: Call Test Case 'Test Cases/Utilities/Add New Text Custom Field' failed
	at com.kms.katalon.core.keyword.builtin.CallTestCaseKeyword$_callTestCase_closure1.doCall(CallTestCaseKeyword.groovy:63)
	at com.kms.katalon.core.keyword.builtin.CallTestCaseKeyword$_callTestCase_closure1.call(CallTestCaseKeyword.groovy)
	at com.kms.katalon.core.keyword.internal.KeywordMain.runKeyword(KeywordMain.groovy:68)
	at com.kms.katalon.core.keyword.builtin.CallTestCaseKeyword.callTestCase(CallTestCaseKeyword.groovy:81)
	at com.kms.katalon.core.keyword.builtin.CallTestCaseKeyword.execute(CallTestCaseKeyword.groovy:44)
	at com.kms.katalon.core.keyword.internal.KeywordExecutor.executeKeywordForPlatform(KeywordExecutor.groovy:73)
	at com.kms.katalon.core.keyword.BuiltinKeywords.callTestCase(BuiltinKeywords.groovy:334)
	at TC_CMPLX_014.run(TC_CMPLX_014:19)
	at com.kms.katalon.core.main.ScriptEngine.run(ScriptEngine.java:194)
	at com.kms.katalon.core.main.ScriptEngine.runScriptAsRawText(ScriptEngine.java:119)
	at com.kms.katalon.core.main.TestCaseExecutor.runScript(TestCaseExecutor.java:339)
	at com.kms.katalon.core.main.TestCaseExecutor.doExecute(TestCaseExecutor.java:330)
	at com.kms.katalon.core.main.TestCaseExecutor.processExecutionPhase(TestCaseExecutor.java:309)
	at com.kms.katalon.core.main.TestCaseExecutor.accessMainPhase(TestCaseExecutor.java:301)
	at com.kms.katalon.core.main.TestCaseExecutor.execute(TestCaseExecutor.java:235)
	at com.kms.katalon.core.main.TestSuiteExecutor.accessTestCaseMainPhase(TestSuiteExecutor.java:191)
	at com.kms.katalon.core.main.TestSuiteExecutor.accessTestSuiteMainPhase(TestSuiteExecutor.java:141)
	at com.kms.katalon.core.main.TestSuiteExecutor.execute(TestSuiteExecutor.java:90)
	at com.kms.katalon.core.main.TestCaseMain.startTestSuite(TestCaseMain.java:157)
	at com.kms.katalon.core.main.TestCaseMain$startTestSuite$0.call(Unknown Source)
	at TempTestSuite1615251524633.run(TempTestSuite1615251524633.groovy:39)
Caused by: com.kms.katalon.core.exception.StepFailedException: Call Test Case 'Test Cases/Utilities/Navigate to Plugin' failed
	at com.kms.katalon.core.keyword.builtin.CallTestCaseKeyword$_callTestCase_closure1.doCall(CallTestCaseKeyword.groovy:63)
	at com.kms.katalon.core.keyword.builtin.CallTestCaseKeyword$_callTestCase_closure1.call(CallTestCaseKeyword.groovy)
	at com.kms.katalon.core.keyword.internal.KeywordMain.runKeyword(KeywordMain.groovy:68)
	at com.kms.katalon.core.keyword.builtin.CallTestCaseKeyword.callTestCase(CallTestCaseKeyword.groovy:81)
	at com.kms.katalon.core.keyword.builtin.CallTestCaseKeyword.execute(CallTestCaseKeyword.groovy:44)
	at com.kms.katalon.core.keyword.internal.KeywordExecutor.executeKeywordForPlatform(KeywordExecutor.groovy:73)
	at com.kms.katalon.core.keyword.BuiltinKeywords.callTestCase(BuiltinKeywords.groovy:334)
	at Add New Text Custom Field.run(Add New Text Custom Field:22)
	at com.kms.katalon.core.main.ScriptEngine.run(ScriptEngine.java:194)
	at com.kms.katalon.core.main.ScriptEngine.runScriptAsRawText(ScriptEngine.java:119)
	at com.kms.katalon.core.main.TestCaseExecutor.runScript(TestCaseExecutor.java:339)
	at com.kms.katalon.core.main.TestCaseExecutor.doExecute(TestCaseExecutor.java:330)
	at com.kms.katalon.core.main.TestCaseExecutor.processExecutionPhase(TestCaseExecutor.java:309)
	at com.kms.katalon.core.main.TestCaseExecutor.accessMainPhase(TestCaseExecutor.java:301)
	at com.kms.katalon.core.main.TestCaseExecutor.execute(TestCaseExecutor.java:235)
	at com.kms.katalon.core.main.TestCaseMain.runTestCase(TestCaseMain.java:114)
	at com.kms.katalon.core.keyword.builtin.CallTestCaseKeyword$_callTestCase_closure1.doCall(CallTestCaseKeyword.groovy:59)
	... 20 more
Caused by: com.kms.katalon.core.exception.StepFailedException: Unable to click on object 'Object Repository/Admin/Plugin Navigation/link_plugin'
	at com.kms.katalon.core.webui.keyword.internal.WebUIKeywordMain.stepFailed(WebUIKeywordMain.groovy:64)
	at com.kms.katalon.core.webui.keyword.internal.WebUIKeywordMain.runKeyword(WebUIKeywordMain.groovy:26)
	at com.kms.katalon.core.webui.keyword.builtin.ClickKeyword.click(ClickKeyword.groovy:76)
	at com.kms.katalon.core.webui.keyword.builtin.ClickKeyword.execute(ClickKeyword.groovy:43)
	at com.kms.katalon.core.keyword.internal.KeywordExecutor.executeKeywordForPlatform(KeywordExecutor.groovy:73)
	at com.kms.katalon.core.webui.keyword.WebUiBuiltInKeywords.click(WebUiBuiltInKeywords.groovy:616)
	at com.kms.katalon.core.webui.keyword.WebUiBuiltInKeywords$click$4.call(Unknown Source)
	at Navigate to Plugin.run(Navigate to Plugin:19)
	at com.kms.katalon.core.main.ScriptEngine.run(ScriptEngine.java:194)
	at com.kms.katalon.core.main.ScriptEngine.runScriptAsRawText(ScriptEngine.java:119)
	at com.kms.katalon.core.main.TestCaseExecutor.runScript(TestCaseExecutor.java:339)
	at com.kms.katalon.core.main.TestCaseExecutor.doExecute(TestCaseExecutor.java:330)
	at com.kms.katalon.core.main.TestCaseExecutor.processExecutionPhase(TestCaseExecutor.java:309)
	at com.kms.katalon.core.main.TestCaseExecutor.accessMainPhase(TestCaseExecutor.java:301)
	at com.kms.katalon.core.main.TestCaseExecutor.execute(TestCaseExecutor.java:235)
	at com.kms.katalon.core.main.TestCaseMain.runTestCase(TestCaseMain.java:114)
	at com.kms.katalon.core.keyword.builtin.CallTestCaseKeyword$_callTestCase_closure1.doCall(CallTestCaseKeyword.groovy:59)
	... 36 more
Caused by: com.kms.katalon.core.webui.exception.WebElementNotFoundException: Web element with id: 'Object Repository/Admin/Plugin Navigation/link_plugin' located by '//div[@id='mySidebar']/div[2]/div/ul/li[13]/a/span' not found
	at com.kms.katalon.core.webui.common.WebUiCommonHelper.findWebElement(WebUiCommonHelper.java:1368)
	at com.kms.katalon.core.webui.keyword.internal.WebUIAbstractKeyword.findWebElement(WebUIAbstractKeyword.groovy:27)
	at com.kms.katalon.core.webui.keyword.internal.WebUIAbstractKeyword.findWebElement(WebUIAbstractKeyword.groovy:26)
	at com.kms.katalon.core.webui.keyword.builtin.ClickKeyword$_click_closure1.doCall(ClickKeyword.groovy:67)
	at com.kms.katalon.core.webui.keyword.builtin.ClickKeyword$_click_closure1.call(ClickKeyword.groovy)
	at com.kms.katalon.core.webui.keyword.internal.WebUIKeywordMain.runKeyword(WebUIKeywordMain.groovy:20)
	... 51 more


2021-03-09 09:03:29 - [TEST_STEP][FAILED] - callTestCase(findTestCase("Utilities/Add New Text Custom Field"), [:], STOP_ON_FAILURE): Unable to call Test Case 'Test Cases/Utilities/Add New Text Custom Field' (Root cause: com.kms.katalon.core.exception.StepFailedException: Call Test Case 'Test Cases/Utilities/Add New Text Custom Field' failed
	at com.kms.katalon.core.keyword.builtin.CallTestCaseKeyword$_callTestCase_closure1.doCall(CallTestCaseKeyword.groovy:63)
	at com.kms.katalon.core.keyword.builtin.CallTestCaseKeyword$_callTestCase_closure1.call(CallTestCaseKeyword.groovy)
	at com.kms.katalon.core.keyword.internal.KeywordMain.runKeyword(KeywordMain.groovy:68)
	at com.kms.katalon.core.keyword.builtin.CallTestCaseKeyword.callTestCase(CallTestCaseKeyword.groovy:81)
	at com.kms.katalon.core.keyword.builtin.CallTestCaseKeyword.execute(CallTestCaseKeyword.groovy:44)
	at com.kms.katalon.core.keyword.internal.KeywordExecutor.executeKeywordForPlatform(KeywordExecutor.groovy:73)
	at com.kms.katalon.core.keyword.BuiltinKeywords.callTestCase(BuiltinKeywords.groovy:334)
	at TC_CMPLX_014.run(TC_CMPLX_014:19)
	at com.kms.katalon.core.main.ScriptEngine.run(ScriptEngine.java:194)
	at com.kms.katalon.core.main.ScriptEngine.runScriptAsRawText(ScriptEngine.java:119)
	at com.kms.katalon.core.main.TestCaseExecutor.runScript(TestCaseExecutor.java:339)
	at com.kms.katalon.core.main.TestCaseExecutor.doExecute(TestCaseExecutor.java:330)
	at com.kms.katalon.core.main.TestCaseExecutor.processExecutionPhase(TestCaseExecutor.java:309)
	at com.kms.katalon.core.main.TestCaseExecutor.accessMainPhase(TestCaseExecutor.java:301)
	at com.kms.katalon.core.main.TestCaseExecutor.execute(TestCaseExecutor.java:235)
	at com.kms.katalon.core.main.TestSuiteExecutor.accessTestCaseMainPhase(TestSuiteExecutor.java:191)
	at com.kms.katalon.core.main.TestSuiteExecutor.accessTestSuiteMainPhase(TestSuiteExecutor.java:141)
	at com.kms.katalon.core.main.TestSuiteExecutor.execute(TestSuiteExecutor.java:90)
	at com.kms.katalon.core.main.TestCaseMain.startTestSuite(TestCaseMain.java:157)
	at com.kms.katalon.core.main.TestCaseMain$startTestSuite$0.call(Unknown Source)
	at TempTestSuite1615251524633.run(TempTestSuite1615251524633.groovy:39)
Caused by: com.kms.katalon.core.exception.StepFailedException: Call Test Case 'Test Cases/Utilities/Navigate to Plugin' failed
	at com.kms.katalon.core.keyword.builtin.CallTestCaseKeyword$_callTestCase_closure1.doCall(CallTestCaseKeyword.groovy:63)
	at com.kms.katalon.core.keyword.builtin.CallTestCaseKeyword$_callTestCase_closure1.call(CallTestCaseKeyword.groovy)
	at com.kms.katalon.core.keyword.internal.KeywordMain.runKeyword(KeywordMain.groovy:68)
	at com.kms.katalon.core.keyword.builtin.CallTestCaseKeyword.callTestCase(CallTestCaseKeyword.groovy:81)
	at com.kms.katalon.core.keyword.builtin.CallTestCaseKeyword.execute(CallTestCaseKeyword.groovy:44)
	at com.kms.katalon.core.keyword.internal.KeywordExecutor.executeKeywordForPlatform(KeywordExecutor.groovy:73)
	at com.kms.katalon.core.keyword.BuiltinKeywords.callTestCase(BuiltinKeywords.groovy:334)
	at Add New Text Custom Field.run(Add New Text Custom Field:22)
	at com.kms.katalon.core.main.ScriptEngine.run(ScriptEngine.java:194)
	at com.kms.katalon.core.main.ScriptEngine.runScriptAsRawText(ScriptEngine.java:119)
	at com.kms.katalon.core.main.TestCaseExecutor.runScript(TestCaseExecutor.java:339)
	at com.kms.katalon.core.main.TestCaseExecutor.doExecute(TestCaseExecutor.java:330)
	at com.kms.katalon.core.main.TestCaseExecutor.processExecutionPhase(TestCaseExecutor.java:309)
	at com.kms.katalon.core.main.TestCaseExecutor.accessMainPhase(TestCaseExecutor.java:301)
	at com.kms.katalon.core.main.TestCaseExecutor.execute(TestCaseExecutor.java:235)
	at com.kms.katalon.core.main.TestCaseMain.runTestCase(TestCaseMain.java:114)
	at com.kms.katalon.core.keyword.builtin.CallTestCaseKeyword$_callTestCase_closure1.doCall(CallTestCaseKeyword.groovy:59)
	... 20 more
Caused by: com.kms.katalon.core.exception.StepFailedException: Unable to click on object 'Object Repository/Admin/Plugin Navigation/link_plugin'
	at com.kms.katalon.core.webui.keyword.internal.WebUIKeywordMain.stepFailed(WebUIKeywordMain.groovy:64)
	at com.kms.katalon.core.webui.keyword.internal.WebUIKeywordMain.runKeyword(WebUIKeywordMain.groovy:26)
	at com.kms.katalon.core.webui.keyword.builtin.ClickKeyword.click(ClickKeyword.groovy:76)
	at com.kms.katalon.core.webui.keyword.builtin.ClickKeyword.execute(ClickKeyword.groovy:43)
	at com.kms.katalon.core.keyword.internal.KeywordExecutor.executeKeywordForPlatform(KeywordExecutor.groovy:73)
	at com.kms.katalon.core.webui.keyword.WebUiBuiltInKeywords.click(WebUiBuiltInKeywords.groovy:616)
	at com.kms.katalon.core.webui.keyword.WebUiBuiltInKeywords$click$4.call(Unknown Source)
	at Navigate to Plugin.run(Navigate to Plugin:19)
	at com.kms.katalon.core.main.ScriptEngine.run(ScriptEngine.java:194)
	at com.kms.katalon.core.main.ScriptEngine.runScriptAsRawText(ScriptEngine.java:119)
	at com.kms.katalon.core.main.TestCaseExecutor.runScript(TestCaseExecutor.java:339)
	at com.kms.katalon.core.main.TestCaseExecutor.doExecute(TestCaseExecutor.java:330)
	at com.kms.katalon.core.main.TestCaseExecutor.processExecutionPhase(TestCaseExecutor.java:309)
	at com.kms.katalon.core.main.TestCaseExecutor.accessMainPhase(TestCaseExecutor.java:301)
	at com.kms.katalon.core.main.TestCaseExecutor.execute(TestCaseExecutor.java:235)
	at com.kms.katalon.core.main.TestCaseMain.runTestCase(TestCaseMain.java:114)
	at com.kms.katalon.core.keyword.builtin.CallTestCaseKeyword$_callTestCase_closure1.doCall(CallTestCaseKeyword.groovy:59)
	... 36 more
Caused by: com.kms.katalon.core.webui.exception.WebElementNotFoundException: Web element with id: 'Object Repository/Admin/Plugin Navigation/link_plugin' located by '//div[@id='mySidebar']/div[2]/div/ul/li[13]/a/span' not found
	at com.kms.katalon.core.webui.common.WebUiCommonHelper.findWebElement(WebUiCommonHelper.java:1368)
	at com.kms.katalon.core.webui.keyword.internal.WebUIAbstractKeyword.findWebElement(WebUIAbstractKeyword.groovy:27)
	at com.kms.katalon.core.webui.keyword.internal.WebUIAbstractKeyword.findWebElement(WebUIAbstractKeyword.groovy:26)
	at com.kms.katalon.core.webui.keyword.builtin.ClickKeyword$_click_closure1.doCall(ClickKeyword.groovy:67)
	at com.kms.katalon.core.webui.keyword.builtin.ClickKeyword$_click_closure1.call(ClickKeyword.groovy)
	at com.kms.katalon.core.webui.keyword.internal.WebUIKeywordMain.runKeyword(WebUIKeywordMain.groovy:20)
	... 51 more
)

2021-03-09 09:03:29 - [TEST_CASE][FAILED] - Test Cases/Utilities/Add New Text Custom Field: Test Cases/Utilities/Add New Text Custom Field FAILED.
Reason:
com.kms.katalon.core.exception.StepFailedException: Call Test Case 'Test Cases/Utilities/Navigate to Plugin' failed
	at com.kms.katalon.core.keyword.builtin.CallTestCaseKeyword$_callTestCase_closure1.doCall(CallTestCaseKeyword.groovy:63)
	at com.kms.katalon.core.keyword.builtin.CallTestCaseKeyword$_callTestCase_closure1.call(CallTestCaseKeyword.groovy)
	at com.kms.katalon.core.keyword.internal.KeywordMain.runKeyword(KeywordMain.groovy:68)
	at com.kms.katalon.core.keyword.builtin.CallTestCaseKeyword.callTestCase(CallTestCaseKeyword.groovy:81)
	at com.kms.katalon.core.keyword.builtin.CallTestCaseKeyword.execute(CallTestCaseKeyword.groovy:44)
	at com.kms.katalon.core.keyword.internal.KeywordExecutor.executeKeywordForPlatform(KeywordExecutor.groovy:73)
	at com.kms.katalon.core.keyword.BuiltinKeywords.callTestCase(BuiltinKeywords.groovy:334)
	at Add New Text Custom Field.run(Add New Text Custom Field:22)
	at com.kms.katalon.core.main.ScriptEngine.run(ScriptEngine.java:194)
	at com.kms.katalon.core.main.ScriptEngine.runScriptAsRawText(ScriptEngine.java:119)
	at com.kms.katalon.core.main.TestCaseExecutor.runScript(TestCaseExecutor.java:339)
	at com.kms.katalon.core.main.TestCaseExecutor.doExecute(TestCaseExecutor.java:330)
	at com.kms.katalon.core.main.TestCaseExecutor.processExecutionPhase(TestCaseExecutor.java:309)
	at com.kms.katalon.core.main.TestCaseExecutor.accessMainPhase(TestCaseExecutor.java:301)
	at com.kms.katalon.core.main.TestCaseExecutor.execute(TestCaseExecutor.java:235)
	at com.kms.katalon.core.main.TestCaseMain.runTestCase(TestCaseMain.java:114)
	at com.kms.katalon.core.keyword.builtin.CallTestCaseKeyword$_callTestCase_closure1.doCall(CallTestCaseKeyword.groovy:59)
	at com.kms.katalon.core.keyword.builtin.CallTestCaseKeyword$_callTestCase_closure1.call(CallTestCaseKeyword.groovy)
	at com.kms.katalon.core.keyword.internal.KeywordMain.runKeyword(KeywordMain.groovy:68)
	at com.kms.katalon.core.keyword.builtin.CallTestCaseKeyword.callTestCase(CallTestCaseKeyword.groovy:81)
	at com.kms.katalon.core.keyword.builtin.CallTestCaseKeyword.execute(CallTestCaseKeyword.groovy:44)
	at com.kms.katalon.core.keyword.internal.KeywordExecutor.executeKeywordForPlatform(KeywordExecutor.groovy:73)
	at com.kms.katalon.core.keyword.BuiltinKeywords.callTestCase(BuiltinKeywords.groovy:334)
	at TC_CMPLX_014.run(TC_CMPLX_014:19)
	at com.kms.katalon.core.main.ScriptEngine.run(ScriptEngine.java:194)
	at com.kms.katalon.core.main.ScriptEngine.runScriptAsRawText(ScriptEngine.java:119)
	at com.kms.katalon.core.main.TestCaseExecutor.runScript(TestCaseExecutor.java:339)
	at com.kms.katalon.core.main.TestCaseExecutor.doExecute(TestCaseExecutor.java:330)
	at com.kms.katalon.core.main.TestCaseExecutor.processExecutionPhase(TestCaseExecutor.java:309)
	at com.kms.katalon.core.main.TestCaseExecutor.accessMainPhase(TestCaseExecutor.java:301)
	at com.kms.katalon.core.main.TestCaseExecutor.execute(TestCaseExecutor.java:235)
	at com.kms.katalon.core.main.TestSuiteExecutor.accessTestCaseMainPhase(TestSuiteExecutor.java:191)
	at com.kms.katalon.core.main.TestSuiteExecutor.accessTestSuiteMainPhase(TestSuiteExecutor.java:141)
	at com.kms.katalon.core.main.TestSuiteExecutor.execute(TestSuiteExecutor.java:90)
	at com.kms.katalon.core.main.TestCaseMain.startTestSuite(TestCaseMain.java:157)
	at com.kms.katalon.core.main.TestCaseMain$startTestSuite$0.call(Unknown Source)
	at TempTestSuite1615251524633.run(TempTestSuite1615251524633.groovy:39)
Caused by: com.kms.katalon.core.exception.StepFailedException: Unable to click on object 'Object Repository/Admin/Plugin Navigation/link_plugin'
	at com.kms.katalon.core.webui.keyword.internal.WebUIKeywordMain.stepFailed(WebUIKeywordMain.groovy:64)
	at com.kms.katalon.core.webui.keyword.internal.WebUIKeywordMain.runKeyword(WebUIKeywordMain.groovy:26)
	at com.kms.katalon.core.webui.keyword.builtin.ClickKeyword.click(ClickKeyword.groovy:76)
	at com.kms.katalon.core.webui.keyword.builtin.ClickKeyword.execute(ClickKeyword.groovy:43)
	at com.kms.katalon.core.keyword.internal.KeywordExecutor.executeKeywordForPlatform(KeywordExecutor.groovy:73)
	at com.kms.katalon.core.webui.keyword.WebUiBuiltInKeywords.click(WebUiBuiltInKeywords.groovy:616)
	at com.kms.katalon.core.webui.keyword.WebUiBuiltInKeywords$click$4.call(Unknown Source)
	at Navigate to Plugin.run(Navigate to Plugin:19)
	at com.kms.katalon.core.main.ScriptEngine.run(ScriptEngine.java:194)
	at com.kms.katalon.core.main.ScriptEngine.runScriptAsRawText(ScriptEngine.java:119)
	at com.kms.katalon.core.main.TestCaseExecutor.runScript(TestCaseExecutor.java:339)
	at com.kms.katalon.core.main.TestCaseExecutor.doExecute(TestCaseExecutor.java:330)
	at com.kms.katalon.core.main.TestCaseExecutor.processExecutionPhase(TestCaseExecutor.java:309)
	at com.kms.katalon.core.main.TestCaseExecutor.accessMainPhase(TestCaseExecutor.java:301)
	at com.kms.katalon.core.main.TestCaseExecutor.execute(TestCaseExecutor.java:235)
	at com.kms.katalon.core.main.TestCaseMain.runTestCase(TestCaseMain.java:114)
	at com.kms.katalon.core.keyword.builtin.CallTestCaseKeyword$_callTestCase_closure1.doCall(CallTestCaseKeyword.groovy:59)
	... 36 more
Caused by: com.kms.katalon.core.webui.exception.WebElementNotFoundException: Web element with id: 'Object Repository/Admin/Plugin Navigation/link_plugin' located by '//div[@id='mySidebar']/div[2]/div/ul/li[13]/a/span' not found
	at com.kms.katalon.core.webui.common.WebUiCommonHelper.findWebElement(WebUiCommonHelper.java:1368)
	at com.kms.katalon.core.webui.keyword.internal.WebUIAbstractKeyword.findWebElement(WebUIAbstractKeyword.groovy:27)
	at com.kms.katalon.core.webui.keyword.internal.WebUIAbstractKeyword.findWebElement(WebUIAbstractKeyword.groovy:26)
	at com.kms.katalon.core.webui.keyword.builtin.ClickKeyword$_click_closure1.doCall(ClickKeyword.groovy:67)
	at com.kms.katalon.core.webui.keyword.builtin.ClickKeyword$_click_closure1.call(ClickKeyword.groovy)
	at com.kms.katalon.core.webui.keyword.internal.WebUIKeywordMain.runKeyword(WebUIKeywordMain.groovy:20)
	... 51 more


2021-03-09 09:03:29 - [TEST_STEP][PASSED] - callTestCase(findTestCase("Utilities/Admin Login"), [:], STOP_ON_FAILURE): Call Test Case 'Test Cases/Utilities/Admin Login' successfully

2021-03-09 09:03:29 - [TEST_CASE][PASSED] - Test Cases/Utilities/Admin Login: Test Cases/Utilities/Admin Login

2021-03-09 09:03:29 - [TEST_STEP][PASSED] - openBrowser(""): Browser is opened with url: ''

2021-03-09 09:03:29 - [MESSAGE][INFO] - Starting 'Chrome' driver

2021-03-09 09:03:29 - [MESSAGE][INFO] - Action delay is set to 0 milliseconds

2021-03-09 09:03:32 - [MESSAGE][PASSED] - Browser is opened with url: ''

2021-03-09 09:03:32 - [TEST_STEP][PASSED] - maximizeWindow(): Current window maximized

2021-03-09 09:03:34 - [MESSAGE][PASSED] - Current window maximized

2021-03-09 09:03:34 - [TEST_STEP][PASSED] - navigateToUrl(admin_url): Navigate to 'https://youhadmeathelloworld.staging.arcadier.io/admin' successfully

2021-03-09 09:03:35 - [MESSAGE][PASSED] - Navigate to 'https://youhadmeathelloworld.staging.arcadier.io/admin' successfully

2021-03-09 09:03:35 - [TEST_STEP][PASSED] - waitForPageLoad(2): Wait for page load successfully

2021-03-09 09:03:36 - [MESSAGE][PASSED] - Wait for page load successfully

2021-03-09 09:03:36 - [TEST_STEP][PASSED] - setText(findTestObject("Admin/Admin Login/txt_username"), admin_username): Text 'codemafia' is set on object 'Object Repository/Admin/Admin Login/txt_username'

2021-03-09 09:03:36 - [MESSAGE][PASSED] - Text 'codemafia' is set on object 'Object Repository/Admin/Admin Login/txt_username'

2021-03-09 09:03:36 - [TEST_STEP][PASSED] - setText(findTestObject("Admin/Admin Login/txt_password"), admin_password): Text 'welcome8' is set on object 'Object Repository/Admin/Admin Login/txt_password'

2021-03-09 09:03:37 - [MESSAGE][PASSED] - Text 'welcome8' is set on object 'Object Repository/Admin/Admin Login/txt_password'

2021-03-09 09:03:37 - [TEST_STEP][PASSED] - click(findTestObject("Admin/Admin Login/button_login")): Object: 'Object Repository/Admin/Admin Login/button_login' is clicked on

2021-03-09 09:03:37 - [MESSAGE][PASSED] - Object: 'Object Repository/Admin/Admin Login/button_login' is clicked on

2021-03-09 09:03:37 - [MESSAGE][PASSED] - Call Test Case 'Test Cases/Utilities/Admin Login' successfully

2021-03-09 09:03:37 - [TEST_STEP][FAILED] - callTestCase(findTestCase("Utilities/Navigate to Plugin"), [:], STOP_ON_FAILURE): Unable to call Test Case 'Test Cases/Utilities/Navigate to Plugin' (Root cause: com.kms.katalon.core.exception.StepFailedException: Call Test Case 'Test Cases/Utilities/Navigate to Plugin' failed
	at com.kms.katalon.core.keyword.builtin.CallTestCaseKeyword$_callTestCase_closure1.doCall(CallTestCaseKeyword.groovy:63)
	at com.kms.katalon.core.keyword.builtin.CallTestCaseKeyword$_callTestCase_closure1.call(CallTestCaseKeyword.groovy)
	at com.kms.katalon.core.keyword.internal.KeywordMain.runKeyword(KeywordMain.groovy:68)
	at com.kms.katalon.core.keyword.builtin.CallTestCaseKeyword.callTestCase(CallTestCaseKeyword.groovy:81)
	at com.kms.katalon.core.keyword.builtin.CallTestCaseKeyword.execute(CallTestCaseKeyword.groovy:44)
	at com.kms.katalon.core.keyword.internal.KeywordExecutor.executeKeywordForPlatform(KeywordExecutor.groovy:73)
	at com.kms.katalon.core.keyword.BuiltinKeywords.callTestCase(BuiltinKeywords.groovy:334)
	at Add New Text Custom Field.run(Add New Text Custom Field:22)
	at com.kms.katalon.core.main.ScriptEngine.run(ScriptEngine.java:194)
	at com.kms.katalon.core.main.ScriptEngine.runScriptAsRawText(ScriptEngine.java:119)
	at com.kms.katalon.core.main.TestCaseExecutor.runScript(TestCaseExecutor.java:339)
	at com.kms.katalon.core.main.TestCaseExecutor.doExecute(TestCaseExecutor.java:330)
	at com.kms.katalon.core.main.TestCaseExecutor.processExecutionPhase(TestCaseExecutor.java:309)
	at com.kms.katalon.core.main.TestCaseExecutor.accessMainPhase(TestCaseExecutor.java:301)
	at com.kms.katalon.core.main.TestCaseExecutor.execute(TestCaseExecutor.java:235)
	at com.kms.katalon.core.main.TestCaseMain.runTestCase(TestCaseMain.java:114)
	at com.kms.katalon.core.keyword.builtin.CallTestCaseKeyword$_callTestCase_closure1.doCall(CallTestCaseKeyword.groovy:59)
	at com.kms.katalon.core.keyword.builtin.CallTestCaseKeyword$_callTestCase_closure1.call(CallTestCaseKeyword.groovy)
	at com.kms.katalon.core.keyword.internal.KeywordMain.runKeyword(KeywordMain.groovy:68)
	at com.kms.katalon.core.keyword.builtin.CallTestCaseKeyword.callTestCase(CallTestCaseKeyword.groovy:81)
	at com.kms.katalon.core.keyword.builtin.CallTestCaseKeyword.execute(CallTestCaseKeyword.groovy:44)
	at com.kms.katalon.core.keyword.internal.KeywordExecutor.executeKeywordForPlatform(KeywordExecutor.groovy:73)
	at com.kms.katalon.core.keyword.BuiltinKeywords.callTestCase(BuiltinKeywords.groovy:334)
	at TC_CMPLX_014.run(TC_CMPLX_014:19)
	at com.kms.katalon.core.main.ScriptEngine.run(ScriptEngine.java:194)
	at com.kms.katalon.core.main.ScriptEngine.runScriptAsRawText(ScriptEngine.java:119)
	at com.kms.katalon.core.main.TestCaseExecutor.runScript(TestCaseExecutor.java:339)
	at com.kms.katalon.core.main.TestCaseExecutor.doExecute(TestCaseExecutor.java:330)
	at com.kms.katalon.core.main.TestCaseExecutor.processExecutionPhase(TestCaseExecutor.java:309)
	at com.kms.katalon.core.main.TestCaseExecutor.accessMainPhase(TestCaseExecutor.java:301)
	at com.kms.katalon.core.main.TestCaseExecutor.execute(TestCaseExecutor.java:235)
	at com.kms.katalon.core.main.TestSuiteExecutor.accessTestCaseMainPhase(TestSuiteExecutor.java:191)
	at com.kms.katalon.core.main.TestSuiteExecutor.accessTestSuiteMainPhase(TestSuiteExecutor.java:141)
	at com.kms.katalon.core.main.TestSuiteExecutor.execute(TestSuiteExecutor.java:90)
	at com.kms.katalon.core.main.TestCaseMain.startTestSuite(TestCaseMain.java:157)
	at com.kms.katalon.core.main.TestCaseMain$startTestSuite$0.call(Unknown Source)
	at TempTestSuite1615251524633.run(TempTestSuite1615251524633.groovy:39)
Caused by: com.kms.katalon.core.exception.StepFailedException: Unable to click on object 'Object Repository/Admin/Plugin Navigation/link_plugin'
	at com.kms.katalon.core.webui.keyword.internal.WebUIKeywordMain.stepFailed(WebUIKeywordMain.groovy:64)
	at com.kms.katalon.core.webui.keyword.internal.WebUIKeywordMain.runKeyword(WebUIKeywordMain.groovy:26)
	at com.kms.katalon.core.webui.keyword.builtin.ClickKeyword.click(ClickKeyword.groovy:76)
	at com.kms.katalon.core.webui.keyword.builtin.ClickKeyword.execute(ClickKeyword.groovy:43)
	at com.kms.katalon.core.keyword.internal.KeywordExecutor.executeKeywordForPlatform(KeywordExecutor.groovy:73)
	at com.kms.katalon.core.webui.keyword.WebUiBuiltInKeywords.click(WebUiBuiltInKeywords.groovy:616)
	at com.kms.katalon.core.webui.keyword.WebUiBuiltInKeywords$click$4.call(Unknown Source)
	at Navigate to Plugin.run(Navigate to Plugin:19)
	at com.kms.katalon.core.main.ScriptEngine.run(ScriptEngine.java:194)
	at com.kms.katalon.core.main.ScriptEngine.runScriptAsRawText(ScriptEngine.java:119)
	at com.kms.katalon.core.main.TestCaseExecutor.runScript(TestCaseExecutor.java:339)
	at com.kms.katalon.core.main.TestCaseExecutor.doExecute(TestCaseExecutor.java:330)
	at com.kms.katalon.core.main.TestCaseExecutor.processExecutionPhase(TestCaseExecutor.java:309)
	at com.kms.katalon.core.main.TestCaseExecutor.accessMainPhase(TestCaseExecutor.java:301)
	at com.kms.katalon.core.main.TestCaseExecutor.execute(TestCaseExecutor.java:235)
	at com.kms.katalon.core.main.TestCaseMain.runTestCase(TestCaseMain.java:114)
	at com.kms.katalon.core.keyword.builtin.CallTestCaseKeyword$_callTestCase_closure1.doCall(CallTestCaseKeyword.groovy:59)
	... 36 more
Caused by: com.kms.katalon.core.webui.exception.WebElementNotFoundException: Web element with id: 'Object Repository/Admin/Plugin Navigation/link_plugin' located by '//div[@id='mySidebar']/div[2]/div/ul/li[13]/a/span' not found
	at com.kms.katalon.core.webui.common.WebUiCommonHelper.findWebElement(WebUiCommonHelper.java:1368)
	at com.kms.katalon.core.webui.keyword.internal.WebUIAbstractKeyword.findWebElement(WebUIAbstractKeyword.groovy:27)
	at com.kms.katalon.core.webui.keyword.internal.WebUIAbstractKeyword.findWebElement(WebUIAbstractKeyword.groovy:26)
	at com.kms.katalon.core.webui.keyword.builtin.ClickKeyword$_click_closure1.doCall(ClickKeyword.groovy:67)
	at com.kms.katalon.core.webui.keyword.builtin.ClickKeyword$_click_closure1.call(ClickKeyword.groovy)
	at com.kms.katalon.core.webui.keyword.internal.WebUIKeywordMain.runKeyword(WebUIKeywordMain.groovy:20)
	... 51 more
)

2021-03-09 09:03:38 - [TEST_CASE][FAILED] - Test Cases/Utilities/Navigate to Plugin: Test Cases/Utilities/Navigate to Plugin FAILED.
Reason:
com.kms.katalon.core.exception.StepFailedException: Unable to click on object 'Object Repository/Admin/Plugin Navigation/link_plugin'
	at com.kms.katalon.core.webui.keyword.internal.WebUIKeywordMain.stepFailed(WebUIKeywordMain.groovy:64)
	at com.kms.katalon.core.webui.keyword.internal.WebUIKeywordMain.runKeyword(WebUIKeywordMain.groovy:26)
	at com.kms.katalon.core.webui.keyword.builtin.ClickKeyword.click(ClickKeyword.groovy:76)
	at com.kms.katalon.core.webui.keyword.builtin.ClickKeyword.execute(ClickKeyword.groovy:43)
	at com.kms.katalon.core.keyword.internal.KeywordExecutor.executeKeywordForPlatform(KeywordExecutor.groovy:73)
	at com.kms.katalon.core.webui.keyword.WebUiBuiltInKeywords.click(WebUiBuiltInKeywords.groovy:616)
	at com.kms.katalon.core.webui.keyword.WebUiBuiltInKeywords$click$4.call(Unknown Source)
	at Navigate to Plugin.run(Navigate to Plugin:19)
	at com.kms.katalon.core.main.ScriptEngine.run(ScriptEngine.java:194)
	at com.kms.katalon.core.main.ScriptEngine.runScriptAsRawText(ScriptEngine.java:119)
	at com.kms.katalon.core.main.TestCaseExecutor.runScript(TestCaseExecutor.java:339)
	at com.kms.katalon.core.main.TestCaseExecutor.doExecute(TestCaseExecutor.java:330)
	at com.kms.katalon.core.main.TestCaseExecutor.processExecutionPhase(TestCaseExecutor.java:309)
	at com.kms.katalon.core.main.TestCaseExecutor.accessMainPhase(TestCaseExecutor.java:301)
	at com.kms.katalon.core.main.TestCaseExecutor.execute(TestCaseExecutor.java:235)
	at com.kms.katalon.core.main.TestCaseMain.runTestCase(TestCaseMain.java:114)
	at com.kms.katalon.core.keyword.builtin.CallTestCaseKeyword$_callTestCase_closure1.doCall(CallTestCaseKeyword.groovy:59)
	at com.kms.katalon.core.keyword.builtin.CallTestCaseKeyword$_callTestCase_closure1.call(CallTestCaseKeyword.groovy)
	at com.kms.katalon.core.keyword.internal.KeywordMain.runKeyword(KeywordMain.groovy:68)
	at com.kms.katalon.core.keyword.builtin.CallTestCaseKeyword.callTestCase(CallTestCaseKeyword.groovy:81)
	at com.kms.katalon.core.keyword.builtin.CallTestCaseKeyword.execute(CallTestCaseKeyword.groovy:44)
	at com.kms.katalon.core.keyword.internal.KeywordExecutor.executeKeywordForPlatform(KeywordExecutor.groovy:73)
	at com.kms.katalon.core.keyword.BuiltinKeywords.callTestCase(BuiltinKeywords.groovy:334)
	at Add New Text Custom Field.run(Add New Text Custom Field:22)
	at com.kms.katalon.core.main.ScriptEngine.run(ScriptEngine.java:194)
	at com.kms.katalon.core.main.ScriptEngine.runScriptAsRawText(ScriptEngine.java:119)
	at com.kms.katalon.core.main.TestCaseExecutor.runScript(TestCaseExecutor.java:339)
	at com.kms.katalon.core.main.TestCaseExecutor.doExecute(TestCaseExecutor.java:330)
	at com.kms.katalon.core.main.TestCaseExecutor.processExecutionPhase(TestCaseExecutor.java:309)
	at com.kms.katalon.core.main.TestCaseExecutor.accessMainPhase(TestCaseExecutor.java:301)
	at com.kms.katalon.core.main.TestCaseExecutor.execute(TestCaseExecutor.java:235)
	at com.kms.katalon.core.main.TestCaseMain.runTestCase(TestCaseMain.java:114)
	at com.kms.katalon.core.keyword.builtin.CallTestCaseKeyword$_callTestCase_closure1.doCall(CallTestCaseKeyword.groovy:59)
	at com.kms.katalon.core.keyword.builtin.CallTestCaseKeyword$_callTestCase_closure1.call(CallTestCaseKeyword.groovy)
	at com.kms.katalon.core.keyword.internal.KeywordMain.runKeyword(KeywordMain.groovy:68)
	at com.kms.katalon.core.keyword.builtin.CallTestCaseKeyword.callTestCase(CallTestCaseKeyword.groovy:81)
	at com.kms.katalon.core.keyword.builtin.CallTestCaseKeyword.execute(CallTestCaseKeyword.groovy:44)
	at com.kms.katalon.core.keyword.internal.KeywordExecutor.executeKeywordForPlatform(KeywordExecutor.groovy:73)
	at com.kms.katalon.core.keyword.BuiltinKeywords.callTestCase(BuiltinKeywords.groovy:334)
	at TC_CMPLX_014.run(TC_CMPLX_014:19)
	at com.kms.katalon.core.main.ScriptEngine.run(ScriptEngine.java:194)
	at com.kms.katalon.core.main.ScriptEngine.runScriptAsRawText(ScriptEngine.java:119)
	at com.kms.katalon.core.main.TestCaseExecutor.runScript(TestCaseExecutor.java:339)
	at com.kms.katalon.core.main.TestCaseExecutor.doExecute(TestCaseExecutor.java:330)
	at com.kms.katalon.core.main.TestCaseExecutor.processExecutionPhase(TestCaseExecutor.java:309)
	at com.kms.katalon.core.main.TestCaseExecutor.accessMainPhase(TestCaseExecutor.java:301)
	at com.kms.katalon.core.main.TestCaseExecutor.execute(TestCaseExecutor.java:235)
	at com.kms.katalon.core.main.TestSuiteExecutor.accessTestCaseMainPhase(TestSuiteExecutor.java:191)
	at com.kms.katalon.core.main.TestSuiteExecutor.accessTestSuiteMainPhase(TestSuiteExecutor.java:141)
	at com.kms.katalon.core.main.TestSuiteExecutor.execute(TestSuiteExecutor.java:90)
	at com.kms.katalon.core.main.TestCaseMain.startTestSuite(TestCaseMain.java:157)
	at com.kms.katalon.core.main.TestCaseMain$startTestSuite$0.call(Unknown Source)
	at TempTestSuite1615251524633.run(TempTestSuite1615251524633.groovy:39)
Caused by: com.kms.katalon.core.webui.exception.WebElementNotFoundException: Web element with id: 'Object Repository/Admin/Plugin Navigation/link_plugin' located by '//div[@id='mySidebar']/div[2]/div/ul/li[13]/a/span' not found
	at com.kms.katalon.core.webui.common.WebUiCommonHelper.findWebElement(WebUiCommonHelper.java:1368)
	at com.kms.katalon.core.webui.keyword.internal.WebUIAbstractKeyword.findWebElement(WebUIAbstractKeyword.groovy:27)
	at com.kms.katalon.core.webui.keyword.internal.WebUIAbstractKeyword.findWebElement(WebUIAbstractKeyword.groovy:26)
	at com.kms.katalon.core.webui.keyword.builtin.ClickKeyword$_click_closure1.doCall(ClickKeyword.groovy:67)
	at com.kms.katalon.core.webui.keyword.builtin.ClickKeyword$_click_closure1.call(ClickKeyword.groovy)
	at com.kms.katalon.core.webui.keyword.internal.WebUIKeywordMain.runKeyword(WebUIKeywordMain.groovy:20)
	... 51 more


2021-03-09 09:03:38 - [TEST_STEP][FAILED] - click(findTestObject("Admin/Plugin Navigation/link_plugin")): Unable to click on object 'Object Repository/Admin/Plugin Navigation/link_plugin' (Root cause: com.kms.katalon.core.exception.StepFailedException: Unable to click on object 'Object Repository/Admin/Plugin Navigation/link_plugin'
	at com.kms.katalon.core.webui.keyword.internal.WebUIKeywordMain.stepFailed(WebUIKeywordMain.groovy:64)
	at com.kms.katalon.core.webui.keyword.internal.WebUIKeywordMain.runKeyword(WebUIKeywordMain.groovy:26)
	at com.kms.katalon.core.webui.keyword.builtin.ClickKeyword.click(ClickKeyword.groovy:76)
	at com.kms.katalon.core.webui.keyword.builtin.ClickKeyword.execute(ClickKeyword.groovy:43)
	at com.kms.katalon.core.keyword.internal.KeywordExecutor.executeKeywordForPlatform(KeywordExecutor.groovy:73)
	at com.kms.katalon.core.webui.keyword.WebUiBuiltInKeywords.click(WebUiBuiltInKeywords.groovy:616)
	at com.kms.katalon.core.webui.keyword.WebUiBuiltInKeywords$click$4.call(Unknown Source)
	at Navigate to Plugin.run(Navigate to Plugin:19)
	at com.kms.katalon.core.main.ScriptEngine.run(ScriptEngine.java:194)
	at com.kms.katalon.core.main.ScriptEngine.runScriptAsRawText(ScriptEngine.java:119)
	at com.kms.katalon.core.main.TestCaseExecutor.runScript(TestCaseExecutor.java:339)
	at com.kms.katalon.core.main.TestCaseExecutor.doExecute(TestCaseExecutor.java:330)
	at com.kms.katalon.core.main.TestCaseExecutor.processExecutionPhase(TestCaseExecutor.java:309)
	at com.kms.katalon.core.main.TestCaseExecutor.accessMainPhase(TestCaseExecutor.java:301)
	at com.kms.katalon.core.main.TestCaseExecutor.execute(TestCaseExecutor.java:235)
	at com.kms.katalon.core.main.TestCaseMain.runTestCase(TestCaseMain.java:114)
	at com.kms.katalon.core.keyword.builtin.CallTestCaseKeyword$_callTestCase_closure1.doCall(CallTestCaseKeyword.groovy:59)
	at com.kms.katalon.core.keyword.builtin.CallTestCaseKeyword$_callTestCase_closure1.call(CallTestCaseKeyword.groovy)
	at com.kms.katalon.core.keyword.internal.KeywordMain.runKeyword(KeywordMain.groovy:68)
	at com.kms.katalon.core.keyword.builtin.CallTestCaseKeyword.callTestCase(CallTestCaseKeyword.groovy:81)
	at com.kms.katalon.core.keyword.builtin.CallTestCaseKeyword.execute(CallTestCaseKeyword.groovy:44)
	at com.kms.katalon.core.keyword.internal.KeywordExecutor.executeKeywordForPlatform(KeywordExecutor.groovy:73)
	at com.kms.katalon.core.keyword.BuiltinKeywords.callTestCase(BuiltinKeywords.groovy:334)
	at Add New Text Custom Field.run(Add New Text Custom Field:22)
	at com.kms.katalon.core.main.ScriptEngine.run(ScriptEngine.java:194)
	at com.kms.katalon.core.main.ScriptEngine.runScriptAsRawText(ScriptEngine.java:119)
	at com.kms.katalon.core.main.TestCaseExecutor.runScript(TestCaseExecutor.java:339)
	at com.kms.katalon.core.main.TestCaseExecutor.doExecute(TestCaseExecutor.java:330)
	at com.kms.katalon.core.main.TestCaseExecutor.processExecutionPhase(TestCaseExecutor.java:309)
	at com.kms.katalon.core.main.TestCaseExecutor.accessMainPhase(TestCaseExecutor.java:301)
	at com.kms.katalon.core.main.TestCaseExecutor.execute(TestCaseExecutor.java:235)
	at com.kms.katalon.core.main.TestCaseMain.runTestCase(TestCaseMain.java:114)
	at com.kms.katalon.core.keyword.builtin.CallTestCaseKeyword$_callTestCase_closure1.doCall(CallTestCaseKeyword.groovy:59)
	at com.kms.katalon.core.keyword.builtin.CallTestCaseKeyword$_callTestCase_closure1.call(CallTestCaseKeyword.groovy)
	at com.kms.katalon.core.keyword.internal.KeywordMain.runKeyword(KeywordMain.groovy:68)
	at com.kms.katalon.core.keyword.builtin.CallTestCaseKeyword.callTestCase(CallTestCaseKeyword.groovy:81)
	at com.kms.katalon.core.keyword.builtin.CallTestCaseKeyword.execute(CallTestCaseKeyword.groovy:44)
	at com.kms.katalon.core.keyword.internal.KeywordExecutor.executeKeywordForPlatform(KeywordExecutor.groovy:73)
	at com.kms.katalon.core.keyword.BuiltinKeywords.callTestCase(BuiltinKeywords.groovy:334)
	at TC_CMPLX_014.run(TC_CMPLX_014:19)
	at com.kms.katalon.core.main.ScriptEngine.run(ScriptEngine.java:194)
	at com.kms.katalon.core.main.ScriptEngine.runScriptAsRawText(ScriptEngine.java:119)
	at com.kms.katalon.core.main.TestCaseExecutor.runScript(TestCaseExecutor.java:339)
	at com.kms.katalon.core.main.TestCaseExecutor.doExecute(TestCaseExecutor.java:330)
	at com.kms.katalon.core.main.TestCaseExecutor.processExecutionPhase(TestCaseExecutor.java:309)
	at com.kms.katalon.core.main.TestCaseExecutor.accessMainPhase(TestCaseExecutor.java:301)
	at com.kms.katalon.core.main.TestCaseExecutor.execute(TestCaseExecutor.java:235)
	at com.kms.katalon.core.main.TestSuiteExecutor.accessTestCaseMainPhase(TestSuiteExecutor.java:191)
	at com.kms.katalon.core.main.TestSuiteExecutor.accessTestSuiteMainPhase(TestSuiteExecutor.java:141)
	at com.kms.katalon.core.main.TestSuiteExecutor.execute(TestSuiteExecutor.java:90)
	at com.kms.katalon.core.main.TestCaseMain.startTestSuite(TestCaseMain.java:157)
	at com.kms.katalon.core.main.TestCaseMain$startTestSuite$0.call(Unknown Source)
	at TempTestSuite1615251524633.run(TempTestSuite1615251524633.groovy:39)
Caused by: com.kms.katalon.core.webui.exception.WebElementNotFoundException: Web element with id: 'Object Repository/Admin/Plugin Navigation/link_plugin' located by '//div[@id='mySidebar']/div[2]/div/ul/li[13]/a/span' not found
	at com.kms.katalon.core.webui.common.WebUiCommonHelper.findWebElement(WebUiCommonHelper.java:1368)
	at com.kms.katalon.core.webui.keyword.internal.WebUIAbstractKeyword.findWebElement(WebUIAbstractKeyword.groovy:27)
	at com.kms.katalon.core.webui.keyword.internal.WebUIAbstractKeyword.findWebElement(WebUIAbstractKeyword.groovy:26)
	at com.kms.katalon.core.webui.keyword.builtin.ClickKeyword$_click_closure1.doCall(ClickKeyword.groovy:67)
	at com.kms.katalon.core.webui.keyword.builtin.ClickKeyword$_click_closure1.call(ClickKeyword.groovy)
	at com.kms.katalon.core.webui.keyword.internal.WebUIKeywordMain.runKeyword(WebUIKeywordMain.groovy:20)
	at com.kms.katalon.core.webui.keyword.builtin.ClickKeyword.click(ClickKeyword.groovy:76)
	at com.kms.katalon.core.webui.keyword.builtin.ClickKeyword.execute(ClickKeyword.groovy:43)
	at com.kms.katalon.core.keyword.internal.KeywordExecutor.executeKeywordForPlatform(KeywordExecutor.groovy:73)
	at com.kms.katalon.core.webui.keyword.WebUiBuiltInKeywords.click(WebUiBuiltInKeywords.groovy:616)
	at com.kms.katalon.core.webui.keyword.WebUiBuiltInKeywords$click$4.call(Unknown Source)
	at Script1601004585440.run(Script1601004585440.groovy:19)
	at com.kms.katalon.core.main.ScriptEngine.run(ScriptEngine.java:194)
	at com.kms.katalon.core.main.ScriptEngine.runScriptAsRawText(ScriptEngine.java:119)
	at com.kms.katalon.core.main.TestCaseExecutor.runScript(TestCaseExecutor.java:339)
	at com.kms.katalon.core.main.TestCaseExecutor.doExecute(TestCaseExecutor.java:330)
	at com.kms.katalon.core.main.TestCaseExecutor.processExecutionPhase(TestCaseExecutor.java:309)
	at com.kms.katalon.core.main.TestCaseExecutor.accessMainPhase(TestCaseExecutor.java:301)
	at com.kms.katalon.core.main.TestCaseExecutor.execute(TestCaseExecutor.java:235)
	at com.kms.katalon.core.main.TestCaseMain.runTestCase(TestCaseMain.java:114)
	at com.kms.katalon.core.keyword.builtin.CallTestCaseKeyword$_callTestCase_closure1.doCall(CallTestCaseKeyword.groovy:59)
	at com.kms.katalon.core.keyword.builtin.CallTestCaseKeyword$_callTestCase_closure1.call(CallTestCaseKeyword.groovy)
	at com.kms.katalon.core.keyword.internal.KeywordMain.runKeyword(KeywordMain.groovy:68)
	at com.kms.katalon.core.keyword.builtin.CallTestCaseKeyword.callTestCase(CallTestCaseKeyword.groovy:81)
	at com.kms.katalon.core.keyword.builtin.CallTestCaseKeyword.execute(CallTestCaseKeyword.groovy:44)
	at com.kms.katalon.core.keyword.internal.KeywordExecutor.executeKeywordForPlatform(KeywordExecutor.groovy:73)
	at com.kms.katalon.core.keyword.BuiltinKeywords.callTestCase(BuiltinKeywords.groovy:334)
	at Script1601684639673.run(Script1601684639673.groovy:22)
	at com.kms.katalon.core.main.ScriptEngine.run(ScriptEngine.java:194)
	at com.kms.katalon.core.main.ScriptEngine.runScriptAsRawText(ScriptEngine.java:119)
	at com.kms.katalon.core.main.TestCaseExecutor.runScript(TestCaseExecutor.java:339)
	at com.kms.katalon.core.main.TestCaseExecutor.doExecute(TestCaseExecutor.java:330)
	at com.kms.katalon.core.main.TestCaseExecutor.processExecutionPhase(TestCaseExecutor.java:309)
	at com.kms.katalon.core.main.TestCaseExecutor.accessMainPhase(TestCaseExecutor.java:301)
	at com.kms.katalon.core.main.TestCaseExecutor.execute(TestCaseExecutor.java:235)
	at com.kms.katalon.core.main.TestCaseMain.runTestCase(TestCaseMain.java:114)
	at com.kms.katalon.core.keyword.builtin.CallTestCaseKeyword$_callTestCase_closure1.doCall(CallTestCaseKeyword.groovy:59)
	at com.kms.katalon.core.keyword.builtin.CallTestCaseKeyword$_callTestCase_closure1.call(CallTestCaseKeyword.groovy)
	at com.kms.katalon.core.keyword.internal.KeywordMain.runKeyword(KeywordMain.groovy:68)
	at com.kms.katalon.core.keyword.builtin.CallTestCaseKeyword.callTestCase(CallTestCaseKeyword.groovy:81)
	at com.kms.katalon.core.keyword.builtin.CallTestCaseKeyword.execute(CallTestCaseKeyword.groovy:44)
	at com.kms.katalon.core.keyword.internal.KeywordExecutor.executeKeywordForPlatform(KeywordExecutor.groovy:73)
	at com.kms.katalon.core.keyword.BuiltinKeywords.callTestCase(BuiltinKeywords.groovy:334)
	at Script1601691736057.run(Script1601691736057.groovy:19)
	... 13 more
)

2021-03-09 09:04:09 - [MESSAGE][INFO] - Unable to find the element located by 'By.xpath: //div[@id='mySidebar']/div[2]/div/ul/li[13]/a/span'. Please recheck the objects properties to make sure the desired element is located. 

2021-03-09 09:04:09 - [MESSAGE][FAILED] - Unable to click on object 'Object Repository/Admin/Plugin Navigation/link_plugin' (Root cause: com.kms.katalon.core.exception.StepFailedException: Unable to click on object 'Object Repository/Admin/Plugin Navigation/link_plugin'
	at com.kms.katalon.core.webui.keyword.internal.WebUIKeywordMain.stepFailed(WebUIKeywordMain.groovy:64)
	at com.kms.katalon.core.webui.keyword.internal.WebUIKeywordMain.runKeyword(WebUIKeywordMain.groovy:26)
	at com.kms.katalon.core.webui.keyword.builtin.ClickKeyword.click(ClickKeyword.groovy:76)
	at com.kms.katalon.core.webui.keyword.builtin.ClickKeyword.execute(ClickKeyword.groovy:43)
	at com.kms.katalon.core.keyword.internal.KeywordExecutor.executeKeywordForPlatform(KeywordExecutor.groovy:73)
	at com.kms.katalon.core.webui.keyword.WebUiBuiltInKeywords.click(WebUiBuiltInKeywords.groovy:616)
	at com.kms.katalon.core.webui.keyword.WebUiBuiltInKeywords$click$4.call(Unknown Source)
	at Navigate to Plugin.run(Navigate to Plugin:19)
	at com.kms.katalon.core.main.ScriptEngine.run(ScriptEngine.java:194)
	at com.kms.katalon.core.main.ScriptEngine.runScriptAsRawText(ScriptEngine.java:119)
	at com.kms.katalon.core.main.TestCaseExecutor.runScript(TestCaseExecutor.java:339)
	at com.kms.katalon.core.main.TestCaseExecutor.doExecute(TestCaseExecutor.java:330)
	at com.kms.katalon.core.main.TestCaseExecutor.processExecutionPhase(TestCaseExecutor.java:309)
	at com.kms.katalon.core.main.TestCaseExecutor.accessMainPhase(TestCaseExecutor.java:301)
	at com.kms.katalon.core.main.TestCaseExecutor.execute(TestCaseExecutor.java:235)
	at com.kms.katalon.core.main.TestCaseMain.runTestCase(TestCaseMain.java:114)
	at com.kms.katalon.core.keyword.builtin.CallTestCaseKeyword$_callTestCase_closure1.doCall(CallTestCaseKeyword.groovy:59)
	at com.kms.katalon.core.keyword.builtin.CallTestCaseKeyword$_callTestCase_closure1.call(CallTestCaseKeyword.groovy)
	at com.kms.katalon.core.keyword.internal.KeywordMain.runKeyword(KeywordMain.groovy:68)
	at com.kms.katalon.core.keyword.builtin.CallTestCaseKeyword.callTestCase(CallTestCaseKeyword.groovy:81)
	at com.kms.katalon.core.keyword.builtin.CallTestCaseKeyword.execute(CallTestCaseKeyword.groovy:44)
	at com.kms.katalon.core.keyword.internal.KeywordExecutor.executeKeywordForPlatform(KeywordExecutor.groovy:73)
	at com.kms.katalon.core.keyword.BuiltinKeywords.callTestCase(BuiltinKeywords.groovy:334)
	at Add New Text Custom Field.run(Add New Text Custom Field:22)
	at com.kms.katalon.core.main.ScriptEngine.run(ScriptEngine.java:194)
	at com.kms.katalon.core.main.ScriptEngine.runScriptAsRawText(ScriptEngine.java:119)
	at com.kms.katalon.core.main.TestCaseExecutor.runScript(TestCaseExecutor.java:339)
	at com.kms.katalon.core.main.TestCaseExecutor.doExecute(TestCaseExecutor.java:330)
	at com.kms.katalon.core.main.TestCaseExecutor.processExecutionPhase(TestCaseExecutor.java:309)
	at com.kms.katalon.core.main.TestCaseExecutor.accessMainPhase(TestCaseExecutor.java:301)
	at com.kms.katalon.core.main.TestCaseExecutor.execute(TestCaseExecutor.java:235)
	at com.kms.katalon.core.main.TestCaseMain.runTestCase(TestCaseMain.java:114)
	at com.kms.katalon.core.keyword.builtin.CallTestCaseKeyword$_callTestCase_closure1.doCall(CallTestCaseKeyword.groovy:59)
	at com.kms.katalon.core.keyword.builtin.CallTestCaseKeyword$_callTestCase_closure1.call(CallTestCaseKeyword.groovy)
	at com.kms.katalon.core.keyword.internal.KeywordMain.runKeyword(KeywordMain.groovy:68)
	at com.kms.katalon.core.keyword.builtin.CallTestCaseKeyword.callTestCase(CallTestCaseKeyword.groovy:81)
	at com.kms.katalon.core.keyword.builtin.CallTestCaseKeyword.execute(CallTestCaseKeyword.groovy:44)
	at com.kms.katalon.core.keyword.internal.KeywordExecutor.executeKeywordForPlatform(KeywordExecutor.groovy:73)
	at com.kms.katalon.core.keyword.BuiltinKeywords.callTestCase(BuiltinKeywords.groovy:334)
	at TC_CMPLX_014.run(TC_CMPLX_014:19)
	at com.kms.katalon.core.main.ScriptEngine.run(ScriptEngine.java:194)
	at com.kms.katalon.core.main.ScriptEngine.runScriptAsRawText(ScriptEngine.java:119)
	at com.kms.katalon.core.main.TestCaseExecutor.runScript(TestCaseExecutor.java:339)
	at com.kms.katalon.core.main.TestCaseExecutor.doExecute(TestCaseExecutor.java:330)
	at com.kms.katalon.core.main.TestCaseExecutor.processExecutionPhase(TestCaseExecutor.java:309)
	at com.kms.katalon.core.main.TestCaseExecutor.accessMainPhase(TestCaseExecutor.java:301)
	at com.kms.katalon.core.main.TestCaseExecutor.execute(TestCaseExecutor.java:235)
	at com.kms.katalon.core.main.TestSuiteExecutor.accessTestCaseMainPhase(TestSuiteExecutor.java:191)
	at com.kms.katalon.core.main.TestSuiteExecutor.accessTestSuiteMainPhase(TestSuiteExecutor.java:141)
	at com.kms.katalon.core.main.TestSuiteExecutor.execute(TestSuiteExecutor.java:90)
	at com.kms.katalon.core.main.TestCaseMain.startTestSuite(TestCaseMain.java:157)
	at com.kms.katalon.core.main.TestCaseMain$startTestSuite$0.call(Unknown Source)
	at TempTestSuite1615251524633.run(TempTestSuite1615251524633.groovy:39)
Caused by: com.kms.katalon.core.webui.exception.WebElementNotFoundException: Web element with id: 'Object Repository/Admin/Plugin Navigation/link_plugin' located by '//div[@id='mySidebar']/div[2]/div/ul/li[13]/a/span' not found
	at com.kms.katalon.core.webui.common.WebUiCommonHelper.findWebElement(WebUiCommonHelper.java:1368)
	at com.kms.katalon.core.webui.keyword.internal.WebUIAbstractKeyword.findWebElement(WebUIAbstractKeyword.groovy:27)
	at com.kms.katalon.core.webui.keyword.internal.WebUIAbstractKeyword.findWebElement(WebUIAbstractKeyword.groovy:26)
	at com.kms.katalon.core.webui.keyword.builtin.ClickKeyword$_click_closure1.doCall(ClickKeyword.groovy:67)
	at com.kms.katalon.core.webui.keyword.builtin.ClickKeyword$_click_closure1.call(ClickKeyword.groovy)
	at com.kms.katalon.core.webui.keyword.internal.WebUIKeywordMain.runKeyword(WebUIKeywordMain.groovy:20)
	at com.kms.katalon.core.webui.keyword.builtin.ClickKeyword.click(ClickKeyword.groovy:76)
	at com.kms.katalon.core.webui.keyword.builtin.ClickKeyword.execute(ClickKeyword.groovy:43)
	at com.kms.katalon.core.keyword.internal.KeywordExecutor.executeKeywordForPlatform(KeywordExecutor.groovy:73)
	at com.kms.katalon.core.webui.keyword.WebUiBuiltInKeywords.click(WebUiBuiltInKeywords.groovy:616)
	at com.kms.katalon.core.webui.keyword.WebUiBuiltInKeywords$click$4.call(Unknown Source)
	at Script1601004585440.run(Script1601004585440.groovy:19)
	at com.kms.katalon.core.main.ScriptEngine.run(ScriptEngine.java:194)
	at com.kms.katalon.core.main.ScriptEngine.runScriptAsRawText(ScriptEngine.java:119)
	at com.kms.katalon.core.main.TestCaseExecutor.runScript(TestCaseExecutor.java:339)
	at com.kms.katalon.core.main.TestCaseExecutor.doExecute(TestCaseExecutor.java:330)
	at com.kms.katalon.core.main.TestCaseExecutor.processExecutionPhase(TestCaseExecutor.java:309)
	at com.kms.katalon.core.main.TestCaseExecutor.accessMainPhase(TestCaseExecutor.java:301)
	at com.kms.katalon.core.main.TestCaseExecutor.execute(TestCaseExecutor.java:235)
	at com.kms.katalon.core.main.TestCaseMain.runTestCase(TestCaseMain.java:114)
	at com.kms.katalon.core.keyword.builtin.CallTestCaseKeyword$_callTestCase_closure1.doCall(CallTestCaseKeyword.groovy:59)
	at com.kms.katalon.core.keyword.builtin.CallTestCaseKeyword$_callTestCase_closure1.call(CallTestCaseKeyword.groovy)
	at com.kms.katalon.core.keyword.internal.KeywordMain.runKeyword(KeywordMain.groovy:68)
	at com.kms.katalon.core.keyword.builtin.CallTestCaseKeyword.callTestCase(CallTestCaseKeyword.groovy:81)
	at com.kms.katalon.core.keyword.builtin.CallTestCaseKeyword.execute(CallTestCaseKeyword.groovy:44)
	at com.kms.katalon.core.keyword.internal.KeywordExecutor.executeKeywordForPlatform(KeywordExecutor.groovy:73)
	at com.kms.katalon.core.keyword.BuiltinKeywords.callTestCase(BuiltinKeywords.groovy:334)
	at Script1601684639673.run(Script1601684639673.groovy:22)
	at com.kms.katalon.core.main.ScriptEngine.run(ScriptEngine.java:194)
	at com.kms.katalon.core.main.ScriptEngine.runScriptAsRawText(ScriptEngine.java:119)
	at com.kms.katalon.core.main.TestCaseExecutor.runScript(TestCaseExecutor.java:339)
	at com.kms.katalon.core.main.TestCaseExecutor.doExecute(TestCaseExecutor.java:330)
	at com.kms.katalon.core.main.TestCaseExecutor.processExecutionPhase(TestCaseExecutor.java:309)
	at com.kms.katalon.core.main.TestCaseExecutor.accessMainPhase(TestCaseExecutor.java:301)
	at com.kms.katalon.core.main.TestCaseExecutor.execute(TestCaseExecutor.java:235)
	at com.kms.katalon.core.main.TestCaseMain.runTestCase(TestCaseMain.java:114)
	at com.kms.katalon.core.keyword.builtin.CallTestCaseKeyword$_callTestCase_closure1.doCall(CallTestCaseKeyword.groovy:59)
	at com.kms.katalon.core.keyword.builtin.CallTestCaseKeyword$_callTestCase_closure1.call(CallTestCaseKeyword.groovy)
	at com.kms.katalon.core.keyword.internal.KeywordMain.runKeyword(KeywordMain.groovy:68)
	at com.kms.katalon.core.keyword.builtin.CallTestCaseKeyword.callTestCase(CallTestCaseKeyword.groovy:81)
	at com.kms.katalon.core.keyword.builtin.CallTestCaseKeyword.execute(CallTestCaseKeyword.groovy:44)
	at com.kms.katalon.core.keyword.internal.KeywordExecutor.executeKeywordForPlatform(KeywordExecutor.groovy:73)
	at com.kms.katalon.core.keyword.BuiltinKeywords.callTestCase(BuiltinKeywords.groovy:334)
	at Script1601691736057.run(Script1601691736057.groovy:19)
	... 13 more
)
[[ATTACHMENT|D:\\GITHUB\\automation_profile_input\\Reports\\20210309_085844\\User Settings\\20210309_085844\\1615251849168.png]]

2021-03-09 09:04:09 - [MESSAGE][FAILED] - Unable to call Test Case 'Test Cases/Utilities/Navigate to Plugin' (Root cause: com.kms.katalon.core.exception.StepFailedException: Call Test Case 'Test Cases/Utilities/Navigate to Plugin' failed
	at com.kms.katalon.core.keyword.builtin.CallTestCaseKeyword$_callTestCase_closure1.doCall(CallTestCaseKeyword.groovy:63)
	at com.kms.katalon.core.keyword.builtin.CallTestCaseKeyword$_callTestCase_closure1.call(CallTestCaseKeyword.groovy)
	at com.kms.katalon.core.keyword.internal.KeywordMain.runKeyword(KeywordMain.groovy:68)
	at com.kms.katalon.core.keyword.builtin.CallTestCaseKeyword.callTestCase(CallTestCaseKeyword.groovy:81)
	at com.kms.katalon.core.keyword.builtin.CallTestCaseKeyword.execute(CallTestCaseKeyword.groovy:44)
	at com.kms.katalon.core.keyword.internal.KeywordExecutor.executeKeywordForPlatform(KeywordExecutor.groovy:73)
	at com.kms.katalon.core.keyword.BuiltinKeywords.callTestCase(BuiltinKeywords.groovy:334)
	at Add New Text Custom Field.run(Add New Text Custom Field:22)
	at com.kms.katalon.core.main.ScriptEngine.run(ScriptEngine.java:194)
	at com.kms.katalon.core.main.ScriptEngine.runScriptAsRawText(ScriptEngine.java:119)
	at com.kms.katalon.core.main.TestCaseExecutor.runScript(TestCaseExecutor.java:339)
	at com.kms.katalon.core.main.TestCaseExecutor.doExecute(TestCaseExecutor.java:330)
	at com.kms.katalon.core.main.TestCaseExecutor.processExecutionPhase(TestCaseExecutor.java:309)
	at com.kms.katalon.core.main.TestCaseExecutor.accessMainPhase(TestCaseExecutor.java:301)
	at com.kms.katalon.core.main.TestCaseExecutor.execute(TestCaseExecutor.java:235)
	at com.kms.katalon.core.main.TestCaseMain.runTestCase(TestCaseMain.java:114)
	at com.kms.katalon.core.keyword.builtin.CallTestCaseKeyword$_callTestCase_closure1.doCall(CallTestCaseKeyword.groovy:59)
	at com.kms.katalon.core.keyword.builtin.CallTestCaseKeyword$_callTestCase_closure1.call(CallTestCaseKeyword.groovy)
	at com.kms.katalon.core.keyword.internal.KeywordMain.runKeyword(KeywordMain.groovy:68)
	at com.kms.katalon.core.keyword.builtin.CallTestCaseKeyword.callTestCase(CallTestCaseKeyword.groovy:81)
	at com.kms.katalon.core.keyword.builtin.CallTestCaseKeyword.execute(CallTestCaseKeyword.groovy:44)
	at com.kms.katalon.core.keyword.internal.KeywordExecutor.executeKeywordForPlatform(KeywordExecutor.groovy:73)
	at com.kms.katalon.core.keyword.BuiltinKeywords.callTestCase(BuiltinKeywords.groovy:334)
	at TC_CMPLX_014.run(TC_CMPLX_014:19)
	at com.kms.katalon.core.main.ScriptEngine.run(ScriptEngine.java:194)
	at com.kms.katalon.core.main.ScriptEngine.runScriptAsRawText(ScriptEngine.java:119)
	at com.kms.katalon.core.main.TestCaseExecutor.runScript(TestCaseExecutor.java:339)
	at com.kms.katalon.core.main.TestCaseExecutor.doExecute(TestCaseExecutor.java:330)
	at com.kms.katalon.core.main.TestCaseExecutor.processExecutionPhase(TestCaseExecutor.java:309)
	at com.kms.katalon.core.main.TestCaseExecutor.accessMainPhase(TestCaseExecutor.java:301)
	at com.kms.katalon.core.main.TestCaseExecutor.execute(TestCaseExecutor.java:235)
	at com.kms.katalon.core.main.TestSuiteExecutor.accessTestCaseMainPhase(TestSuiteExecutor.java:191)
	at com.kms.katalon.core.main.TestSuiteExecutor.accessTestSuiteMainPhase(TestSuiteExecutor.java:141)
	at com.kms.katalon.core.main.TestSuiteExecutor.execute(TestSuiteExecutor.java:90)
	at com.kms.katalon.core.main.TestCaseMain.startTestSuite(TestCaseMain.java:157)
	at com.kms.katalon.core.main.TestCaseMain$startTestSuite$0.call(Unknown Source)
	at TempTestSuite1615251524633.run(TempTestSuite1615251524633.groovy:39)
Caused by: com.kms.katalon.core.exception.StepFailedException: Unable to click on object 'Object Repository/Admin/Plugin Navigation/link_plugin'
	at com.kms.katalon.core.webui.keyword.internal.WebUIKeywordMain.stepFailed(WebUIKeywordMain.groovy:64)
	at com.kms.katalon.core.webui.keyword.internal.WebUIKeywordMain.runKeyword(WebUIKeywordMain.groovy:26)
	at com.kms.katalon.core.webui.keyword.builtin.ClickKeyword.click(ClickKeyword.groovy:76)
	at com.kms.katalon.core.webui.keyword.builtin.ClickKeyword.execute(ClickKeyword.groovy:43)
	at com.kms.katalon.core.keyword.internal.KeywordExecutor.executeKeywordForPlatform(KeywordExecutor.groovy:73)
	at com.kms.katalon.core.webui.keyword.WebUiBuiltInKeywords.click(WebUiBuiltInKeywords.groovy:616)
	at com.kms.katalon.core.webui.keyword.WebUiBuiltInKeywords$click$4.call(Unknown Source)
	at Navigate to Plugin.run(Navigate to Plugin:19)
	at com.kms.katalon.core.main.ScriptEngine.run(ScriptEngine.java:194)
	at com.kms.katalon.core.main.ScriptEngine.runScriptAsRawText(ScriptEngine.java:119)
	at com.kms.katalon.core.main.TestCaseExecutor.runScript(TestCaseExecutor.java:339)
	at com.kms.katalon.core.main.TestCaseExecutor.doExecute(TestCaseExecutor.java:330)
	at com.kms.katalon.core.main.TestCaseExecutor.processExecutionPhase(TestCaseExecutor.java:309)
	at com.kms.katalon.core.main.TestCaseExecutor.accessMainPhase(TestCaseExecutor.java:301)
	at com.kms.katalon.core.main.TestCaseExecutor.execute(TestCaseExecutor.java:235)
	at com.kms.katalon.core.main.TestCaseMain.runTestCase(TestCaseMain.java:114)
	at com.kms.katalon.core.keyword.builtin.CallTestCaseKeyword$_callTestCase_closure1.doCall(CallTestCaseKeyword.groovy:59)
	... 36 more
Caused by: com.kms.katalon.core.webui.exception.WebElementNotFoundException: Web element with id: 'Object Repository/Admin/Plugin Navigation/link_plugin' located by '//div[@id='mySidebar']/div[2]/div/ul/li[13]/a/span' not found
	at com.kms.katalon.core.webui.common.WebUiCommonHelper.findWebElement(WebUiCommonHelper.java:1368)
	at com.kms.katalon.core.webui.keyword.internal.WebUIAbstractKeyword.findWebElement(WebUIAbstractKeyword.groovy:27)
	at com.kms.katalon.core.webui.keyword.internal.WebUIAbstractKeyword.findWebElement(WebUIAbstractKeyword.groovy:26)
	at com.kms.katalon.core.webui.keyword.builtin.ClickKeyword$_click_closure1.doCall(ClickKeyword.groovy:67)
	at com.kms.katalon.core.webui.keyword.builtin.ClickKeyword$_click_closure1.call(ClickKeyword.groovy)
	at com.kms.katalon.core.webui.keyword.internal.WebUIKeywordMain.runKeyword(WebUIKeywordMain.groovy:20)
	... 51 more
)

2021-03-09 09:04:09 - [MESSAGE][FAILED] - Unable to call Test Case 'Test Cases/Utilities/Add New Text Custom Field' (Root cause: com.kms.katalon.core.exception.StepFailedException: Call Test Case 'Test Cases/Utilities/Add New Text Custom Field' failed
	at com.kms.katalon.core.keyword.builtin.CallTestCaseKeyword$_callTestCase_closure1.doCall(CallTestCaseKeyword.groovy:63)
	at com.kms.katalon.core.keyword.builtin.CallTestCaseKeyword$_callTestCase_closure1.call(CallTestCaseKeyword.groovy)
	at com.kms.katalon.core.keyword.internal.KeywordMain.runKeyword(KeywordMain.groovy:68)
	at com.kms.katalon.core.keyword.builtin.CallTestCaseKeyword.callTestCase(CallTestCaseKeyword.groovy:81)
	at com.kms.katalon.core.keyword.builtin.CallTestCaseKeyword.execute(CallTestCaseKeyword.groovy:44)
	at com.kms.katalon.core.keyword.internal.KeywordExecutor.executeKeywordForPlatform(KeywordExecutor.groovy:73)
	at com.kms.katalon.core.keyword.BuiltinKeywords.callTestCase(BuiltinKeywords.groovy:334)
	at TC_CMPLX_014.run(TC_CMPLX_014:19)
	at com.kms.katalon.core.main.ScriptEngine.run(ScriptEngine.java:194)
	at com.kms.katalon.core.main.ScriptEngine.runScriptAsRawText(ScriptEngine.java:119)
	at com.kms.katalon.core.main.TestCaseExecutor.runScript(TestCaseExecutor.java:339)
	at com.kms.katalon.core.main.TestCaseExecutor.doExecute(TestCaseExecutor.java:330)
	at com.kms.katalon.core.main.TestCaseExecutor.processExecutionPhase(TestCaseExecutor.java:309)
	at com.kms.katalon.core.main.TestCaseExecutor.accessMainPhase(TestCaseExecutor.java:301)
	at com.kms.katalon.core.main.TestCaseExecutor.execute(TestCaseExecutor.java:235)
	at com.kms.katalon.core.main.TestSuiteExecutor.accessTestCaseMainPhase(TestSuiteExecutor.java:191)
	at com.kms.katalon.core.main.TestSuiteExecutor.accessTestSuiteMainPhase(TestSuiteExecutor.java:141)
	at com.kms.katalon.core.main.TestSuiteExecutor.execute(TestSuiteExecutor.java:90)
	at com.kms.katalon.core.main.TestCaseMain.startTestSuite(TestCaseMain.java:157)
	at com.kms.katalon.core.main.TestCaseMain$startTestSuite$0.call(Unknown Source)
	at TempTestSuite1615251524633.run(TempTestSuite1615251524633.groovy:39)
Caused by: com.kms.katalon.core.exception.StepFailedException: Call Test Case 'Test Cases/Utilities/Navigate to Plugin' failed
	at com.kms.katalon.core.keyword.builtin.CallTestCaseKeyword$_callTestCase_closure1.doCall(CallTestCaseKeyword.groovy:63)
	at com.kms.katalon.core.keyword.builtin.CallTestCaseKeyword$_callTestCase_closure1.call(CallTestCaseKeyword.groovy)
	at com.kms.katalon.core.keyword.internal.KeywordMain.runKeyword(KeywordMain.groovy:68)
	at com.kms.katalon.core.keyword.builtin.CallTestCaseKeyword.callTestCase(CallTestCaseKeyword.groovy:81)
	at com.kms.katalon.core.keyword.builtin.CallTestCaseKeyword.execute(CallTestCaseKeyword.groovy:44)
	at com.kms.katalon.core.keyword.internal.KeywordExecutor.executeKeywordForPlatform(KeywordExecutor.groovy:73)
	at com.kms.katalon.core.keyword.BuiltinKeywords.callTestCase(BuiltinKeywords.groovy:334)
	at Add New Text Custom Field.run(Add New Text Custom Field:22)
	at com.kms.katalon.core.main.ScriptEngine.run(ScriptEngine.java:194)
	at com.kms.katalon.core.main.ScriptEngine.runScriptAsRawText(ScriptEngine.java:119)
	at com.kms.katalon.core.main.TestCaseExecutor.runScript(TestCaseExecutor.java:339)
	at com.kms.katalon.core.main.TestCaseExecutor.doExecute(TestCaseExecutor.java:330)
	at com.kms.katalon.core.main.TestCaseExecutor.processExecutionPhase(TestCaseExecutor.java:309)
	at com.kms.katalon.core.main.TestCaseExecutor.accessMainPhase(TestCaseExecutor.java:301)
	at com.kms.katalon.core.main.TestCaseExecutor.execute(TestCaseExecutor.java:235)
	at com.kms.katalon.core.main.TestCaseMain.runTestCase(TestCaseMain.java:114)
	at com.kms.katalon.core.keyword.builtin.CallTestCaseKeyword$_callTestCase_closure1.doCall(CallTestCaseKeyword.groovy:59)
	... 20 more
Caused by: com.kms.katalon.core.exception.StepFailedException: Unable to click on object 'Object Repository/Admin/Plugin Navigation/link_plugin'
	at com.kms.katalon.core.webui.keyword.internal.WebUIKeywordMain.stepFailed(WebUIKeywordMain.groovy:64)
	at com.kms.katalon.core.webui.keyword.internal.WebUIKeywordMain.runKeyword(WebUIKeywordMain.groovy:26)
	at com.kms.katalon.core.webui.keyword.builtin.ClickKeyword.click(ClickKeyword.groovy:76)
	at com.kms.katalon.core.webui.keyword.builtin.ClickKeyword.execute(ClickKeyword.groovy:43)
	at com.kms.katalon.core.keyword.internal.KeywordExecutor.executeKeywordForPlatform(KeywordExecutor.groovy:73)
	at com.kms.katalon.core.webui.keyword.WebUiBuiltInKeywords.click(WebUiBuiltInKeywords.groovy:616)
	at com.kms.katalon.core.webui.keyword.WebUiBuiltInKeywords$click$4.call(Unknown Source)
	at Navigate to Plugin.run(Navigate to Plugin:19)
	at com.kms.katalon.core.main.ScriptEngine.run(ScriptEngine.java:194)
	at com.kms.katalon.core.main.ScriptEngine.runScriptAsRawText(ScriptEngine.java:119)
	at com.kms.katalon.core.main.TestCaseExecutor.runScript(TestCaseExecutor.java:339)
	at com.kms.katalon.core.main.TestCaseExecutor.doExecute(TestCaseExecutor.java:330)
	at com.kms.katalon.core.main.TestCaseExecutor.processExecutionPhase(TestCaseExecutor.java:309)
	at com.kms.katalon.core.main.TestCaseExecutor.accessMainPhase(TestCaseExecutor.java:301)
	at com.kms.katalon.core.main.TestCaseExecutor.execute(TestCaseExecutor.java:235)
	at com.kms.katalon.core.main.TestCaseMain.runTestCase(TestCaseMain.java:114)
	at com.kms.katalon.core.keyword.builtin.CallTestCaseKeyword$_callTestCase_closure1.doCall(CallTestCaseKeyword.groovy:59)
	... 36 more
Caused by: com.kms.katalon.core.webui.exception.WebElementNotFoundException: Web element with id: 'Object Repository/Admin/Plugin Navigation/link_plugin' located by '//div[@id='mySidebar']/div[2]/div/ul/li[13]/a/span' not found
	at com.kms.katalon.core.webui.common.WebUiCommonHelper.findWebElement(WebUiCommonHelper.java:1368)
	at com.kms.katalon.core.webui.keyword.internal.WebUIAbstractKeyword.findWebElement(WebUIAbstractKeyword.groovy:27)
	at com.kms.katalon.core.webui.keyword.internal.WebUIAbstractKeyword.findWebElement(WebUIAbstractKeyword.groovy:26)
	at com.kms.katalon.core.webui.keyword.builtin.ClickKeyword$_click_closure1.doCall(ClickKeyword.groovy:67)
	at com.kms.katalon.core.webui.keyword.builtin.ClickKeyword$_click_closure1.call(ClickKeyword.groovy)
	at com.kms.katalon.core.webui.keyword.internal.WebUIKeywordMain.runKeyword(WebUIKeywordMain.groovy:20)
	... 51 more
)]]></system-out>
         <system-err><![CDATA[2021-03-09 09:03:28 - [TEST_CASE][FAILED] - Test Cases/User Settings/COMPLEX/TC_CMPLX_014: Test Cases/User Settings/COMPLEX/TC_CMPLX_014 FAILED.
Reason:
com.kms.katalon.core.exception.StepFailedException: Call Test Case 'Test Cases/Utilities/Add New Text Custom Field' failed
	at com.kms.katalon.core.keyword.builtin.CallTestCaseKeyword$_callTestCase_closure1.doCall(CallTestCaseKeyword.groovy:63)
	at com.kms.katalon.core.keyword.builtin.CallTestCaseKeyword$_callTestCase_closure1.call(CallTestCaseKeyword.groovy)
	at com.kms.katalon.core.keyword.internal.KeywordMain.runKeyword(KeywordMain.groovy:68)
	at com.kms.katalon.core.keyword.builtin.CallTestCaseKeyword.callTestCase(CallTestCaseKeyword.groovy:81)
	at com.kms.katalon.core.keyword.builtin.CallTestCaseKeyword.execute(CallTestCaseKeyword.groovy:44)
	at com.kms.katalon.core.keyword.internal.KeywordExecutor.executeKeywordForPlatform(KeywordExecutor.groovy:73)
	at com.kms.katalon.core.keyword.BuiltinKeywords.callTestCase(BuiltinKeywords.groovy:334)
	at TC_CMPLX_014.run(TC_CMPLX_014:19)
	at com.kms.katalon.core.main.ScriptEngine.run(ScriptEngine.java:194)
	at com.kms.katalon.core.main.ScriptEngine.runScriptAsRawText(ScriptEngine.java:119)
	at com.kms.katalon.core.main.TestCaseExecutor.runScript(TestCaseExecutor.java:339)
	at com.kms.katalon.core.main.TestCaseExecutor.doExecute(TestCaseExecutor.java:330)
	at com.kms.katalon.core.main.TestCaseExecutor.processExecutionPhase(TestCaseExecutor.java:309)
	at com.kms.katalon.core.main.TestCaseExecutor.accessMainPhase(TestCaseExecutor.java:301)
	at com.kms.katalon.core.main.TestCaseExecutor.execute(TestCaseExecutor.java:235)
	at com.kms.katalon.core.main.TestSuiteExecutor.accessTestCaseMainPhase(TestSuiteExecutor.java:191)
	at com.kms.katalon.core.main.TestSuiteExecutor.accessTestSuiteMainPhase(TestSuiteExecutor.java:141)
	at com.kms.katalon.core.main.TestSuiteExecutor.execute(TestSuiteExecutor.java:90)
	at com.kms.katalon.core.main.TestCaseMain.startTestSuite(TestCaseMain.java:157)
	at com.kms.katalon.core.main.TestCaseMain$startTestSuite$0.call(Unknown Source)
	at TempTestSuite1615251524633.run(TempTestSuite1615251524633.groovy:39)
Caused by: com.kms.katalon.core.exception.StepFailedException: Call Test Case 'Test Cases/Utilities/Navigate to Plugin' failed
	at com.kms.katalon.core.keyword.builtin.CallTestCaseKeyword$_callTestCase_closure1.doCall(CallTestCaseKeyword.groovy:63)
	at com.kms.katalon.core.keyword.builtin.CallTestCaseKeyword$_callTestCase_closure1.call(CallTestCaseKeyword.groovy)
	at com.kms.katalon.core.keyword.internal.KeywordMain.runKeyword(KeywordMain.groovy:68)
	at com.kms.katalon.core.keyword.builtin.CallTestCaseKeyword.callTestCase(CallTestCaseKeyword.groovy:81)
	at com.kms.katalon.core.keyword.builtin.CallTestCaseKeyword.execute(CallTestCaseKeyword.groovy:44)
	at com.kms.katalon.core.keyword.internal.KeywordExecutor.executeKeywordForPlatform(KeywordExecutor.groovy:73)
	at com.kms.katalon.core.keyword.BuiltinKeywords.callTestCase(BuiltinKeywords.groovy:334)
	at Add New Text Custom Field.run(Add New Text Custom Field:22)
	at com.kms.katalon.core.main.ScriptEngine.run(ScriptEngine.java:194)
	at com.kms.katalon.core.main.ScriptEngine.runScriptAsRawText(ScriptEngine.java:119)
	at com.kms.katalon.core.main.TestCaseExecutor.runScript(TestCaseExecutor.java:339)
	at com.kms.katalon.core.main.TestCaseExecutor.doExecute(TestCaseExecutor.java:330)
	at com.kms.katalon.core.main.TestCaseExecutor.processExecutionPhase(TestCaseExecutor.java:309)
	at com.kms.katalon.core.main.TestCaseExecutor.accessMainPhase(TestCaseExecutor.java:301)
	at com.kms.katalon.core.main.TestCaseExecutor.execute(TestCaseExecutor.java:235)
	at com.kms.katalon.core.main.TestCaseMain.runTestCase(TestCaseMain.java:114)
	at com.kms.katalon.core.keyword.builtin.CallTestCaseKeyword$_callTestCase_closure1.doCall(CallTestCaseKeyword.groovy:59)
	... 20 more
Caused by: com.kms.katalon.core.exception.StepFailedException: Unable to click on object 'Object Repository/Admin/Plugin Navigation/link_plugin'
	at com.kms.katalon.core.webui.keyword.internal.WebUIKeywordMain.stepFailed(WebUIKeywordMain.groovy:64)
	at com.kms.katalon.core.webui.keyword.internal.WebUIKeywordMain.runKeyword(WebUIKeywordMain.groovy:26)
	at com.kms.katalon.core.webui.keyword.builtin.ClickKeyword.click(ClickKeyword.groovy:76)
	at com.kms.katalon.core.webui.keyword.builtin.ClickKeyword.execute(ClickKeyword.groovy:43)
	at com.kms.katalon.core.keyword.internal.KeywordExecutor.executeKeywordForPlatform(KeywordExecutor.groovy:73)
	at com.kms.katalon.core.webui.keyword.WebUiBuiltInKeywords.click(WebUiBuiltInKeywords.groovy:616)
	at com.kms.katalon.core.webui.keyword.WebUiBuiltInKeywords$click$4.call(Unknown Source)
	at Navigate to Plugin.run(Navigate to Plugin:19)
	at com.kms.katalon.core.main.ScriptEngine.run(ScriptEngine.java:194)
	at com.kms.katalon.core.main.ScriptEngine.runScriptAsRawText(ScriptEngine.java:119)
	at com.kms.katalon.core.main.TestCaseExecutor.runScript(TestCaseExecutor.java:339)
	at com.kms.katalon.core.main.TestCaseExecutor.doExecute(TestCaseExecutor.java:330)
	at com.kms.katalon.core.main.TestCaseExecutor.processExecutionPhase(TestCaseExecutor.java:309)
	at com.kms.katalon.core.main.TestCaseExecutor.accessMainPhase(TestCaseExecutor.java:301)
	at com.kms.katalon.core.main.TestCaseExecutor.execute(TestCaseExecutor.java:235)
	at com.kms.katalon.core.main.TestCaseMain.runTestCase(TestCaseMain.java:114)
	at com.kms.katalon.core.keyword.builtin.CallTestCaseKeyword$_callTestCase_closure1.doCall(CallTestCaseKeyword.groovy:59)
	... 36 more
Caused by: com.kms.katalon.core.webui.exception.WebElementNotFoundException: Web element with id: 'Object Repository/Admin/Plugin Navigation/link_plugin' located by '//div[@id='mySidebar']/div[2]/div/ul/li[13]/a/span' not found
	at com.kms.katalon.core.webui.common.WebUiCommonHelper.findWebElement(WebUiCommonHelper.java:1368)
	at com.kms.katalon.core.webui.keyword.internal.WebUIAbstractKeyword.findWebElement(WebUIAbstractKeyword.groovy:27)
	at com.kms.katalon.core.webui.keyword.internal.WebUIAbstractKeyword.findWebElement(WebUIAbstractKeyword.groovy:26)
	at com.kms.katalon.core.webui.keyword.builtin.ClickKeyword$_click_closure1.doCall(ClickKeyword.groovy:67)
	at com.kms.katalon.core.webui.keyword.builtin.ClickKeyword$_click_closure1.call(ClickKeyword.groovy)
	at com.kms.katalon.core.webui.keyword.internal.WebUIKeywordMain.runKeyword(WebUIKeywordMain.groovy:20)
	... 51 more]]></system-err>
      </testcase>
      <testcase name="Test Cases/User Settings/COMPLEX/TC_CMPLX_015" time="120.978" classname="Test Cases/User Settings/COMPLEX/TC_CMPLX_015" status="FAILED">
         <failure type="FAILED" message="Test Cases/User Settings/COMPLEX/TC_CMPLX_015 FAILED.
Reason:
com.kms.katalon.core.exception.StepFailedException: Call Test Case 'Test Cases/Utilities/Add New Text Custom Field' failed
	at com.kms.katalon.core.keyword.builtin.CallTestCaseKeyword$_callTestCase_closure1.doCall(CallTestCaseKeyword.groovy:63)
	at com.kms.katalon.core.keyword.builtin.CallTestCaseKeyword$_callTestCase_closure1.call(CallTestCaseKeyword.groovy)
	at com.kms.katalon.core.keyword.internal.KeywordMain.runKeyword(KeywordMain.groovy:68)
	at com.kms.katalon.core.keyword.builtin.CallTestCaseKeyword.callTestCase(CallTestCaseKeyword.groovy:81)
	at com.kms.katalon.core.keyword.builtin.CallTestCaseKeyword.execute(CallTestCaseKeyword.groovy:44)
	at com.kms.katalon.core.keyword.internal.KeywordExecutor.executeKeywordForPlatform(KeywordExecutor.groovy:73)
	at com.kms.katalon.core.keyword.BuiltinKeywords.callTestCase(BuiltinKeywords.groovy:334)
	at TC_CMPLX_015.run(TC_CMPLX_015:20)
	at com.kms.katalon.core.main.ScriptEngine.run(ScriptEngine.java:194)
	at com.kms.katalon.core.main.ScriptEngine.runScriptAsRawText(ScriptEngine.java:119)
	at com.kms.katalon.core.main.TestCaseExecutor.runScript(TestCaseExecutor.java:339)
	at com.kms.katalon.core.main.TestCaseExecutor.doExecute(TestCaseExecutor.java:330)
	at com.kms.katalon.core.main.TestCaseExecutor.processExecutionPhase(TestCaseExecutor.java:309)
	at com.kms.katalon.core.main.TestCaseExecutor.accessMainPhase(TestCaseExecutor.java:301)
	at com.kms.katalon.core.main.TestCaseExecutor.execute(TestCaseExecutor.java:235)
	at com.kms.katalon.core.main.TestSuiteExecutor.accessTestCaseMainPhase(TestSuiteExecutor.java:191)
	at com.kms.katalon.core.main.TestSuiteExecutor.accessTestSuiteMainPhase(TestSuiteExecutor.java:141)
	at com.kms.katalon.core.main.TestSuiteExecutor.execute(TestSuiteExecutor.java:90)
	at com.kms.katalon.core.main.TestCaseMain.startTestSuite(TestCaseMain.java:157)
	at com.kms.katalon.core.main.TestCaseMain$startTestSuite$0.call(Unknown Source)
	at TempTestSuite1615251524633.run(TempTestSuite1615251524633.groovy:39)
Caused by: com.kms.katalon.core.exception.StepFailedException: Unable to click on object 'Object Repository/Admin/Plugin Page/Add New Text CF/a_Add Profile Input Field'
	at com.kms.katalon.core.webui.keyword.internal.WebUIKeywordMain.stepFailed(WebUIKeywordMain.groovy:64)
	at com.kms.katalon.core.webui.keyword.internal.WebUIKeywordMain.runKeyword(WebUIKeywordMain.groovy:26)
	at com.kms.katalon.core.webui.keyword.builtin.ClickKeyword.click(ClickKeyword.groovy:76)
	at com.kms.katalon.core.webui.keyword.builtin.ClickKeyword.execute(ClickKeyword.groovy:43)
	at com.kms.katalon.core.keyword.internal.KeywordExecutor.executeKeywordForPlatform(KeywordExecutor.groovy:73)
	at com.kms.katalon.core.webui.keyword.WebUiBuiltInKeywords.click(WebUiBuiltInKeywords.groovy:616)
	at com.kms.katalon.core.webui.keyword.WebUiBuiltInKeywords$click$4.call(Unknown Source)
	at Add New Text Custom Field.run(Add New Text Custom Field:24)
	at com.kms.katalon.core.main.ScriptEngine.run(ScriptEngine.java:194)
	at com.kms.katalon.core.main.ScriptEngine.runScriptAsRawText(ScriptEngine.java:119)
	at com.kms.katalon.core.main.TestCaseExecutor.runScript(TestCaseExecutor.java:339)
	at com.kms.katalon.core.main.TestCaseExecutor.doExecute(TestCaseExecutor.java:330)
	at com.kms.katalon.core.main.TestCaseExecutor.processExecutionPhase(TestCaseExecutor.java:309)
	at com.kms.katalon.core.main.TestCaseExecutor.accessMainPhase(TestCaseExecutor.java:301)
	at com.kms.katalon.core.main.TestCaseExecutor.execute(TestCaseExecutor.java:235)
	at com.kms.katalon.core.main.TestCaseMain.runTestCase(TestCaseMain.java:114)
	at com.kms.katalon.core.keyword.builtin.CallTestCaseKeyword$_callTestCase_closure1.doCall(CallTestCaseKeyword.groovy:59)
	... 20 more
Caused by: com.kms.katalon.core.webui.exception.WebElementNotFoundException: Web element with id: 'Object Repository/Admin/Plugin Page/Add New Text CF/a_Add Profile Input Field' located by '//div[@id='main']/div[2]/div/div[2]/div/div/div/div[2]/div/div[3]/a' not found
	at com.kms.katalon.core.webui.common.WebUiCommonHelper.findWebElement(WebUiCommonHelper.java:1368)
	at com.kms.katalon.core.webui.keyword.internal.WebUIAbstractKeyword.findWebElement(WebUIAbstractKeyword.groovy:27)
	at com.kms.katalon.core.webui.keyword.internal.WebUIAbstractKeyword.findWebElement(WebUIAbstractKeyword.groovy:26)
	at com.kms.katalon.core.webui.keyword.builtin.ClickKeyword$_click_closure1.doCall(ClickKeyword.groovy:67)
	at com.kms.katalon.core.webui.keyword.builtin.ClickKeyword$_click_closure1.call(ClickKeyword.groovy)
	at com.kms.katalon.core.webui.keyword.internal.WebUIKeywordMain.runKeyword(WebUIKeywordMain.groovy:20)
	... 35 more
"/>
         <system-out><![CDATA[2021-03-09 09:04:09 - [TEST_CASE][FAILED] - Test Cases/User Settings/COMPLEX/TC_CMPLX_015: Test Cases/User Settings/COMPLEX/TC_CMPLX_015 FAILED.
Reason:
com.kms.katalon.core.exception.StepFailedException: Call Test Case 'Test Cases/Utilities/Add New Text Custom Field' failed
	at com.kms.katalon.core.keyword.builtin.CallTestCaseKeyword$_callTestCase_closure1.doCall(CallTestCaseKeyword.groovy:63)
	at com.kms.katalon.core.keyword.builtin.CallTestCaseKeyword$_callTestCase_closure1.call(CallTestCaseKeyword.groovy)
	at com.kms.katalon.core.keyword.internal.KeywordMain.runKeyword(KeywordMain.groovy:68)
	at com.kms.katalon.core.keyword.builtin.CallTestCaseKeyword.callTestCase(CallTestCaseKeyword.groovy:81)
	at com.kms.katalon.core.keyword.builtin.CallTestCaseKeyword.execute(CallTestCaseKeyword.groovy:44)
	at com.kms.katalon.core.keyword.internal.KeywordExecutor.executeKeywordForPlatform(KeywordExecutor.groovy:73)
	at com.kms.katalon.core.keyword.BuiltinKeywords.callTestCase(BuiltinKeywords.groovy:334)
	at TC_CMPLX_015.run(TC_CMPLX_015:20)
	at com.kms.katalon.core.main.ScriptEngine.run(ScriptEngine.java:194)
	at com.kms.katalon.core.main.ScriptEngine.runScriptAsRawText(ScriptEngine.java:119)
	at com.kms.katalon.core.main.TestCaseExecutor.runScript(TestCaseExecutor.java:339)
	at com.kms.katalon.core.main.TestCaseExecutor.doExecute(TestCaseExecutor.java:330)
	at com.kms.katalon.core.main.TestCaseExecutor.processExecutionPhase(TestCaseExecutor.java:309)
	at com.kms.katalon.core.main.TestCaseExecutor.accessMainPhase(TestCaseExecutor.java:301)
	at com.kms.katalon.core.main.TestCaseExecutor.execute(TestCaseExecutor.java:235)
	at com.kms.katalon.core.main.TestSuiteExecutor.accessTestCaseMainPhase(TestSuiteExecutor.java:191)
	at com.kms.katalon.core.main.TestSuiteExecutor.accessTestSuiteMainPhase(TestSuiteExecutor.java:141)
	at com.kms.katalon.core.main.TestSuiteExecutor.execute(TestSuiteExecutor.java:90)
	at com.kms.katalon.core.main.TestCaseMain.startTestSuite(TestCaseMain.java:157)
	at com.kms.katalon.core.main.TestCaseMain$startTestSuite$0.call(Unknown Source)
	at TempTestSuite1615251524633.run(TempTestSuite1615251524633.groovy:39)
Caused by: com.kms.katalon.core.exception.StepFailedException: Unable to click on object 'Object Repository/Admin/Plugin Page/Add New Text CF/a_Add Profile Input Field'
	at com.kms.katalon.core.webui.keyword.internal.WebUIKeywordMain.stepFailed(WebUIKeywordMain.groovy:64)
	at com.kms.katalon.core.webui.keyword.internal.WebUIKeywordMain.runKeyword(WebUIKeywordMain.groovy:26)
	at com.kms.katalon.core.webui.keyword.builtin.ClickKeyword.click(ClickKeyword.groovy:76)
	at com.kms.katalon.core.webui.keyword.builtin.ClickKeyword.execute(ClickKeyword.groovy:43)
	at com.kms.katalon.core.keyword.internal.KeywordExecutor.executeKeywordForPlatform(KeywordExecutor.groovy:73)
	at com.kms.katalon.core.webui.keyword.WebUiBuiltInKeywords.click(WebUiBuiltInKeywords.groovy:616)
	at com.kms.katalon.core.webui.keyword.WebUiBuiltInKeywords$click$4.call(Unknown Source)
	at Add New Text Custom Field.run(Add New Text Custom Field:24)
	at com.kms.katalon.core.main.ScriptEngine.run(ScriptEngine.java:194)
	at com.kms.katalon.core.main.ScriptEngine.runScriptAsRawText(ScriptEngine.java:119)
	at com.kms.katalon.core.main.TestCaseExecutor.runScript(TestCaseExecutor.java:339)
	at com.kms.katalon.core.main.TestCaseExecutor.doExecute(TestCaseExecutor.java:330)
	at com.kms.katalon.core.main.TestCaseExecutor.processExecutionPhase(TestCaseExecutor.java:309)
	at com.kms.katalon.core.main.TestCaseExecutor.accessMainPhase(TestCaseExecutor.java:301)
	at com.kms.katalon.core.main.TestCaseExecutor.execute(TestCaseExecutor.java:235)
	at com.kms.katalon.core.main.TestCaseMain.runTestCase(TestCaseMain.java:114)
	at com.kms.katalon.core.keyword.builtin.CallTestCaseKeyword$_callTestCase_closure1.doCall(CallTestCaseKeyword.groovy:59)
	... 20 more
Caused by: com.kms.katalon.core.webui.exception.WebElementNotFoundException: Web element with id: 'Object Repository/Admin/Plugin Page/Add New Text CF/a_Add Profile Input Field' located by '//div[@id='main']/div[2]/div/div[2]/div/div/div/div[2]/div/div[3]/a' not found
	at com.kms.katalon.core.webui.common.WebUiCommonHelper.findWebElement(WebUiCommonHelper.java:1368)
	at com.kms.katalon.core.webui.keyword.internal.WebUIAbstractKeyword.findWebElement(WebUIAbstractKeyword.groovy:27)
	at com.kms.katalon.core.webui.keyword.internal.WebUIAbstractKeyword.findWebElement(WebUIAbstractKeyword.groovy:26)
	at com.kms.katalon.core.webui.keyword.builtin.ClickKeyword$_click_closure1.doCall(ClickKeyword.groovy:67)
	at com.kms.katalon.core.webui.keyword.builtin.ClickKeyword$_click_closure1.call(ClickKeyword.groovy)
	at com.kms.katalon.core.webui.keyword.internal.WebUIKeywordMain.runKeyword(WebUIKeywordMain.groovy:20)
	... 35 more


2021-03-09 09:04:09 - [TEST_STEP][FAILED] - callTestCase(findTestCase("Utilities/Add New Text Custom Field"), [:], STOP_ON_FAILURE): Unable to call Test Case 'Test Cases/Utilities/Add New Text Custom Field' (Root cause: com.kms.katalon.core.exception.StepFailedException: Call Test Case 'Test Cases/Utilities/Add New Text Custom Field' failed
	at com.kms.katalon.core.keyword.builtin.CallTestCaseKeyword$_callTestCase_closure1.doCall(CallTestCaseKeyword.groovy:63)
	at com.kms.katalon.core.keyword.builtin.CallTestCaseKeyword$_callTestCase_closure1.call(CallTestCaseKeyword.groovy)
	at com.kms.katalon.core.keyword.internal.KeywordMain.runKeyword(KeywordMain.groovy:68)
	at com.kms.katalon.core.keyword.builtin.CallTestCaseKeyword.callTestCase(CallTestCaseKeyword.groovy:81)
	at com.kms.katalon.core.keyword.builtin.CallTestCaseKeyword.execute(CallTestCaseKeyword.groovy:44)
	at com.kms.katalon.core.keyword.internal.KeywordExecutor.executeKeywordForPlatform(KeywordExecutor.groovy:73)
	at com.kms.katalon.core.keyword.BuiltinKeywords.callTestCase(BuiltinKeywords.groovy:334)
	at TC_CMPLX_015.run(TC_CMPLX_015:20)
	at com.kms.katalon.core.main.ScriptEngine.run(ScriptEngine.java:194)
	at com.kms.katalon.core.main.ScriptEngine.runScriptAsRawText(ScriptEngine.java:119)
	at com.kms.katalon.core.main.TestCaseExecutor.runScript(TestCaseExecutor.java:339)
	at com.kms.katalon.core.main.TestCaseExecutor.doExecute(TestCaseExecutor.java:330)
	at com.kms.katalon.core.main.TestCaseExecutor.processExecutionPhase(TestCaseExecutor.java:309)
	at com.kms.katalon.core.main.TestCaseExecutor.accessMainPhase(TestCaseExecutor.java:301)
	at com.kms.katalon.core.main.TestCaseExecutor.execute(TestCaseExecutor.java:235)
	at com.kms.katalon.core.main.TestSuiteExecutor.accessTestCaseMainPhase(TestSuiteExecutor.java:191)
	at com.kms.katalon.core.main.TestSuiteExecutor.accessTestSuiteMainPhase(TestSuiteExecutor.java:141)
	at com.kms.katalon.core.main.TestSuiteExecutor.execute(TestSuiteExecutor.java:90)
	at com.kms.katalon.core.main.TestCaseMain.startTestSuite(TestCaseMain.java:157)
	at com.kms.katalon.core.main.TestCaseMain$startTestSuite$0.call(Unknown Source)
	at TempTestSuite1615251524633.run(TempTestSuite1615251524633.groovy:39)
Caused by: com.kms.katalon.core.exception.StepFailedException: Unable to click on object 'Object Repository/Admin/Plugin Page/Add New Text CF/a_Add Profile Input Field'
	at com.kms.katalon.core.webui.keyword.internal.WebUIKeywordMain.stepFailed(WebUIKeywordMain.groovy:64)
	at com.kms.katalon.core.webui.keyword.internal.WebUIKeywordMain.runKeyword(WebUIKeywordMain.groovy:26)
	at com.kms.katalon.core.webui.keyword.builtin.ClickKeyword.click(ClickKeyword.groovy:76)
	at com.kms.katalon.core.webui.keyword.builtin.ClickKeyword.execute(ClickKeyword.groovy:43)
	at com.kms.katalon.core.keyword.internal.KeywordExecutor.executeKeywordForPlatform(KeywordExecutor.groovy:73)
	at com.kms.katalon.core.webui.keyword.WebUiBuiltInKeywords.click(WebUiBuiltInKeywords.groovy:616)
	at com.kms.katalon.core.webui.keyword.WebUiBuiltInKeywords$click$4.call(Unknown Source)
	at Add New Text Custom Field.run(Add New Text Custom Field:24)
	at com.kms.katalon.core.main.ScriptEngine.run(ScriptEngine.java:194)
	at com.kms.katalon.core.main.ScriptEngine.runScriptAsRawText(ScriptEngine.java:119)
	at com.kms.katalon.core.main.TestCaseExecutor.runScript(TestCaseExecutor.java:339)
	at com.kms.katalon.core.main.TestCaseExecutor.doExecute(TestCaseExecutor.java:330)
	at com.kms.katalon.core.main.TestCaseExecutor.processExecutionPhase(TestCaseExecutor.java:309)
	at com.kms.katalon.core.main.TestCaseExecutor.accessMainPhase(TestCaseExecutor.java:301)
	at com.kms.katalon.core.main.TestCaseExecutor.execute(TestCaseExecutor.java:235)
	at com.kms.katalon.core.main.TestCaseMain.runTestCase(TestCaseMain.java:114)
	at com.kms.katalon.core.keyword.builtin.CallTestCaseKeyword$_callTestCase_closure1.doCall(CallTestCaseKeyword.groovy:59)
	... 20 more
Caused by: com.kms.katalon.core.webui.exception.WebElementNotFoundException: Web element with id: 'Object Repository/Admin/Plugin Page/Add New Text CF/a_Add Profile Input Field' located by '//div[@id='main']/div[2]/div/div[2]/div/div/div/div[2]/div/div[3]/a' not found
	at com.kms.katalon.core.webui.common.WebUiCommonHelper.findWebElement(WebUiCommonHelper.java:1368)
	at com.kms.katalon.core.webui.keyword.internal.WebUIAbstractKeyword.findWebElement(WebUIAbstractKeyword.groovy:27)
	at com.kms.katalon.core.webui.keyword.internal.WebUIAbstractKeyword.findWebElement(WebUIAbstractKeyword.groovy:26)
	at com.kms.katalon.core.webui.keyword.builtin.ClickKeyword$_click_closure1.doCall(ClickKeyword.groovy:67)
	at com.kms.katalon.core.webui.keyword.builtin.ClickKeyword$_click_closure1.call(ClickKeyword.groovy)
	at com.kms.katalon.core.webui.keyword.internal.WebUIKeywordMain.runKeyword(WebUIKeywordMain.groovy:20)
	... 35 more
)

2021-03-09 09:04:09 - [TEST_CASE][FAILED] - Test Cases/Utilities/Add New Text Custom Field: Test Cases/Utilities/Add New Text Custom Field FAILED.
Reason:
com.kms.katalon.core.exception.StepFailedException: Unable to click on object 'Object Repository/Admin/Plugin Page/Add New Text CF/a_Add Profile Input Field'
	at com.kms.katalon.core.webui.keyword.internal.WebUIKeywordMain.stepFailed(WebUIKeywordMain.groovy:64)
	at com.kms.katalon.core.webui.keyword.internal.WebUIKeywordMain.runKeyword(WebUIKeywordMain.groovy:26)
	at com.kms.katalon.core.webui.keyword.builtin.ClickKeyword.click(ClickKeyword.groovy:76)
	at com.kms.katalon.core.webui.keyword.builtin.ClickKeyword.execute(ClickKeyword.groovy:43)
	at com.kms.katalon.core.keyword.internal.KeywordExecutor.executeKeywordForPlatform(KeywordExecutor.groovy:73)
	at com.kms.katalon.core.webui.keyword.WebUiBuiltInKeywords.click(WebUiBuiltInKeywords.groovy:616)
	at com.kms.katalon.core.webui.keyword.WebUiBuiltInKeywords$click$4.call(Unknown Source)
	at Add New Text Custom Field.run(Add New Text Custom Field:24)
	at com.kms.katalon.core.main.ScriptEngine.run(ScriptEngine.java:194)
	at com.kms.katalon.core.main.ScriptEngine.runScriptAsRawText(ScriptEngine.java:119)
	at com.kms.katalon.core.main.TestCaseExecutor.runScript(TestCaseExecutor.java:339)
	at com.kms.katalon.core.main.TestCaseExecutor.doExecute(TestCaseExecutor.java:330)
	at com.kms.katalon.core.main.TestCaseExecutor.processExecutionPhase(TestCaseExecutor.java:309)
	at com.kms.katalon.core.main.TestCaseExecutor.accessMainPhase(TestCaseExecutor.java:301)
	at com.kms.katalon.core.main.TestCaseExecutor.execute(TestCaseExecutor.java:235)
	at com.kms.katalon.core.main.TestCaseMain.runTestCase(TestCaseMain.java:114)
	at com.kms.katalon.core.keyword.builtin.CallTestCaseKeyword$_callTestCase_closure1.doCall(CallTestCaseKeyword.groovy:59)
	at com.kms.katalon.core.keyword.builtin.CallTestCaseKeyword$_callTestCase_closure1.call(CallTestCaseKeyword.groovy)
	at com.kms.katalon.core.keyword.internal.KeywordMain.runKeyword(KeywordMain.groovy:68)
	at com.kms.katalon.core.keyword.builtin.CallTestCaseKeyword.callTestCase(CallTestCaseKeyword.groovy:81)
	at com.kms.katalon.core.keyword.builtin.CallTestCaseKeyword.execute(CallTestCaseKeyword.groovy:44)
	at com.kms.katalon.core.keyword.internal.KeywordExecutor.executeKeywordForPlatform(KeywordExecutor.groovy:73)
	at com.kms.katalon.core.keyword.BuiltinKeywords.callTestCase(BuiltinKeywords.groovy:334)
	at TC_CMPLX_015.run(TC_CMPLX_015:20)
	at com.kms.katalon.core.main.ScriptEngine.run(ScriptEngine.java:194)
	at com.kms.katalon.core.main.ScriptEngine.runScriptAsRawText(ScriptEngine.java:119)
	at com.kms.katalon.core.main.TestCaseExecutor.runScript(TestCaseExecutor.java:339)
	at com.kms.katalon.core.main.TestCaseExecutor.doExecute(TestCaseExecutor.java:330)
	at com.kms.katalon.core.main.TestCaseExecutor.processExecutionPhase(TestCaseExecutor.java:309)
	at com.kms.katalon.core.main.TestCaseExecutor.accessMainPhase(TestCaseExecutor.java:301)
	at com.kms.katalon.core.main.TestCaseExecutor.execute(TestCaseExecutor.java:235)
	at com.kms.katalon.core.main.TestSuiteExecutor.accessTestCaseMainPhase(TestSuiteExecutor.java:191)
	at com.kms.katalon.core.main.TestSuiteExecutor.accessTestSuiteMainPhase(TestSuiteExecutor.java:141)
	at com.kms.katalon.core.main.TestSuiteExecutor.execute(TestSuiteExecutor.java:90)
	at com.kms.katalon.core.main.TestCaseMain.startTestSuite(TestCaseMain.java:157)
	at com.kms.katalon.core.main.TestCaseMain$startTestSuite$0.call(Unknown Source)
	at TempTestSuite1615251524633.run(TempTestSuite1615251524633.groovy:39)
Caused by: com.kms.katalon.core.webui.exception.WebElementNotFoundException: Web element with id: 'Object Repository/Admin/Plugin Page/Add New Text CF/a_Add Profile Input Field' located by '//div[@id='main']/div[2]/div/div[2]/div/div/div/div[2]/div/div[3]/a' not found
	at com.kms.katalon.core.webui.common.WebUiCommonHelper.findWebElement(WebUiCommonHelper.java:1368)
	at com.kms.katalon.core.webui.keyword.internal.WebUIAbstractKeyword.findWebElement(WebUIAbstractKeyword.groovy:27)
	at com.kms.katalon.core.webui.keyword.internal.WebUIAbstractKeyword.findWebElement(WebUIAbstractKeyword.groovy:26)
	at com.kms.katalon.core.webui.keyword.builtin.ClickKeyword$_click_closure1.doCall(ClickKeyword.groovy:67)
	at com.kms.katalon.core.webui.keyword.builtin.ClickKeyword$_click_closure1.call(ClickKeyword.groovy)
	at com.kms.katalon.core.webui.keyword.internal.WebUIKeywordMain.runKeyword(WebUIKeywordMain.groovy:20)
	... 35 more


2021-03-09 09:04:09 - [TEST_STEP][PASSED] - callTestCase(findTestCase("Utilities/Admin Login"), [:], STOP_ON_FAILURE): Call Test Case 'Test Cases/Utilities/Admin Login' successfully

2021-03-09 09:04:09 - [TEST_CASE][PASSED] - Test Cases/Utilities/Admin Login: Test Cases/Utilities/Admin Login

2021-03-09 09:04:09 - [TEST_STEP][PASSED] - openBrowser(""): Browser is opened with url: ''

2021-03-09 09:04:09 - [MESSAGE][WARNING] - A browser is already opened. Closing browser and opening a new one

2021-03-09 09:04:10 - [MESSAGE][INFO] - Starting 'Chrome' driver

2021-03-09 09:04:10 - [MESSAGE][INFO] - Action delay is set to 0 milliseconds

2021-03-09 09:04:13 - [MESSAGE][PASSED] - Browser is opened with url: ''

2021-03-09 09:04:13 - [TEST_STEP][PASSED] - maximizeWindow(): Current window maximized

2021-03-09 09:04:15 - [MESSAGE][PASSED] - Current window maximized

2021-03-09 09:04:15 - [TEST_STEP][PASSED] - navigateToUrl(admin_url): Navigate to 'https://youhadmeathelloworld.staging.arcadier.io/admin' successfully

2021-03-09 09:04:18 - [MESSAGE][PASSED] - Navigate to 'https://youhadmeathelloworld.staging.arcadier.io/admin' successfully

2021-03-09 09:04:18 - [TEST_STEP][PASSED] - waitForPageLoad(2): Wait for page load successfully

2021-03-09 09:04:18 - [MESSAGE][PASSED] - Wait for page load successfully

2021-03-09 09:04:18 - [TEST_STEP][PASSED] - setText(findTestObject("Admin/Admin Login/txt_username"), admin_username): Text 'codemafia' is set on object 'Object Repository/Admin/Admin Login/txt_username'

2021-03-09 09:04:22 - [MESSAGE][PASSED] - Text 'codemafia' is set on object 'Object Repository/Admin/Admin Login/txt_username'

2021-03-09 09:04:22 - [TEST_STEP][PASSED] - setText(findTestObject("Admin/Admin Login/txt_password"), admin_password): Text 'welcome8' is set on object 'Object Repository/Admin/Admin Login/txt_password'

2021-03-09 09:04:26 - [MESSAGE][PASSED] - Text 'welcome8' is set on object 'Object Repository/Admin/Admin Login/txt_password'

2021-03-09 09:04:26 - [TEST_STEP][PASSED] - click(findTestObject("Admin/Admin Login/button_login")): Object: 'Object Repository/Admin/Admin Login/button_login' is clicked on

2021-03-09 09:04:33 - [MESSAGE][PASSED] - Object: 'Object Repository/Admin/Admin Login/button_login' is clicked on

2021-03-09 09:04:33 - [MESSAGE][PASSED] - Call Test Case 'Test Cases/Utilities/Admin Login' successfully

2021-03-09 09:04:33 - [TEST_STEP][PASSED] - callTestCase(findTestCase("Utilities/Navigate to Plugin"), [:], STOP_ON_FAILURE): Call Test Case 'Test Cases/Utilities/Navigate to Plugin' successfully

2021-03-09 09:04:33 - [TEST_CASE][PASSED] - Test Cases/Utilities/Navigate to Plugin: Test Cases/Utilities/Navigate to Plugin

2021-03-09 09:04:33 - [TEST_STEP][PASSED] - click(findTestObject("Admin/Plugin Navigation/link_plugin")): Object: 'Object Repository/Admin/Plugin Navigation/link_plugin' is clicked on

2021-03-09 09:04:36 - [MESSAGE][PASSED] - Object: 'Object Repository/Admin/Plugin Navigation/link_plugin' is clicked on

2021-03-09 09:04:36 - [TEST_STEP][PASSED] - click(findTestObject("Admin/Plugin Navigation/link_profile")): Object: 'Object Repository/Admin/Plugin Navigation/link_profile' is clicked on

2021-03-09 09:04:38 - [MESSAGE][PASSED] - Object: 'Object Repository/Admin/Plugin Navigation/link_profile' is clicked on

2021-03-09 09:04:38 - [MESSAGE][PASSED] - Call Test Case 'Test Cases/Utilities/Navigate to Plugin' successfully

2021-03-09 09:04:38 - [TEST_STEP][FAILED] - click(findTestObject("Admin/Plugin Page/Add New Text CF/a_Add Profile Input Field")): Unable to click on object 'Object Repository/Admin/Plugin Page/Add New Text CF/a_Add Profile Input Field' (Root cause: com.kms.katalon.core.exception.StepFailedException: Unable to click on object 'Object Repository/Admin/Plugin Page/Add New Text CF/a_Add Profile Input Field'
	at com.kms.katalon.core.webui.keyword.internal.WebUIKeywordMain.stepFailed(WebUIKeywordMain.groovy:64)
	at com.kms.katalon.core.webui.keyword.internal.WebUIKeywordMain.runKeyword(WebUIKeywordMain.groovy:26)
	at com.kms.katalon.core.webui.keyword.builtin.ClickKeyword.click(ClickKeyword.groovy:76)
	at com.kms.katalon.core.webui.keyword.builtin.ClickKeyword.execute(ClickKeyword.groovy:43)
	at com.kms.katalon.core.keyword.internal.KeywordExecutor.executeKeywordForPlatform(KeywordExecutor.groovy:73)
	at com.kms.katalon.core.webui.keyword.WebUiBuiltInKeywords.click(WebUiBuiltInKeywords.groovy:616)
	at com.kms.katalon.core.webui.keyword.WebUiBuiltInKeywords$click$4.call(Unknown Source)
	at Add New Text Custom Field.run(Add New Text Custom Field:24)
	at com.kms.katalon.core.main.ScriptEngine.run(ScriptEngine.java:194)
	at com.kms.katalon.core.main.ScriptEngine.runScriptAsRawText(ScriptEngine.java:119)
	at com.kms.katalon.core.main.TestCaseExecutor.runScript(TestCaseExecutor.java:339)
	at com.kms.katalon.core.main.TestCaseExecutor.doExecute(TestCaseExecutor.java:330)
	at com.kms.katalon.core.main.TestCaseExecutor.processExecutionPhase(TestCaseExecutor.java:309)
	at com.kms.katalon.core.main.TestCaseExecutor.accessMainPhase(TestCaseExecutor.java:301)
	at com.kms.katalon.core.main.TestCaseExecutor.execute(TestCaseExecutor.java:235)
	at com.kms.katalon.core.main.TestCaseMain.runTestCase(TestCaseMain.java:114)
	at com.kms.katalon.core.keyword.builtin.CallTestCaseKeyword$_callTestCase_closure1.doCall(CallTestCaseKeyword.groovy:59)
	at com.kms.katalon.core.keyword.builtin.CallTestCaseKeyword$_callTestCase_closure1.call(CallTestCaseKeyword.groovy)
	at com.kms.katalon.core.keyword.internal.KeywordMain.runKeyword(KeywordMain.groovy:68)
	at com.kms.katalon.core.keyword.builtin.CallTestCaseKeyword.callTestCase(CallTestCaseKeyword.groovy:81)
	at com.kms.katalon.core.keyword.builtin.CallTestCaseKeyword.execute(CallTestCaseKeyword.groovy:44)
	at com.kms.katalon.core.keyword.internal.KeywordExecutor.executeKeywordForPlatform(KeywordExecutor.groovy:73)
	at com.kms.katalon.core.keyword.BuiltinKeywords.callTestCase(BuiltinKeywords.groovy:334)
	at TC_CMPLX_015.run(TC_CMPLX_015:20)
	at com.kms.katalon.core.main.ScriptEngine.run(ScriptEngine.java:194)
	at com.kms.katalon.core.main.ScriptEngine.runScriptAsRawText(ScriptEngine.java:119)
	at com.kms.katalon.core.main.TestCaseExecutor.runScript(TestCaseExecutor.java:339)
	at com.kms.katalon.core.main.TestCaseExecutor.doExecute(TestCaseExecutor.java:330)
	at com.kms.katalon.core.main.TestCaseExecutor.processExecutionPhase(TestCaseExecutor.java:309)
	at com.kms.katalon.core.main.TestCaseExecutor.accessMainPhase(TestCaseExecutor.java:301)
	at com.kms.katalon.core.main.TestCaseExecutor.execute(TestCaseExecutor.java:235)
	at com.kms.katalon.core.main.TestSuiteExecutor.accessTestCaseMainPhase(TestSuiteExecutor.java:191)
	at com.kms.katalon.core.main.TestSuiteExecutor.accessTestSuiteMainPhase(TestSuiteExecutor.java:141)
	at com.kms.katalon.core.main.TestSuiteExecutor.execute(TestSuiteExecutor.java:90)
	at com.kms.katalon.core.main.TestCaseMain.startTestSuite(TestCaseMain.java:157)
	at com.kms.katalon.core.main.TestCaseMain$startTestSuite$0.call(Unknown Source)
	at TempTestSuite1615251524633.run(TempTestSuite1615251524633.groovy:39)
Caused by: com.kms.katalon.core.webui.exception.WebElementNotFoundException: Web element with id: 'Object Repository/Admin/Plugin Page/Add New Text CF/a_Add Profile Input Field' located by '//div[@id='main']/div[2]/div/div[2]/div/div/div/div[2]/div/div[3]/a' not found
	at com.kms.katalon.core.webui.common.WebUiCommonHelper.findWebElement(WebUiCommonHelper.java:1368)
	at com.kms.katalon.core.webui.keyword.internal.WebUIAbstractKeyword.findWebElement(WebUIAbstractKeyword.groovy:27)
	at com.kms.katalon.core.webui.keyword.internal.WebUIAbstractKeyword.findWebElement(WebUIAbstractKeyword.groovy:26)
	at com.kms.katalon.core.webui.keyword.builtin.ClickKeyword$_click_closure1.doCall(ClickKeyword.groovy:67)
	at com.kms.katalon.core.webui.keyword.builtin.ClickKeyword$_click_closure1.call(ClickKeyword.groovy)
	at com.kms.katalon.core.webui.keyword.internal.WebUIKeywordMain.runKeyword(WebUIKeywordMain.groovy:20)
	at com.kms.katalon.core.webui.keyword.builtin.ClickKeyword.click(ClickKeyword.groovy:76)
	at com.kms.katalon.core.webui.keyword.builtin.ClickKeyword.execute(ClickKeyword.groovy:43)
	at com.kms.katalon.core.keyword.internal.KeywordExecutor.executeKeywordForPlatform(KeywordExecutor.groovy:73)
	at com.kms.katalon.core.webui.keyword.WebUiBuiltInKeywords.click(WebUiBuiltInKeywords.groovy:616)
	at com.kms.katalon.core.webui.keyword.WebUiBuiltInKeywords$click$4.call(Unknown Source)
	at Script1601684639673.run(Script1601684639673.groovy:24)
	at com.kms.katalon.core.main.ScriptEngine.run(ScriptEngine.java:194)
	at com.kms.katalon.core.main.ScriptEngine.runScriptAsRawText(ScriptEngine.java:119)
	at com.kms.katalon.core.main.TestCaseExecutor.runScript(TestCaseExecutor.java:339)
	at com.kms.katalon.core.main.TestCaseExecutor.doExecute(TestCaseExecutor.java:330)
	at com.kms.katalon.core.main.TestCaseExecutor.processExecutionPhase(TestCaseExecutor.java:309)
	at com.kms.katalon.core.main.TestCaseExecutor.accessMainPhase(TestCaseExecutor.java:301)
	at com.kms.katalon.core.main.TestCaseExecutor.execute(TestCaseExecutor.java:235)
	at com.kms.katalon.core.main.TestCaseMain.runTestCase(TestCaseMain.java:114)
	at com.kms.katalon.core.keyword.builtin.CallTestCaseKeyword$_callTestCase_closure1.doCall(CallTestCaseKeyword.groovy:59)
	at com.kms.katalon.core.keyword.builtin.CallTestCaseKeyword$_callTestCase_closure1.call(CallTestCaseKeyword.groovy)
	at com.kms.katalon.core.keyword.internal.KeywordMain.runKeyword(KeywordMain.groovy:68)
	at com.kms.katalon.core.keyword.builtin.CallTestCaseKeyword.callTestCase(CallTestCaseKeyword.groovy:81)
	at com.kms.katalon.core.keyword.builtin.CallTestCaseKeyword.execute(CallTestCaseKeyword.groovy:44)
	at com.kms.katalon.core.keyword.internal.KeywordExecutor.executeKeywordForPlatform(KeywordExecutor.groovy:73)
	at com.kms.katalon.core.keyword.BuiltinKeywords.callTestCase(BuiltinKeywords.groovy:334)
	at Script1601693603925.run(Script1601693603925.groovy:20)
	... 13 more
)

2021-03-09 09:05:10 - [MESSAGE][INFO] - Unable to find the element located by 'By.xpath: //div[@id='main']/div[2]/div/div[2]/div/div/div/div[2]/div/div[3]/a'. Please recheck the objects properties to make sure the desired element is located. 

2021-03-09 09:06:10 - [MESSAGE][WARNING] - Cannot take screenshot

2021-03-09 09:06:10 - [MESSAGE][FAILED] - Unable to click on object 'Object Repository/Admin/Plugin Page/Add New Text CF/a_Add Profile Input Field' (Root cause: com.kms.katalon.core.exception.StepFailedException: Unable to click on object 'Object Repository/Admin/Plugin Page/Add New Text CF/a_Add Profile Input Field'
	at com.kms.katalon.core.webui.keyword.internal.WebUIKeywordMain.stepFailed(WebUIKeywordMain.groovy:64)
	at com.kms.katalon.core.webui.keyword.internal.WebUIKeywordMain.runKeyword(WebUIKeywordMain.groovy:26)
	at com.kms.katalon.core.webui.keyword.builtin.ClickKeyword.click(ClickKeyword.groovy:76)
	at com.kms.katalon.core.webui.keyword.builtin.ClickKeyword.execute(ClickKeyword.groovy:43)
	at com.kms.katalon.core.keyword.internal.KeywordExecutor.executeKeywordForPlatform(KeywordExecutor.groovy:73)
	at com.kms.katalon.core.webui.keyword.WebUiBuiltInKeywords.click(WebUiBuiltInKeywords.groovy:616)
	at com.kms.katalon.core.webui.keyword.WebUiBuiltInKeywords$click$4.call(Unknown Source)
	at Add New Text Custom Field.run(Add New Text Custom Field:24)
	at com.kms.katalon.core.main.ScriptEngine.run(ScriptEngine.java:194)
	at com.kms.katalon.core.main.ScriptEngine.runScriptAsRawText(ScriptEngine.java:119)
	at com.kms.katalon.core.main.TestCaseExecutor.runScript(TestCaseExecutor.java:339)
	at com.kms.katalon.core.main.TestCaseExecutor.doExecute(TestCaseExecutor.java:330)
	at com.kms.katalon.core.main.TestCaseExecutor.processExecutionPhase(TestCaseExecutor.java:309)
	at com.kms.katalon.core.main.TestCaseExecutor.accessMainPhase(TestCaseExecutor.java:301)
	at com.kms.katalon.core.main.TestCaseExecutor.execute(TestCaseExecutor.java:235)
	at com.kms.katalon.core.main.TestCaseMain.runTestCase(TestCaseMain.java:114)
	at com.kms.katalon.core.keyword.builtin.CallTestCaseKeyword$_callTestCase_closure1.doCall(CallTestCaseKeyword.groovy:59)
	at com.kms.katalon.core.keyword.builtin.CallTestCaseKeyword$_callTestCase_closure1.call(CallTestCaseKeyword.groovy)
	at com.kms.katalon.core.keyword.internal.KeywordMain.runKeyword(KeywordMain.groovy:68)
	at com.kms.katalon.core.keyword.builtin.CallTestCaseKeyword.callTestCase(CallTestCaseKeyword.groovy:81)
	at com.kms.katalon.core.keyword.builtin.CallTestCaseKeyword.execute(CallTestCaseKeyword.groovy:44)
	at com.kms.katalon.core.keyword.internal.KeywordExecutor.executeKeywordForPlatform(KeywordExecutor.groovy:73)
	at com.kms.katalon.core.keyword.BuiltinKeywords.callTestCase(BuiltinKeywords.groovy:334)
	at TC_CMPLX_015.run(TC_CMPLX_015:20)
	at com.kms.katalon.core.main.ScriptEngine.run(ScriptEngine.java:194)
	at com.kms.katalon.core.main.ScriptEngine.runScriptAsRawText(ScriptEngine.java:119)
	at com.kms.katalon.core.main.TestCaseExecutor.runScript(TestCaseExecutor.java:339)
	at com.kms.katalon.core.main.TestCaseExecutor.doExecute(TestCaseExecutor.java:330)
	at com.kms.katalon.core.main.TestCaseExecutor.processExecutionPhase(TestCaseExecutor.java:309)
	at com.kms.katalon.core.main.TestCaseExecutor.accessMainPhase(TestCaseExecutor.java:301)
	at com.kms.katalon.core.main.TestCaseExecutor.execute(TestCaseExecutor.java:235)
	at com.kms.katalon.core.main.TestSuiteExecutor.accessTestCaseMainPhase(TestSuiteExecutor.java:191)
	at com.kms.katalon.core.main.TestSuiteExecutor.accessTestSuiteMainPhase(TestSuiteExecutor.java:141)
	at com.kms.katalon.core.main.TestSuiteExecutor.execute(TestSuiteExecutor.java:90)
	at com.kms.katalon.core.main.TestCaseMain.startTestSuite(TestCaseMain.java:157)
	at com.kms.katalon.core.main.TestCaseMain$startTestSuite$0.call(Unknown Source)
	at TempTestSuite1615251524633.run(TempTestSuite1615251524633.groovy:39)
Caused by: com.kms.katalon.core.webui.exception.WebElementNotFoundException: Web element with id: 'Object Repository/Admin/Plugin Page/Add New Text CF/a_Add Profile Input Field' located by '//div[@id='main']/div[2]/div/div[2]/div/div/div/div[2]/div/div[3]/a' not found
	at com.kms.katalon.core.webui.common.WebUiCommonHelper.findWebElement(WebUiCommonHelper.java:1368)
	at com.kms.katalon.core.webui.keyword.internal.WebUIAbstractKeyword.findWebElement(WebUIAbstractKeyword.groovy:27)
	at com.kms.katalon.core.webui.keyword.internal.WebUIAbstractKeyword.findWebElement(WebUIAbstractKeyword.groovy:26)
	at com.kms.katalon.core.webui.keyword.builtin.ClickKeyword$_click_closure1.doCall(ClickKeyword.groovy:67)
	at com.kms.katalon.core.webui.keyword.builtin.ClickKeyword$_click_closure1.call(ClickKeyword.groovy)
	at com.kms.katalon.core.webui.keyword.internal.WebUIKeywordMain.runKeyword(WebUIKeywordMain.groovy:20)
	at com.kms.katalon.core.webui.keyword.builtin.ClickKeyword.click(ClickKeyword.groovy:76)
	at com.kms.katalon.core.webui.keyword.builtin.ClickKeyword.execute(ClickKeyword.groovy:43)
	at com.kms.katalon.core.keyword.internal.KeywordExecutor.executeKeywordForPlatform(KeywordExecutor.groovy:73)
	at com.kms.katalon.core.webui.keyword.WebUiBuiltInKeywords.click(WebUiBuiltInKeywords.groovy:616)
	at com.kms.katalon.core.webui.keyword.WebUiBuiltInKeywords$click$4.call(Unknown Source)
	at Script1601684639673.run(Script1601684639673.groovy:24)
	at com.kms.katalon.core.main.ScriptEngine.run(ScriptEngine.java:194)
	at com.kms.katalon.core.main.ScriptEngine.runScriptAsRawText(ScriptEngine.java:119)
	at com.kms.katalon.core.main.TestCaseExecutor.runScript(TestCaseExecutor.java:339)
	at com.kms.katalon.core.main.TestCaseExecutor.doExecute(TestCaseExecutor.java:330)
	at com.kms.katalon.core.main.TestCaseExecutor.processExecutionPhase(TestCaseExecutor.java:309)
	at com.kms.katalon.core.main.TestCaseExecutor.accessMainPhase(TestCaseExecutor.java:301)
	at com.kms.katalon.core.main.TestCaseExecutor.execute(TestCaseExecutor.java:235)
	at com.kms.katalon.core.main.TestCaseMain.runTestCase(TestCaseMain.java:114)
	at com.kms.katalon.core.keyword.builtin.CallTestCaseKeyword$_callTestCase_closure1.doCall(CallTestCaseKeyword.groovy:59)
	at com.kms.katalon.core.keyword.builtin.CallTestCaseKeyword$_callTestCase_closure1.call(CallTestCaseKeyword.groovy)
	at com.kms.katalon.core.keyword.internal.KeywordMain.runKeyword(KeywordMain.groovy:68)
	at com.kms.katalon.core.keyword.builtin.CallTestCaseKeyword.callTestCase(CallTestCaseKeyword.groovy:81)
	at com.kms.katalon.core.keyword.builtin.CallTestCaseKeyword.execute(CallTestCaseKeyword.groovy:44)
	at com.kms.katalon.core.keyword.internal.KeywordExecutor.executeKeywordForPlatform(KeywordExecutor.groovy:73)
	at com.kms.katalon.core.keyword.BuiltinKeywords.callTestCase(BuiltinKeywords.groovy:334)
	at Script1601693603925.run(Script1601693603925.groovy:20)
	... 13 more
)

2021-03-09 09:06:10 - [MESSAGE][FAILED] - Unable to call Test Case 'Test Cases/Utilities/Add New Text Custom Field' (Root cause: com.kms.katalon.core.exception.StepFailedException: Call Test Case 'Test Cases/Utilities/Add New Text Custom Field' failed
	at com.kms.katalon.core.keyword.builtin.CallTestCaseKeyword$_callTestCase_closure1.doCall(CallTestCaseKeyword.groovy:63)
	at com.kms.katalon.core.keyword.builtin.CallTestCaseKeyword$_callTestCase_closure1.call(CallTestCaseKeyword.groovy)
	at com.kms.katalon.core.keyword.internal.KeywordMain.runKeyword(KeywordMain.groovy:68)
	at com.kms.katalon.core.keyword.builtin.CallTestCaseKeyword.callTestCase(CallTestCaseKeyword.groovy:81)
	at com.kms.katalon.core.keyword.builtin.CallTestCaseKeyword.execute(CallTestCaseKeyword.groovy:44)
	at com.kms.katalon.core.keyword.internal.KeywordExecutor.executeKeywordForPlatform(KeywordExecutor.groovy:73)
	at com.kms.katalon.core.keyword.BuiltinKeywords.callTestCase(BuiltinKeywords.groovy:334)
	at TC_CMPLX_015.run(TC_CMPLX_015:20)
	at com.kms.katalon.core.main.ScriptEngine.run(ScriptEngine.java:194)
	at com.kms.katalon.core.main.ScriptEngine.runScriptAsRawText(ScriptEngine.java:119)
	at com.kms.katalon.core.main.TestCaseExecutor.runScript(TestCaseExecutor.java:339)
	at com.kms.katalon.core.main.TestCaseExecutor.doExecute(TestCaseExecutor.java:330)
	at com.kms.katalon.core.main.TestCaseExecutor.processExecutionPhase(TestCaseExecutor.java:309)
	at com.kms.katalon.core.main.TestCaseExecutor.accessMainPhase(TestCaseExecutor.java:301)
	at com.kms.katalon.core.main.TestCaseExecutor.execute(TestCaseExecutor.java:235)
	at com.kms.katalon.core.main.TestSuiteExecutor.accessTestCaseMainPhase(TestSuiteExecutor.java:191)
	at com.kms.katalon.core.main.TestSuiteExecutor.accessTestSuiteMainPhase(TestSuiteExecutor.java:141)
	at com.kms.katalon.core.main.TestSuiteExecutor.execute(TestSuiteExecutor.java:90)
	at com.kms.katalon.core.main.TestCaseMain.startTestSuite(TestCaseMain.java:157)
	at com.kms.katalon.core.main.TestCaseMain$startTestSuite$0.call(Unknown Source)
	at TempTestSuite1615251524633.run(TempTestSuite1615251524633.groovy:39)
Caused by: com.kms.katalon.core.exception.StepFailedException: Unable to click on object 'Object Repository/Admin/Plugin Page/Add New Text CF/a_Add Profile Input Field'
	at com.kms.katalon.core.webui.keyword.internal.WebUIKeywordMain.stepFailed(WebUIKeywordMain.groovy:64)
	at com.kms.katalon.core.webui.keyword.internal.WebUIKeywordMain.runKeyword(WebUIKeywordMain.groovy:26)
	at com.kms.katalon.core.webui.keyword.builtin.ClickKeyword.click(ClickKeyword.groovy:76)
	at com.kms.katalon.core.webui.keyword.builtin.ClickKeyword.execute(ClickKeyword.groovy:43)
	at com.kms.katalon.core.keyword.internal.KeywordExecutor.executeKeywordForPlatform(KeywordExecutor.groovy:73)
	at com.kms.katalon.core.webui.keyword.WebUiBuiltInKeywords.click(WebUiBuiltInKeywords.groovy:616)
	at com.kms.katalon.core.webui.keyword.WebUiBuiltInKeywords$click$4.call(Unknown Source)
	at Add New Text Custom Field.run(Add New Text Custom Field:24)
	at com.kms.katalon.core.main.ScriptEngine.run(ScriptEngine.java:194)
	at com.kms.katalon.core.main.ScriptEngine.runScriptAsRawText(ScriptEngine.java:119)
	at com.kms.katalon.core.main.TestCaseExecutor.runScript(TestCaseExecutor.java:339)
	at com.kms.katalon.core.main.TestCaseExecutor.doExecute(TestCaseExecutor.java:330)
	at com.kms.katalon.core.main.TestCaseExecutor.processExecutionPhase(TestCaseExecutor.java:309)
	at com.kms.katalon.core.main.TestCaseExecutor.accessMainPhase(TestCaseExecutor.java:301)
	at com.kms.katalon.core.main.TestCaseExecutor.execute(TestCaseExecutor.java:235)
	at com.kms.katalon.core.main.TestCaseMain.runTestCase(TestCaseMain.java:114)
	at com.kms.katalon.core.keyword.builtin.CallTestCaseKeyword$_callTestCase_closure1.doCall(CallTestCaseKeyword.groovy:59)
	... 20 more
Caused by: com.kms.katalon.core.webui.exception.WebElementNotFoundException: Web element with id: 'Object Repository/Admin/Plugin Page/Add New Text CF/a_Add Profile Input Field' located by '//div[@id='main']/div[2]/div/div[2]/div/div/div/div[2]/div/div[3]/a' not found
	at com.kms.katalon.core.webui.common.WebUiCommonHelper.findWebElement(WebUiCommonHelper.java:1368)
	at com.kms.katalon.core.webui.keyword.internal.WebUIAbstractKeyword.findWebElement(WebUIAbstractKeyword.groovy:27)
	at com.kms.katalon.core.webui.keyword.internal.WebUIAbstractKeyword.findWebElement(WebUIAbstractKeyword.groovy:26)
	at com.kms.katalon.core.webui.keyword.builtin.ClickKeyword$_click_closure1.doCall(ClickKeyword.groovy:67)
	at com.kms.katalon.core.webui.keyword.builtin.ClickKeyword$_click_closure1.call(ClickKeyword.groovy)
	at com.kms.katalon.core.webui.keyword.internal.WebUIKeywordMain.runKeyword(WebUIKeywordMain.groovy:20)
	... 35 more
)]]></system-out>
         <system-err><![CDATA[2021-03-09 09:04:09 - [TEST_CASE][FAILED] - Test Cases/User Settings/COMPLEX/TC_CMPLX_015: Test Cases/User Settings/COMPLEX/TC_CMPLX_015 FAILED.
Reason:
com.kms.katalon.core.exception.StepFailedException: Call Test Case 'Test Cases/Utilities/Add New Text Custom Field' failed
	at com.kms.katalon.core.keyword.builtin.CallTestCaseKeyword$_callTestCase_closure1.doCall(CallTestCaseKeyword.groovy:63)
	at com.kms.katalon.core.keyword.builtin.CallTestCaseKeyword$_callTestCase_closure1.call(CallTestCaseKeyword.groovy)
	at com.kms.katalon.core.keyword.internal.KeywordMain.runKeyword(KeywordMain.groovy:68)
	at com.kms.katalon.core.keyword.builtin.CallTestCaseKeyword.callTestCase(CallTestCaseKeyword.groovy:81)
	at com.kms.katalon.core.keyword.builtin.CallTestCaseKeyword.execute(CallTestCaseKeyword.groovy:44)
	at com.kms.katalon.core.keyword.internal.KeywordExecutor.executeKeywordForPlatform(KeywordExecutor.groovy:73)
	at com.kms.katalon.core.keyword.BuiltinKeywords.callTestCase(BuiltinKeywords.groovy:334)
	at TC_CMPLX_015.run(TC_CMPLX_015:20)
	at com.kms.katalon.core.main.ScriptEngine.run(ScriptEngine.java:194)
	at com.kms.katalon.core.main.ScriptEngine.runScriptAsRawText(ScriptEngine.java:119)
	at com.kms.katalon.core.main.TestCaseExecutor.runScript(TestCaseExecutor.java:339)
	at com.kms.katalon.core.main.TestCaseExecutor.doExecute(TestCaseExecutor.java:330)
	at com.kms.katalon.core.main.TestCaseExecutor.processExecutionPhase(TestCaseExecutor.java:309)
	at com.kms.katalon.core.main.TestCaseExecutor.accessMainPhase(TestCaseExecutor.java:301)
	at com.kms.katalon.core.main.TestCaseExecutor.execute(TestCaseExecutor.java:235)
	at com.kms.katalon.core.main.TestSuiteExecutor.accessTestCaseMainPhase(TestSuiteExecutor.java:191)
	at com.kms.katalon.core.main.TestSuiteExecutor.accessTestSuiteMainPhase(TestSuiteExecutor.java:141)
	at com.kms.katalon.core.main.TestSuiteExecutor.execute(TestSuiteExecutor.java:90)
	at com.kms.katalon.core.main.TestCaseMain.startTestSuite(TestCaseMain.java:157)
	at com.kms.katalon.core.main.TestCaseMain$startTestSuite$0.call(Unknown Source)
	at TempTestSuite1615251524633.run(TempTestSuite1615251524633.groovy:39)
Caused by: com.kms.katalon.core.exception.StepFailedException: Unable to click on object 'Object Repository/Admin/Plugin Page/Add New Text CF/a_Add Profile Input Field'
	at com.kms.katalon.core.webui.keyword.internal.WebUIKeywordMain.stepFailed(WebUIKeywordMain.groovy:64)
	at com.kms.katalon.core.webui.keyword.internal.WebUIKeywordMain.runKeyword(WebUIKeywordMain.groovy:26)
	at com.kms.katalon.core.webui.keyword.builtin.ClickKeyword.click(ClickKeyword.groovy:76)
	at com.kms.katalon.core.webui.keyword.builtin.ClickKeyword.execute(ClickKeyword.groovy:43)
	at com.kms.katalon.core.keyword.internal.KeywordExecutor.executeKeywordForPlatform(KeywordExecutor.groovy:73)
	at com.kms.katalon.core.webui.keyword.WebUiBuiltInKeywords.click(WebUiBuiltInKeywords.groovy:616)
	at com.kms.katalon.core.webui.keyword.WebUiBuiltInKeywords$click$4.call(Unknown Source)
	at Add New Text Custom Field.run(Add New Text Custom Field:24)
	at com.kms.katalon.core.main.ScriptEngine.run(ScriptEngine.java:194)
	at com.kms.katalon.core.main.ScriptEngine.runScriptAsRawText(ScriptEngine.java:119)
	at com.kms.katalon.core.main.TestCaseExecutor.runScript(TestCaseExecutor.java:339)
	at com.kms.katalon.core.main.TestCaseExecutor.doExecute(TestCaseExecutor.java:330)
	at com.kms.katalon.core.main.TestCaseExecutor.processExecutionPhase(TestCaseExecutor.java:309)
	at com.kms.katalon.core.main.TestCaseExecutor.accessMainPhase(TestCaseExecutor.java:301)
	at com.kms.katalon.core.main.TestCaseExecutor.execute(TestCaseExecutor.java:235)
	at com.kms.katalon.core.main.TestCaseMain.runTestCase(TestCaseMain.java:114)
	at com.kms.katalon.core.keyword.builtin.CallTestCaseKeyword$_callTestCase_closure1.doCall(CallTestCaseKeyword.groovy:59)
	... 20 more
Caused by: com.kms.katalon.core.webui.exception.WebElementNotFoundException: Web element with id: 'Object Repository/Admin/Plugin Page/Add New Text CF/a_Add Profile Input Field' located by '//div[@id='main']/div[2]/div/div[2]/div/div/div/div[2]/div/div[3]/a' not found
	at com.kms.katalon.core.webui.common.WebUiCommonHelper.findWebElement(WebUiCommonHelper.java:1368)
	at com.kms.katalon.core.webui.keyword.internal.WebUIAbstractKeyword.findWebElement(WebUIAbstractKeyword.groovy:27)
	at com.kms.katalon.core.webui.keyword.internal.WebUIAbstractKeyword.findWebElement(WebUIAbstractKeyword.groovy:26)
	at com.kms.katalon.core.webui.keyword.builtin.ClickKeyword$_click_closure1.doCall(ClickKeyword.groovy:67)
	at com.kms.katalon.core.webui.keyword.builtin.ClickKeyword$_click_closure1.call(ClickKeyword.groovy)
	at com.kms.katalon.core.webui.keyword.internal.WebUIKeywordMain.runKeyword(WebUIKeywordMain.groovy:20)
	... 35 more]]></system-err>
      </testcase>
      <testcase name="Test Cases/User Settings/COMPLEX/TC_CMPLX_016" time="66.469" classname="Test Cases/User Settings/COMPLEX/TC_CMPLX_016" status="FAILED">
         <failure type="FAILED" message="Test Cases/User Settings/COMPLEX/TC_CMPLX_016 FAILED.
Reason:
com.kms.katalon.core.exception.StepFailedException: Call Test Case 'Test Cases/Utilities/Navigate to Buyer Settings' failed
	at com.kms.katalon.core.keyword.builtin.CallTestCaseKeyword$_callTestCase_closure1.doCall(CallTestCaseKeyword.groovy:63)
	at com.kms.katalon.core.keyword.builtin.CallTestCaseKeyword$_callTestCase_closure1.call(CallTestCaseKeyword.groovy)
	at com.kms.katalon.core.keyword.internal.KeywordMain.runKeyword(KeywordMain.groovy:68)
	at com.kms.katalon.core.keyword.builtin.CallTestCaseKeyword.callTestCase(CallTestCaseKeyword.groovy:81)
	at com.kms.katalon.core.keyword.builtin.CallTestCaseKeyword.execute(CallTestCaseKeyword.groovy:44)
	at com.kms.katalon.core.keyword.internal.KeywordExecutor.executeKeywordForPlatform(KeywordExecutor.groovy:73)
	at com.kms.katalon.core.keyword.BuiltinKeywords.callTestCase(BuiltinKeywords.groovy:334)
	at TC_CMPLX_016.run(TC_CMPLX_016:21)
	at com.kms.katalon.core.main.ScriptEngine.run(ScriptEngine.java:194)
	at com.kms.katalon.core.main.ScriptEngine.runScriptAsRawText(ScriptEngine.java:119)
	at com.kms.katalon.core.main.TestCaseExecutor.runScript(TestCaseExecutor.java:339)
	at com.kms.katalon.core.main.TestCaseExecutor.doExecute(TestCaseExecutor.java:330)
	at com.kms.katalon.core.main.TestCaseExecutor.processExecutionPhase(TestCaseExecutor.java:309)
	at com.kms.katalon.core.main.TestCaseExecutor.accessMainPhase(TestCaseExecutor.java:301)
	at com.kms.katalon.core.main.TestCaseExecutor.execute(TestCaseExecutor.java:235)
	at com.kms.katalon.core.main.TestSuiteExecutor.accessTestCaseMainPhase(TestSuiteExecutor.java:191)
	at com.kms.katalon.core.main.TestSuiteExecutor.accessTestSuiteMainPhase(TestSuiteExecutor.java:141)
	at com.kms.katalon.core.main.TestSuiteExecutor.execute(TestSuiteExecutor.java:90)
	at com.kms.katalon.core.main.TestCaseMain.startTestSuite(TestCaseMain.java:157)
	at com.kms.katalon.core.main.TestCaseMain$startTestSuite$0.call(Unknown Source)
	at TempTestSuite1615251524633.run(TempTestSuite1615251524633.groovy:39)
Caused by: com.kms.katalon.core.exception.StepFailedException: Unable to move mouse over object 'Object Repository/User/i_EN_icon icon-down'
	at com.kms.katalon.core.webui.keyword.internal.WebUIKeywordMain.stepFailed(WebUIKeywordMain.groovy:64)
	at com.kms.katalon.core.webui.keyword.internal.WebUIKeywordMain.runKeyword(WebUIKeywordMain.groovy:26)
	at com.kms.katalon.core.webui.keyword.builtin.MouseOverKeyword.mouseOver(MouseOverKeyword.groovy:66)
	at com.kms.katalon.core.webui.keyword.builtin.MouseOverKeyword.execute(MouseOverKeyword.groovy:40)
	at com.kms.katalon.core.keyword.internal.KeywordExecutor.executeKeywordForPlatform(KeywordExecutor.groovy:73)
	at com.kms.katalon.core.webui.keyword.WebUiBuiltInKeywords.mouseOver(WebUiBuiltInKeywords.groovy:802)
	at com.kms.katalon.core.webui.keyword.WebUiBuiltInKeywords$mouseOver$7.call(Unknown Source)
	at Navigate to Buyer Settings.run(Navigate to Buyer Settings:34)
	at com.kms.katalon.core.main.ScriptEngine.run(ScriptEngine.java:194)
	at com.kms.katalon.core.main.ScriptEngine.runScriptAsRawText(ScriptEngine.java:119)
	at com.kms.katalon.core.main.TestCaseExecutor.runScript(TestCaseExecutor.java:339)
	at com.kms.katalon.core.main.TestCaseExecutor.doExecute(TestCaseExecutor.java:330)
	at com.kms.katalon.core.main.TestCaseExecutor.processExecutionPhase(TestCaseExecutor.java:309)
	at com.kms.katalon.core.main.TestCaseExecutor.accessMainPhase(TestCaseExecutor.java:301)
	at com.kms.katalon.core.main.TestCaseExecutor.execute(TestCaseExecutor.java:235)
	at com.kms.katalon.core.main.TestCaseMain.runTestCase(TestCaseMain.java:114)
	at com.kms.katalon.core.keyword.builtin.CallTestCaseKeyword$_callTestCase_closure1.doCall(CallTestCaseKeyword.groovy:59)
	... 20 more
Caused by: com.kms.katalon.core.webui.exception.WebElementNotFoundException: Web element with id: 'Object Repository/User/i_EN_icon icon-down' located by '//div[@id='videoBannerBG']/div/div/div[2]/div/ul/li[5]/a/i' not found
	at com.kms.katalon.core.webui.common.WebUiCommonHelper.findWebElement(WebUiCommonHelper.java:1368)
	at com.kms.katalon.core.webui.keyword.internal.WebUIAbstractKeyword.findWebElement(WebUIAbstractKeyword.groovy:27)
	at com.kms.katalon.core.webui.keyword.internal.WebUIAbstractKeyword.findWebElement(WebUIAbstractKeyword.groovy:26)
	at com.kms.katalon.core.webui.keyword.builtin.MouseOverKeyword$_mouseOver_closure1.doCall(MouseOverKeyword.groovy:54)
	at com.kms.katalon.core.webui.keyword.builtin.MouseOverKeyword$_mouseOver_closure1.call(MouseOverKeyword.groovy)
	at com.kms.katalon.core.webui.keyword.internal.WebUIKeywordMain.runKeyword(WebUIKeywordMain.groovy:20)
	... 35 more
"/>
         <system-out><![CDATA[2021-03-09 09:06:10 - [TEST_CASE][FAILED] - Test Cases/User Settings/COMPLEX/TC_CMPLX_016: Test Cases/User Settings/COMPLEX/TC_CMPLX_016 FAILED.
Reason:
com.kms.katalon.core.exception.StepFailedException: Call Test Case 'Test Cases/Utilities/Navigate to Buyer Settings' failed
	at com.kms.katalon.core.keyword.builtin.CallTestCaseKeyword$_callTestCase_closure1.doCall(CallTestCaseKeyword.groovy:63)
	at com.kms.katalon.core.keyword.builtin.CallTestCaseKeyword$_callTestCase_closure1.call(CallTestCaseKeyword.groovy)
	at com.kms.katalon.core.keyword.internal.KeywordMain.runKeyword(KeywordMain.groovy:68)
	at com.kms.katalon.core.keyword.builtin.CallTestCaseKeyword.callTestCase(CallTestCaseKeyword.groovy:81)
	at com.kms.katalon.core.keyword.builtin.CallTestCaseKeyword.execute(CallTestCaseKeyword.groovy:44)
	at com.kms.katalon.core.keyword.internal.KeywordExecutor.executeKeywordForPlatform(KeywordExecutor.groovy:73)
	at com.kms.katalon.core.keyword.BuiltinKeywords.callTestCase(BuiltinKeywords.groovy:334)
	at TC_CMPLX_016.run(TC_CMPLX_016:21)
	at com.kms.katalon.core.main.ScriptEngine.run(ScriptEngine.java:194)
	at com.kms.katalon.core.main.ScriptEngine.runScriptAsRawText(ScriptEngine.java:119)
	at com.kms.katalon.core.main.TestCaseExecutor.runScript(TestCaseExecutor.java:339)
	at com.kms.katalon.core.main.TestCaseExecutor.doExecute(TestCaseExecutor.java:330)
	at com.kms.katalon.core.main.TestCaseExecutor.processExecutionPhase(TestCaseExecutor.java:309)
	at com.kms.katalon.core.main.TestCaseExecutor.accessMainPhase(TestCaseExecutor.java:301)
	at com.kms.katalon.core.main.TestCaseExecutor.execute(TestCaseExecutor.java:235)
	at com.kms.katalon.core.main.TestSuiteExecutor.accessTestCaseMainPhase(TestSuiteExecutor.java:191)
	at com.kms.katalon.core.main.TestSuiteExecutor.accessTestSuiteMainPhase(TestSuiteExecutor.java:141)
	at com.kms.katalon.core.main.TestSuiteExecutor.execute(TestSuiteExecutor.java:90)
	at com.kms.katalon.core.main.TestCaseMain.startTestSuite(TestCaseMain.java:157)
	at com.kms.katalon.core.main.TestCaseMain$startTestSuite$0.call(Unknown Source)
	at TempTestSuite1615251524633.run(TempTestSuite1615251524633.groovy:39)
Caused by: com.kms.katalon.core.exception.StepFailedException: Unable to move mouse over object 'Object Repository/User/i_EN_icon icon-down'
	at com.kms.katalon.core.webui.keyword.internal.WebUIKeywordMain.stepFailed(WebUIKeywordMain.groovy:64)
	at com.kms.katalon.core.webui.keyword.internal.WebUIKeywordMain.runKeyword(WebUIKeywordMain.groovy:26)
	at com.kms.katalon.core.webui.keyword.builtin.MouseOverKeyword.mouseOver(MouseOverKeyword.groovy:66)
	at com.kms.katalon.core.webui.keyword.builtin.MouseOverKeyword.execute(MouseOverKeyword.groovy:40)
	at com.kms.katalon.core.keyword.internal.KeywordExecutor.executeKeywordForPlatform(KeywordExecutor.groovy:73)
	at com.kms.katalon.core.webui.keyword.WebUiBuiltInKeywords.mouseOver(WebUiBuiltInKeywords.groovy:802)
	at com.kms.katalon.core.webui.keyword.WebUiBuiltInKeywords$mouseOver$7.call(Unknown Source)
	at Navigate to Buyer Settings.run(Navigate to Buyer Settings:34)
	at com.kms.katalon.core.main.ScriptEngine.run(ScriptEngine.java:194)
	at com.kms.katalon.core.main.ScriptEngine.runScriptAsRawText(ScriptEngine.java:119)
	at com.kms.katalon.core.main.TestCaseExecutor.runScript(TestCaseExecutor.java:339)
	at com.kms.katalon.core.main.TestCaseExecutor.doExecute(TestCaseExecutor.java:330)
	at com.kms.katalon.core.main.TestCaseExecutor.processExecutionPhase(TestCaseExecutor.java:309)
	at com.kms.katalon.core.main.TestCaseExecutor.accessMainPhase(TestCaseExecutor.java:301)
	at com.kms.katalon.core.main.TestCaseExecutor.execute(TestCaseExecutor.java:235)
	at com.kms.katalon.core.main.TestCaseMain.runTestCase(TestCaseMain.java:114)
	at com.kms.katalon.core.keyword.builtin.CallTestCaseKeyword$_callTestCase_closure1.doCall(CallTestCaseKeyword.groovy:59)
	... 20 more
Caused by: com.kms.katalon.core.webui.exception.WebElementNotFoundException: Web element with id: 'Object Repository/User/i_EN_icon icon-down' located by '//div[@id='videoBannerBG']/div/div/div[2]/div/ul/li[5]/a/i' not found
	at com.kms.katalon.core.webui.common.WebUiCommonHelper.findWebElement(WebUiCommonHelper.java:1368)
	at com.kms.katalon.core.webui.keyword.internal.WebUIAbstractKeyword.findWebElement(WebUIAbstractKeyword.groovy:27)
	at com.kms.katalon.core.webui.keyword.internal.WebUIAbstractKeyword.findWebElement(WebUIAbstractKeyword.groovy:26)
	at com.kms.katalon.core.webui.keyword.builtin.MouseOverKeyword$_mouseOver_closure1.doCall(MouseOverKeyword.groovy:54)
	at com.kms.katalon.core.webui.keyword.builtin.MouseOverKeyword$_mouseOver_closure1.call(MouseOverKeyword.groovy)
	at com.kms.katalon.core.webui.keyword.internal.WebUIKeywordMain.runKeyword(WebUIKeywordMain.groovy:20)
	... 35 more


2021-03-09 09:06:10 - [TEST_STEP][PASSED] - callTestCase(findTestCase("Utilities/Add New Text Custom Field"), [:], STOP_ON_FAILURE): Call Test Case 'Test Cases/Utilities/Add New Text Custom Field' successfully

2021-03-09 09:06:10 - [TEST_CASE][PASSED] - Test Cases/Utilities/Add New Text Custom Field: Test Cases/Utilities/Add New Text Custom Field

2021-03-09 09:06:10 - [TEST_STEP][PASSED] - callTestCase(findTestCase("Utilities/Admin Login"), [:], STOP_ON_FAILURE): Call Test Case 'Test Cases/Utilities/Admin Login' successfully

2021-03-09 09:06:10 - [TEST_CASE][PASSED] - Test Cases/Utilities/Admin Login: Test Cases/Utilities/Admin Login

2021-03-09 09:06:10 - [TEST_STEP][PASSED] - openBrowser(""): Browser is opened with url: ''

2021-03-09 09:06:10 - [MESSAGE][WARNING] - A browser is already opened. Closing browser and opening a new one

2021-03-09 09:06:11 - [MESSAGE][INFO] - Starting 'Chrome' driver

2021-03-09 09:06:11 - [MESSAGE][INFO] - Action delay is set to 0 milliseconds

2021-03-09 09:06:14 - [MESSAGE][PASSED] - Browser is opened with url: ''

2021-03-09 09:06:14 - [TEST_STEP][PASSED] - maximizeWindow(): Current window maximized

2021-03-09 09:06:16 - [MESSAGE][PASSED] - Current window maximized

2021-03-09 09:06:16 - [TEST_STEP][PASSED] - navigateToUrl(admin_url): Navigate to 'https://youhadmeathelloworld.staging.arcadier.io/admin' successfully

2021-03-09 09:06:19 - [MESSAGE][PASSED] - Navigate to 'https://youhadmeathelloworld.staging.arcadier.io/admin' successfully

2021-03-09 09:06:19 - [TEST_STEP][PASSED] - waitForPageLoad(2): Wait for page load successfully

2021-03-09 09:06:19 - [MESSAGE][PASSED] - Wait for page load successfully

2021-03-09 09:06:19 - [TEST_STEP][PASSED] - setText(findTestObject("Admin/Admin Login/txt_username"), admin_username): Text 'codemafia' is set on object 'Object Repository/Admin/Admin Login/txt_username'

2021-03-09 09:06:19 - [MESSAGE][PASSED] - Text 'codemafia' is set on object 'Object Repository/Admin/Admin Login/txt_username'

2021-03-09 09:06:19 - [TEST_STEP][PASSED] - setText(findTestObject("Admin/Admin Login/txt_password"), admin_password): Text 'welcome8' is set on object 'Object Repository/Admin/Admin Login/txt_password'

2021-03-09 09:06:20 - [MESSAGE][PASSED] - Text 'welcome8' is set on object 'Object Repository/Admin/Admin Login/txt_password'

2021-03-09 09:06:20 - [TEST_STEP][PASSED] - click(findTestObject("Admin/Admin Login/button_login")): Object: 'Object Repository/Admin/Admin Login/button_login' is clicked on

2021-03-09 09:06:25 - [MESSAGE][PASSED] - Object: 'Object Repository/Admin/Admin Login/button_login' is clicked on

2021-03-09 09:06:25 - [MESSAGE][PASSED] - Call Test Case 'Test Cases/Utilities/Admin Login' successfully

2021-03-09 09:06:25 - [TEST_STEP][PASSED] - callTestCase(findTestCase("Utilities/Navigate to Plugin"), [:], STOP_ON_FAILURE): Call Test Case 'Test Cases/Utilities/Navigate to Plugin' successfully

2021-03-09 09:06:25 - [TEST_CASE][PASSED] - Test Cases/Utilities/Navigate to Plugin: Test Cases/Utilities/Navigate to Plugin

2021-03-09 09:06:25 - [TEST_STEP][PASSED] - click(findTestObject("Admin/Plugin Navigation/link_plugin")): Object: 'Object Repository/Admin/Plugin Navigation/link_plugin' is clicked on

2021-03-09 09:06:27 - [MESSAGE][PASSED] - Object: 'Object Repository/Admin/Plugin Navigation/link_plugin' is clicked on

2021-03-09 09:06:27 - [TEST_STEP][PASSED] - click(findTestObject("Admin/Plugin Navigation/link_profile")): Object: 'Object Repository/Admin/Plugin Navigation/link_profile' is clicked on

2021-03-09 09:06:30 - [MESSAGE][PASSED] - Object: 'Object Repository/Admin/Plugin Navigation/link_profile' is clicked on

2021-03-09 09:06:30 - [MESSAGE][PASSED] - Call Test Case 'Test Cases/Utilities/Navigate to Plugin' successfully

2021-03-09 09:06:30 - [TEST_STEP][PASSED] - click(findTestObject("Admin/Plugin Page/Add New Text CF/a_Add Profile Input Field")): Object: 'Object Repository/Admin/Plugin Page/Add New Text CF/a_Add Profile Input Field' is clicked on

2021-03-09 09:06:30 - [MESSAGE][PASSED] - Object: 'Object Repository/Admin/Plugin Page/Add New Text CF/a_Add Profile Input Field' is clicked on

2021-03-09 09:06:30 - [TEST_STEP][PASSED] - setText(findTestObject("Admin/Plugin Page/Add New Text CF/input_Custom Field Name_custom_name"), "Sample Text Customfield"): Text 'Sample Text Customfield' is set on object 'Object Repository/Admin/Plugin Page/Add New Text CF/input_Custom Field Name_custom_name'

2021-03-09 09:06:31 - [MESSAGE][PASSED] - Text 'Sample Text Customfield' is set on object 'Object Repository/Admin/Plugin Page/Add New Text CF/input_Custom Field Name_custom_name'

2021-03-09 09:06:31 - [TEST_STEP][PASSED] - click(findTestObject("Admin/Plugin Page/Add New Text CF/input_Add Option_saveCustomDetails")): Object: 'Object Repository/Admin/Plugin Page/Add New Text CF/input_Add Option_saveCustomDetails' is clicked on

2021-03-09 09:06:31 - [MESSAGE][PASSED] - Object: 'Object Repository/Admin/Plugin Page/Add New Text CF/input_Add Option_saveCustomDetails' is clicked on

2021-03-09 09:06:31 - [TEST_STEP][PASSED] - closeBrowser(): Browser is closed

2021-03-09 09:06:32 - [MESSAGE][PASSED] - Browser is closed

2021-03-09 09:06:32 - [MESSAGE][PASSED] - Call Test Case 'Test Cases/Utilities/Add New Text Custom Field' successfully

2021-03-09 09:06:32 - [TEST_STEP][FAILED] - callTestCase(findTestCase("Utilities/Navigate to Buyer Settings"), [:], STOP_ON_FAILURE): Unable to call Test Case 'Test Cases/Utilities/Navigate to Buyer Settings' (Root cause: com.kms.katalon.core.exception.StepFailedException: Call Test Case 'Test Cases/Utilities/Navigate to Buyer Settings' failed
	at com.kms.katalon.core.keyword.builtin.CallTestCaseKeyword$_callTestCase_closure1.doCall(CallTestCaseKeyword.groovy:63)
	at com.kms.katalon.core.keyword.builtin.CallTestCaseKeyword$_callTestCase_closure1.call(CallTestCaseKeyword.groovy)
	at com.kms.katalon.core.keyword.internal.KeywordMain.runKeyword(KeywordMain.groovy:68)
	at com.kms.katalon.core.keyword.builtin.CallTestCaseKeyword.callTestCase(CallTestCaseKeyword.groovy:81)
	at com.kms.katalon.core.keyword.builtin.CallTestCaseKeyword.execute(CallTestCaseKeyword.groovy:44)
	at com.kms.katalon.core.keyword.internal.KeywordExecutor.executeKeywordForPlatform(KeywordExecutor.groovy:73)
	at com.kms.katalon.core.keyword.BuiltinKeywords.callTestCase(BuiltinKeywords.groovy:334)
	at TC_CMPLX_016.run(TC_CMPLX_016:21)
	at com.kms.katalon.core.main.ScriptEngine.run(ScriptEngine.java:194)
	at com.kms.katalon.core.main.ScriptEngine.runScriptAsRawText(ScriptEngine.java:119)
	at com.kms.katalon.core.main.TestCaseExecutor.runScript(TestCaseExecutor.java:339)
	at com.kms.katalon.core.main.TestCaseExecutor.doExecute(TestCaseExecutor.java:330)
	at com.kms.katalon.core.main.TestCaseExecutor.processExecutionPhase(TestCaseExecutor.java:309)
	at com.kms.katalon.core.main.TestCaseExecutor.accessMainPhase(TestCaseExecutor.java:301)
	at com.kms.katalon.core.main.TestCaseExecutor.execute(TestCaseExecutor.java:235)
	at com.kms.katalon.core.main.TestSuiteExecutor.accessTestCaseMainPhase(TestSuiteExecutor.java:191)
	at com.kms.katalon.core.main.TestSuiteExecutor.accessTestSuiteMainPhase(TestSuiteExecutor.java:141)
	at com.kms.katalon.core.main.TestSuiteExecutor.execute(TestSuiteExecutor.java:90)
	at com.kms.katalon.core.main.TestCaseMain.startTestSuite(TestCaseMain.java:157)
	at com.kms.katalon.core.main.TestCaseMain$startTestSuite$0.call(Unknown Source)
	at TempTestSuite1615251524633.run(TempTestSuite1615251524633.groovy:39)
Caused by: com.kms.katalon.core.exception.StepFailedException: Unable to move mouse over object 'Object Repository/User/i_EN_icon icon-down'
	at com.kms.katalon.core.webui.keyword.internal.WebUIKeywordMain.stepFailed(WebUIKeywordMain.groovy:64)
	at com.kms.katalon.core.webui.keyword.internal.WebUIKeywordMain.runKeyword(WebUIKeywordMain.groovy:26)
	at com.kms.katalon.core.webui.keyword.builtin.MouseOverKeyword.mouseOver(MouseOverKeyword.groovy:66)
	at com.kms.katalon.core.webui.keyword.builtin.MouseOverKeyword.execute(MouseOverKeyword.groovy:40)
	at com.kms.katalon.core.keyword.internal.KeywordExecutor.executeKeywordForPlatform(KeywordExecutor.groovy:73)
	at com.kms.katalon.core.webui.keyword.WebUiBuiltInKeywords.mouseOver(WebUiBuiltInKeywords.groovy:802)
	at com.kms.katalon.core.webui.keyword.WebUiBuiltInKeywords$mouseOver$7.call(Unknown Source)
	at Navigate to Buyer Settings.run(Navigate to Buyer Settings:34)
	at com.kms.katalon.core.main.ScriptEngine.run(ScriptEngine.java:194)
	at com.kms.katalon.core.main.ScriptEngine.runScriptAsRawText(ScriptEngine.java:119)
	at com.kms.katalon.core.main.TestCaseExecutor.runScript(TestCaseExecutor.java:339)
	at com.kms.katalon.core.main.TestCaseExecutor.doExecute(TestCaseExecutor.java:330)
	at com.kms.katalon.core.main.TestCaseExecutor.processExecutionPhase(TestCaseExecutor.java:309)
	at com.kms.katalon.core.main.TestCaseExecutor.accessMainPhase(TestCaseExecutor.java:301)
	at com.kms.katalon.core.main.TestCaseExecutor.execute(TestCaseExecutor.java:235)
	at com.kms.katalon.core.main.TestCaseMain.runTestCase(TestCaseMain.java:114)
	at com.kms.katalon.core.keyword.builtin.CallTestCaseKeyword$_callTestCase_closure1.doCall(CallTestCaseKeyword.groovy:59)
	... 20 more
Caused by: com.kms.katalon.core.webui.exception.WebElementNotFoundException: Web element with id: 'Object Repository/User/i_EN_icon icon-down' located by '//div[@id='videoBannerBG']/div/div/div[2]/div/ul/li[5]/a/i' not found
	at com.kms.katalon.core.webui.common.WebUiCommonHelper.findWebElement(WebUiCommonHelper.java:1368)
	at com.kms.katalon.core.webui.keyword.internal.WebUIAbstractKeyword.findWebElement(WebUIAbstractKeyword.groovy:27)
	at com.kms.katalon.core.webui.keyword.internal.WebUIAbstractKeyword.findWebElement(WebUIAbstractKeyword.groovy:26)
	at com.kms.katalon.core.webui.keyword.builtin.MouseOverKeyword$_mouseOver_closure1.doCall(MouseOverKeyword.groovy:54)
	at com.kms.katalon.core.webui.keyword.builtin.MouseOverKeyword$_mouseOver_closure1.call(MouseOverKeyword.groovy)
	at com.kms.katalon.core.webui.keyword.internal.WebUIKeywordMain.runKeyword(WebUIKeywordMain.groovy:20)
	... 35 more
)

2021-03-09 09:06:32 - [TEST_CASE][FAILED] - Test Cases/Utilities/Navigate to Buyer Settings: Test Cases/Utilities/Navigate to Buyer Settings FAILED.
Reason:
com.kms.katalon.core.exception.StepFailedException: Unable to move mouse over object 'Object Repository/User/i_EN_icon icon-down'
	at com.kms.katalon.core.webui.keyword.internal.WebUIKeywordMain.stepFailed(WebUIKeywordMain.groovy:64)
	at com.kms.katalon.core.webui.keyword.internal.WebUIKeywordMain.runKeyword(WebUIKeywordMain.groovy:26)
	at com.kms.katalon.core.webui.keyword.builtin.MouseOverKeyword.mouseOver(MouseOverKeyword.groovy:66)
	at com.kms.katalon.core.webui.keyword.builtin.MouseOverKeyword.execute(MouseOverKeyword.groovy:40)
	at com.kms.katalon.core.keyword.internal.KeywordExecutor.executeKeywordForPlatform(KeywordExecutor.groovy:73)
	at com.kms.katalon.core.webui.keyword.WebUiBuiltInKeywords.mouseOver(WebUiBuiltInKeywords.groovy:802)
	at com.kms.katalon.core.webui.keyword.WebUiBuiltInKeywords$mouseOver$7.call(Unknown Source)
	at Navigate to Buyer Settings.run(Navigate to Buyer Settings:34)
	at com.kms.katalon.core.main.ScriptEngine.run(ScriptEngine.java:194)
	at com.kms.katalon.core.main.ScriptEngine.runScriptAsRawText(ScriptEngine.java:119)
	at com.kms.katalon.core.main.TestCaseExecutor.runScript(TestCaseExecutor.java:339)
	at com.kms.katalon.core.main.TestCaseExecutor.doExecute(TestCaseExecutor.java:330)
	at com.kms.katalon.core.main.TestCaseExecutor.processExecutionPhase(TestCaseExecutor.java:309)
	at com.kms.katalon.core.main.TestCaseExecutor.accessMainPhase(TestCaseExecutor.java:301)
	at com.kms.katalon.core.main.TestCaseExecutor.execute(TestCaseExecutor.java:235)
	at com.kms.katalon.core.main.TestCaseMain.runTestCase(TestCaseMain.java:114)
	at com.kms.katalon.core.keyword.builtin.CallTestCaseKeyword$_callTestCase_closure1.doCall(CallTestCaseKeyword.groovy:59)
	at com.kms.katalon.core.keyword.builtin.CallTestCaseKeyword$_callTestCase_closure1.call(CallTestCaseKeyword.groovy)
	at com.kms.katalon.core.keyword.internal.KeywordMain.runKeyword(KeywordMain.groovy:68)
	at com.kms.katalon.core.keyword.builtin.CallTestCaseKeyword.callTestCase(CallTestCaseKeyword.groovy:81)
	at com.kms.katalon.core.keyword.builtin.CallTestCaseKeyword.execute(CallTestCaseKeyword.groovy:44)
	at com.kms.katalon.core.keyword.internal.KeywordExecutor.executeKeywordForPlatform(KeywordExecutor.groovy:73)
	at com.kms.katalon.core.keyword.BuiltinKeywords.callTestCase(BuiltinKeywords.groovy:334)
	at TC_CMPLX_016.run(TC_CMPLX_016:21)
	at com.kms.katalon.core.main.ScriptEngine.run(ScriptEngine.java:194)
	at com.kms.katalon.core.main.ScriptEngine.runScriptAsRawText(ScriptEngine.java:119)
	at com.kms.katalon.core.main.TestCaseExecutor.runScript(TestCaseExecutor.java:339)
	at com.kms.katalon.core.main.TestCaseExecutor.doExecute(TestCaseExecutor.java:330)
	at com.kms.katalon.core.main.TestCaseExecutor.processExecutionPhase(TestCaseExecutor.java:309)
	at com.kms.katalon.core.main.TestCaseExecutor.accessMainPhase(TestCaseExecutor.java:301)
	at com.kms.katalon.core.main.TestCaseExecutor.execute(TestCaseExecutor.java:235)
	at com.kms.katalon.core.main.TestSuiteExecutor.accessTestCaseMainPhase(TestSuiteExecutor.java:191)
	at com.kms.katalon.core.main.TestSuiteExecutor.accessTestSuiteMainPhase(TestSuiteExecutor.java:141)
	at com.kms.katalon.core.main.TestSuiteExecutor.execute(TestSuiteExecutor.java:90)
	at com.kms.katalon.core.main.TestCaseMain.startTestSuite(TestCaseMain.java:157)
	at com.kms.katalon.core.main.TestCaseMain$startTestSuite$0.call(Unknown Source)
	at TempTestSuite1615251524633.run(TempTestSuite1615251524633.groovy:39)
Caused by: com.kms.katalon.core.webui.exception.WebElementNotFoundException: Web element with id: 'Object Repository/User/i_EN_icon icon-down' located by '//div[@id='videoBannerBG']/div/div/div[2]/div/ul/li[5]/a/i' not found
	at com.kms.katalon.core.webui.common.WebUiCommonHelper.findWebElement(WebUiCommonHelper.java:1368)
	at com.kms.katalon.core.webui.keyword.internal.WebUIAbstractKeyword.findWebElement(WebUIAbstractKeyword.groovy:27)
	at com.kms.katalon.core.webui.keyword.internal.WebUIAbstractKeyword.findWebElement(WebUIAbstractKeyword.groovy:26)
	at com.kms.katalon.core.webui.keyword.builtin.MouseOverKeyword$_mouseOver_closure1.doCall(MouseOverKeyword.groovy:54)
	at com.kms.katalon.core.webui.keyword.builtin.MouseOverKeyword$_mouseOver_closure1.call(MouseOverKeyword.groovy)
	at com.kms.katalon.core.webui.keyword.internal.WebUIKeywordMain.runKeyword(WebUIKeywordMain.groovy:20)
	... 35 more


2021-03-09 09:06:32 - [TEST_STEP][PASSED] - openBrowser(""): Browser is opened with url: ''

2021-03-09 09:06:32 - [MESSAGE][INFO] - Starting 'Chrome' driver

2021-03-09 09:06:32 - [MESSAGE][INFO] - Action delay is set to 0 milliseconds

2021-03-09 09:06:35 - [MESSAGE][PASSED] - Browser is opened with url: ''

2021-03-09 09:06:35 - [TEST_STEP][PASSED] - navigateToUrl("https://youhadmeathelloworld.staging.arcadier.io/"): Navigate to 'https://youhadmeathelloworld.staging.arcadier.io/' successfully

2021-03-09 09:06:38 - [MESSAGE][PASSED] - Navigate to 'https://youhadmeathelloworld.staging.arcadier.io/' successfully

2021-03-09 09:06:38 - [TEST_STEP][PASSED] - maximizeWindow(): Current window maximized

2021-03-09 09:06:40 - [MESSAGE][PASSED] - Current window maximized

2021-03-09 09:06:40 - [TEST_STEP][PASSED] - click(findTestObject("Object Repository/User/a_REGISTER  SIGN IN")): Object: 'Object Repository/User/a_REGISTER  SIGN IN' is clicked on

2021-03-09 09:06:41 - [MESSAGE][PASSED] - Object: 'Object Repository/User/a_REGISTER  SIGN IN' is clicked on

2021-03-09 09:06:41 - [TEST_STEP][PASSED] - setText(findTestObject("Object Repository/User/input_Your emailusername_username"), "athena"): Text 'athena' is set on object 'Object Repository/User/input_Your emailusername_username'

2021-03-09 09:06:42 - [MESSAGE][PASSED] - Text 'athena' is set on object 'Object Repository/User/input_Your emailusername_username'

2021-03-09 09:06:42 - [TEST_STEP][PASSED] - setEncryptedText(findTestObject("Object Repository/User/input_Your password_password"), "goxxgxvM2dP/z7G09p4JaTtn5QD+a0Kw"): Text ****** has been set on object 'Object Repository/User/input_Your password_password'

2021-03-09 09:06:42 - [MESSAGE][PASSED] - Text ****** has been set on object 'Object Repository/User/input_Your password_password'

2021-03-09 09:06:42 - [TEST_STEP][PASSED] - click(findTestObject("Object Repository/User/input_Your password_login-submit")): Object: 'Object Repository/User/input_Your password_login-submit' is clicked on

2021-03-09 09:06:44 - [MESSAGE][PASSED] - Object: 'Object Repository/User/input_Your password_login-submit' is clicked on

2021-03-09 09:06:44 - [TEST_STEP][FAILED] - mouseOver(findTestObject("User/i_EN_icon icon-down")): Unable to move mouse over object 'Object Repository/User/i_EN_icon icon-down' (Root cause: com.kms.katalon.core.exception.StepFailedException: Unable to move mouse over object 'Object Repository/User/i_EN_icon icon-down'
	at com.kms.katalon.core.webui.keyword.internal.WebUIKeywordMain.stepFailed(WebUIKeywordMain.groovy:64)
	at com.kms.katalon.core.webui.keyword.internal.WebUIKeywordMain.runKeyword(WebUIKeywordMain.groovy:26)
	at com.kms.katalon.core.webui.keyword.builtin.MouseOverKeyword.mouseOver(MouseOverKeyword.groovy:66)
	at com.kms.katalon.core.webui.keyword.builtin.MouseOverKeyword.execute(MouseOverKeyword.groovy:40)
	at com.kms.katalon.core.keyword.internal.KeywordExecutor.executeKeywordForPlatform(KeywordExecutor.groovy:73)
	at com.kms.katalon.core.webui.keyword.WebUiBuiltInKeywords.mouseOver(WebUiBuiltInKeywords.groovy:802)
	at com.kms.katalon.core.webui.keyword.WebUiBuiltInKeywords$mouseOver$7.call(Unknown Source)
	at Navigate to Buyer Settings.run(Navigate to Buyer Settings:34)
	at com.kms.katalon.core.main.ScriptEngine.run(ScriptEngine.java:194)
	at com.kms.katalon.core.main.ScriptEngine.runScriptAsRawText(ScriptEngine.java:119)
	at com.kms.katalon.core.main.TestCaseExecutor.runScript(TestCaseExecutor.java:339)
	at com.kms.katalon.core.main.TestCaseExecutor.doExecute(TestCaseExecutor.java:330)
	at com.kms.katalon.core.main.TestCaseExecutor.processExecutionPhase(TestCaseExecutor.java:309)
	at com.kms.katalon.core.main.TestCaseExecutor.accessMainPhase(TestCaseExecutor.java:301)
	at com.kms.katalon.core.main.TestCaseExecutor.execute(TestCaseExecutor.java:235)
	at com.kms.katalon.core.main.TestCaseMain.runTestCase(TestCaseMain.java:114)
	at com.kms.katalon.core.keyword.builtin.CallTestCaseKeyword$_callTestCase_closure1.doCall(CallTestCaseKeyword.groovy:59)
	at com.kms.katalon.core.keyword.builtin.CallTestCaseKeyword$_callTestCase_closure1.call(CallTestCaseKeyword.groovy)
	at com.kms.katalon.core.keyword.internal.KeywordMain.runKeyword(KeywordMain.groovy:68)
	at com.kms.katalon.core.keyword.builtin.CallTestCaseKeyword.callTestCase(CallTestCaseKeyword.groovy:81)
	at com.kms.katalon.core.keyword.builtin.CallTestCaseKeyword.execute(CallTestCaseKeyword.groovy:44)
	at com.kms.katalon.core.keyword.internal.KeywordExecutor.executeKeywordForPlatform(KeywordExecutor.groovy:73)
	at com.kms.katalon.core.keyword.BuiltinKeywords.callTestCase(BuiltinKeywords.groovy:334)
	at TC_CMPLX_016.run(TC_CMPLX_016:21)
	at com.kms.katalon.core.main.ScriptEngine.run(ScriptEngine.java:194)
	at com.kms.katalon.core.main.ScriptEngine.runScriptAsRawText(ScriptEngine.java:119)
	at com.kms.katalon.core.main.TestCaseExecutor.runScript(TestCaseExecutor.java:339)
	at com.kms.katalon.core.main.TestCaseExecutor.doExecute(TestCaseExecutor.java:330)
	at com.kms.katalon.core.main.TestCaseExecutor.processExecutionPhase(TestCaseExecutor.java:309)
	at com.kms.katalon.core.main.TestCaseExecutor.accessMainPhase(TestCaseExecutor.java:301)
	at com.kms.katalon.core.main.TestCaseExecutor.execute(TestCaseExecutor.java:235)
	at com.kms.katalon.core.main.TestSuiteExecutor.accessTestCaseMainPhase(TestSuiteExecutor.java:191)
	at com.kms.katalon.core.main.TestSuiteExecutor.accessTestSuiteMainPhase(TestSuiteExecutor.java:141)
	at com.kms.katalon.core.main.TestSuiteExecutor.execute(TestSuiteExecutor.java:90)
	at com.kms.katalon.core.main.TestCaseMain.startTestSuite(TestCaseMain.java:157)
	at com.kms.katalon.core.main.TestCaseMain$startTestSuite$0.call(Unknown Source)
	at TempTestSuite1615251524633.run(TempTestSuite1615251524633.groovy:39)
Caused by: com.kms.katalon.core.webui.exception.WebElementNotFoundException: Web element with id: 'Object Repository/User/i_EN_icon icon-down' located by '//div[@id='videoBannerBG']/div/div/div[2]/div/ul/li[5]/a/i' not found
	at com.kms.katalon.core.webui.common.WebUiCommonHelper.findWebElement(WebUiCommonHelper.java:1368)
	at com.kms.katalon.core.webui.keyword.internal.WebUIAbstractKeyword.findWebElement(WebUIAbstractKeyword.groovy:27)
	at com.kms.katalon.core.webui.keyword.internal.WebUIAbstractKeyword.findWebElement(WebUIAbstractKeyword.groovy:26)
	at com.kms.katalon.core.webui.keyword.builtin.MouseOverKeyword$_mouseOver_closure1.doCall(MouseOverKeyword.groovy:54)
	at com.kms.katalon.core.webui.keyword.builtin.MouseOverKeyword$_mouseOver_closure1.call(MouseOverKeyword.groovy)
	at com.kms.katalon.core.webui.keyword.internal.WebUIKeywordMain.runKeyword(WebUIKeywordMain.groovy:20)
	at com.kms.katalon.core.webui.keyword.builtin.MouseOverKeyword.mouseOver(MouseOverKeyword.groovy:66)
	at com.kms.katalon.core.webui.keyword.builtin.MouseOverKeyword.execute(MouseOverKeyword.groovy:40)
	at com.kms.katalon.core.keyword.internal.KeywordExecutor.executeKeywordForPlatform(KeywordExecutor.groovy:73)
	at com.kms.katalon.core.webui.keyword.WebUiBuiltInKeywords.mouseOver(WebUiBuiltInKeywords.groovy:802)
	at com.kms.katalon.core.webui.keyword.WebUiBuiltInKeywords$mouseOver$7.call(Unknown Source)
	at Script1601684472070.run(Script1601684472070.groovy:34)
	at com.kms.katalon.core.main.ScriptEngine.run(ScriptEngine.java:194)
	at com.kms.katalon.core.main.ScriptEngine.runScriptAsRawText(ScriptEngine.java:119)
	at com.kms.katalon.core.main.TestCaseExecutor.runScript(TestCaseExecutor.java:339)
	at com.kms.katalon.core.main.TestCaseExecutor.doExecute(TestCaseExecutor.java:330)
	at com.kms.katalon.core.main.TestCaseExecutor.processExecutionPhase(TestCaseExecutor.java:309)
	at com.kms.katalon.core.main.TestCaseExecutor.accessMainPhase(TestCaseExecutor.java:301)
	at com.kms.katalon.core.main.TestCaseExecutor.execute(TestCaseExecutor.java:235)
	at com.kms.katalon.core.main.TestCaseMain.runTestCase(TestCaseMain.java:114)
	at com.kms.katalon.core.keyword.builtin.CallTestCaseKeyword$_callTestCase_closure1.doCall(CallTestCaseKeyword.groovy:59)
	at com.kms.katalon.core.keyword.builtin.CallTestCaseKeyword$_callTestCase_closure1.call(CallTestCaseKeyword.groovy)
	at com.kms.katalon.core.keyword.internal.KeywordMain.runKeyword(KeywordMain.groovy:68)
	at com.kms.katalon.core.keyword.builtin.CallTestCaseKeyword.callTestCase(CallTestCaseKeyword.groovy:81)
	at com.kms.katalon.core.keyword.builtin.CallTestCaseKeyword.execute(CallTestCaseKeyword.groovy:44)
	at com.kms.katalon.core.keyword.internal.KeywordExecutor.executeKeywordForPlatform(KeywordExecutor.groovy:73)
	at com.kms.katalon.core.keyword.BuiltinKeywords.callTestCase(BuiltinKeywords.groovy:334)
	at Script1601693794701.run(Script1601693794701.groovy:21)
	... 13 more
)

2021-03-09 09:07:15 - [MESSAGE][INFO] - Unable to find the element located by 'By.xpath: //div[@id='videoBannerBG']/div/div/div[2]/div/ul/li[5]/a/i'. Please recheck the objects properties to make sure the desired element is located. 

2021-03-09 09:07:16 - [MESSAGE][FAILED] - Unable to move mouse over object 'Object Repository/User/i_EN_icon icon-down' (Root cause: com.kms.katalon.core.exception.StepFailedException: Unable to move mouse over object 'Object Repository/User/i_EN_icon icon-down'
	at com.kms.katalon.core.webui.keyword.internal.WebUIKeywordMain.stepFailed(WebUIKeywordMain.groovy:64)
	at com.kms.katalon.core.webui.keyword.internal.WebUIKeywordMain.runKeyword(WebUIKeywordMain.groovy:26)
	at com.kms.katalon.core.webui.keyword.builtin.MouseOverKeyword.mouseOver(MouseOverKeyword.groovy:66)
	at com.kms.katalon.core.webui.keyword.builtin.MouseOverKeyword.execute(MouseOverKeyword.groovy:40)
	at com.kms.katalon.core.keyword.internal.KeywordExecutor.executeKeywordForPlatform(KeywordExecutor.groovy:73)
	at com.kms.katalon.core.webui.keyword.WebUiBuiltInKeywords.mouseOver(WebUiBuiltInKeywords.groovy:802)
	at com.kms.katalon.core.webui.keyword.WebUiBuiltInKeywords$mouseOver$7.call(Unknown Source)
	at Navigate to Buyer Settings.run(Navigate to Buyer Settings:34)
	at com.kms.katalon.core.main.ScriptEngine.run(ScriptEngine.java:194)
	at com.kms.katalon.core.main.ScriptEngine.runScriptAsRawText(ScriptEngine.java:119)
	at com.kms.katalon.core.main.TestCaseExecutor.runScript(TestCaseExecutor.java:339)
	at com.kms.katalon.core.main.TestCaseExecutor.doExecute(TestCaseExecutor.java:330)
	at com.kms.katalon.core.main.TestCaseExecutor.processExecutionPhase(TestCaseExecutor.java:309)
	at com.kms.katalon.core.main.TestCaseExecutor.accessMainPhase(TestCaseExecutor.java:301)
	at com.kms.katalon.core.main.TestCaseExecutor.execute(TestCaseExecutor.java:235)
	at com.kms.katalon.core.main.TestCaseMain.runTestCase(TestCaseMain.java:114)
	at com.kms.katalon.core.keyword.builtin.CallTestCaseKeyword$_callTestCase_closure1.doCall(CallTestCaseKeyword.groovy:59)
	at com.kms.katalon.core.keyword.builtin.CallTestCaseKeyword$_callTestCase_closure1.call(CallTestCaseKeyword.groovy)
	at com.kms.katalon.core.keyword.internal.KeywordMain.runKeyword(KeywordMain.groovy:68)
	at com.kms.katalon.core.keyword.builtin.CallTestCaseKeyword.callTestCase(CallTestCaseKeyword.groovy:81)
	at com.kms.katalon.core.keyword.builtin.CallTestCaseKeyword.execute(CallTestCaseKeyword.groovy:44)
	at com.kms.katalon.core.keyword.internal.KeywordExecutor.executeKeywordForPlatform(KeywordExecutor.groovy:73)
	at com.kms.katalon.core.keyword.BuiltinKeywords.callTestCase(BuiltinKeywords.groovy:334)
	at TC_CMPLX_016.run(TC_CMPLX_016:21)
	at com.kms.katalon.core.main.ScriptEngine.run(ScriptEngine.java:194)
	at com.kms.katalon.core.main.ScriptEngine.runScriptAsRawText(ScriptEngine.java:119)
	at com.kms.katalon.core.main.TestCaseExecutor.runScript(TestCaseExecutor.java:339)
	at com.kms.katalon.core.main.TestCaseExecutor.doExecute(TestCaseExecutor.java:330)
	at com.kms.katalon.core.main.TestCaseExecutor.processExecutionPhase(TestCaseExecutor.java:309)
	at com.kms.katalon.core.main.TestCaseExecutor.accessMainPhase(TestCaseExecutor.java:301)
	at com.kms.katalon.core.main.TestCaseExecutor.execute(TestCaseExecutor.java:235)
	at com.kms.katalon.core.main.TestSuiteExecutor.accessTestCaseMainPhase(TestSuiteExecutor.java:191)
	at com.kms.katalon.core.main.TestSuiteExecutor.accessTestSuiteMainPhase(TestSuiteExecutor.java:141)
	at com.kms.katalon.core.main.TestSuiteExecutor.execute(TestSuiteExecutor.java:90)
	at com.kms.katalon.core.main.TestCaseMain.startTestSuite(TestCaseMain.java:157)
	at com.kms.katalon.core.main.TestCaseMain$startTestSuite$0.call(Unknown Source)
	at TempTestSuite1615251524633.run(TempTestSuite1615251524633.groovy:39)
Caused by: com.kms.katalon.core.webui.exception.WebElementNotFoundException: Web element with id: 'Object Repository/User/i_EN_icon icon-down' located by '//div[@id='videoBannerBG']/div/div/div[2]/div/ul/li[5]/a/i' not found
	at com.kms.katalon.core.webui.common.WebUiCommonHelper.findWebElement(WebUiCommonHelper.java:1368)
	at com.kms.katalon.core.webui.keyword.internal.WebUIAbstractKeyword.findWebElement(WebUIAbstractKeyword.groovy:27)
	at com.kms.katalon.core.webui.keyword.internal.WebUIAbstractKeyword.findWebElement(WebUIAbstractKeyword.groovy:26)
	at com.kms.katalon.core.webui.keyword.builtin.MouseOverKeyword$_mouseOver_closure1.doCall(MouseOverKeyword.groovy:54)
	at com.kms.katalon.core.webui.keyword.builtin.MouseOverKeyword$_mouseOver_closure1.call(MouseOverKeyword.groovy)
	at com.kms.katalon.core.webui.keyword.internal.WebUIKeywordMain.runKeyword(WebUIKeywordMain.groovy:20)
	at com.kms.katalon.core.webui.keyword.builtin.MouseOverKeyword.mouseOver(MouseOverKeyword.groovy:66)
	at com.kms.katalon.core.webui.keyword.builtin.MouseOverKeyword.execute(MouseOverKeyword.groovy:40)
	at com.kms.katalon.core.keyword.internal.KeywordExecutor.executeKeywordForPlatform(KeywordExecutor.groovy:73)
	at com.kms.katalon.core.webui.keyword.WebUiBuiltInKeywords.mouseOver(WebUiBuiltInKeywords.groovy:802)
	at com.kms.katalon.core.webui.keyword.WebUiBuiltInKeywords$mouseOver$7.call(Unknown Source)
	at Script1601684472070.run(Script1601684472070.groovy:34)
	at com.kms.katalon.core.main.ScriptEngine.run(ScriptEngine.java:194)
	at com.kms.katalon.core.main.ScriptEngine.runScriptAsRawText(ScriptEngine.java:119)
	at com.kms.katalon.core.main.TestCaseExecutor.runScript(TestCaseExecutor.java:339)
	at com.kms.katalon.core.main.TestCaseExecutor.doExecute(TestCaseExecutor.java:330)
	at com.kms.katalon.core.main.TestCaseExecutor.processExecutionPhase(TestCaseExecutor.java:309)
	at com.kms.katalon.core.main.TestCaseExecutor.accessMainPhase(TestCaseExecutor.java:301)
	at com.kms.katalon.core.main.TestCaseExecutor.execute(TestCaseExecutor.java:235)
	at com.kms.katalon.core.main.TestCaseMain.runTestCase(TestCaseMain.java:114)
	at com.kms.katalon.core.keyword.builtin.CallTestCaseKeyword$_callTestCase_closure1.doCall(CallTestCaseKeyword.groovy:59)
	at com.kms.katalon.core.keyword.builtin.CallTestCaseKeyword$_callTestCase_closure1.call(CallTestCaseKeyword.groovy)
	at com.kms.katalon.core.keyword.internal.KeywordMain.runKeyword(KeywordMain.groovy:68)
	at com.kms.katalon.core.keyword.builtin.CallTestCaseKeyword.callTestCase(CallTestCaseKeyword.groovy:81)
	at com.kms.katalon.core.keyword.builtin.CallTestCaseKeyword.execute(CallTestCaseKeyword.groovy:44)
	at com.kms.katalon.core.keyword.internal.KeywordExecutor.executeKeywordForPlatform(KeywordExecutor.groovy:73)
	at com.kms.katalon.core.keyword.BuiltinKeywords.callTestCase(BuiltinKeywords.groovy:334)
	at Script1601693794701.run(Script1601693794701.groovy:21)
	... 13 more
)
[[ATTACHMENT|D:\\GITHUB\\automation_profile_input\\Reports\\20210309_085844\\User Settings\\20210309_085844\\1615252035771.png]]

2021-03-09 09:07:16 - [MESSAGE][FAILED] - Unable to call Test Case 'Test Cases/Utilities/Navigate to Buyer Settings' (Root cause: com.kms.katalon.core.exception.StepFailedException: Call Test Case 'Test Cases/Utilities/Navigate to Buyer Settings' failed
	at com.kms.katalon.core.keyword.builtin.CallTestCaseKeyword$_callTestCase_closure1.doCall(CallTestCaseKeyword.groovy:63)
	at com.kms.katalon.core.keyword.builtin.CallTestCaseKeyword$_callTestCase_closure1.call(CallTestCaseKeyword.groovy)
	at com.kms.katalon.core.keyword.internal.KeywordMain.runKeyword(KeywordMain.groovy:68)
	at com.kms.katalon.core.keyword.builtin.CallTestCaseKeyword.callTestCase(CallTestCaseKeyword.groovy:81)
	at com.kms.katalon.core.keyword.builtin.CallTestCaseKeyword.execute(CallTestCaseKeyword.groovy:44)
	at com.kms.katalon.core.keyword.internal.KeywordExecutor.executeKeywordForPlatform(KeywordExecutor.groovy:73)
	at com.kms.katalon.core.keyword.BuiltinKeywords.callTestCase(BuiltinKeywords.groovy:334)
	at TC_CMPLX_016.run(TC_CMPLX_016:21)
	at com.kms.katalon.core.main.ScriptEngine.run(ScriptEngine.java:194)
	at com.kms.katalon.core.main.ScriptEngine.runScriptAsRawText(ScriptEngine.java:119)
	at com.kms.katalon.core.main.TestCaseExecutor.runScript(TestCaseExecutor.java:339)
	at com.kms.katalon.core.main.TestCaseExecutor.doExecute(TestCaseExecutor.java:330)
	at com.kms.katalon.core.main.TestCaseExecutor.processExecutionPhase(TestCaseExecutor.java:309)
	at com.kms.katalon.core.main.TestCaseExecutor.accessMainPhase(TestCaseExecutor.java:301)
	at com.kms.katalon.core.main.TestCaseExecutor.execute(TestCaseExecutor.java:235)
	at com.kms.katalon.core.main.TestSuiteExecutor.accessTestCaseMainPhase(TestSuiteExecutor.java:191)
	at com.kms.katalon.core.main.TestSuiteExecutor.accessTestSuiteMainPhase(TestSuiteExecutor.java:141)
	at com.kms.katalon.core.main.TestSuiteExecutor.execute(TestSuiteExecutor.java:90)
	at com.kms.katalon.core.main.TestCaseMain.startTestSuite(TestCaseMain.java:157)
	at com.kms.katalon.core.main.TestCaseMain$startTestSuite$0.call(Unknown Source)
	at TempTestSuite1615251524633.run(TempTestSuite1615251524633.groovy:39)
Caused by: com.kms.katalon.core.exception.StepFailedException: Unable to move mouse over object 'Object Repository/User/i_EN_icon icon-down'
	at com.kms.katalon.core.webui.keyword.internal.WebUIKeywordMain.stepFailed(WebUIKeywordMain.groovy:64)
	at com.kms.katalon.core.webui.keyword.internal.WebUIKeywordMain.runKeyword(WebUIKeywordMain.groovy:26)
	at com.kms.katalon.core.webui.keyword.builtin.MouseOverKeyword.mouseOver(MouseOverKeyword.groovy:66)
	at com.kms.katalon.core.webui.keyword.builtin.MouseOverKeyword.execute(MouseOverKeyword.groovy:40)
	at com.kms.katalon.core.keyword.internal.KeywordExecutor.executeKeywordForPlatform(KeywordExecutor.groovy:73)
	at com.kms.katalon.core.webui.keyword.WebUiBuiltInKeywords.mouseOver(WebUiBuiltInKeywords.groovy:802)
	at com.kms.katalon.core.webui.keyword.WebUiBuiltInKeywords$mouseOver$7.call(Unknown Source)
	at Navigate to Buyer Settings.run(Navigate to Buyer Settings:34)
	at com.kms.katalon.core.main.ScriptEngine.run(ScriptEngine.java:194)
	at com.kms.katalon.core.main.ScriptEngine.runScriptAsRawText(ScriptEngine.java:119)
	at com.kms.katalon.core.main.TestCaseExecutor.runScript(TestCaseExecutor.java:339)
	at com.kms.katalon.core.main.TestCaseExecutor.doExecute(TestCaseExecutor.java:330)
	at com.kms.katalon.core.main.TestCaseExecutor.processExecutionPhase(TestCaseExecutor.java:309)
	at com.kms.katalon.core.main.TestCaseExecutor.accessMainPhase(TestCaseExecutor.java:301)
	at com.kms.katalon.core.main.TestCaseExecutor.execute(TestCaseExecutor.java:235)
	at com.kms.katalon.core.main.TestCaseMain.runTestCase(TestCaseMain.java:114)
	at com.kms.katalon.core.keyword.builtin.CallTestCaseKeyword$_callTestCase_closure1.doCall(CallTestCaseKeyword.groovy:59)
	... 20 more
Caused by: com.kms.katalon.core.webui.exception.WebElementNotFoundException: Web element with id: 'Object Repository/User/i_EN_icon icon-down' located by '//div[@id='videoBannerBG']/div/div/div[2]/div/ul/li[5]/a/i' not found
	at com.kms.katalon.core.webui.common.WebUiCommonHelper.findWebElement(WebUiCommonHelper.java:1368)
	at com.kms.katalon.core.webui.keyword.internal.WebUIAbstractKeyword.findWebElement(WebUIAbstractKeyword.groovy:27)
	at com.kms.katalon.core.webui.keyword.internal.WebUIAbstractKeyword.findWebElement(WebUIAbstractKeyword.groovy:26)
	at com.kms.katalon.core.webui.keyword.builtin.MouseOverKeyword$_mouseOver_closure1.doCall(MouseOverKeyword.groovy:54)
	at com.kms.katalon.core.webui.keyword.builtin.MouseOverKeyword$_mouseOver_closure1.call(MouseOverKeyword.groovy)
	at com.kms.katalon.core.webui.keyword.internal.WebUIKeywordMain.runKeyword(WebUIKeywordMain.groovy:20)
	... 35 more
)]]></system-out>
         <system-err><![CDATA[2021-03-09 09:06:10 - [TEST_CASE][FAILED] - Test Cases/User Settings/COMPLEX/TC_CMPLX_016: Test Cases/User Settings/COMPLEX/TC_CMPLX_016 FAILED.
Reason:
com.kms.katalon.core.exception.StepFailedException: Call Test Case 'Test Cases/Utilities/Navigate to Buyer Settings' failed
	at com.kms.katalon.core.keyword.builtin.CallTestCaseKeyword$_callTestCase_closure1.doCall(CallTestCaseKeyword.groovy:63)
	at com.kms.katalon.core.keyword.builtin.CallTestCaseKeyword$_callTestCase_closure1.call(CallTestCaseKeyword.groovy)
	at com.kms.katalon.core.keyword.internal.KeywordMain.runKeyword(KeywordMain.groovy:68)
	at com.kms.katalon.core.keyword.builtin.CallTestCaseKeyword.callTestCase(CallTestCaseKeyword.groovy:81)
	at com.kms.katalon.core.keyword.builtin.CallTestCaseKeyword.execute(CallTestCaseKeyword.groovy:44)
	at com.kms.katalon.core.keyword.internal.KeywordExecutor.executeKeywordForPlatform(KeywordExecutor.groovy:73)
	at com.kms.katalon.core.keyword.BuiltinKeywords.callTestCase(BuiltinKeywords.groovy:334)
	at TC_CMPLX_016.run(TC_CMPLX_016:21)
	at com.kms.katalon.core.main.ScriptEngine.run(ScriptEngine.java:194)
	at com.kms.katalon.core.main.ScriptEngine.runScriptAsRawText(ScriptEngine.java:119)
	at com.kms.katalon.core.main.TestCaseExecutor.runScript(TestCaseExecutor.java:339)
	at com.kms.katalon.core.main.TestCaseExecutor.doExecute(TestCaseExecutor.java:330)
	at com.kms.katalon.core.main.TestCaseExecutor.processExecutionPhase(TestCaseExecutor.java:309)
	at com.kms.katalon.core.main.TestCaseExecutor.accessMainPhase(TestCaseExecutor.java:301)
	at com.kms.katalon.core.main.TestCaseExecutor.execute(TestCaseExecutor.java:235)
	at com.kms.katalon.core.main.TestSuiteExecutor.accessTestCaseMainPhase(TestSuiteExecutor.java:191)
	at com.kms.katalon.core.main.TestSuiteExecutor.accessTestSuiteMainPhase(TestSuiteExecutor.java:141)
	at com.kms.katalon.core.main.TestSuiteExecutor.execute(TestSuiteExecutor.java:90)
	at com.kms.katalon.core.main.TestCaseMain.startTestSuite(TestCaseMain.java:157)
	at com.kms.katalon.core.main.TestCaseMain$startTestSuite$0.call(Unknown Source)
	at TempTestSuite1615251524633.run(TempTestSuite1615251524633.groovy:39)
Caused by: com.kms.katalon.core.exception.StepFailedException: Unable to move mouse over object 'Object Repository/User/i_EN_icon icon-down'
	at com.kms.katalon.core.webui.keyword.internal.WebUIKeywordMain.stepFailed(WebUIKeywordMain.groovy:64)
	at com.kms.katalon.core.webui.keyword.internal.WebUIKeywordMain.runKeyword(WebUIKeywordMain.groovy:26)
	at com.kms.katalon.core.webui.keyword.builtin.MouseOverKeyword.mouseOver(MouseOverKeyword.groovy:66)
	at com.kms.katalon.core.webui.keyword.builtin.MouseOverKeyword.execute(MouseOverKeyword.groovy:40)
	at com.kms.katalon.core.keyword.internal.KeywordExecutor.executeKeywordForPlatform(KeywordExecutor.groovy:73)
	at com.kms.katalon.core.webui.keyword.WebUiBuiltInKeywords.mouseOver(WebUiBuiltInKeywords.groovy:802)
	at com.kms.katalon.core.webui.keyword.WebUiBuiltInKeywords$mouseOver$7.call(Unknown Source)
	at Navigate to Buyer Settings.run(Navigate to Buyer Settings:34)
	at com.kms.katalon.core.main.ScriptEngine.run(ScriptEngine.java:194)
	at com.kms.katalon.core.main.ScriptEngine.runScriptAsRawText(ScriptEngine.java:119)
	at com.kms.katalon.core.main.TestCaseExecutor.runScript(TestCaseExecutor.java:339)
	at com.kms.katalon.core.main.TestCaseExecutor.doExecute(TestCaseExecutor.java:330)
	at com.kms.katalon.core.main.TestCaseExecutor.processExecutionPhase(TestCaseExecutor.java:309)
	at com.kms.katalon.core.main.TestCaseExecutor.accessMainPhase(TestCaseExecutor.java:301)
	at com.kms.katalon.core.main.TestCaseExecutor.execute(TestCaseExecutor.java:235)
	at com.kms.katalon.core.main.TestCaseMain.runTestCase(TestCaseMain.java:114)
	at com.kms.katalon.core.keyword.builtin.CallTestCaseKeyword$_callTestCase_closure1.doCall(CallTestCaseKeyword.groovy:59)
	... 20 more
Caused by: com.kms.katalon.core.webui.exception.WebElementNotFoundException: Web element with id: 'Object Repository/User/i_EN_icon icon-down' located by '//div[@id='videoBannerBG']/div/div/div[2]/div/ul/li[5]/a/i' not found
	at com.kms.katalon.core.webui.common.WebUiCommonHelper.findWebElement(WebUiCommonHelper.java:1368)
	at com.kms.katalon.core.webui.keyword.internal.WebUIAbstractKeyword.findWebElement(WebUIAbstractKeyword.groovy:27)
	at com.kms.katalon.core.webui.keyword.internal.WebUIAbstractKeyword.findWebElement(WebUIAbstractKeyword.groovy:26)
	at com.kms.katalon.core.webui.keyword.builtin.MouseOverKeyword$_mouseOver_closure1.doCall(MouseOverKeyword.groovy:54)
	at com.kms.katalon.core.webui.keyword.builtin.MouseOverKeyword$_mouseOver_closure1.call(MouseOverKeyword.groovy)
	at com.kms.katalon.core.webui.keyword.internal.WebUIKeywordMain.runKeyword(WebUIKeywordMain.groovy:20)
	... 35 more]]></system-err>
      </testcase>
      <system-out><![CDATA[2021-03-09 08:58:55 - [TEST_SUITE][FAILED] - User Settings: Test Cases/User Settings/COMPLEX/TC_CMPLX_014 FAILED.
Reason:
com.kms.katalon.core.exception.StepFailedException: Call Test Case 'Test Cases/Utilities/Add New Text Custom Field' failed
	at com.kms.katalon.core.keyword.builtin.CallTestCaseKeyword$_callTestCase_closure1.doCall(CallTestCaseKeyword.groovy:63)
	at com.kms.katalon.core.keyword.builtin.CallTestCaseKeyword$_callTestCase_closure1.call(CallTestCaseKeyword.groovy)
	at com.kms.katalon.core.keyword.internal.KeywordMain.runKeyword(KeywordMain.groovy:68)
	at com.kms.katalon.core.keyword.builtin.CallTestCaseKeyword.callTestCase(CallTestCaseKeyword.groovy:81)
	at com.kms.katalon.core.keyword.builtin.CallTestCaseKeyword.execute(CallTestCaseKeyword.groovy:44)
	at com.kms.katalon.core.keyword.internal.KeywordExecutor.executeKeywordForPlatform(KeywordExecutor.groovy:73)
	at com.kms.katalon.core.keyword.BuiltinKeywords.callTestCase(BuiltinKeywords.groovy:334)
	at TC_CMPLX_014.run(TC_CMPLX_014:19)
	at com.kms.katalon.core.main.ScriptEngine.run(ScriptEngine.java:194)
	at com.kms.katalon.core.main.ScriptEngine.runScriptAsRawText(ScriptEngine.java:119)
	at com.kms.katalon.core.main.TestCaseExecutor.runScript(TestCaseExecutor.java:339)
	at com.kms.katalon.core.main.TestCaseExecutor.doExecute(TestCaseExecutor.java:330)
	at com.kms.katalon.core.main.TestCaseExecutor.processExecutionPhase(TestCaseExecutor.java:309)
	at com.kms.katalon.core.main.TestCaseExecutor.accessMainPhase(TestCaseExecutor.java:301)
	at com.kms.katalon.core.main.TestCaseExecutor.execute(TestCaseExecutor.java:235)
	at com.kms.katalon.core.main.TestSuiteExecutor.accessTestCaseMainPhase(TestSuiteExecutor.java:191)
	at com.kms.katalon.core.main.TestSuiteExecutor.accessTestSuiteMainPhase(TestSuiteExecutor.java:141)
	at com.kms.katalon.core.main.TestSuiteExecutor.execute(TestSuiteExecutor.java:90)
	at com.kms.katalon.core.main.TestCaseMain.startTestSuite(TestCaseMain.java:157)
	at com.kms.katalon.core.main.TestCaseMain$startTestSuite$0.call(Unknown Source)
	at TempTestSuite1615251524633.run(TempTestSuite1615251524633.groovy:39)
Caused by: com.kms.katalon.core.exception.StepFailedException: Call Test Case 'Test Cases/Utilities/Navigate to Plugin' failed
	at com.kms.katalon.core.keyword.builtin.CallTestCaseKeyword$_callTestCase_closure1.doCall(CallTestCaseKeyword.groovy:63)
	at com.kms.katalon.core.keyword.builtin.CallTestCaseKeyword$_callTestCase_closure1.call(CallTestCaseKeyword.groovy)
	at com.kms.katalon.core.keyword.internal.KeywordMain.runKeyword(KeywordMain.groovy:68)
	at com.kms.katalon.core.keyword.builtin.CallTestCaseKeyword.callTestCase(CallTestCaseKeyword.groovy:81)
	at com.kms.katalon.core.keyword.builtin.CallTestCaseKeyword.execute(CallTestCaseKeyword.groovy:44)
	at com.kms.katalon.core.keyword.internal.KeywordExecutor.executeKeywordForPlatform(KeywordExecutor.groovy:73)
	at com.kms.katalon.core.keyword.BuiltinKeywords.callTestCase(BuiltinKeywords.groovy:334)
	at Add New Text Custom Field.run(Add New Text Custom Field:22)
	at com.kms.katalon.core.main.ScriptEngine.run(ScriptEngine.java:194)
	at com.kms.katalon.core.main.ScriptEngine.runScriptAsRawText(ScriptEngine.java:119)
	at com.kms.katalon.core.main.TestCaseExecutor.runScript(TestCaseExecutor.java:339)
	at com.kms.katalon.core.main.TestCaseExecutor.doExecute(TestCaseExecutor.java:330)
	at com.kms.katalon.core.main.TestCaseExecutor.processExecutionPhase(TestCaseExecutor.java:309)
	at com.kms.katalon.core.main.TestCaseExecutor.accessMainPhase(TestCaseExecutor.java:301)
	at com.kms.katalon.core.main.TestCaseExecutor.execute(TestCaseExecutor.java:235)
	at com.kms.katalon.core.main.TestCaseMain.runTestCase(TestCaseMain.java:114)
	at com.kms.katalon.core.keyword.builtin.CallTestCaseKeyword$_callTestCase_closure1.doCall(CallTestCaseKeyword.groovy:59)
	... 20 more
Caused by: com.kms.katalon.core.exception.StepFailedException: Unable to click on object 'Object Repository/Admin/Plugin Navigation/link_plugin'
	at com.kms.katalon.core.webui.keyword.internal.WebUIKeywordMain.stepFailed(WebUIKeywordMain.groovy:64)
	at com.kms.katalon.core.webui.keyword.internal.WebUIKeywordMain.runKeyword(WebUIKeywordMain.groovy:26)
	at com.kms.katalon.core.webui.keyword.builtin.ClickKeyword.click(ClickKeyword.groovy:76)
	at com.kms.katalon.core.webui.keyword.builtin.ClickKeyword.execute(ClickKeyword.groovy:43)
	at com.kms.katalon.core.keyword.internal.KeywordExecutor.executeKeywordForPlatform(KeywordExecutor.groovy:73)
	at com.kms.katalon.core.webui.keyword.WebUiBuiltInKeywords.click(WebUiBuiltInKeywords.groovy:616)
	at com.kms.katalon.core.webui.keyword.WebUiBuiltInKeywords$click$4.call(Unknown Source)
	at Navigate to Plugin.run(Navigate to Plugin:19)
	at com.kms.katalon.core.main.ScriptEngine.run(ScriptEngine.java:194)
	at com.kms.katalon.core.main.ScriptEngine.runScriptAsRawText(ScriptEngine.java:119)
	at com.kms.katalon.core.main.TestCaseExecutor.runScript(TestCaseExecutor.java:339)
	at com.kms.katalon.core.main.TestCaseExecutor.doExecute(TestCaseExecutor.java:330)
	at com.kms.katalon.core.main.TestCaseExecutor.processExecutionPhase(TestCaseExecutor.java:309)
	at com.kms.katalon.core.main.TestCaseExecutor.accessMainPhase(TestCaseExecutor.java:301)
	at com.kms.katalon.core.main.TestCaseExecutor.execute(TestCaseExecutor.java:235)
	at com.kms.katalon.core.main.TestCaseMain.runTestCase(TestCaseMain.java:114)
	at com.kms.katalon.core.keyword.builtin.CallTestCaseKeyword$_callTestCase_closure1.doCall(CallTestCaseKeyword.groovy:59)
	... 36 more
Caused by: com.kms.katalon.core.webui.exception.WebElementNotFoundException: Web element with id: 'Object Repository/Admin/Plugin Navigation/link_plugin' located by '//div[@id='mySidebar']/div[2]/div/ul/li[13]/a/span' not found
	at com.kms.katalon.core.webui.common.WebUiCommonHelper.findWebElement(WebUiCommonHelper.java:1368)
	at com.kms.katalon.core.webui.keyword.internal.WebUIAbstractKeyword.findWebElement(WebUIAbstractKeyword.groovy:27)
	at com.kms.katalon.core.webui.keyword.internal.WebUIAbstractKeyword.findWebElement(WebUIAbstractKeyword.groovy:26)
	at com.kms.katalon.core.webui.keyword.builtin.ClickKeyword$_click_closure1.doCall(ClickKeyword.groovy:67)
	at com.kms.katalon.core.webui.keyword.builtin.ClickKeyword$_click_closure1.call(ClickKeyword.groovy)
	at com.kms.katalon.core.webui.keyword.internal.WebUIKeywordMain.runKeyword(WebUIKeywordMain.groovy:20)
	... 51 more]]></system-out>
      <system-err><![CDATA[2021-03-09 08:58:55 - [TEST_SUITE][FAILED] - User Settings: Test Cases/User Settings/COMPLEX/TC_CMPLX_014 FAILED.
Reason:
com.kms.katalon.core.exception.StepFailedException: Call Test Case 'Test Cases/Utilities/Add New Text Custom Field' failed
	at com.kms.katalon.core.keyword.builtin.CallTestCaseKeyword$_callTestCase_closure1.doCall(CallTestCaseKeyword.groovy:63)
	at com.kms.katalon.core.keyword.builtin.CallTestCaseKeyword$_callTestCase_closure1.call(CallTestCaseKeyword.groovy)
	at com.kms.katalon.core.keyword.internal.KeywordMain.runKeyword(KeywordMain.groovy:68)
	at com.kms.katalon.core.keyword.builtin.CallTestCaseKeyword.callTestCase(CallTestCaseKeyword.groovy:81)
	at com.kms.katalon.core.keyword.builtin.CallTestCaseKeyword.execute(CallTestCaseKeyword.groovy:44)
	at com.kms.katalon.core.keyword.internal.KeywordExecutor.executeKeywordForPlatform(KeywordExecutor.groovy:73)
	at com.kms.katalon.core.keyword.BuiltinKeywords.callTestCase(BuiltinKeywords.groovy:334)
	at TC_CMPLX_014.run(TC_CMPLX_014:19)
	at com.kms.katalon.core.main.ScriptEngine.run(ScriptEngine.java:194)
	at com.kms.katalon.core.main.ScriptEngine.runScriptAsRawText(ScriptEngine.java:119)
	at com.kms.katalon.core.main.TestCaseExecutor.runScript(TestCaseExecutor.java:339)
	at com.kms.katalon.core.main.TestCaseExecutor.doExecute(TestCaseExecutor.java:330)
	at com.kms.katalon.core.main.TestCaseExecutor.processExecutionPhase(TestCaseExecutor.java:309)
	at com.kms.katalon.core.main.TestCaseExecutor.accessMainPhase(TestCaseExecutor.java:301)
	at com.kms.katalon.core.main.TestCaseExecutor.execute(TestCaseExecutor.java:235)
	at com.kms.katalon.core.main.TestSuiteExecutor.accessTestCaseMainPhase(TestSuiteExecutor.java:191)
	at com.kms.katalon.core.main.TestSuiteExecutor.accessTestSuiteMainPhase(TestSuiteExecutor.java:141)
	at com.kms.katalon.core.main.TestSuiteExecutor.execute(TestSuiteExecutor.java:90)
	at com.kms.katalon.core.main.TestCaseMain.startTestSuite(TestCaseMain.java:157)
	at com.kms.katalon.core.main.TestCaseMain$startTestSuite$0.call(Unknown Source)
	at TempTestSuite1615251524633.run(TempTestSuite1615251524633.groovy:39)
Caused by: com.kms.katalon.core.exception.StepFailedException: Call Test Case 'Test Cases/Utilities/Navigate to Plugin' failed
	at com.kms.katalon.core.keyword.builtin.CallTestCaseKeyword$_callTestCase_closure1.doCall(CallTestCaseKeyword.groovy:63)
	at com.kms.katalon.core.keyword.builtin.CallTestCaseKeyword$_callTestCase_closure1.call(CallTestCaseKeyword.groovy)
	at com.kms.katalon.core.keyword.internal.KeywordMain.runKeyword(KeywordMain.groovy:68)
	at com.kms.katalon.core.keyword.builtin.CallTestCaseKeyword.callTestCase(CallTestCaseKeyword.groovy:81)
	at com.kms.katalon.core.keyword.builtin.CallTestCaseKeyword.execute(CallTestCaseKeyword.groovy:44)
	at com.kms.katalon.core.keyword.internal.KeywordExecutor.executeKeywordForPlatform(KeywordExecutor.groovy:73)
	at com.kms.katalon.core.keyword.BuiltinKeywords.callTestCase(BuiltinKeywords.groovy:334)
	at Add New Text Custom Field.run(Add New Text Custom Field:22)
	at com.kms.katalon.core.main.ScriptEngine.run(ScriptEngine.java:194)
	at com.kms.katalon.core.main.ScriptEngine.runScriptAsRawText(ScriptEngine.java:119)
	at com.kms.katalon.core.main.TestCaseExecutor.runScript(TestCaseExecutor.java:339)
	at com.kms.katalon.core.main.TestCaseExecutor.doExecute(TestCaseExecutor.java:330)
	at com.kms.katalon.core.main.TestCaseExecutor.processExecutionPhase(TestCaseExecutor.java:309)
	at com.kms.katalon.core.main.TestCaseExecutor.accessMainPhase(TestCaseExecutor.java:301)
	at com.kms.katalon.core.main.TestCaseExecutor.execute(TestCaseExecutor.java:235)
	at com.kms.katalon.core.main.TestCaseMain.runTestCase(TestCaseMain.java:114)
	at com.kms.katalon.core.keyword.builtin.CallTestCaseKeyword$_callTestCase_closure1.doCall(CallTestCaseKeyword.groovy:59)
	... 20 more
Caused by: com.kms.katalon.core.exception.StepFailedException: Unable to click on object 'Object Repository/Admin/Plugin Navigation/link_plugin'
	at com.kms.katalon.core.webui.keyword.internal.WebUIKeywordMain.stepFailed(WebUIKeywordMain.groovy:64)
	at com.kms.katalon.core.webui.keyword.internal.WebUIKeywordMain.runKeyword(WebUIKeywordMain.groovy:26)
	at com.kms.katalon.core.webui.keyword.builtin.ClickKeyword.click(ClickKeyword.groovy:76)
	at com.kms.katalon.core.webui.keyword.builtin.ClickKeyword.execute(ClickKeyword.groovy:43)
	at com.kms.katalon.core.keyword.internal.KeywordExecutor.executeKeywordForPlatform(KeywordExecutor.groovy:73)
	at com.kms.katalon.core.webui.keyword.WebUiBuiltInKeywords.click(WebUiBuiltInKeywords.groovy:616)
	at com.kms.katalon.core.webui.keyword.WebUiBuiltInKeywords$click$4.call(Unknown Source)
	at Navigate to Plugin.run(Navigate to Plugin:19)
	at com.kms.katalon.core.main.ScriptEngine.run(ScriptEngine.java:194)
	at com.kms.katalon.core.main.ScriptEngine.runScriptAsRawText(ScriptEngine.java:119)
	at com.kms.katalon.core.main.TestCaseExecutor.runScript(TestCaseExecutor.java:339)
	at com.kms.katalon.core.main.TestCaseExecutor.doExecute(TestCaseExecutor.java:330)
	at com.kms.katalon.core.main.TestCaseExecutor.processExecutionPhase(TestCaseExecutor.java:309)
	at com.kms.katalon.core.main.TestCaseExecutor.accessMainPhase(TestCaseExecutor.java:301)
	at com.kms.katalon.core.main.TestCaseExecutor.execute(TestCaseExecutor.java:235)
	at com.kms.katalon.core.main.TestCaseMain.runTestCase(TestCaseMain.java:114)
	at com.kms.katalon.core.keyword.builtin.CallTestCaseKeyword$_callTestCase_closure1.doCall(CallTestCaseKeyword.groovy:59)
	... 36 more
Caused by: com.kms.katalon.core.webui.exception.WebElementNotFoundException: Web element with id: 'Object Repository/Admin/Plugin Navigation/link_plugin' located by '//div[@id='mySidebar']/div[2]/div/ul/li[13]/a/span' not found
	at com.kms.katalon.core.webui.common.WebUiCommonHelper.findWebElement(WebUiCommonHelper.java:1368)
	at com.kms.katalon.core.webui.keyword.internal.WebUIAbstractKeyword.findWebElement(WebUIAbstractKeyword.groovy:27)
	at com.kms.katalon.core.webui.keyword.internal.WebUIAbstractKeyword.findWebElement(WebUIAbstractKeyword.groovy:26)
	at com.kms.katalon.core.webui.keyword.builtin.ClickKeyword$_click_closure1.doCall(ClickKeyword.groovy:67)
	at com.kms.katalon.core.webui.keyword.builtin.ClickKeyword$_click_closure1.call(ClickKeyword.groovy)
	at com.kms.katalon.core.webui.keyword.internal.WebUIKeywordMain.runKeyword(WebUIKeywordMain.groovy:20)
	... 51 more]]></system-err>
   </testsuite>
</testsuites>
