<?xml version="1.0" encoding="UTF-8"?>
<testsuites name="Header" time="20.108" tests="9" failures="0" errors="0">
   <testsuite name="Header" tests="9" failures="0" errors="0" time="20.108" timestamp="2021-03-15 10:51:23" hostname="Natasha - Natasha-PC" id="Test Suites/Admin Plugin Page/Header">
      <properties>
         <property name="deviceName" value=""/>
         <property name="devicePlatform" value=""/>
         <property name="logFolder" value="D:\\GITHUB\\automation_profile_input\\Reports\\20210315_105111\\Admin Plugin Page\\Header\\20210315_105111"/>
         <property name="logFiles" value="D:\\GITHUB\\automation_profile_input\\Reports\\20210315_105111\\Admin Plugin Page\\Header\\20210315_105111\\execution0.log"/>
         <property name="attachments" value=""/>
         <property name="hostName" value="Natasha - Natasha-PC"/>
         <property name="os" value="Windows 10 64bit"/>
         <property name="katalonVersion" value="7.6.6.205"/>
         <property name="browser" value="Chrome 89.0.4389.82"/>
         <property name="hostAddress" value="192.168.56.1"/>
         <property name="sessionId" value="6dc2685bf36a57c1b7be86f9b789ad0e"/>
         <property name="seleniumVersion" value="3.141.59"/>
         <property name="proxyInformation" value="ProxyInformation { proxyOption=NO_PROXY, proxyServerType=HTTP, username=, password=********, proxyServerAddress=, proxyServerPort=0, executionList=&quot;&quot;, isApplyToDesiredCapabilities=true }"/>
         <property name="platform" value="Windows 10"/>
      </properties>
      <testcase name="Test Cases/Utilities/Admin Login" time="13.255" classname="Test Cases/Utilities/Admin Login" status="PASSED">
         <system-out><![CDATA[2021-03-15 10:51:23 - [TEST_CASE][PASSED] - Test Cases/Utilities/Admin Login: Test Cases/Utilities/Admin Login

2021-03-15 10:51:23 - [TEST_STEP][PASSED] - openBrowser(""): Browser is opened with url: ''

2021-03-15 10:51:24 - [MESSAGE][INFO] - Starting 'Chrome' driver

2021-03-15 10:51:24 - [MESSAGE][INFO] - Action delay is set to 0 milliseconds

2021-03-15 10:51:26 - [MESSAGE][PASSED] - Browser is opened with url: ''

2021-03-15 10:51:26 - [TEST_STEP][PASSED] - maximizeWindow(): Current window maximized

2021-03-15 10:51:26 - [MESSAGE][PASSED] - Current window maximized

2021-03-15 10:51:26 - [TEST_STEP][PASSED] - navigateToUrl(admin_url): Navigate to 'https://youhadmeathelloworld.arcadier.io/admin' successfully

2021-03-15 10:51:30 - [MESSAGE][PASSED] - Navigate to 'https://youhadmeathelloworld.arcadier.io/admin' successfully

2021-03-15 10:51:30 - [TEST_STEP][PASSED] - waitForPageLoad(2): Wait for page load successfully

2021-03-15 10:51:31 - [MESSAGE][PASSED] - Wait for page load successfully

2021-03-15 10:51:31 - [TEST_STEP][PASSED] - setText(findTestObject("Admin/Admin Login/txt_username"), admin_username): Text 'codemafia' is set on object 'Object Repository/Admin/Admin Login/txt_username'

2021-03-15 10:51:31 - [MESSAGE][PASSED] - Text 'codemafia' is set on object 'Object Repository/Admin/Admin Login/txt_username'

2021-03-15 10:51:31 - [TEST_STEP][PASSED] - setText(findTestObject("Admin/Admin Login/txt_password"), admin_password): Text 'welcome8' is set on object 'Object Repository/Admin/Admin Login/txt_password'

2021-03-15 10:51:32 - [MESSAGE][PASSED] - Text 'welcome8' is set on object 'Object Repository/Admin/Admin Login/txt_password'

2021-03-15 10:51:32 - [TEST_STEP][PASSED] - click(findTestObject("Admin/Admin Login/button_login")): Object: 'Object Repository/Admin/Admin Login/button_login' is clicked on

2021-03-15 10:51:36 - [MESSAGE][PASSED] - Object: 'Object Repository/Admin/Admin Login/button_login' is clicked on]]></system-out>
         <system-err><![CDATA[]]></system-err>
      </testcase>
      <testcase name="Test Cases/Utilities/Navigate to Plugin" time="2.884" classname="Test Cases/Utilities/Navigate to Plugin" status="PASSED">
         <system-out><![CDATA[2021-03-15 10:51:36 - [TEST_CASE][PASSED] - Test Cases/Utilities/Navigate to Plugin: Test Cases/Utilities/Navigate to Plugin

2021-03-15 10:51:36 - [TEST_STEP][PASSED] - click(findTestObject("Admin/Plugin Navigation/link_plugin")): Object: 'Object Repository/Admin/Plugin Navigation/link_plugin' is clicked on

2021-03-15 10:51:37 - [MESSAGE][PASSED] - Object: 'Object Repository/Admin/Plugin Navigation/link_plugin' is clicked on

2021-03-15 10:51:37 - [TEST_STEP][PASSED] - click(findTestObject("Admin/Plugin Navigation/link_profile")): Object: 'Object Repository/Admin/Plugin Navigation/link_profile' is clicked on

2021-03-15 10:51:39 - [MESSAGE][PASSED] - Object: 'Object Repository/Admin/Plugin Navigation/link_profile' is clicked on]]></system-out>
         <system-err><![CDATA[]]></system-err>
      </testcase>
      <testcase name="Test Cases/Admin Page/UI/Plugin Header/TC_UI_001" time="0.441" classname="Test Cases/Admin Page/UI/Plugin Header/TC_UI_001" status="PASSED">
         <system-out><![CDATA[2021-03-15 10:51:39 - [TEST_CASE][PASSED] - Test Cases/Admin Page/UI/Plugin Header/TC_UI_001: Test Cases/Admin Page/UI/Plugin Header/TC_UI_001

2021-03-15 10:51:39 - [TEST_STEP][PASSED] - verifyElementPresent(findTestObject("Admin/Plugin Page/Header/header_icon"), 0): Object 'Object Repository/Admin/Plugin Page/Header/header_icon' is present

2021-03-15 10:51:39 - [MESSAGE][WARNING] - Timeout '0' is invalid. Using default page load timeout: '30'

2021-03-15 10:51:39 - [MESSAGE][PASSED] - Object 'Object Repository/Admin/Plugin Page/Header/header_icon' is present]]></system-out>
         <system-err><![CDATA[]]></system-err>
      </testcase>
      <testcase name="Test Cases/Admin Page/UI/Plugin Header/TC_UI_002" time="0.401" classname="Test Cases/Admin Page/UI/Plugin Header/TC_UI_002" status="PASSED">
         <system-out><![CDATA[2021-03-15 10:51:39 - [TEST_CASE][PASSED] - Test Cases/Admin Page/UI/Plugin Header/TC_UI_002: Test Cases/Admin Page/UI/Plugin Header/TC_UI_002

2021-03-15 10:51:40 - [TEST_STEP][PASSED] - verifyElementPresent(findTestObject("Admin/Plugin Page/Header/header_label"), 0): Object 'Object Repository/Admin/Plugin Page/Header/header_label' is present

2021-03-15 10:51:40 - [MESSAGE][WARNING] - Timeout '0' is invalid. Using default page load timeout: '30'

2021-03-15 10:51:40 - [MESSAGE][PASSED] - Object 'Object Repository/Admin/Plugin Page/Header/header_label' is present]]></system-out>
         <system-err><![CDATA[]]></system-err>
      </testcase>
      <testcase name="Test Cases/Admin Page/UI/Plugin Header/TC_UI_003" time="0.477" classname="Test Cases/Admin Page/UI/Plugin Header/TC_UI_003" status="PASSED">
         <system-out><![CDATA[2021-03-15 10:51:40 - [TEST_CASE][PASSED] - Test Cases/Admin Page/UI/Plugin Header/TC_UI_003: Test Cases/Admin Page/UI/Plugin Header/TC_UI_003

2021-03-15 10:51:40 - [TEST_STEP][PASSED] - verifyElementText(findTestObject("Admin/Plugin Page/Header/header_label"), "Profile Input Fields v2"): Actual text and expected text of test object 'Object Repository/Admin/Plugin Page/Header/header_label' are matched.

2021-03-15 10:51:40 - [MESSAGE][PASSED] - Actual text and expected text of test object 'Object Repository/Admin/Plugin Page/Header/header_label' are matched.]]></system-out>
         <system-err><![CDATA[]]></system-err>
      </testcase>
      <testcase name="Test Cases/Admin Page/UI/Plugin Header/TC_UI_004" time="0.427" classname="Test Cases/Admin Page/UI/Plugin Header/TC_UI_004" status="PASSED">
         <system-out><![CDATA[2021-03-15 10:51:40 - [TEST_CASE][PASSED] - Test Cases/Admin Page/UI/Plugin Header/TC_UI_004: Test Cases/Admin Page/UI/Plugin Header/TC_UI_004

2021-03-15 10:51:40 - [TEST_STEP][PASSED] - verifyElementPresent(findTestObject("Admin/Plugin Page/Header/link_context"), 0): Object 'Object Repository/Admin/Plugin Page/Header/link_context' is present

2021-03-15 10:51:41 - [MESSAGE][WARNING] - Timeout '0' is invalid. Using default page load timeout: '30'

2021-03-15 10:51:41 - [MESSAGE][PASSED] - Object 'Object Repository/Admin/Plugin Page/Header/link_context' is present]]></system-out>
         <system-err><![CDATA[]]></system-err>
      </testcase>
      <testcase name="Test Cases/Admin Page/UI/Plugin Header/TC_UI_005" time="0.106" classname="Test Cases/Admin Page/UI/Plugin Header/TC_UI_005" status="PASSED">
         <system-out><![CDATA[2021-03-15 10:51:41 - [TEST_CASE][PASSED] - Test Cases/Admin Page/UI/Plugin Header/TC_UI_005: Test Cases/Admin Page/UI/Plugin Header/TC_UI_005

2021-03-15 10:51:41 - [TEST_STEP][PASSED] - return null: null]]></system-out>
         <system-err><![CDATA[]]></system-err>
      </testcase>
      <testcase name="Test Cases/Admin Page/UI/Plugin Header/TC_UI_006" time="0.422" classname="Test Cases/Admin Page/UI/Plugin Header/TC_UI_006" status="PASSED">
         <system-out><![CDATA[2021-03-15 10:51:41 - [TEST_CASE][PASSED] - Test Cases/Admin Page/UI/Plugin Header/TC_UI_006: Test Cases/Admin Page/UI/Plugin Header/TC_UI_006

2021-03-15 10:51:41 - [TEST_STEP][PASSED] - verifyElementText(findTestObject("Admin/Plugin Page/Header/link_context"), "How to use this Plug-In?"): Actual text and expected text of test object 'Object Repository/Admin/Plugin Page/Header/link_context' are matched.

2021-03-15 10:51:41 - [MESSAGE][PASSED] - Actual text and expected text of test object 'Object Repository/Admin/Plugin Page/Header/link_context' are matched.]]></system-out>
         <system-err><![CDATA[]]></system-err>
      </testcase>
      <testcase name="Test Cases/Admin Page/UI/Plugin Header/TC_UI_007" time="0.505" classname="Test Cases/Admin Page/UI/Plugin Header/TC_UI_007" status="PASSED">
         <system-out><![CDATA[2021-03-15 10:51:41 - [TEST_CASE][PASSED] - Test Cases/Admin Page/UI/Plugin Header/TC_UI_007: Test Cases/Admin Page/UI/Plugin Header/TC_UI_007

2021-03-15 10:51:41 - [TEST_STEP][PASSED] - verifyElementClickable(findTestObject("Admin/Plugin Page/Header/link_context")): Object 'Object Repository/Admin/Plugin Page/Header/link_context' is clickable

2021-03-15 10:51:42 - [MESSAGE][PASSED] - Object 'Object Repository/Admin/Plugin Page/Header/link_context' is clickable]]></system-out>
         <system-err><![CDATA[]]></system-err>
      </testcase>
      <system-out><![CDATA[2021-03-15 10:51:23 - [TEST_SUITE][PASSED] - Header: Test Cases/Admin Page/UI/Plugin Header/TC_UI_007]]></system-out>
      <system-err><![CDATA[]]></system-err>
   </testsuite>
</testsuites>
