<?xml version="1.0" encoding="UTF-8"?>
<testsuites name="Custom Field Maintenance" time="72.003" tests="3" failures="0" errors="0">
   <testsuite name="Custom Field Maintenance" tests="3" failures="0" errors="0" time="72.003" timestamp="2020-10-03 06:53:03" hostname="Natasha - 192.168.254.105" id="Test Suites/Admin Plugin Page/Custom Field Maintenance">
      <properties>
         <property name="deviceName" value=""/>
         <property name="devicePlatform" value=""/>
         <property name="logFolder" value="D:\\GITHUB\\AUTOMATION-PROFILE-INPUT-FIELDS\\Reports\\20201003_065301\\Admin Plugin Page\\Custom Field Maintenance\\20201003_065301"/>
         <property name="logFiles" value="D:\\GITHUB\\AUTOMATION-PROFILE-INPUT-FIELDS\\Reports\\20201003_065301\\Admin Plugin Page\\Custom Field Maintenance\\20201003_065301\\execution0.log"/>
         <property name="attachments" value=""/>
         <property name="hostName" value="Natasha - 192.168.254.105"/>
         <property name="os" value="Windows 10 64bit"/>
         <property name="katalonVersion" value="7.6.6.205"/>
         <property name="browser" value="Chrome 85.0.4183.121"/>
         <property name="hostAddress" value="192.168.254.105"/>
         <property name="sessionId" value="ba5afa4d19aacf044c8245079ab97da4"/>
         <property name="seleniumVersion" value="3.141.59"/>
         <property name="proxyInformation" value="ProxyInformation { proxyOption=NO_PROXY, proxyServerType=HTTP, username=, password=********, proxyServerAddress=, proxyServerPort=0, executionList=&quot;&quot;, isApplyToDesiredCapabilities=true }"/>
         <property name="platform" value="Windows 10"/>
      </properties>
      <testcase name="Test Cases/Admin Page/COMPLEX/Custom Field CRUD/Adding Custom Fields" time="31.49" classname="Test Cases/Admin Page/COMPLEX/Custom Field CRUD/Adding Custom Fields" status="PASSED">
         <system-out><![CDATA[2020-10-03 06:53:03 - [TEST_CASE][PASSED] - Test Cases/Admin Page/COMPLEX/Custom Field CRUD/Adding Custom Fields: Test Cases/Admin Page/COMPLEX/Custom Field CRUD/Adding Custom Fields

2020-10-03 06:53:03 - [TEST_STEP][PASSED] - openBrowser(""): Browser is opened with url: ''

2020-10-03 06:53:04 - [MESSAGE][INFO] - Starting 'Chrome' driver

2020-10-03 06:53:04 - [MESSAGE][INFO] - Action delay is set to 0 milliseconds

2020-10-03 06:53:07 - [MESSAGE][PASSED] - Browser is opened with url: ''

2020-10-03 06:53:07 - [TEST_STEP][PASSED] - navigateToUrl("https://youhadmeathello.sandbox.arcadier.io/admin"): Navigate to 'https://youhadmeathello.sandbox.arcadier.io/admin' successfully

2020-10-03 06:53:10 - [MESSAGE][PASSED] - Navigate to 'https://youhadmeathello.sandbox.arcadier.io/admin' successfully

2020-10-03 06:53:10 - [TEST_STEP][PASSED] - maximizeWindow(): Current window maximized

2020-10-03 06:53:13 - [MESSAGE][PASSED] - Current window maximized

2020-10-03 06:53:13 - [TEST_STEP][PASSED] - waitForPageLoad(2): Wait for page load successfully

2020-10-03 06:53:13 - [MESSAGE][PASSED] - Wait for page load successfully

2020-10-03 06:53:13 - [TEST_STEP][PASSED] - setText(findTestObject("Admin/Plugin Page/Adding scripts/input_Your Email  Username_username"), "natasha@arcadier.com"): Text 'natasha@arcadier.com' is set on object 'Object Repository/Admin/Plugin Page/Adding scripts/input_Your Email  Username_username'

2020-10-03 06:53:13 - [MESSAGE][PASSED] - Text 'natasha@arcadier.com' is set on object 'Object Repository/Admin/Plugin Page/Adding scripts/input_Your Email  Username_username'

2020-10-03 06:53:13 - [TEST_STEP][PASSED] - setEncryptedText(findTestObject("Admin/Plugin Page/Adding scripts/input_Your Password_password"), "I7a4UsMF9MiFJG0HdBZ4hg=="): Text ****** has been set on object 'Object Repository/Admin/Plugin Page/Adding scripts/input_Your Password_password'

2020-10-03 06:53:14 - [MESSAGE][PASSED] - Text ****** has been set on object 'Object Repository/Admin/Plugin Page/Adding scripts/input_Your Password_password'

2020-10-03 06:53:14 - [TEST_STEP][PASSED] - click(findTestObject("Admin/Plugin Page/Adding scripts/input_Your Password_login-submit")): Object: 'Object Repository/Admin/Plugin Page/Adding scripts/input_Your Password_login-submit' is clicked on

2020-10-03 06:53:16 - [MESSAGE][PASSED] - Object: 'Object Repository/Admin/Plugin Page/Adding scripts/input_Your Password_login-submit' is clicked on

2020-10-03 06:53:16 - [TEST_STEP][PASSED] - click(findTestObject("Object Repository/Admin/Plugin Page/Adding scripts/span_Plug-ins")): Object: 'Object Repository/Admin/Plugin Page/Adding scripts/span_Plug-ins' is clicked on

2020-10-03 06:53:18 - [MESSAGE][PASSED] - Object: 'Object Repository/Admin/Plugin Page/Adding scripts/span_Plug-ins' is clicked on

2020-10-03 06:53:18 - [TEST_STEP][PASSED] - click(findTestObject("Admin/Plugin Page/Adding scripts/a_Profile Input Field")): Object: 'Object Repository/Admin/Plugin Page/Adding scripts/a_Profile Input Field' is clicked on

2020-10-03 06:53:19 - [MESSAGE][PASSED] - Object: 'Object Repository/Admin/Plugin Page/Adding scripts/a_Profile Input Field' is clicked on

2020-10-03 06:53:19 - [TEST_STEP][PASSED] - click(findTestObject("Admin/Plugin Page/Adding scripts/a_Add Profile Input Field")): Object: 'Object Repository/Admin/Plugin Page/Adding scripts/a_Add Profile Input Field' is clicked on

2020-10-03 06:53:20 - [MESSAGE][PASSED] - Object: 'Object Repository/Admin/Plugin Page/Adding scripts/a_Add Profile Input Field' is clicked on

2020-10-03 06:53:20 - [TEST_STEP][PASSED] - setText(findTestObject("Admin/Plugin Page/Adding scripts/input_Custom Field Name_custom_name"), "New Textfield"): Text 'New Textfield' is set on object 'Object Repository/Admin/Plugin Page/Adding scripts/input_Custom Field Name_custom_name'

2020-10-03 06:53:21 - [MESSAGE][PASSED] - Text 'New Textfield' is set on object 'Object Repository/Admin/Plugin Page/Adding scripts/input_Custom Field Name_custom_name'

2020-10-03 06:53:21 - [TEST_STEP][PASSED] - click(findTestObject("Admin/Plugin Page/Adding scripts/input_Add Option_saveCustomDetails")): Object: 'Object Repository/Admin/Plugin Page/Adding scripts/input_Add Option_saveCustomDetails' is clicked on

2020-10-03 06:53:21 - [MESSAGE][PASSED] - Object: 'Object Repository/Admin/Plugin Page/Adding scripts/input_Add Option_saveCustomDetails' is clicked on

2020-10-03 06:53:21 - [TEST_STEP][PASSED] - click(findTestObject("Admin/Plugin Page/Adding scripts/a_Add Profile Input Field")): Object: 'Object Repository/Admin/Plugin Page/Adding scripts/a_Add Profile Input Field' is clicked on

2020-10-03 06:53:23 - [MESSAGE][PASSED] - Object: 'Object Repository/Admin/Plugin Page/Adding scripts/a_Add Profile Input Field' is clicked on

2020-10-03 06:53:23 - [TEST_STEP][PASSED] - setText(findTestObject("Admin/Plugin Page/Adding scripts/input_Custom Field Name_custom_name"), "New Number"): Text 'New Number' is set on object 'Object Repository/Admin/Plugin Page/Adding scripts/input_Custom Field Name_custom_name'

2020-10-03 06:53:24 - [MESSAGE][PASSED] - Text 'New Number' is set on object 'Object Repository/Admin/Plugin Page/Adding scripts/input_Custom Field Name_custom_name'

2020-10-03 06:53:24 - [TEST_STEP][PASSED] - selectOptionByValue(findTestObject("Admin/Plugin Page/Adding scripts/select_Text                                _e22ab6"), "number", true): All options with value 'number' are selected in object 'Object Repository/Admin/Plugin Page/Adding scripts/select_Text                                _e22ab6'  using regular expression

2020-10-03 06:53:25 - [MESSAGE][PASSED] - All options with value 'number' are selected in object 'Object Repository/Admin/Plugin Page/Adding scripts/select_Text                                _e22ab6'  using regular expression

2020-10-03 06:53:25 - [TEST_STEP][PASSED] - click(findTestObject("Admin/Plugin Page/Adding scripts/input_Add Option_saveCustomDetails")): Object: 'Object Repository/Admin/Plugin Page/Adding scripts/input_Add Option_saveCustomDetails' is clicked on

2020-10-03 06:53:25 - [MESSAGE][PASSED] - Object: 'Object Repository/Admin/Plugin Page/Adding scripts/input_Add Option_saveCustomDetails' is clicked on

2020-10-03 06:53:25 - [TEST_STEP][PASSED] - click(findTestObject("Admin/Plugin Page/Adding scripts/a_Add Profile Input Field")): Object: 'Object Repository/Admin/Plugin Page/Adding scripts/a_Add Profile Input Field' is clicked on

2020-10-03 06:53:27 - [MESSAGE][PASSED] - Object: 'Object Repository/Admin/Plugin Page/Adding scripts/a_Add Profile Input Field' is clicked on

2020-10-03 06:53:27 - [TEST_STEP][PASSED] - setText(findTestObject("Admin/Plugin Page/Adding scripts/input_Custom Field Name_custom_name"), "New Dropdown"): Text 'New Dropdown' is set on object 'Object Repository/Admin/Plugin Page/Adding scripts/input_Custom Field Name_custom_name'

2020-10-03 06:53:28 - [MESSAGE][PASSED] - Text 'New Dropdown' is set on object 'Object Repository/Admin/Plugin Page/Adding scripts/input_Custom Field Name_custom_name'

2020-10-03 06:53:28 - [TEST_STEP][PASSED] - selectOptionByValue(findTestObject("Admin/Plugin Page/Adding scripts/select_Text                                _e22ab6"), "dropdown", true): All options with value 'dropdown' are selected in object 'Object Repository/Admin/Plugin Page/Adding scripts/select_Text                                _e22ab6'  using regular expression

2020-10-03 06:53:29 - [MESSAGE][PASSED] - All options with value 'dropdown' are selected in object 'Object Repository/Admin/Plugin Page/Adding scripts/select_Text                                _e22ab6'  using regular expression

2020-10-03 06:53:29 - [TEST_STEP][PASSED] - setText(findTestObject("Admin/Plugin Page/Adding scripts/input_Options_checkbox-opt"), "Option 1"): Text 'Option 1' is set on object 'Object Repository/Admin/Plugin Page/Adding scripts/input_Options_checkbox-opt'

2020-10-03 06:53:29 - [MESSAGE][PASSED] - Text 'Option 1' is set on object 'Object Repository/Admin/Plugin Page/Adding scripts/input_Options_checkbox-opt'

2020-10-03 06:53:29 - [TEST_STEP][PASSED] - click(findTestObject("Admin/Plugin Page/Adding scripts/input_Add Option_saveCustomDetails")): Object: 'Object Repository/Admin/Plugin Page/Adding scripts/input_Add Option_saveCustomDetails' is clicked on

2020-10-03 06:53:29 - [MESSAGE][PASSED] - Object: 'Object Repository/Admin/Plugin Page/Adding scripts/input_Add Option_saveCustomDetails' is clicked on

2020-10-03 06:53:29 - [TEST_STEP][PASSED] - click(findTestObject("Admin/Plugin Page/Adding scripts/a_Add Profile Input Field")): Object: 'Object Repository/Admin/Plugin Page/Adding scripts/a_Add Profile Input Field' is clicked on

2020-10-03 06:53:31 - [MESSAGE][PASSED] - Object: 'Object Repository/Admin/Plugin Page/Adding scripts/a_Add Profile Input Field' is clicked on

2020-10-03 06:53:31 - [TEST_STEP][PASSED] - setText(findTestObject("Admin/Plugin Page/Adding scripts/input_Custom Field Name_custom_name"), "New Check box"): Text 'New Check box' is set on object 'Object Repository/Admin/Plugin Page/Adding scripts/input_Custom Field Name_custom_name'

2020-10-03 06:53:32 - [MESSAGE][PASSED] - Text 'New Check box' is set on object 'Object Repository/Admin/Plugin Page/Adding scripts/input_Custom Field Name_custom_name'

2020-10-03 06:53:32 - [TEST_STEP][PASSED] - selectOptionByValue(findTestObject("Admin/Plugin Page/Adding scripts/select_Text                                _e22ab6"), "checkbox", true): All options with value 'checkbox' are selected in object 'Object Repository/Admin/Plugin Page/Adding scripts/select_Text                                _e22ab6'  using regular expression

2020-10-03 06:53:33 - [MESSAGE][PASSED] - All options with value 'checkbox' are selected in object 'Object Repository/Admin/Plugin Page/Adding scripts/select_Text                                _e22ab6'  using regular expression

2020-10-03 06:53:33 - [TEST_STEP][PASSED] - setText(findTestObject("Admin/Plugin Page/Adding scripts/input_Options_checkbox-opt"), "Option 1"): Text 'Option 1' is set on object 'Object Repository/Admin/Plugin Page/Adding scripts/input_Options_checkbox-opt'

2020-10-03 06:53:34 - [MESSAGE][PASSED] - Text 'Option 1' is set on object 'Object Repository/Admin/Plugin Page/Adding scripts/input_Options_checkbox-opt'

2020-10-03 06:53:34 - [TEST_STEP][PASSED] - click(findTestObject("Admin/Plugin Page/Adding scripts/input_Add Option_saveCustomDetails")): Object: 'Object Repository/Admin/Plugin Page/Adding scripts/input_Add Option_saveCustomDetails' is clicked on

2020-10-03 06:53:34 - [MESSAGE][PASSED] - Object: 'Object Repository/Admin/Plugin Page/Adding scripts/input_Add Option_saveCustomDetails' is clicked on

2020-10-03 06:53:34 - [TEST_STEP][PASSED] - closeBrowser(): Browser is closed

2020-10-03 06:53:35 - [MESSAGE][PASSED] - Browser is closed]]></system-out>
         <system-err><![CDATA[]]></system-err>
      </testcase>
      <testcase name="Test Cases/Admin Page/COMPLEX/Custom Field CRUD/Edit Custom Fields" time="23.651" classname="Test Cases/Admin Page/COMPLEX/Custom Field CRUD/Edit Custom Fields" status="PASSED">
         <system-out><![CDATA[2020-10-03 06:53:35 - [TEST_CASE][PASSED] - Test Cases/Admin Page/COMPLEX/Custom Field CRUD/Edit Custom Fields: Test Cases/Admin Page/COMPLEX/Custom Field CRUD/Edit Custom Fields

2020-10-03 06:53:35 - [TEST_STEP][PASSED] - openBrowser(""): Browser is opened with url: ''

2020-10-03 06:53:35 - [MESSAGE][INFO] - Starting 'Chrome' driver

2020-10-03 06:53:35 - [MESSAGE][INFO] - Action delay is set to 0 milliseconds

2020-10-03 06:53:38 - [MESSAGE][PASSED] - Browser is opened with url: ''

2020-10-03 06:53:38 - [TEST_STEP][PASSED] - navigateToUrl("https://youhadmeathello.sandbox.arcadier.io/admin"): Navigate to 'https://youhadmeathello.sandbox.arcadier.io/admin' successfully

2020-10-03 06:53:40 - [MESSAGE][PASSED] - Navigate to 'https://youhadmeathello.sandbox.arcadier.io/admin' successfully

2020-10-03 06:53:40 - [TEST_STEP][PASSED] - setText(findTestObject("Object Repository/Admin/Plugin Page/Editing Scripts/input_Your Email  Username_username"), "natasha@arcadier.com"): Text 'natasha@arcadier.com' is set on object 'Object Repository/Admin/Plugin Page/Editing Scripts/input_Your Email  Username_username'

2020-10-03 06:53:40 - [MESSAGE][PASSED] - Text 'natasha@arcadier.com' is set on object 'Object Repository/Admin/Plugin Page/Editing Scripts/input_Your Email  Username_username'

2020-10-03 06:53:40 - [TEST_STEP][PASSED] - setEncryptedText(findTestObject("Object Repository/Admin/Plugin Page/Editing Scripts/input_Your Password_password"), "I7a4UsMF9MiFJG0HdBZ4hg=="): Text ****** has been set on object 'Object Repository/Admin/Plugin Page/Editing Scripts/input_Your Password_password'

2020-10-03 06:53:41 - [MESSAGE][PASSED] - Text ****** has been set on object 'Object Repository/Admin/Plugin Page/Editing Scripts/input_Your Password_password'

2020-10-03 06:53:41 - [TEST_STEP][PASSED] - click(findTestObject("Object Repository/Admin/Plugin Page/Editing Scripts/input_Your Password_login-submit")): Object: 'Object Repository/Admin/Plugin Page/Editing Scripts/input_Your Password_login-submit' is clicked on

2020-10-03 06:53:42 - [MESSAGE][PASSED] - Object: 'Object Repository/Admin/Plugin Page/Editing Scripts/input_Your Password_login-submit' is clicked on

2020-10-03 06:53:42 - [TEST_STEP][PASSED] - click(findTestObject("Object Repository/Admin/Plugin Page/Editing Scripts/span_Plug-ins")): Object: 'Object Repository/Admin/Plugin Page/Editing Scripts/span_Plug-ins' is clicked on

2020-10-03 06:53:44 - [MESSAGE][PASSED] - Object: 'Object Repository/Admin/Plugin Page/Editing Scripts/span_Plug-ins' is clicked on

2020-10-03 06:53:44 - [TEST_STEP][PASSED] - click(findTestObject("Object Repository/Admin/Plugin Page/Editing Scripts/a_Profile Input Field")): Object: 'Object Repository/Admin/Plugin Page/Editing Scripts/a_Profile Input Field' is clicked on

2020-10-03 06:53:46 - [MESSAGE][PASSED] - Object: 'Object Repository/Admin/Plugin Page/Editing Scripts/a_Profile Input Field' is clicked on

2020-10-03 06:53:46 - [TEST_STEP][PASSED] - click(findTestObject("Object Repository/Admin/Plugin Page/Editing Scripts/i_Textfield_icon icon-edit")): Object: 'Object Repository/Admin/Plugin Page/Editing Scripts/i_Textfield_icon icon-edit' is clicked on

2020-10-03 06:53:47 - [MESSAGE][PASSED] - Object: 'Object Repository/Admin/Plugin Page/Editing Scripts/i_Textfield_icon icon-edit' is clicked on

2020-10-03 06:53:47 - [TEST_STEP][PASSED] - setText(findTestObject("Object Repository/Admin/Plugin Page/Editing Scripts/input_Custom Field Name_custom_name"), "New Textfield Edited"): Text 'New Textfield Edited' is set on object 'Object Repository/Admin/Plugin Page/Editing Scripts/input_Custom Field Name_custom_name'

2020-10-03 06:53:48 - [MESSAGE][PASSED] - Text 'New Textfield Edited' is set on object 'Object Repository/Admin/Plugin Page/Editing Scripts/input_Custom Field Name_custom_name'

2020-10-03 06:53:48 - [TEST_STEP][PASSED] - click(findTestObject("Object Repository/Admin/Plugin Page/Editing Scripts/input_Add Option_saveCustomDetails")): Object: 'Object Repository/Admin/Plugin Page/Editing Scripts/input_Add Option_saveCustomDetails' is clicked on

2020-10-03 06:53:48 - [MESSAGE][PASSED] - Object: 'Object Repository/Admin/Plugin Page/Editing Scripts/input_Add Option_saveCustomDetails' is clicked on

2020-10-03 06:53:48 - [TEST_STEP][PASSED] - click(findTestObject("Object Repository/Admin/Plugin Page/Editing Scripts/i_Number_icon icon-edit")): Object: 'Object Repository/Admin/Plugin Page/Editing Scripts/i_Number_icon icon-edit' is clicked on

2020-10-03 06:53:50 - [MESSAGE][PASSED] - Object: 'Object Repository/Admin/Plugin Page/Editing Scripts/i_Number_icon icon-edit' is clicked on

2020-10-03 06:53:50 - [TEST_STEP][PASSED] - setText(findTestObject("Object Repository/Admin/Plugin Page/Editing Scripts/input_Custom Field Name_custom_name"), "New Number Edited"): Text 'New Number Edited' is set on object 'Object Repository/Admin/Plugin Page/Editing Scripts/input_Custom Field Name_custom_name'

2020-10-03 06:53:51 - [MESSAGE][PASSED] - Text 'New Number Edited' is set on object 'Object Repository/Admin/Plugin Page/Editing Scripts/input_Custom Field Name_custom_name'

2020-10-03 06:53:51 - [TEST_STEP][PASSED] - click(findTestObject("Object Repository/Admin/Plugin Page/Editing Scripts/input_Add Option_saveCustomDetails")): Object: 'Object Repository/Admin/Plugin Page/Editing Scripts/input_Add Option_saveCustomDetails' is clicked on

2020-10-03 06:53:51 - [MESSAGE][PASSED] - Object: 'Object Repository/Admin/Plugin Page/Editing Scripts/input_Add Option_saveCustomDetails' is clicked on

2020-10-03 06:53:51 - [TEST_STEP][PASSED] - click(findTestObject("Object Repository/Admin/Plugin Page/Editing Scripts/i_Dropdown_icon icon-edit")): Object: 'Object Repository/Admin/Plugin Page/Editing Scripts/i_Dropdown_icon icon-edit' is clicked on

2020-10-03 06:53:53 - [MESSAGE][PASSED] - Object: 'Object Repository/Admin/Plugin Page/Editing Scripts/i_Dropdown_icon icon-edit' is clicked on

2020-10-03 06:53:53 - [TEST_STEP][PASSED] - setText(findTestObject("Object Repository/Admin/Plugin Page/Editing Scripts/input_Custom Field Name_custom_name"), "New Dropdown Edited"): Text 'New Dropdown Edited' is set on object 'Object Repository/Admin/Plugin Page/Editing Scripts/input_Custom Field Name_custom_name'

2020-10-03 06:53:54 - [MESSAGE][PASSED] - Text 'New Dropdown Edited' is set on object 'Object Repository/Admin/Plugin Page/Editing Scripts/input_Custom Field Name_custom_name'

2020-10-03 06:53:54 - [TEST_STEP][PASSED] - click(findTestObject("Object Repository/Admin/Plugin Page/Editing Scripts/input_Add Option_saveCustomDetails")): Object: 'Object Repository/Admin/Plugin Page/Editing Scripts/input_Add Option_saveCustomDetails' is clicked on

2020-10-03 06:53:54 - [MESSAGE][PASSED] - Object: 'Object Repository/Admin/Plugin Page/Editing Scripts/input_Add Option_saveCustomDetails' is clicked on

2020-10-03 06:53:54 - [TEST_STEP][PASSED] - click(findTestObject("Object Repository/Admin/Plugin Page/Editing Scripts/i_Checkbox_icon icon-edit")): Object: 'Object Repository/Admin/Plugin Page/Editing Scripts/i_Checkbox_icon icon-edit' is clicked on

2020-10-03 06:53:56 - [MESSAGE][PASSED] - Object: 'Object Repository/Admin/Plugin Page/Editing Scripts/i_Checkbox_icon icon-edit' is clicked on

2020-10-03 06:53:56 - [TEST_STEP][PASSED] - setText(findTestObject("Object Repository/Admin/Plugin Page/Editing Scripts/input_Custom Field Name_custom_name"), "New Check box Edited"): Text 'New Check box Edited' is set on object 'Object Repository/Admin/Plugin Page/Editing Scripts/input_Custom Field Name_custom_name'

2020-10-03 06:53:57 - [MESSAGE][PASSED] - Text 'New Check box Edited' is set on object 'Object Repository/Admin/Plugin Page/Editing Scripts/input_Custom Field Name_custom_name'

2020-10-03 06:53:57 - [TEST_STEP][PASSED] - click(findTestObject("Object Repository/Admin/Plugin Page/Editing Scripts/input_Add Option_saveCustomDetails")): Object: 'Object Repository/Admin/Plugin Page/Editing Scripts/input_Add Option_saveCustomDetails' is clicked on

2020-10-03 06:53:58 - [MESSAGE][PASSED] - Object: 'Object Repository/Admin/Plugin Page/Editing Scripts/input_Add Option_saveCustomDetails' is clicked on

2020-10-03 06:53:58 - [TEST_STEP][PASSED] - closeBrowser(): Browser is closed

2020-10-03 06:53:58 - [MESSAGE][PASSED] - Browser is closed]]></system-out>
         <system-err><![CDATA[]]></system-err>
      </testcase>
      <testcase name="Test Cases/Admin Page/COMPLEX/Custom Field CRUD/Deleting Custom Fields" time="16.588" classname="Test Cases/Admin Page/COMPLEX/Custom Field CRUD/Deleting Custom Fields" status="PASSED">
         <system-out><![CDATA[2020-10-03 06:53:58 - [TEST_CASE][PASSED] - Test Cases/Admin Page/COMPLEX/Custom Field CRUD/Deleting Custom Fields: Test Cases/Admin Page/COMPLEX/Custom Field CRUD/Deleting Custom Fields

2020-10-03 06:53:58 - [TEST_STEP][PASSED] - openBrowser(""): Browser is opened with url: ''

2020-10-03 06:53:58 - [MESSAGE][INFO] - Starting 'Chrome' driver

2020-10-03 06:53:58 - [MESSAGE][INFO] - Action delay is set to 0 milliseconds

2020-10-03 06:54:02 - [MESSAGE][PASSED] - Browser is opened with url: ''

2020-10-03 06:54:02 - [TEST_STEP][PASSED] - navigateToUrl("https://youhadmeathello.sandbox.arcadier.io/admin"): Navigate to 'https://youhadmeathello.sandbox.arcadier.io/admin' successfully

2020-10-03 06:54:04 - [MESSAGE][PASSED] - Navigate to 'https://youhadmeathello.sandbox.arcadier.io/admin' successfully

2020-10-03 06:54:04 - [TEST_STEP][PASSED] - setText(findTestObject("Object Repository/Admin/Plugin Page/Deleting Custom Fields/input_Your Email  Username_username"), "natasha@arcadier.com"): Text 'natasha@arcadier.com' is set on object 'Object Repository/Admin/Plugin Page/Deleting Custom Fields/input_Your Email  Username_username'

2020-10-03 06:54:05 - [MESSAGE][PASSED] - Text 'natasha@arcadier.com' is set on object 'Object Repository/Admin/Plugin Page/Deleting Custom Fields/input_Your Email  Username_username'

2020-10-03 06:54:05 - [TEST_STEP][PASSED] - setEncryptedText(findTestObject("Object Repository/Admin/Plugin Page/Deleting Custom Fields/input_Your Password_password"), "I7a4UsMF9MiFJG0HdBZ4hg=="): Text ****** has been set on object 'Object Repository/Admin/Plugin Page/Deleting Custom Fields/input_Your Password_password'

2020-10-03 06:54:05 - [MESSAGE][PASSED] - Text ****** has been set on object 'Object Repository/Admin/Plugin Page/Deleting Custom Fields/input_Your Password_password'

2020-10-03 06:54:05 - [TEST_STEP][PASSED] - click(findTestObject("Object Repository/Admin/Plugin Page/Deleting Custom Fields/input_Your Password_login-submit")): Object: 'Object Repository/Admin/Plugin Page/Deleting Custom Fields/input_Your Password_login-submit' is clicked on

2020-10-03 06:54:07 - [MESSAGE][PASSED] - Object: 'Object Repository/Admin/Plugin Page/Deleting Custom Fields/input_Your Password_login-submit' is clicked on

2020-10-03 06:54:07 - [TEST_STEP][PASSED] - click(findTestObject("Object Repository/Admin/Plugin Page/Deleting Custom Fields/a_Profile Input Field")): Object: 'Object Repository/Admin/Plugin Page/Deleting Custom Fields/a_Profile Input Field' is clicked on

2020-10-03 06:54:09 - [MESSAGE][PASSED] - Object: 'Object Repository/Admin/Plugin Page/Deleting Custom Fields/a_Profile Input Field' is clicked on

2020-10-03 06:54:09 - [TEST_STEP][PASSED] - click(findTestObject("Object Repository/Admin/Plugin Page/Deleting Custom Fields/i_Textfield_icon icon-delete")): Object: 'Object Repository/Admin/Plugin Page/Deleting Custom Fields/i_Textfield_icon icon-delete' is clicked on

2020-10-03 06:54:09 - [MESSAGE][PASSED] - Object: 'Object Repository/Admin/Plugin Page/Deleting Custom Fields/i_Textfield_icon icon-delete' is clicked on

2020-10-03 06:54:09 - [TEST_STEP][PASSED] - click(findTestObject("Object Repository/Admin/Plugin Page/Deleting Custom Fields/i_Textfield_icon icon-delete")): Object: 'Object Repository/Admin/Plugin Page/Deleting Custom Fields/i_Textfield_icon icon-delete' is clicked on

2020-10-03 06:54:11 - [MESSAGE][PASSED] - Object: 'Object Repository/Admin/Plugin Page/Deleting Custom Fields/i_Textfield_icon icon-delete' is clicked on

2020-10-03 06:54:11 - [TEST_STEP][PASSED] - click(findTestObject("Object Repository/Admin/Plugin Page/Deleting Custom Fields/i_Textfield_icon icon-delete")): Object: 'Object Repository/Admin/Plugin Page/Deleting Custom Fields/i_Textfield_icon icon-delete' is clicked on

2020-10-03 06:54:12 - [MESSAGE][PASSED] - Object: 'Object Repository/Admin/Plugin Page/Deleting Custom Fields/i_Textfield_icon icon-delete' is clicked on

2020-10-03 06:54:12 - [TEST_STEP][PASSED] - click(findTestObject("Object Repository/Admin/Plugin Page/Deleting Custom Fields/i_Checkbox_icon icon-delete")): Object: 'Object Repository/Admin/Plugin Page/Deleting Custom Fields/i_Checkbox_icon icon-delete' is clicked on

2020-10-03 06:54:14 - [MESSAGE][PASSED] - Object: 'Object Repository/Admin/Plugin Page/Deleting Custom Fields/i_Checkbox_icon icon-delete' is clicked on

2020-10-03 06:54:14 - [TEST_STEP][PASSED] - closeBrowser(): Browser is closed

2020-10-03 06:54:15 - [MESSAGE][PASSED] - Browser is closed]]></system-out>
         <system-err><![CDATA[]]></system-err>
      </testcase>
      <system-out><![CDATA[2020-10-03 06:53:03 - [TEST_SUITE][PASSED] - Custom Field Maintenance: Test Cases/Admin Page/COMPLEX/Custom Field CRUD/Deleting Custom Fields]]></system-out>
      <system-err><![CDATA[]]></system-err>
   </testsuite>
</testsuites>
