<?xml version="1.0" encoding="UTF-8"?>
<testsuites name="Header" time="25.86" tests="29" failures="0" errors="0">
   <testsuite name="Header" tests="29" failures="0" errors="0" time="25.86" timestamp="2020-10-05 11:49:59" hostname="Natasha - 192.168.254.105" id="Test Suites/Admin Plugin Page/Header">
      <properties>
         <property name="deviceName" value=""/>
         <property name="devicePlatform" value=""/>
         <property name="logFolder" value="D:\\GITHUB\\AUTOMATION-PROFILE-INPUT-FIELDS\\Reports\\20201005_114955\\Admin Plugin Page\\Header\\20201005_114956"/>
         <property name="logFiles" value="D:\\GITHUB\\AUTOMATION-PROFILE-INPUT-FIELDS\\Reports\\20201005_114955\\Admin Plugin Page\\Header\\20201005_114956\\execution0.log"/>
         <property name="attachments" value=""/>
         <property name="hostName" value="Natasha - 192.168.254.105"/>
         <property name="os" value="Windows 10 64bit"/>
         <property name="katalonVersion" value="7.6.6.205"/>
         <property name="browser" value="Chrome 85.0.4183.121"/>
         <property name="hostAddress" value="192.168.254.105"/>
         <property name="sessionId" value="79b48fed94329d22a3ad60ef9bc2851f"/>
         <property name="seleniumVersion" value="3.141.59"/>
         <property name="proxyInformation" value="ProxyInformation { proxyOption=NO_PROXY, proxyServerType=HTTP, username=, password=********, proxyServerAddress=, proxyServerPort=0, executionList=&quot;&quot;, isApplyToDesiredCapabilities=true }"/>
         <property name="platform" value="Windows 10"/>
      </properties>
      <testcase name="Test Cases/Utilities/Admin Login" time="11.768" classname="Test Cases/Utilities/Admin Login" status="PASSED">
         <system-out><![CDATA[2020-10-05 11:49:59 - [TEST_CASE][PASSED] - Test Cases/Utilities/Admin Login: Test Cases/Utilities/Admin Login

2020-10-05 11:49:59 - [TEST_STEP][PASSED] - openBrowser(""): Browser is opened with url: ''

2020-10-05 11:50:00 - [MESSAGE][INFO] - Starting 'Chrome' driver

2020-10-05 11:50:00 - [MESSAGE][INFO] - Action delay is set to 0 milliseconds

2020-10-05 11:50:04 - [MESSAGE][PASSED] - Browser is opened with url: ''

2020-10-05 11:50:04 - [TEST_STEP][PASSED] - maximizeWindow(): Current window maximized

2020-10-05 11:50:06 - [MESSAGE][PASSED] - Current window maximized

2020-10-05 11:50:06 - [TEST_STEP][PASSED] - navigateToUrl(admin_url): Navigate to 'https://youhadmeathello.sandbox.arcadier.io/admin' successfully

2020-10-05 11:50:07 - [MESSAGE][PASSED] - Navigate to 'https://youhadmeathello.sandbox.arcadier.io/admin' successfully

2020-10-05 11:50:07 - [TEST_STEP][PASSED] - waitForPageLoad(2): Wait for page load successfully

2020-10-05 11:50:08 - [MESSAGE][PASSED] - Wait for page load successfully

2020-10-05 11:50:08 - [TEST_STEP][PASSED] - setText(findTestObject("Admin/Admin Login/txt_username"), admin_username): Text 'natasha@arcadier.com' is set on object 'Object Repository/Admin/Admin Login/txt_username'

2020-10-05 11:50:08 - [MESSAGE][PASSED] - Text 'natasha@arcadier.com' is set on object 'Object Repository/Admin/Admin Login/txt_username'

2020-10-05 11:50:08 - [TEST_STEP][PASSED] - setText(findTestObject("Admin/Admin Login/txt_password"), admin_password): Text 'welcome8' is set on object 'Object Repository/Admin/Admin Login/txt_password'

2020-10-05 11:50:09 - [MESSAGE][PASSED] - Text 'welcome8' is set on object 'Object Repository/Admin/Admin Login/txt_password'

2020-10-05 11:50:09 - [TEST_STEP][PASSED] - click(findTestObject("Admin/Admin Login/button_login")): Object: 'Object Repository/Admin/Admin Login/button_login' is clicked on

2020-10-05 11:50:11 - [MESSAGE][PASSED] - Object: 'Object Repository/Admin/Admin Login/button_login' is clicked on]]></system-out>
         <system-err><![CDATA[]]></system-err>
      </testcase>
      <testcase name="Test Cases/Utilities/Navigate to Plugin" time="3.595" classname="Test Cases/Utilities/Navigate to Plugin" status="PASSED">
         <system-out><![CDATA[2020-10-05 11:50:11 - [TEST_CASE][PASSED] - Test Cases/Utilities/Navigate to Plugin: Test Cases/Utilities/Navigate to Plugin

2020-10-05 11:50:11 - [TEST_STEP][PASSED] - click(findTestObject("Admin/Plugin Navigation/link_plugin")): Object: 'Object Repository/Admin/Plugin Navigation/link_plugin' is clicked on

2020-10-05 11:50:12 - [MESSAGE][PASSED] - Object: 'Object Repository/Admin/Plugin Navigation/link_plugin' is clicked on

2020-10-05 11:50:12 - [TEST_STEP][PASSED] - click(findTestObject("Admin/Plugin Navigation/link_profile")): Object: 'Object Repository/Admin/Plugin Navigation/link_profile' is clicked on

2020-10-05 11:50:15 - [MESSAGE][PASSED] - Object: 'Object Repository/Admin/Plugin Navigation/link_profile' is clicked on]]></system-out>
         <system-err><![CDATA[]]></system-err>
      </testcase>
      <testcase name="Test Cases/Admin Page/UI/Plugin Header/TC_UI_001" time="0.427" classname="Test Cases/Admin Page/UI/Plugin Header/TC_UI_001" status="PASSED">
         <system-out><![CDATA[2020-10-05 11:50:15 - [TEST_CASE][PASSED] - Test Cases/Admin Page/UI/Plugin Header/TC_UI_001: Test Cases/Admin Page/UI/Plugin Header/TC_UI_001

2020-10-05 11:50:15 - [TEST_STEP][PASSED] - verifyElementPresent(findTestObject("Admin/Plugin Page/Header/header_icon"), 0): Object 'Object Repository/Admin/Plugin Page/Header/header_icon' is present

2020-10-05 11:50:15 - [MESSAGE][WARNING] - Timeout '0' is invalid. Using default page load timeout: '30'

2020-10-05 11:50:15 - [MESSAGE][PASSED] - Object 'Object Repository/Admin/Plugin Page/Header/header_icon' is present]]></system-out>
         <system-err><![CDATA[]]></system-err>
      </testcase>
      <testcase name="Test Cases/Admin Page/UI/Plugin Header/TC_UI_002" time="0.381" classname="Test Cases/Admin Page/UI/Plugin Header/TC_UI_002" status="PASSED">
         <system-out><![CDATA[2020-10-05 11:50:15 - [TEST_CASE][PASSED] - Test Cases/Admin Page/UI/Plugin Header/TC_UI_002: Test Cases/Admin Page/UI/Plugin Header/TC_UI_002

2020-10-05 11:50:15 - [TEST_STEP][PASSED] - verifyElementPresent(findTestObject("Admin/Plugin Page/Header/header_label"), 0): Object 'Object Repository/Admin/Plugin Page/Header/header_label' is present

2020-10-05 11:50:15 - [MESSAGE][WARNING] - Timeout '0' is invalid. Using default page load timeout: '30'

2020-10-05 11:50:15 - [MESSAGE][PASSED] - Object 'Object Repository/Admin/Plugin Page/Header/header_label' is present]]></system-out>
         <system-err><![CDATA[]]></system-err>
      </testcase>
      <testcase name="Test Cases/Admin Page/UI/Plugin Header/TC_UI_003" time="0.472" classname="Test Cases/Admin Page/UI/Plugin Header/TC_UI_003" status="PASSED">
         <system-out><![CDATA[2020-10-05 11:50:15 - [TEST_CASE][PASSED] - Test Cases/Admin Page/UI/Plugin Header/TC_UI_003: Test Cases/Admin Page/UI/Plugin Header/TC_UI_003

2020-10-05 11:50:15 - [TEST_STEP][PASSED] - verifyElementText(findTestObject("Admin/Plugin Page/Header/header_label"), "Profile Input Field"): Actual text and expected text of test object 'Object Repository/Admin/Plugin Page/Header/header_label' are matched.

2020-10-05 11:50:16 - [MESSAGE][PASSED] - Actual text and expected text of test object 'Object Repository/Admin/Plugin Page/Header/header_label' are matched.]]></system-out>
         <system-err><![CDATA[]]></system-err>
      </testcase>
      <testcase name="Test Cases/Admin Page/UI/Plugin Header/TC_UI_004" time="0.389" classname="Test Cases/Admin Page/UI/Plugin Header/TC_UI_004" status="PASSED">
         <system-out><![CDATA[2020-10-05 11:50:16 - [TEST_CASE][PASSED] - Test Cases/Admin Page/UI/Plugin Header/TC_UI_004: Test Cases/Admin Page/UI/Plugin Header/TC_UI_004

2020-10-05 11:50:16 - [TEST_STEP][PASSED] - verifyElementPresent(findTestObject("Admin/Plugin Page/Header/link_context"), 0): Object 'Object Repository/Admin/Plugin Page/Header/link_context' is present

2020-10-05 11:50:16 - [MESSAGE][WARNING] - Timeout '0' is invalid. Using default page load timeout: '30'

2020-10-05 11:50:16 - [MESSAGE][PASSED] - Object 'Object Repository/Admin/Plugin Page/Header/link_context' is present]]></system-out>
         <system-err><![CDATA[]]></system-err>
      </testcase>
      <testcase name="Test Cases/Admin Page/UI/Plugin Header/TC_UI_005" time="0.12" classname="Test Cases/Admin Page/UI/Plugin Header/TC_UI_005" status="PASSED">
         <system-out><![CDATA[2020-10-05 11:50:16 - [TEST_CASE][PASSED] - Test Cases/Admin Page/UI/Plugin Header/TC_UI_005: Test Cases/Admin Page/UI/Plugin Header/TC_UI_005

2020-10-05 11:50:16 - [TEST_STEP][PASSED] - return null: null]]></system-out>
         <system-err><![CDATA[]]></system-err>
      </testcase>
      <testcase name="Test Cases/Admin Page/UI/Plugin Header/TC_UI_006" time="0.374" classname="Test Cases/Admin Page/UI/Plugin Header/TC_UI_006" status="PASSED">
         <system-out><![CDATA[2020-10-05 11:50:16 - [TEST_CASE][PASSED] - Test Cases/Admin Page/UI/Plugin Header/TC_UI_006: Test Cases/Admin Page/UI/Plugin Header/TC_UI_006

2020-10-05 11:50:16 - [TEST_STEP][PASSED] - verifyElementText(findTestObject("Admin/Plugin Page/Header/link_context"), "How to use this Plug-In?"): Actual text and expected text of test object 'Object Repository/Admin/Plugin Page/Header/link_context' are matched.

2020-10-05 11:50:17 - [MESSAGE][PASSED] - Actual text and expected text of test object 'Object Repository/Admin/Plugin Page/Header/link_context' are matched.]]></system-out>
         <system-err><![CDATA[]]></system-err>
      </testcase>
      <testcase name="Test Cases/Admin Page/UI/Plugin Header/TC_UI_007" time="0.5" classname="Test Cases/Admin Page/UI/Plugin Header/TC_UI_007" status="PASSED">
         <system-out><![CDATA[2020-10-05 11:50:17 - [TEST_CASE][PASSED] - Test Cases/Admin Page/UI/Plugin Header/TC_UI_007: Test Cases/Admin Page/UI/Plugin Header/TC_UI_007

2020-10-05 11:50:17 - [TEST_STEP][PASSED] - verifyElementClickable(findTestObject("Admin/Plugin Page/Header/link_context")): Object 'Object Repository/Admin/Plugin Page/Header/link_context' is clickable

2020-10-05 11:50:17 - [MESSAGE][PASSED] - Object 'Object Repository/Admin/Plugin Page/Header/link_context' is clickable]]></system-out>
         <system-err><![CDATA[]]></system-err>
      </testcase>
      <testcase name="Test Cases/Admin Page/UI/Description and Context/TC_UI_008" time="0.357" classname="Test Cases/Admin Page/UI/Description and Context/TC_UI_008" status="PASSED">
         <system-out><![CDATA[2020-10-05 11:50:17 - [TEST_CASE][PASSED] - Test Cases/Admin Page/UI/Description and Context/TC_UI_008: Test Cases/Admin Page/UI/Description and Context/TC_UI_008

2020-10-05 11:50:17 - [TEST_STEP][PASSED] - verifyElementPresent(findTestObject("Admin/Plugin Page/Description/icon_desc"), 0): Object 'Object Repository/Admin/Plugin Page/Description/icon_desc' is present

2020-10-05 11:50:17 - [MESSAGE][WARNING] - Timeout '0' is invalid. Using default page load timeout: '30'

2020-10-05 11:50:18 - [MESSAGE][PASSED] - Object 'Object Repository/Admin/Plugin Page/Description/icon_desc' is present]]></system-out>
         <system-err><![CDATA[]]></system-err>
      </testcase>
      <testcase name="Test Cases/Admin Page/UI/Description and Context/TC_UI_009" time="0.376" classname="Test Cases/Admin Page/UI/Description and Context/TC_UI_009" status="PASSED">
         <system-out><![CDATA[2020-10-05 11:50:18 - [TEST_CASE][PASSED] - Test Cases/Admin Page/UI/Description and Context/TC_UI_009: Test Cases/Admin Page/UI/Description and Context/TC_UI_009

2020-10-05 11:50:18 - [TEST_STEP][PASSED] - verifyElementPresent(findTestObject("Admin/Plugin Page/Description/label_desc"), 0): Object 'Object Repository/Admin/Plugin Page/Description/label_desc' is present

2020-10-05 11:50:18 - [MESSAGE][WARNING] - Timeout '0' is invalid. Using default page load timeout: '30'

2020-10-05 11:50:18 - [MESSAGE][PASSED] - Object 'Object Repository/Admin/Plugin Page/Description/label_desc' is present]]></system-out>
         <system-err><![CDATA[]]></system-err>
      </testcase>
      <testcase name="Test Cases/Admin Page/UI/Description and Context/TC_UI_010" time="0.39" classname="Test Cases/Admin Page/UI/Description and Context/TC_UI_010" status="PASSED">
         <system-out><![CDATA[2020-10-05 11:50:18 - [TEST_CASE][PASSED] - Test Cases/Admin Page/UI/Description and Context/TC_UI_010: Test Cases/Admin Page/UI/Description and Context/TC_UI_010

2020-10-05 11:50:18 - [TEST_STEP][PASSED] - verifyElementText(findTestObject("Admin/Plugin Page/Description/label_desc"), "Get more information about your users with profile input fields"): Actual text and expected text of test object 'Object Repository/Admin/Plugin Page/Description/label_desc' are matched.

2020-10-05 11:50:18 - [MESSAGE][PASSED] - Actual text and expected text of test object 'Object Repository/Admin/Plugin Page/Description/label_desc' are matched.]]></system-out>
         <system-err><![CDATA[]]></system-err>
      </testcase>
      <testcase name="Test Cases/Admin Page/UI/Add Profile input button/TC_UI_011" time="0.373" classname="Test Cases/Admin Page/UI/Add Profile input button/TC_UI_011" status="PASSED">
         <system-out><![CDATA[2020-10-05 11:50:18 - [TEST_CASE][PASSED] - Test Cases/Admin Page/UI/Add Profile input button/TC_UI_011: Test Cases/Admin Page/UI/Add Profile input button/TC_UI_011

2020-10-05 11:50:18 - [TEST_STEP][PASSED] - verifyElementPresent(findTestObject("Admin/Plugin Page/Description/btn_add"), 0): Object 'Object Repository/Admin/Plugin Page/Description/btn_add' is present

2020-10-05 11:50:18 - [MESSAGE][WARNING] - Timeout '0' is invalid. Using default page load timeout: '30'

2020-10-05 11:50:19 - [MESSAGE][PASSED] - Object 'Object Repository/Admin/Plugin Page/Description/btn_add' is present]]></system-out>
         <system-err><![CDATA[]]></system-err>
      </testcase>
      <testcase name="Test Cases/Admin Page/UI/Add Profile input button/TC_UI_012" time="0.364" classname="Test Cases/Admin Page/UI/Add Profile input button/TC_UI_012" status="PASSED">
         <system-out><![CDATA[2020-10-05 11:50:19 - [TEST_CASE][PASSED] - Test Cases/Admin Page/UI/Add Profile input button/TC_UI_012: Test Cases/Admin Page/UI/Add Profile input button/TC_UI_012

2020-10-05 11:50:19 - [TEST_STEP][PASSED] - verifyElementText(findTestObject("Admin/Plugin Page/Description/btn_add"), "Add Profile Input Field"): Actual text and expected text of test object 'Object Repository/Admin/Plugin Page/Description/btn_add' are matched.

2020-10-05 11:50:19 - [MESSAGE][PASSED] - Actual text and expected text of test object 'Object Repository/Admin/Plugin Page/Description/btn_add' are matched.]]></system-out>
         <system-err><![CDATA[]]></system-err>
      </testcase>
      <testcase name="Test Cases/Admin Page/UI/Add Profile input button/TC_UI_013" time="0.094" classname="Test Cases/Admin Page/UI/Add Profile input button/TC_UI_013" status="PASSED">
         <system-out><![CDATA[2020-10-05 11:50:19 - [TEST_CASE][PASSED] - Test Cases/Admin Page/UI/Add Profile input button/TC_UI_013: Test Cases/Admin Page/UI/Add Profile input button/TC_UI_013

2020-10-05 11:50:19 - [TEST_STEP][PASSED] - return null: null]]></system-out>
         <system-err><![CDATA[]]></system-err>
      </testcase>
      <testcase name="Test Cases/Admin Page/UI/Add Profile input button/TC_UI_014" time="0.132" classname="Test Cases/Admin Page/UI/Add Profile input button/TC_UI_014" status="PASSED">
         <system-out><![CDATA[2020-10-05 11:50:19 - [TEST_CASE][PASSED] - Test Cases/Admin Page/UI/Add Profile input button/TC_UI_014: Test Cases/Admin Page/UI/Add Profile input button/TC_UI_014

2020-10-05 11:50:19 - [TEST_STEP][PASSED] - return null: null]]></system-out>
         <system-err><![CDATA[]]></system-err>
      </testcase>
      <testcase name="Test Cases/Admin Page/UI/Add Profile input button/TC_UI_015" time="0.381" classname="Test Cases/Admin Page/UI/Add Profile input button/TC_UI_015" status="PASSED">
         <system-out><![CDATA[2020-10-05 11:50:19 - [TEST_CASE][PASSED] - Test Cases/Admin Page/UI/Add Profile input button/TC_UI_015: Test Cases/Admin Page/UI/Add Profile input button/TC_UI_015

2020-10-05 11:50:19 - [TEST_STEP][PASSED] - verifyElementClickable(findTestObject("Admin/Plugin Page/Description/btn_add")): Object 'Object Repository/Admin/Plugin Page/Description/btn_add' is clickable

2020-10-05 11:50:20 - [MESSAGE][PASSED] - Object 'Object Repository/Admin/Plugin Page/Description/btn_add' is clickable]]></system-out>
         <system-err><![CDATA[]]></system-err>
      </testcase>
      <testcase name="Test Cases/Admin Page/UI/Details Section/TC_UI_016" time="0.351" classname="Test Cases/Admin Page/UI/Details Section/TC_UI_016" status="PASSED">
         <system-out><![CDATA[2020-10-05 11:50:20 - [TEST_CASE][PASSED] - Test Cases/Admin Page/UI/Details Section/TC_UI_016: Test Cases/Admin Page/UI/Details Section/TC_UI_016

2020-10-05 11:50:20 - [TEST_STEP][PASSED] - verifyElementPresent(findTestObject("Admin/Plugin Page/Details/label_header_desc"), 0): Object 'Object Repository/Admin/Plugin Page/Details/label_header_desc' is present

2020-10-05 11:50:20 - [MESSAGE][WARNING] - Timeout '0' is invalid. Using default page load timeout: '30'

2020-10-05 11:50:20 - [MESSAGE][PASSED] - Object 'Object Repository/Admin/Plugin Page/Details/label_header_desc' is present]]></system-out>
         <system-err><![CDATA[]]></system-err>
      </testcase>
      <testcase name="Test Cases/Admin Page/UI/Details Section/TC_UI_017" time="0.383" classname="Test Cases/Admin Page/UI/Details Section/TC_UI_017" status="PASSED">
         <system-out><![CDATA[2020-10-05 11:50:20 - [TEST_CASE][PASSED] - Test Cases/Admin Page/UI/Details Section/TC_UI_017: Test Cases/Admin Page/UI/Details Section/TC_UI_017

2020-10-05 11:50:20 - [TEST_STEP][PASSED] - verifyElementText(findTestObject("Admin/Plugin Page/Details/label_header_desc"), "Profile Input fields details"): Actual text and expected text of test object 'Object Repository/Admin/Plugin Page/Details/label_header_desc' are matched.

2020-10-05 11:50:20 - [MESSAGE][PASSED] - Actual text and expected text of test object 'Object Repository/Admin/Plugin Page/Details/label_header_desc' are matched.]]></system-out>
         <system-err><![CDATA[]]></system-err>
      </testcase>
      <testcase name="Test Cases/Admin Page/UI/Details Section/TC_UI_018" time="0.368" classname="Test Cases/Admin Page/UI/Details Section/TC_UI_018" status="PASSED">
         <system-out><![CDATA[2020-10-05 11:50:20 - [TEST_CASE][PASSED] - Test Cases/Admin Page/UI/Details Section/TC_UI_018: Test Cases/Admin Page/UI/Details Section/TC_UI_018

2020-10-05 11:50:21 - [TEST_STEP][PASSED] - verifyElementPresent(findTestObject("Admin/Plugin Page/Details/icon_up"), 0): Object 'Object Repository/Admin/Plugin Page/Details/icon_up' is present

2020-10-05 11:50:21 - [MESSAGE][WARNING] - Timeout '0' is invalid. Using default page load timeout: '30'

2020-10-05 11:50:21 - [MESSAGE][PASSED] - Object 'Object Repository/Admin/Plugin Page/Details/icon_up' is present]]></system-out>
         <system-err><![CDATA[]]></system-err>
      </testcase>
      <testcase name="Test Cases/Admin Page/UI/Details Section/TC_UI_019" time="0.388" classname="Test Cases/Admin Page/UI/Details Section/TC_UI_019" status="PASSED">
         <system-out><![CDATA[2020-10-05 11:50:21 - [TEST_CASE][PASSED] - Test Cases/Admin Page/UI/Details Section/TC_UI_019: Test Cases/Admin Page/UI/Details Section/TC_UI_019

2020-10-05 11:50:21 - [TEST_STEP][PASSED] - verifyElementClickable(findTestObject("Admin/Plugin Page/Details/icon_up")): Object 'Object Repository/Admin/Plugin Page/Details/icon_up' is clickable

2020-10-05 11:50:21 - [MESSAGE][PASSED] - Object 'Object Repository/Admin/Plugin Page/Details/icon_up' is clickable]]></system-out>
         <system-err><![CDATA[]]></system-err>
      </testcase>
      <testcase name="Test Cases/Admin Page/UI/Details Section/TC_UI_020" time="0.35" classname="Test Cases/Admin Page/UI/Details Section/TC_UI_020" status="PASSED">
         <system-out><![CDATA[2020-10-05 11:50:21 - [TEST_CASE][PASSED] - Test Cases/Admin Page/UI/Details Section/TC_UI_020: Test Cases/Admin Page/UI/Details Section/TC_UI_020

2020-10-05 11:50:21 - [TEST_STEP][PASSED] - verifyElementPresent(findTestObject("Admin/Plugin Page/Details/label_text"), 0): Object 'Object Repository/Admin/Plugin Page/Details/label_text' is present

2020-10-05 11:50:21 - [MESSAGE][WARNING] - Timeout '0' is invalid. Using default page load timeout: '30'

2020-10-05 11:50:22 - [MESSAGE][PASSED] - Object 'Object Repository/Admin/Plugin Page/Details/label_text' is present]]></system-out>
         <system-err><![CDATA[]]></system-err>
      </testcase>
      <testcase name="Test Cases/Admin Page/UI/Details Section/TC_UI_021" time="0.364" classname="Test Cases/Admin Page/UI/Details Section/TC_UI_021" status="PASSED">
         <system-out><![CDATA[2020-10-05 11:50:22 - [TEST_CASE][PASSED] - Test Cases/Admin Page/UI/Details Section/TC_UI_021: Test Cases/Admin Page/UI/Details Section/TC_UI_021

2020-10-05 11:50:22 - [TEST_STEP][PASSED] - verifyElementText(findTestObject("Admin/Plugin Page/Details/label_text"), "Users will be able to enter free form information"): Actual text and expected text of test object 'Object Repository/Admin/Plugin Page/Details/label_text' are matched.

2020-10-05 11:50:22 - [MESSAGE][PASSED] - Actual text and expected text of test object 'Object Repository/Admin/Plugin Page/Details/label_text' are matched.]]></system-out>
         <system-err><![CDATA[]]></system-err>
      </testcase>
      <testcase name="Test Cases/Admin Page/UI/Details Section/TC_UI_022" time="0.357" classname="Test Cases/Admin Page/UI/Details Section/TC_UI_022" status="PASSED">
         <system-out><![CDATA[2020-10-05 11:50:22 - [TEST_CASE][PASSED] - Test Cases/Admin Page/UI/Details Section/TC_UI_022: Test Cases/Admin Page/UI/Details Section/TC_UI_022

2020-10-05 11:50:22 - [TEST_STEP][PASSED] - verifyElementPresent(findTestObject("Admin/Plugin Page/Details/label_number"), 0): Object 'Object Repository/Admin/Plugin Page/Details/label_number' is present

2020-10-05 11:50:22 - [MESSAGE][WARNING] - Timeout '0' is invalid. Using default page load timeout: '30'

2020-10-05 11:50:22 - [MESSAGE][PASSED] - Object 'Object Repository/Admin/Plugin Page/Details/label_number' is present]]></system-out>
         <system-err><![CDATA[]]></system-err>
      </testcase>
      <testcase name="Test Cases/Admin Page/UI/Details Section/TC_UI_023" time="0.357" classname="Test Cases/Admin Page/UI/Details Section/TC_UI_023" status="PASSED">
         <system-out><![CDATA[2020-10-05 11:50:22 - [TEST_CASE][PASSED] - Test Cases/Admin Page/UI/Details Section/TC_UI_023: Test Cases/Admin Page/UI/Details Section/TC_UI_023

2020-10-05 11:50:22 - [TEST_STEP][PASSED] - verifyElementText(findTestObject("Admin/Plugin Page/Details/label_number"), "Users will be able to enter numbers"): Actual text and expected text of test object 'Object Repository/Admin/Plugin Page/Details/label_number' are matched.

2020-10-05 11:50:23 - [MESSAGE][PASSED] - Actual text and expected text of test object 'Object Repository/Admin/Plugin Page/Details/label_number' are matched.]]></system-out>
         <system-err><![CDATA[]]></system-err>
      </testcase>
      <testcase name="Test Cases/Admin Page/UI/Details Section/TC_UI_024" time="0.349" classname="Test Cases/Admin Page/UI/Details Section/TC_UI_024" status="PASSED">
         <system-out><![CDATA[2020-10-05 11:50:23 - [TEST_CASE][PASSED] - Test Cases/Admin Page/UI/Details Section/TC_UI_024: Test Cases/Admin Page/UI/Details Section/TC_UI_024

2020-10-05 11:50:23 - [TEST_STEP][PASSED] - verifyElementPresent(findTestObject("Admin/Plugin Page/Details/label_checkbox"), 0): Object 'Object Repository/Admin/Plugin Page/Details/label_checkbox' is present

2020-10-05 11:50:23 - [MESSAGE][WARNING] - Timeout '0' is invalid. Using default page load timeout: '30'

2020-10-05 11:50:23 - [MESSAGE][PASSED] - Object 'Object Repository/Admin/Plugin Page/Details/label_checkbox' is present]]></system-out>
         <system-err><![CDATA[]]></system-err>
      </testcase>
      <testcase name="Test Cases/Admin Page/UI/Details Section/TC_UI_025" time="0.367" classname="Test Cases/Admin Page/UI/Details Section/TC_UI_025" status="PASSED">
         <system-out><![CDATA[2020-10-05 11:50:23 - [TEST_CASE][PASSED] - Test Cases/Admin Page/UI/Details Section/TC_UI_025: Test Cases/Admin Page/UI/Details Section/TC_UI_025

2020-10-05 11:50:23 - [TEST_STEP][PASSED] - verifyElementText(findTestObject("Admin/Plugin Page/Details/label_checkbox"), "User will be able to check this field before continuing"): Actual text and expected text of test object 'Object Repository/Admin/Plugin Page/Details/label_checkbox' are matched.

2020-10-05 11:50:23 - [MESSAGE][PASSED] - Actual text and expected text of test object 'Object Repository/Admin/Plugin Page/Details/label_checkbox' are matched.]]></system-out>
         <system-err><![CDATA[]]></system-err>
      </testcase>
      <testcase name="Test Cases/Admin Page/UI/Details Section/TC_UI_026" time="0.359" classname="Test Cases/Admin Page/UI/Details Section/TC_UI_026" status="PASSED">
         <system-out><![CDATA[2020-10-05 11:50:23 - [TEST_CASE][PASSED] - Test Cases/Admin Page/UI/Details Section/TC_UI_026: Test Cases/Admin Page/UI/Details Section/TC_UI_026

2020-10-05 11:50:23 - [TEST_STEP][PASSED] - verifyElementPresent(findTestObject("Admin/Plugin Page/Details/label_dropdown"), 0): Object 'Object Repository/Admin/Plugin Page/Details/label_dropdown' is present

2020-10-05 11:50:24 - [MESSAGE][WARNING] - Timeout '0' is invalid. Using default page load timeout: '30'

2020-10-05 11:50:24 - [MESSAGE][PASSED] - Object 'Object Repository/Admin/Plugin Page/Details/label_dropdown' is present]]></system-out>
         <system-err><![CDATA[]]></system-err>
      </testcase>
      <testcase name="Test Cases/Admin Page/UI/Details Section/TC_UI_027" time="0.358" classname="Test Cases/Admin Page/UI/Details Section/TC_UI_027" status="PASSED">
         <system-out><![CDATA[2020-10-05 11:50:24 - [TEST_CASE][PASSED] - Test Cases/Admin Page/UI/Details Section/TC_UI_027: Test Cases/Admin Page/UI/Details Section/TC_UI_027

2020-10-05 11:50:24 - [TEST_STEP][PASSED] - verifyElementText(findTestObject("Admin/Plugin Page/Details/label_dropdown"), "User will be able to select a value from a dropdown list."): Actual text and expected text of test object 'Object Repository/Admin/Plugin Page/Details/label_dropdown' are matched.

2020-10-05 11:50:24 - [MESSAGE][PASSED] - Actual text and expected text of test object 'Object Repository/Admin/Plugin Page/Details/label_dropdown' are matched.]]></system-out>
         <system-err><![CDATA[]]></system-err>
      </testcase>
      <system-out><![CDATA[2020-10-05 11:49:59 - [TEST_SUITE][PASSED] - Header: Test Cases/Admin Page/UI/Details Section/TC_UI_027]]></system-out>
      <system-err><![CDATA[]]></system-err>
   </testsuite>
</testsuites>
